<?xml version="1.0" encoding="UTF-8"?>
<testsuite name="TestSuite" time="145.915" tests="3" errors="0" skipped="0" failures="1">
  <properties>
    <property name="java.runtime.name" value="Java(TM) SE Runtime Environment"/>
    <property name="sun.boot.library.path" value="C:\Program Files\Java\jdk1.7.0_51\jre\bin"/>
    <property name="java.vm.version" value="24.51-b03"/>
    <property name="java.vm.vendor" value="Oracle Corporation"/>
    <property name="java.vendor.url" value="http://java.oracle.com/"/>
    <property name="path.separator" value=";"/>
    <property name="guice.disable.misplaced.annotation.check" value="true"/>
    <property name="java.vm.name" value="Java HotSpot(TM) 64-Bit Server VM"/>
    <property name="file.encoding.pkg" value="sun.io"/>
    <property name="user.script" value=""/>
    <property name="user.country" value="US"/>
    <property name="sun.java.launcher" value="SUN_STANDARD"/>
    <property name="sun.os.patch.level" value="Service Pack 1"/>
    <property name="java.vm.specification.name" value="Java Virtual Machine Specification"/>
    <property name="user.dir" value="C:\springer professional workspace\IdeaProjects"/>
    <property name="groups" value="CountrySwitch"/>
    <property name="java.runtime.version" value="1.7.0_51-b13"/>
    <property name="java.awt.graphicsenv" value="sun.awt.Win32GraphicsEnvironment"/>
    <property name="java.endorsed.dirs" value="C:\Program Files\Java\jdk1.7.0_51\jre\lib\endorsed"/>
    <property name="os.arch" value="amd64"/>
    <property name="java.io.tmpdir" value="C:\Users\rao08\AppData\Local\Temp\"/>
    <property name="line.separator" value="&#10;"/>
    <property name="java.vm.specification.vendor" value="Oracle Corporation"/>
    <property name="user.variant" value=""/>
    <property name="os.name" value="Windows 7"/>
    <property name="remoteflag" value="false"/>
    <property name="classworlds.conf" value="C:\springer professional workspace\.metadata\.plugins\org.eclipse.m2e.launching\launches\m2conf3103764001950103531.tmp"/>
    <property name="sun.jnu.encoding" value="Cp1252"/>
    <property name="java.library.path" value="C:\Program Files\Java\jdk1.7.0_51\bin;C:\Windows\Sun\Java\bin;C:\Windows\system32;C:\Windows;C:\Windows\system32;C:\Windows;C:\Windows\System32\Wbem;C:\Windows\System32\WindowsPowerShell\v1.0;C:\Program Files\Java\jre7\bin;C:\Program Files (x86)\GnuWin32\bin;C:\apache-maven-3.2.5\bin;C:\Program Files\Java\jdk1.7.0_51\bin;C:\HashiCorp\Vagrant\bin;C:\Program Files (x86)\Common Files\lenovo\easyplussdk\bin;."/>
    <property name="suite" value="testsuite.xml"/>
    <property name="java.specification.name" value="Java Platform API Specification"/>
    <property name="java.class.version" value="51.0"/>
    <property name="sun.management.compiler" value="HotSpot 64-Bit Tiered Compilers"/>
    <property name="os.version" value="6.1"/>
    <property name="user.home" value="C:\Users\rao08"/>
    <property name="user.timezone" value="Asia/Calcutta"/>
    <property name="java.awt.printerjob" value="sun.awt.windows.WPrinterJob"/>
    <property name="java.specification.version" value="1.7"/>
    <property name="file.encoding" value="Cp1252"/>
    <property name="user.name" value="rao08"/>
    <property name="java.class.path" value="/C:/Software/eclipse/configuration/org.eclipse.osgi/bundles/531/1/.cp/jars/plexus-classworlds-2.4.jar"/>
    <property name="java.vm.specification.version" value="1.7"/>
    <property name="sun.arch.data.model" value="64"/>
    <property name="java.home" value="C:\Program Files\Java\jdk1.7.0_51\jre"/>
    <property name="sun.java.command" value="org.codehaus.plexus.classworlds.launcher.Launcher -B clean install -Dremoteflag=false -Dsuite=testsuite.xml -Dgroups=CountrySwitch"/>
    <property name="java.specification.vendor" value="Oracle Corporation"/>
    <property name="user.language" value="en"/>
    <property name="awt.toolkit" value="sun.awt.windows.WToolkit"/>
    <property name="java.vm.info" value="mixed mode"/>
    <property name="java.version" value="1.7.0_51"/>
    <property name="java.ext.dirs" value="C:\Program Files\Java\jdk1.7.0_51\jre\lib\ext;C:\Windows\Sun\Java\lib\ext"/>
    <property name="sun.boot.class.path" value="C:\Program Files\Java\jdk1.7.0_51\jre\lib\resources.jar;C:\Program Files\Java\jdk1.7.0_51\jre\lib\rt.jar;C:\Program Files\Java\jdk1.7.0_51\jre\lib\sunrsasign.jar;C:\Program Files\Java\jdk1.7.0_51\jre\lib\jsse.jar;C:\Program Files\Java\jdk1.7.0_51\jre\lib\jce.jar;C:\Program Files\Java\jdk1.7.0_51\jre\lib\charsets.jar;C:\Program Files\Java\jdk1.7.0_51\jre\lib\jfr.jar;C:\Program Files\Java\jdk1.7.0_51\jre\classes"/>
    <property name="java.vendor" value="Oracle Corporation"/>
    <property name="maven.home" value="C:\springer professional workspace\IdeaProjects\EMBEDDED"/>
    <property name="file.separator" value="\"/>
    <property name="java.vendor.url.bug" value="http://bugreport.sun.com/bugreport/"/>
    <property name="maven.bootclasspath" value="/C:/Software/eclipse/configuration/org.eclipse.osgi/bundles/531/1/.cp/jars/plexus-classworlds-2.4.jar"/>
    <property name="sun.cpu.endian" value="little"/>
    <property name="sun.io.unicode.encoding" value="UnicodeLittle"/>
    <property name="sun.desktop" value="windows"/>
    <property name="sun.cpu.isalist" value="amd64"/>
  </properties>
  <testcase name="countrySwitchCheck" classname="com.nemo.test.CountrySwitch" time="56.199">
    <failure message="Error communicating with the remote browser. It may have died.&#10;Build info: version: &apos;2.46.0&apos;, revision: &apos;61506a4624b13675f24581e453592342b7485d71&apos;, time: &apos;2015-06-04 10:22:50&apos;&#10;System info: host: &apos;LAINPUMA0239&apos;, ip: &apos;10.113.4.198&apos;, os.name: &apos;Windows 7&apos;, os.arch: &apos;amd64&apos;, os.version: &apos;6.1&apos;, java.version: &apos;1.7.0_51&apos;&#10;Driver info: driver.version: FirefoxDriver" type="org.openqa.selenium.remote.UnreachableBrowserException">org.openqa.selenium.remote.UnreachableBrowserException: Error communicating with the remote browser. It may have died.
Build info: version: '2.46.0', revision: '61506a4624b13675f24581e453592342b7485d71', time: '2015-06-04 10:22:50'
System info: host: 'LAINPUMA0239', ip: '10.113.4.198', os.name: 'Windows 7', os.arch: 'amd64', os.version: '6.1', java.version: '1.7.0_51'
Driver info: driver.version: FirefoxDriver
	at java.net.DualStackPlainSocketImpl.waitForConnect(Native Method)
	at java.net.DualStackPlainSocketImpl.socketConnect(DualStackPlainSocketImpl.java:85)
	at java.net.AbstractPlainSocketImpl.doConnect(AbstractPlainSocketImpl.java:339)
	at java.net.AbstractPlainSocketImpl.connectToAddress(AbstractPlainSocketImpl.java:200)
	at java.net.AbstractPlainSocketImpl.connect(AbstractPlainSocketImpl.java:182)
	at java.net.PlainSocketImpl.connect(PlainSocketImpl.java:172)
	at java.net.SocksSocketImpl.connect(SocksSocketImpl.java:392)
	at java.net.Socket.connect(Socket.java:579)
	at org.apache.http.conn.socket.PlainConnectionSocketFactory.connectSocket(PlainConnectionSocketFactory.java:72)
	at org.apache.http.impl.conn.HttpClientConnectionOperator.connect(HttpClientConnectionOperator.java:125)
	at org.apache.http.impl.conn.PoolingHttpClientConnectionManager.connect(PoolingHttpClientConnectionManager.java:319)
	at org.apache.http.impl.execchain.MainClientExec.establishRoute(MainClientExec.java:363)
	at org.apache.http.impl.execchain.MainClientExec.execute(MainClientExec.java:219)
	at org.apache.http.impl.execchain.ProtocolExec.execute(ProtocolExec.java:195)
	at org.apache.http.impl.execchain.RetryExec.execute(RetryExec.java:86)
	at org.apache.http.impl.execchain.RedirectExec.execute(RedirectExec.java:108)
	at org.apache.http.impl.client.InternalHttpClient.doExecute(InternalHttpClient.java:184)
	at org.apache.http.impl.client.CloseableHttpClient.execute(CloseableHttpClient.java:72)
	at org.apache.http.impl.client.CloseableHttpClient.execute(CloseableHttpClient.java:57)
	at org.openqa.selenium.remote.internal.ApacheHttpClient.fallBackExecute(ApacheHttpClient.java:143)
	at org.openqa.selenium.remote.internal.ApacheHttpClient.execute(ApacheHttpClient.java:89)
	at org.openqa.selenium.remote.HttpCommandExecutor.execute(HttpCommandExecutor.java:134)
	at org.openqa.selenium.firefox.internal.NewProfileExtensionConnection.execute(NewProfileExtensionConnection.java:168)
	at org.openqa.selenium.firefox.FirefoxDriver$LazyCommandExecutor.execute(FirefoxDriver.java:392)
	at org.openqa.selenium.remote.RemoteWebDriver.execute(RemoteWebDriver.java:578)
	at org.openqa.selenium.firefox.FirefoxDriver.access$100(FirefoxDriver.java:65)
	at org.openqa.selenium.firefox.FirefoxDriver$1$1.implicitlyWait(FirefoxDriver.java:248)
	at org.openqa.selenium.support.events.EventFiringWebDriver$EventFiringTimeouts.implicitlyWait(EventFiringWebDriver.java:550)
	at omelet.driver.DriverUtility.waitFor(DriverUtility.java:82)
	at com.nemo.pageobjects.HomePage.isLoaded(HomePage.java:58)
	at com.nemo.test.CountrySwitch.countrySwitchCheck(CountrySwitch.java:32)
</failure>
    <system-out><![CDATA[1    [main] DEBUG omelet.common.Utils  - File Name Recieved is:Framework.properties
 -6    [main] DEBUG omelet.common.OSName  - OS Name is:windows 7
 -10   [main] DEBUG omelet.common.Utils  - Returned File Path is:::C:/springer professional workspace/IdeaProjects/target/classes/Framework.properties
 -12   [main] DEBUG omelet.common.Utils  - File Name Recieved is:Framework.properties
 -13   [main] DEBUG omelet.common.OSName  - OS Name is:windows 7
 -14   [main] DEBUG omelet.common.Utils  - Returned File Path is:::C:/springer professional workspace/IdeaProjects/target/classes/Framework.properties
 -29   [main] DEBUG omelet.common.Utils  - File Name Recieved is:Mapping.xml
 -29   [main] DEBUG omelet.common.OSName  - OS Name is:windows 7
 -30   [main] DEBUG omelet.common.Utils  - Returned File Path is:::C:/springer professional workspace/IdeaProjects/target/test-classes/Mapping.xml
 -157  [main] DEBUG omelet.data.xml.MappingParserRevisit  - TestClass Name: com.nemo.test
 -160  [main] DEBUG omelet.data.xml.MappingParserRevisit  - TestClass Name: com.nemo.test.CountrySwitch
 -161  [main] DEBUG omelet.data.xml.MappingParserRevisit  - TestClass Name: com.nemo.test.CountrySwitch.countrySwitchCheck
 -161  [main] DEBUG omelet.data.RefineMappedData  - Primary key:com.nemo.test.CountrySwitch.countrySwitchCheckvalue:null
 -161  [main] DEBUG omelet.data.RefineMappedData  - Primary key:com.nemo.testvalue:Optimal
 -161  [main] DEBUG omelet.data.RefineMappedData  - Primary key:com.nemo.test.CountrySwitchvalue:null
 -170  [main] DEBUG omelet.common.Utils  - File Name Recieved is:data/country_switch.xml
 -170  [main] DEBUG omelet.common.OSName  - OS Name is:windows 7
 -170  [main] DEBUG omelet.common.Utils  - Returned File Path is:::C:/springer professional workspace/IdeaProjects/target/test-classes/data/country_switch.xml
 -183  [main] DEBUG omelet.common.Utils  - File Name Recieved is:browsers/Safari.xml
 -184  [main] DEBUG omelet.common.OSName  - OS Name is:windows 7
 -184  [main] DEBUG omelet.common.Utils  - Returned File Path is:::C:/springer professional workspace/IdeaProjects/target/test-classes/browsers/Safari.xml
 -196  [main] DEBUG omelet.common.Utils  - File Name Recieved is:Framework.properties
 -196  [main] DEBUG omelet.common.OSName  - OS Name is:windows 7
 -196  [main] DEBUG omelet.common.Utils  - Returned File Path is:::C:/springer professional workspace/IdeaProjects/target/classes/Framework.properties
 -196  [main] DEBUG omelet.common.Utils  - File Name Recieved is:Framework.properties
 -197  [main] DEBUG omelet.common.OSName  - OS Name is:windows 7
 -197  [main] DEBUG omelet.common.Utils  - Returned File Path is:::C:/springer professional workspace/IdeaProjects/target/classes/Framework.properties
 -210  [main] DEBUG omelet.common.Utils  - File Name Recieved is:Framework.properties
 -210  [main] DEBUG omelet.common.OSName  - OS Name is:windows 7
 -211  [main] DEBUG omelet.common.Utils  - Returned File Path is:::C:/springer professional workspace/IdeaProjects/target/classes/Framework.properties
 -308  [main] INFO  omelet.driver.Logo  - 
**********************************************
**********************************************
                      .__          __
  ____   _____   ____ |  |   _____/  |_
/  _  \ /     \_/ __ \|  | _/ __ \   __\
(  <_> )  Y Y  \  ___/|  |_\  ___/|  |
\____ /|__|_|  /\___  >____/\___  >__|
        \/     \/          \/
**********************************************
           LET'S COOK SOME TESTS!
**********************************************

 -********************************************************
1::Initiating TestCase::countrySwitchCheck (PoolService-0@1621448399)
385  [PoolService-0] DEBUG omelet.testng.support.TestInterceptor  - 1::Initiating TestCase::countrySwitchCheck (PoolService-0@1621448399)
 -Start Time:::: 12:14:5
386  [PoolService-0] DEBUG omelet.testng.support.TestInterceptor  - Start Time:::: 12:14:5
 -entered method
409  [PoolService-0] DEBUG omelet.driver.DriverFactory  - Returning firefox driver-Without Remote.
 -15688 [Forwarding newSession on session null to remote] DEBUG org.apache.http.client.protocol.RequestAddCookies  - CookieSpec selected: best-match
 -15728 [Forwarding newSession on session null to remote] DEBUG org.apache.http.client.protocol.RequestAuthCache  - Auth cache not set in the context
 -15733 [Forwarding newSession on session null to remote] DEBUG org.apache.http.impl.conn.PoolingHttpClientConnectionManager  - Connection request: [route: {}->http://127.0.0.1:7055][total kept alive: 0; route allocated: 0 of 2000; total allocated: 0 of 2000]
 -15783 [Forwarding newSession on session null to remote] DEBUG org.apache.http.impl.conn.PoolingHttpClientConnectionManager  - Connection leased: [id: 0][route: {}->http://127.0.0.1:7055][total kept alive: 0; route allocated: 1 of 2000; total allocated: 1 of 2000]
 -15788 [Forwarding newSession on session null to remote] DEBUG org.apache.http.impl.execchain.MainClientExec  - Opening connection {}->http://127.0.0.1:7055
 -15791 [Forwarding newSession on session null to remote] DEBUG org.apache.http.impl.conn.HttpClientConnectionOperator  - Connecting to /127.0.0.1:7055
 -15795 [Forwarding newSession on session null to remote] DEBUG org.apache.http.impl.conn.HttpClientConnectionOperator  - Connection established 127.0.0.1:61617<->127.0.0.1:7055
 -15796 [Forwarding newSession on session null to remote] DEBUG org.apache.http.impl.execchain.MainClientExec  - Executing request POST /hub/session HTTP/1.1
 -15796 [Forwarding newSession on session null to remote] DEBUG org.apache.http.impl.execchain.MainClientExec  - Target auth state: UNCHALLENGED
 -15797 [Forwarding newSession on session null to remote] DEBUG org.apache.http.impl.execchain.MainClientExec  - Proxy auth state: UNCHALLENGED
 -15802 [Forwarding newSession on session null to remote] DEBUG org.apache.http.headers  - http-outgoing-0 >> POST /hub/session HTTP/1.1
 -15802 [Forwarding newSession on session null to remote] DEBUG org.apache.http.headers  - http-outgoing-0 >> Content-Type: application/json; charset=utf-8
 -15802 [Forwarding newSession on session null to remote] DEBUG org.apache.http.headers  - http-outgoing-0 >> Content-Length: 52
 -15802 [Forwarding newSession on session null to remote] DEBUG org.apache.http.headers  - http-outgoing-0 >> Host: 127.0.0.1:7055
 -15802 [Forwarding newSession on session null to remote] DEBUG org.apache.http.headers  - http-outgoing-0 >> Connection: Keep-Alive
 -15802 [Forwarding newSession on session null to remote] DEBUG org.apache.http.headers  - http-outgoing-0 >> User-Agent: Apache-HttpClient/4.3.6 (java 1.5)
 -15802 [Forwarding newSession on session null to remote] DEBUG org.apache.http.headers  - http-outgoing-0 >> Accept-Encoding: gzip,deflate
 -15803 [Forwarding newSession on session null to remote] DEBUG org.apache.http.wire  - http-outgoing-0 >> "POST /hub/session HTTP/1.1[\r][\n]"
 -15803 [Forwarding newSession on session null to remote] DEBUG org.apache.http.wire  - http-outgoing-0 >> "Content-Type: application/json; charset=utf-8[\r][\n]"
 -15804 [Forwarding newSession on session null to remote] DEBUG org.apache.http.wire  - http-outgoing-0 >> "Content-Length: 52[\r][\n]"
 -15804 [Forwarding newSession on session null to remote] DEBUG org.apache.http.wire  - http-outgoing-0 >> "Host: 127.0.0.1:7055[\r][\n]"
 -15804 [Forwarding newSession on session null to remote] DEBUG org.apache.http.wire  - http-outgoing-0 >> "Connection: Keep-Alive[\r][\n]"
 -15804 [Forwarding newSession on session null to remote] DEBUG org.apache.http.wire  - http-outgoing-0 >> "User-Agent: Apache-HttpClient/4.3.6 (java 1.5)[\r][\n]"
 -15804 [Forwarding newSession on session null to remote] DEBUG org.apache.http.wire  - http-outgoing-0 >> "Accept-Encoding: gzip,deflate[\r][\n]"
 -15804 [Forwarding newSession on session null to remote] DEBUG org.apache.http.wire  - http-outgoing-0 >> "[\r][\n]"
 -15804 [Forwarding newSession on session null to remote] DEBUG org.apache.http.wire  - http-outgoing-0 >> "{"desiredCapabilities":{},"requiredCapabilities":{}}"
 -17092 [Forwarding newSession on session null to remote] DEBUG org.apache.http.wire  - http-outgoing-0 << "HTTP/1.1 200 OK[\r][\n]"
 -17092 [Forwarding newSession on session null to remote] DEBUG org.apache.http.wire  - http-outgoing-0 << "content-type: application/json; charset=UTF-8[\r][\n]"
 -17092 [Forwarding newSession on session null to remote] DEBUG org.apache.http.wire  - http-outgoing-0 << "connection: close[\r][\n]"
 -17092 [Forwarding newSession on session null to remote] DEBUG org.apache.http.wire  - http-outgoing-0 << "content-length: 453[\r][\n]"
 -17092 [Forwarding newSession on session null to remote] DEBUG org.apache.http.wire  - http-outgoing-0 << "server: httpd.js[\r][\n]"
 -17092 [Forwarding newSession on session null to remote] DEBUG org.apache.http.wire  - http-outgoing-0 << "date: Fri, 27 Jan 2017 06:44:21 GMT[\r][\n]"
 -17092 [Forwarding newSession on session null to remote] DEBUG org.apache.http.wire  - http-outgoing-0 << "[\r][\n]"
 -17100 [Forwarding newSession on session null to remote] DEBUG org.apache.http.headers  - http-outgoing-0 << HTTP/1.1 200 OK
 -17100 [Forwarding newSession on session null to remote] DEBUG org.apache.http.headers  - http-outgoing-0 << content-type: application/json; charset=UTF-8
 -17100 [Forwarding newSession on session null to remote] DEBUG org.apache.http.headers  - http-outgoing-0 << connection: close
 -17100 [Forwarding newSession on session null to remote] DEBUG org.apache.http.headers  - http-outgoing-0 << content-length: 453
 -17100 [Forwarding newSession on session null to remote] DEBUG org.apache.http.headers  - http-outgoing-0 << server: httpd.js
 -17100 [Forwarding newSession on session null to remote] DEBUG org.apache.http.headers  - http-outgoing-0 << date: Fri, 27 Jan 2017 06:44:21 GMT
 -17125 [Forwarding newSession on session null to remote] DEBUG org.apache.http.wire  - http-outgoing-0 << "{"name":"newSession","sessionId":"343d0c94-0b98-4921-996e-ca445c47f566","status":0,"value":{"cssSelectorsEnabled":true,"browserName":"firefox","handlesAlerts":true,"javascriptEnabled":true,"nativeEvents":false,"platform":"WINDOWS","rotatable":false,"takesScreenshot":true,"version":"26.0","webStorageEnabled":true,"applicationCacheEnabled":true,"databaseEnabled":true,"locationContextEnabled":true,"browserConnectionEnabled":true,"acceptSslCerts":true}}"
 -17125 [Forwarding newSession on session null to remote] DEBUG org.apache.http.impl.conn.DefaultManagedHttpClientConnection  - http-outgoing-0: Shutdown connection
 -17125 [Forwarding newSession on session null to remote] DEBUG org.apache.http.impl.execchain.MainClientExec  - Connection discarded
 -17125 [Forwarding newSession on session null to remote] DEBUG org.apache.http.impl.conn.DefaultManagedHttpClientConnection  - http-outgoing-0: Close connection
 -17126 [Forwarding newSession on session null to remote] DEBUG org.apache.http.impl.conn.PoolingHttpClientConnectionManager  - Connection released: [id: 0][route: {}->http://127.0.0.1:7055][total kept alive: 0; route allocated: 0 of 2000; total allocated: 0 of 2000]
 -17141 [Forwarding setTimeout on session 343d0c94-0b98-4921-996e-ca445c47f566 to remote] DEBUG org.apache.http.client.protocol.RequestAddCookies  - CookieSpec selected: best-match
 -17142 [Forwarding setTimeout on session 343d0c94-0b98-4921-996e-ca445c47f566 to remote] DEBUG org.apache.http.client.protocol.RequestAuthCache  - Auth cache not set in the context
 -17142 [Forwarding setTimeout on session 343d0c94-0b98-4921-996e-ca445c47f566 to remote] DEBUG org.apache.http.impl.conn.PoolingHttpClientConnectionManager  - Connection request: [route: {}->http://127.0.0.1:7055][total kept alive: 0; route allocated: 0 of 2000; total allocated: 0 of 2000]
 -17142 [Forwarding setTimeout on session 343d0c94-0b98-4921-996e-ca445c47f566 to remote] DEBUG org.apache.http.impl.conn.PoolingHttpClientConnectionManager  - Connection leased: [id: 1][route: {}->http://127.0.0.1:7055][total kept alive: 0; route allocated: 1 of 2000; total allocated: 1 of 2000]
 -17143 [Forwarding setTimeout on session 343d0c94-0b98-4921-996e-ca445c47f566 to remote] DEBUG org.apache.http.impl.execchain.MainClientExec  - Opening connection {}->http://127.0.0.1:7055
 -17143 [Forwarding setTimeout on session 343d0c94-0b98-4921-996e-ca445c47f566 to remote] DEBUG org.apache.http.impl.conn.HttpClientConnectionOperator  - Connecting to /127.0.0.1:7055
 -17144 [Forwarding setTimeout on session 343d0c94-0b98-4921-996e-ca445c47f566 to remote] DEBUG org.apache.http.impl.conn.HttpClientConnectionOperator  - Connection established 127.0.0.1:61626<->127.0.0.1:7055
 -17144 [Forwarding setTimeout on session 343d0c94-0b98-4921-996e-ca445c47f566 to remote] DEBUG org.apache.http.impl.execchain.MainClientExec  - Executing request POST /hub/session/343d0c94-0b98-4921-996e-ca445c47f566/timeouts HTTP/1.1
 -17144 [Forwarding setTimeout on session 343d0c94-0b98-4921-996e-ca445c47f566 to remote] DEBUG org.apache.http.impl.execchain.MainClientExec  - Target auth state: UNCHALLENGED
 -17144 [Forwarding setTimeout on session 343d0c94-0b98-4921-996e-ca445c47f566 to remote] DEBUG org.apache.http.impl.execchain.MainClientExec  - Proxy auth state: UNCHALLENGED
 -17146 [Forwarding setTimeout on session 343d0c94-0b98-4921-996e-ca445c47f566 to remote] DEBUG org.apache.http.headers  - http-outgoing-1 >> POST /hub/session/343d0c94-0b98-4921-996e-ca445c47f566/timeouts HTTP/1.1
 -17146 [Forwarding setTimeout on session 343d0c94-0b98-4921-996e-ca445c47f566 to remote] DEBUG org.apache.http.headers  - http-outgoing-1 >> Content-Type: application/json; charset=utf-8
 -17146 [Forwarding setTimeout on session 343d0c94-0b98-4921-996e-ca445c47f566 to remote] DEBUG org.apache.http.headers  - http-outgoing-1 >> Content-Length: 30
 -17146 [Forwarding setTimeout on session 343d0c94-0b98-4921-996e-ca445c47f566 to remote] DEBUG org.apache.http.headers  - http-outgoing-1 >> Host: 127.0.0.1:7055
 -17146 [Forwarding setTimeout on session 343d0c94-0b98-4921-996e-ca445c47f566 to remote] DEBUG org.apache.http.headers  - http-outgoing-1 >> Connection: Keep-Alive
 -17146 [Forwarding setTimeout on session 343d0c94-0b98-4921-996e-ca445c47f566 to remote] DEBUG org.apache.http.headers  - http-outgoing-1 >> User-Agent: Apache-HttpClient/4.3.6 (java 1.5)
 -17146 [Forwarding setTimeout on session 343d0c94-0b98-4921-996e-ca445c47f566 to remote] DEBUG org.apache.http.headers  - http-outgoing-1 >> Accept-Encoding: gzip,deflate
 -17146 [Forwarding setTimeout on session 343d0c94-0b98-4921-996e-ca445c47f566 to remote] DEBUG org.apache.http.wire  - http-outgoing-1 >> "POST /hub/session/343d0c94-0b98-4921-996e-ca445c47f566/timeouts HTTP/1.1[\r][\n]"
 -17147 [Forwarding setTimeout on session 343d0c94-0b98-4921-996e-ca445c47f566 to remote] DEBUG org.apache.http.wire  - http-outgoing-1 >> "Content-Type: application/json; charset=utf-8[\r][\n]"
 -17147 [Forwarding setTimeout on session 343d0c94-0b98-4921-996e-ca445c47f566 to remote] DEBUG org.apache.http.wire  - http-outgoing-1 >> "Content-Length: 30[\r][\n]"
 -17147 [Forwarding setTimeout on session 343d0c94-0b98-4921-996e-ca445c47f566 to remote] DEBUG org.apache.http.wire  - http-outgoing-1 >> "Host: 127.0.0.1:7055[\r][\n]"
 -17147 [Forwarding setTimeout on session 343d0c94-0b98-4921-996e-ca445c47f566 to remote] DEBUG org.apache.http.wire  - http-outgoing-1 >> "Connection: Keep-Alive[\r][\n]"
 -17147 [Forwarding setTimeout on session 343d0c94-0b98-4921-996e-ca445c47f566 to remote] DEBUG org.apache.http.wire  - http-outgoing-1 >> "User-Agent: Apache-HttpClient/4.3.6 (java 1.5)[\r][\n]"
 -17147 [Forwarding setTimeout on session 343d0c94-0b98-4921-996e-ca445c47f566 to remote] DEBUG org.apache.http.wire  - http-outgoing-1 >> "Accept-Encoding: gzip,deflate[\r][\n]"
 -17147 [Forwarding setTimeout on session 343d0c94-0b98-4921-996e-ca445c47f566 to remote] DEBUG org.apache.http.wire  - http-outgoing-1 >> "[\r][\n]"
 -17147 [Forwarding setTimeout on session 343d0c94-0b98-4921-996e-ca445c47f566 to remote] DEBUG org.apache.http.wire  - http-outgoing-1 >> "{"type":"implicit","ms":30000}"
 -17181 [Forwarding setTimeout on session 343d0c94-0b98-4921-996e-ca445c47f566 to remote] DEBUG org.apache.http.wire  - http-outgoing-1 << "HTTP/1.1 200 OK[\r][\n]"
 -17182 [Forwarding setTimeout on session 343d0c94-0b98-4921-996e-ca445c47f566 to remote] DEBUG org.apache.http.wire  - http-outgoing-1 << "content-type: application/json; charset=UTF-8[\r][\n]"
 -17182 [Forwarding setTimeout on session 343d0c94-0b98-4921-996e-ca445c47f566 to remote] DEBUG org.apache.http.wire  - http-outgoing-1 << "connection: close[\r][\n]"
 -17182 [Forwarding setTimeout on session 343d0c94-0b98-4921-996e-ca445c47f566 to remote] DEBUG org.apache.http.wire  - http-outgoing-1 << "content-length: 94[\r][\n]"
 -17182 [Forwarding setTimeout on session 343d0c94-0b98-4921-996e-ca445c47f566 to remote] DEBUG org.apache.http.wire  - http-outgoing-1 << "server: httpd.js[\r][\n]"
 -17182 [Forwarding setTimeout on session 343d0c94-0b98-4921-996e-ca445c47f566 to remote] DEBUG org.apache.http.wire  - http-outgoing-1 << "date: Fri, 27 Jan 2017 06:44:21 GMT[\r][\n]"
 -17182 [Forwarding setTimeout on session 343d0c94-0b98-4921-996e-ca445c47f566 to remote] DEBUG org.apache.http.wire  - http-outgoing-1 << "[\r][\n]"
 -17182 [Forwarding setTimeout on session 343d0c94-0b98-4921-996e-ca445c47f566 to remote] DEBUG org.apache.http.headers  - http-outgoing-1 << HTTP/1.1 200 OK
 -17182 [Forwarding setTimeout on session 343d0c94-0b98-4921-996e-ca445c47f566 to remote] DEBUG org.apache.http.headers  - http-outgoing-1 << content-type: application/json; charset=UTF-8
 -17183 [Forwarding setTimeout on session 343d0c94-0b98-4921-996e-ca445c47f566 to remote] DEBUG org.apache.http.headers  - http-outgoing-1 << connection: close
 -17183 [Forwarding setTimeout on session 343d0c94-0b98-4921-996e-ca445c47f566 to remote] DEBUG org.apache.http.headers  - http-outgoing-1 << content-length: 94
 -17183 [Forwarding setTimeout on session 343d0c94-0b98-4921-996e-ca445c47f566 to remote] DEBUG org.apache.http.headers  - http-outgoing-1 << server: httpd.js
 -17183 [Forwarding setTimeout on session 343d0c94-0b98-4921-996e-ca445c47f566 to remote] DEBUG org.apache.http.headers  - http-outgoing-1 << date: Fri, 27 Jan 2017 06:44:21 GMT
 -17183 [Forwarding setTimeout on session 343d0c94-0b98-4921-996e-ca445c47f566 to remote] DEBUG org.apache.http.wire  - http-outgoing-1 << "{"name":"setTimeout","sessionId":"343d0c94-0b98-4921-996e-ca445c47f566","status":0,"value":""}"
 -17184 [Forwarding setTimeout on session 343d0c94-0b98-4921-996e-ca445c47f566 to remote] DEBUG org.apache.http.impl.conn.DefaultManagedHttpClientConnection  - http-outgoing-1: Shutdown connection
 -17184 [Forwarding setTimeout on session 343d0c94-0b98-4921-996e-ca445c47f566 to remote] DEBUG org.apache.http.impl.execchain.MainClientExec  - Connection discarded
 -17184 [Forwarding setTimeout on session 343d0c94-0b98-4921-996e-ca445c47f566 to remote] DEBUG org.apache.http.impl.conn.DefaultManagedHttpClientConnection  - http-outgoing-1: Close connection
 -17184 [Forwarding setTimeout on session 343d0c94-0b98-4921-996e-ca445c47f566 to remote] DEBUG org.apache.http.impl.conn.PoolingHttpClientConnectionManager  - Connection released: [id: 1][route: {}->http://127.0.0.1:7055][total kept alive: 0; route allocated: 0 of 2000; total allocated: 0 of 2000]
 -17238 [Forwarding maximizeWindow on session 343d0c94-0b98-4921-996e-ca445c47f566 to remote] DEBUG org.apache.http.client.protocol.RequestAddCookies  - CookieSpec selected: best-match
 -17238 [Forwarding maximizeWindow on session 343d0c94-0b98-4921-996e-ca445c47f566 to remote] DEBUG org.apache.http.client.protocol.RequestAuthCache  - Auth cache not set in the context
 -17239 [Forwarding maximizeWindow on session 343d0c94-0b98-4921-996e-ca445c47f566 to remote] DEBUG org.apache.http.impl.conn.PoolingHttpClientConnectionManager  - Connection request: [route: {}->http://127.0.0.1:7055][total kept alive: 0; route allocated: 0 of 2000; total allocated: 0 of 2000]
 -17239 [Forwarding maximizeWindow on session 343d0c94-0b98-4921-996e-ca445c47f566 to remote] DEBUG org.apache.http.impl.conn.PoolingHttpClientConnectionManager  - Connection leased: [id: 2][route: {}->http://127.0.0.1:7055][total kept alive: 0; route allocated: 1 of 2000; total allocated: 1 of 2000]
 -17239 [Forwarding maximizeWindow on session 343d0c94-0b98-4921-996e-ca445c47f566 to remote] DEBUG org.apache.http.impl.execchain.MainClientExec  - Opening connection {}->http://127.0.0.1:7055
 -17239 [Forwarding maximizeWindow on session 343d0c94-0b98-4921-996e-ca445c47f566 to remote] DEBUG org.apache.http.impl.conn.HttpClientConnectionOperator  - Connecting to /127.0.0.1:7055
 -17240 [Forwarding maximizeWindow on session 343d0c94-0b98-4921-996e-ca445c47f566 to remote] DEBUG org.apache.http.impl.conn.HttpClientConnectionOperator  - Connection established 127.0.0.1:61628<->127.0.0.1:7055
 -17240 [Forwarding maximizeWindow on session 343d0c94-0b98-4921-996e-ca445c47f566 to remote] DEBUG org.apache.http.impl.execchain.MainClientExec  - Executing request POST /hub/session/343d0c94-0b98-4921-996e-ca445c47f566/window/current/maximize HTTP/1.1
 -17241 [Forwarding maximizeWindow on session 343d0c94-0b98-4921-996e-ca445c47f566 to remote] DEBUG org.apache.http.impl.execchain.MainClientExec  - Target auth state: UNCHALLENGED
 -17241 [Forwarding maximizeWindow on session 343d0c94-0b98-4921-996e-ca445c47f566 to remote] DEBUG org.apache.http.impl.execchain.MainClientExec  - Proxy auth state: UNCHALLENGED
 -17241 [Forwarding maximizeWindow on session 343d0c94-0b98-4921-996e-ca445c47f566 to remote] DEBUG org.apache.http.headers  - http-outgoing-2 >> POST /hub/session/343d0c94-0b98-4921-996e-ca445c47f566/window/current/maximize HTTP/1.1
 -17241 [Forwarding maximizeWindow on session 343d0c94-0b98-4921-996e-ca445c47f566 to remote] DEBUG org.apache.http.headers  - http-outgoing-2 >> Content-Type: application/json; charset=utf-8
 -17241 [Forwarding maximizeWindow on session 343d0c94-0b98-4921-996e-ca445c47f566 to remote] DEBUG org.apache.http.headers  - http-outgoing-2 >> Content-Length: 26
 -17241 [Forwarding maximizeWindow on session 343d0c94-0b98-4921-996e-ca445c47f566 to remote] DEBUG org.apache.http.headers  - http-outgoing-2 >> Host: 127.0.0.1:7055
 -17242 [Forwarding maximizeWindow on session 343d0c94-0b98-4921-996e-ca445c47f566 to remote] DEBUG org.apache.http.headers  - http-outgoing-2 >> Connection: Keep-Alive
 -17242 [Forwarding maximizeWindow on session 343d0c94-0b98-4921-996e-ca445c47f566 to remote] DEBUG org.apache.http.headers  - http-outgoing-2 >> User-Agent: Apache-HttpClient/4.3.6 (java 1.5)
 -17242 [Forwarding maximizeWindow on session 343d0c94-0b98-4921-996e-ca445c47f566 to remote] DEBUG org.apache.http.headers  - http-outgoing-2 >> Accept-Encoding: gzip,deflate
 -17242 [Forwarding maximizeWindow on session 343d0c94-0b98-4921-996e-ca445c47f566 to remote] DEBUG org.apache.http.wire  - http-outgoing-2 >> "POST /hub/session/343d0c94-0b98-4921-996e-ca445c47f566/window/current/maximize HTTP/1.1[\r][\n]"
 -17242 [Forwarding maximizeWindow on session 343d0c94-0b98-4921-996e-ca445c47f566 to remote] DEBUG org.apache.http.wire  - http-outgoing-2 >> "Content-Type: application/json; charset=utf-8[\r][\n]"
 -17242 [Forwarding maximizeWindow on session 343d0c94-0b98-4921-996e-ca445c47f566 to remote] DEBUG org.apache.http.wire  - http-outgoing-2 >> "Content-Length: 26[\r][\n]"
 -17242 [Forwarding maximizeWindow on session 343d0c94-0b98-4921-996e-ca445c47f566 to remote] DEBUG org.apache.http.wire  - http-outgoing-2 >> "Host: 127.0.0.1:7055[\r][\n]"
 -17242 [Forwarding maximizeWindow on session 343d0c94-0b98-4921-996e-ca445c47f566 to remote] DEBUG org.apache.http.wire  - http-outgoing-2 >> "Connection: Keep-Alive[\r][\n]"
 -17242 [Forwarding maximizeWindow on session 343d0c94-0b98-4921-996e-ca445c47f566 to remote] DEBUG org.apache.http.wire  - http-outgoing-2 >> "User-Agent: Apache-HttpClient/4.3.6 (java 1.5)[\r][\n]"
 -17242 [Forwarding maximizeWindow on session 343d0c94-0b98-4921-996e-ca445c47f566 to remote] DEBUG org.apache.http.wire  - http-outgoing-2 >> "Accept-Encoding: gzip,deflate[\r][\n]"
 -17242 [Forwarding maximizeWindow on session 343d0c94-0b98-4921-996e-ca445c47f566 to remote] DEBUG org.apache.http.wire  - http-outgoing-2 >> "[\r][\n]"
 -17242 [Forwarding maximizeWindow on session 343d0c94-0b98-4921-996e-ca445c47f566 to remote] DEBUG org.apache.http.wire  - http-outgoing-2 >> "{"windowHandle":"current"}"
 -17333 [Forwarding maximizeWindow on session 343d0c94-0b98-4921-996e-ca445c47f566 to remote] DEBUG org.apache.http.wire  - http-outgoing-2 << "HTTP/1.1 200 OK[\r][\n]"
 -17333 [Forwarding maximizeWindow on session 343d0c94-0b98-4921-996e-ca445c47f566 to remote] DEBUG org.apache.http.wire  - http-outgoing-2 << "content-type: application/json; charset=UTF-8[\r][\n]"
 -17333 [Forwarding maximizeWindow on session 343d0c94-0b98-4921-996e-ca445c47f566 to remote] DEBUG org.apache.http.wire  - http-outgoing-2 << "connection: close[\r][\n]"
 -17333 [Forwarding maximizeWindow on session 343d0c94-0b98-4921-996e-ca445c47f566 to remote] DEBUG org.apache.http.wire  - http-outgoing-2 << "content-length: 98[\r][\n]"
 -17334 [Forwarding maximizeWindow on session 343d0c94-0b98-4921-996e-ca445c47f566 to remote] DEBUG org.apache.http.wire  - http-outgoing-2 << "server: httpd.js[\r][\n]"
 -17334 [Forwarding maximizeWindow on session 343d0c94-0b98-4921-996e-ca445c47f566 to remote] DEBUG org.apache.http.wire  - http-outgoing-2 << "date: Fri, 27 Jan 2017 06:44:21 GMT[\r][\n]"
 -17334 [Forwarding maximizeWindow on session 343d0c94-0b98-4921-996e-ca445c47f566 to remote] DEBUG org.apache.http.wire  - http-outgoing-2 << "[\r][\n]"
 -17334 [Forwarding maximizeWindow on session 343d0c94-0b98-4921-996e-ca445c47f566 to remote] DEBUG org.apache.http.headers  - http-outgoing-2 << HTTP/1.1 200 OK
 -17334 [Forwarding maximizeWindow on session 343d0c94-0b98-4921-996e-ca445c47f566 to remote] DEBUG org.apache.http.headers  - http-outgoing-2 << content-type: application/json; charset=UTF-8
 -17334 [Forwarding maximizeWindow on session 343d0c94-0b98-4921-996e-ca445c47f566 to remote] DEBUG org.apache.http.headers  - http-outgoing-2 << connection: close
 -17334 [Forwarding maximizeWindow on session 343d0c94-0b98-4921-996e-ca445c47f566 to remote] DEBUG org.apache.http.headers  - http-outgoing-2 << content-length: 98
 -17334 [Forwarding maximizeWindow on session 343d0c94-0b98-4921-996e-ca445c47f566 to remote] DEBUG org.apache.http.headers  - http-outgoing-2 << server: httpd.js
 -17334 [Forwarding maximizeWindow on session 343d0c94-0b98-4921-996e-ca445c47f566 to remote] DEBUG org.apache.http.headers  - http-outgoing-2 << date: Fri, 27 Jan 2017 06:44:21 GMT
 -17336 [Forwarding maximizeWindow on session 343d0c94-0b98-4921-996e-ca445c47f566 to remote] DEBUG org.apache.http.wire  - http-outgoing-2 << "{"name":"maximizeWindow","sessionId":"343d0c94-0b98-4921-996e-ca445c47f566","status":0,"value":""}"
 -17336 [Forwarding maximizeWindow on session 343d0c94-0b98-4921-996e-ca445c47f566 to remote] DEBUG org.apache.http.impl.conn.DefaultManagedHttpClientConnection  - http-outgoing-2: Shutdown connection
 -17336 [Forwarding maximizeWindow on session 343d0c94-0b98-4921-996e-ca445c47f566 to remote] DEBUG org.apache.http.impl.execchain.MainClientExec  - Connection discarded
 -17336 [Forwarding maximizeWindow on session 343d0c94-0b98-4921-996e-ca445c47f566 to remote] DEBUG org.apache.http.impl.conn.DefaultManagedHttpClientConnection  - http-outgoing-2: Close connection
 -17336 [Forwarding maximizeWindow on session 343d0c94-0b98-4921-996e-ca445c47f566 to remote] DEBUG org.apache.http.impl.conn.PoolingHttpClientConnectionManager  - Connection released: [id: 2][route: {}->http://127.0.0.1:7055][total kept alive: 0; route allocated: 0 of 2000; total allocated: 0 of 2000]
 -17401 [Forwarding get on session 343d0c94-0b98-4921-996e-ca445c47f566 to remote] DEBUG org.apache.http.client.protocol.RequestAddCookies  - CookieSpec selected: best-match
 -17402 [Forwarding get on session 343d0c94-0b98-4921-996e-ca445c47f566 to remote] DEBUG org.apache.http.client.protocol.RequestAuthCache  - Auth cache not set in the context
 -17402 [Forwarding get on session 343d0c94-0b98-4921-996e-ca445c47f566 to remote] DEBUG org.apache.http.impl.conn.PoolingHttpClientConnectionManager  - Connection request: [route: {}->http://127.0.0.1:7055][total kept alive: 0; route allocated: 0 of 2000; total allocated: 0 of 2000]
 -17402 [Forwarding get on session 343d0c94-0b98-4921-996e-ca445c47f566 to remote] DEBUG org.apache.http.impl.conn.PoolingHttpClientConnectionManager  - Connection leased: [id: 3][route: {}->http://127.0.0.1:7055][total kept alive: 0; route allocated: 1 of 2000; total allocated: 1 of 2000]
 -17402 [Forwarding get on session 343d0c94-0b98-4921-996e-ca445c47f566 to remote] DEBUG org.apache.http.impl.execchain.MainClientExec  - Opening connection {}->http://127.0.0.1:7055
 -17403 [Forwarding get on session 343d0c94-0b98-4921-996e-ca445c47f566 to remote] DEBUG org.apache.http.impl.conn.HttpClientConnectionOperator  - Connecting to /127.0.0.1:7055
 -17404 [Forwarding get on session 343d0c94-0b98-4921-996e-ca445c47f566 to remote] DEBUG org.apache.http.impl.conn.HttpClientConnectionOperator  - Connection established 127.0.0.1:61632<->127.0.0.1:7055
 -17404 [Forwarding get on session 343d0c94-0b98-4921-996e-ca445c47f566 to remote] DEBUG org.apache.http.impl.execchain.MainClientExec  - Executing request POST /hub/session/343d0c94-0b98-4921-996e-ca445c47f566/url HTTP/1.1
 -17404 [Forwarding get on session 343d0c94-0b98-4921-996e-ca445c47f566 to remote] DEBUG org.apache.http.impl.execchain.MainClientExec  - Target auth state: UNCHALLENGED
 -17404 [Forwarding get on session 343d0c94-0b98-4921-996e-ca445c47f566 to remote] DEBUG org.apache.http.impl.execchain.MainClientExec  - Proxy auth state: UNCHALLENGED
 -17404 [Forwarding get on session 343d0c94-0b98-4921-996e-ca445c47f566 to remote] DEBUG org.apache.http.headers  - http-outgoing-3 >> POST /hub/session/343d0c94-0b98-4921-996e-ca445c47f566/url HTTP/1.1
 -17405 [Forwarding get on session 343d0c94-0b98-4921-996e-ca445c47f566 to remote] DEBUG org.apache.http.headers  - http-outgoing-3 >> Content-Type: application/json; charset=utf-8
 -17405 [Forwarding get on session 343d0c94-0b98-4921-996e-ca445c47f566 to remote] DEBUG org.apache.http.headers  - http-outgoing-3 >> Content-Length: 82
 -17405 [Forwarding get on session 343d0c94-0b98-4921-996e-ca445c47f566 to remote] DEBUG org.apache.http.headers  - http-outgoing-3 >> Host: 127.0.0.1:7055
 -17405 [Forwarding get on session 343d0c94-0b98-4921-996e-ca445c47f566 to remote] DEBUG org.apache.http.headers  - http-outgoing-3 >> Connection: Keep-Alive
 -17405 [Forwarding get on session 343d0c94-0b98-4921-996e-ca445c47f566 to remote] DEBUG org.apache.http.headers  - http-outgoing-3 >> User-Agent: Apache-HttpClient/4.3.6 (java 1.5)
 -17405 [Forwarding get on session 343d0c94-0b98-4921-996e-ca445c47f566 to remote] DEBUG org.apache.http.headers  - http-outgoing-3 >> Accept-Encoding: gzip,deflate
 -17405 [Forwarding get on session 343d0c94-0b98-4921-996e-ca445c47f566 to remote] DEBUG org.apache.http.wire  - http-outgoing-3 >> "POST /hub/session/343d0c94-0b98-4921-996e-ca445c47f566/url HTTP/1.1[\r][\n]"
 -17405 [Forwarding get on session 343d0c94-0b98-4921-996e-ca445c47f566 to remote] DEBUG org.apache.http.wire  - http-outgoing-3 >> "Content-Type: application/json; charset=utf-8[\r][\n]"
 -17405 [Forwarding get on session 343d0c94-0b98-4921-996e-ca445c47f566 to remote] DEBUG org.apache.http.wire  - http-outgoing-3 >> "Content-Length: 82[\r][\n]"
 -17405 [Forwarding get on session 343d0c94-0b98-4921-996e-ca445c47f566 to remote] DEBUG org.apache.http.wire  - http-outgoing-3 >> "Host: 127.0.0.1:7055[\r][\n]"
 -17405 [Forwarding get on session 343d0c94-0b98-4921-996e-ca445c47f566 to remote] DEBUG org.apache.http.wire  - http-outgoing-3 >> "Connection: Keep-Alive[\r][\n]"
 -17405 [Forwarding get on session 343d0c94-0b98-4921-996e-ca445c47f566 to remote] DEBUG org.apache.http.wire  - http-outgoing-3 >> "User-Agent: Apache-HttpClient/4.3.6 (java 1.5)[\r][\n]"
 -17406 [Forwarding get on session 343d0c94-0b98-4921-996e-ca445c47f566 to remote] DEBUG org.apache.http.wire  - http-outgoing-3 >> "Accept-Encoding: gzip,deflate[\r][\n]"
 -17406 [Forwarding get on session 343d0c94-0b98-4921-996e-ca445c47f566 to remote] DEBUG org.apache.http.wire  - http-outgoing-3 >> "[\r][\n]"
 -17406 [Forwarding get on session 343d0c94-0b98-4921-996e-ca445c47f566 to remote] DEBUG org.apache.http.wire  - http-outgoing-3 >> "{"url":"http://nemo-core-staging-mmdiabetes-preview.dev.cf.private.springer.com/"}"
 -18558 [Forwarding get on session 343d0c94-0b98-4921-996e-ca445c47f566 to remote] DEBUG org.apache.http.wire  - http-outgoing-3 << "HTTP/1.1 200 OK[\r][\n]"
 -18558 [Forwarding get on session 343d0c94-0b98-4921-996e-ca445c47f566 to remote] DEBUG org.apache.http.wire  - http-outgoing-3 << "content-type: application/json; charset=UTF-8[\r][\n]"
 -18558 [Forwarding get on session 343d0c94-0b98-4921-996e-ca445c47f566 to remote] DEBUG org.apache.http.wire  - http-outgoing-3 << "connection: close[\r][\n]"
 -18558 [Forwarding get on session 343d0c94-0b98-4921-996e-ca445c47f566 to remote] DEBUG org.apache.http.wire  - http-outgoing-3 << "content-length: 87[\r][\n]"
 -18558 [Forwarding get on session 343d0c94-0b98-4921-996e-ca445c47f566 to remote] DEBUG org.apache.http.wire  - http-outgoing-3 << "server: httpd.js[\r][\n]"
 -18558 [Forwarding get on session 343d0c94-0b98-4921-996e-ca445c47f566 to remote] DEBUG org.apache.http.wire  - http-outgoing-3 << "date: Fri, 27 Jan 2017 06:44:23 GMT[\r][\n]"
 -18558 [Forwarding get on session 343d0c94-0b98-4921-996e-ca445c47f566 to remote] DEBUG org.apache.http.wire  - http-outgoing-3 << "[\r][\n]"
 -18559 [Forwarding get on session 343d0c94-0b98-4921-996e-ca445c47f566 to remote] DEBUG org.apache.http.headers  - http-outgoing-3 << HTTP/1.1 200 OK
 -18559 [Forwarding get on session 343d0c94-0b98-4921-996e-ca445c47f566 to remote] DEBUG org.apache.http.headers  - http-outgoing-3 << content-type: application/json; charset=UTF-8
 -18559 [Forwarding get on session 343d0c94-0b98-4921-996e-ca445c47f566 to remote] DEBUG org.apache.http.headers  - http-outgoing-3 << connection: close
 -18559 [Forwarding get on session 343d0c94-0b98-4921-996e-ca445c47f566 to remote] DEBUG org.apache.http.headers  - http-outgoing-3 << content-length: 87
 -18559 [Forwarding get on session 343d0c94-0b98-4921-996e-ca445c47f566 to remote] DEBUG org.apache.http.headers  - http-outgoing-3 << server: httpd.js
 -18559 [Forwarding get on session 343d0c94-0b98-4921-996e-ca445c47f566 to remote] DEBUG org.apache.http.headers  - http-outgoing-3 << date: Fri, 27 Jan 2017 06:44:23 GMT
 -18613 [Forwarding get on session 343d0c94-0b98-4921-996e-ca445c47f566 to remote] DEBUG org.apache.http.wire  - http-outgoing-3 << "{"name":"get","sessionId":"343d0c94-0b98-4921-996e-ca445c47f566","status":0,"value":""}"
 -18613 [Forwarding get on session 343d0c94-0b98-4921-996e-ca445c47f566 to remote] DEBUG org.apache.http.impl.conn.DefaultManagedHttpClientConnection  - http-outgoing-3: Shutdown connection
 -18613 [Forwarding get on session 343d0c94-0b98-4921-996e-ca445c47f566 to remote] DEBUG org.apache.http.impl.execchain.MainClientExec  - Connection discarded
 -18614 [Forwarding get on session 343d0c94-0b98-4921-996e-ca445c47f566 to remote] DEBUG org.apache.http.impl.conn.DefaultManagedHttpClientConnection  - http-outgoing-3: Close connection
 -18614 [Forwarding get on session 343d0c94-0b98-4921-996e-ca445c47f566 to remote] DEBUG org.apache.http.impl.conn.PoolingHttpClientConnectionManager  - Connection released: [id: 3][route: {}->http://127.0.0.1:7055][total kept alive: 0; route allocated: 0 of 2000; total allocated: 0 of 2000]
 -18629 [Forwarding setTimeout on session 343d0c94-0b98-4921-996e-ca445c47f566 to remote] DEBUG org.apache.http.client.protocol.RequestAddCookies  - CookieSpec selected: best-match
 -18629 [Forwarding setTimeout on session 343d0c94-0b98-4921-996e-ca445c47f566 to remote] DEBUG org.apache.http.client.protocol.RequestAuthCache  - Auth cache not set in the context
 -18629 [Forwarding setTimeout on session 343d0c94-0b98-4921-996e-ca445c47f566 to remote] DEBUG org.apache.http.impl.conn.PoolingHttpClientConnectionManager  - Connection request: [route: {}->http://127.0.0.1:7055][total kept alive: 0; route allocated: 0 of 2000; total allocated: 0 of 2000]
 -18629 [Forwarding setTimeout on session 343d0c94-0b98-4921-996e-ca445c47f566 to remote] DEBUG org.apache.http.impl.conn.PoolingHttpClientConnectionManager  - Connection leased: [id: 4][route: {}->http://127.0.0.1:7055][total kept alive: 0; route allocated: 1 of 2000; total allocated: 1 of 2000]
 -18630 [Forwarding setTimeout on session 343d0c94-0b98-4921-996e-ca445c47f566 to remote] DEBUG org.apache.http.impl.execchain.MainClientExec  - Opening connection {}->http://127.0.0.1:7055
 -18630 [Forwarding setTimeout on session 343d0c94-0b98-4921-996e-ca445c47f566 to remote] DEBUG org.apache.http.impl.conn.HttpClientConnectionOperator  - Connecting to /127.0.0.1:7055
 -18631 [Forwarding setTimeout on session 343d0c94-0b98-4921-996e-ca445c47f566 to remote] DEBUG org.apache.http.impl.conn.HttpClientConnectionOperator  - Connection established 127.0.0.1:61640<->127.0.0.1:7055
 -18631 [Forwarding setTimeout on session 343d0c94-0b98-4921-996e-ca445c47f566 to remote] DEBUG org.apache.http.impl.execchain.MainClientExec  - Executing request POST /hub/session/343d0c94-0b98-4921-996e-ca445c47f566/timeouts HTTP/1.1
 -18631 [Forwarding setTimeout on session 343d0c94-0b98-4921-996e-ca445c47f566 to remote] DEBUG org.apache.http.impl.execchain.MainClientExec  - Target auth state: UNCHALLENGED
 -18631 [Forwarding setTimeout on session 343d0c94-0b98-4921-996e-ca445c47f566 to remote] DEBUG org.apache.http.impl.execchain.MainClientExec  - Proxy auth state: UNCHALLENGED
 -18631 [Forwarding setTimeout on session 343d0c94-0b98-4921-996e-ca445c47f566 to remote] DEBUG org.apache.http.headers  - http-outgoing-4 >> POST /hub/session/343d0c94-0b98-4921-996e-ca445c47f566/timeouts HTTP/1.1
 -18631 [Forwarding setTimeout on session 343d0c94-0b98-4921-996e-ca445c47f566 to remote] DEBUG org.apache.http.headers  - http-outgoing-4 >> Content-Type: application/json; charset=utf-8
 -18631 [Forwarding setTimeout on session 343d0c94-0b98-4921-996e-ca445c47f566 to remote] DEBUG org.apache.http.headers  - http-outgoing-4 >> Content-Length: 26
 -18632 [Forwarding setTimeout on session 343d0c94-0b98-4921-996e-ca445c47f566 to remote] DEBUG org.apache.http.headers  - http-outgoing-4 >> Host: 127.0.0.1:7055
 -18632 [Forwarding setTimeout on session 343d0c94-0b98-4921-996e-ca445c47f566 to remote] DEBUG org.apache.http.headers  - http-outgoing-4 >> Connection: Keep-Alive
 -18632 [Forwarding setTimeout on session 343d0c94-0b98-4921-996e-ca445c47f566 to remote] DEBUG org.apache.http.headers  - http-outgoing-4 >> User-Agent: Apache-HttpClient/4.3.6 (java 1.5)
 -18632 [Forwarding setTimeout on session 343d0c94-0b98-4921-996e-ca445c47f566 to remote] DEBUG org.apache.http.headers  - http-outgoing-4 >> Accept-Encoding: gzip,deflate
 -18632 [Forwarding setTimeout on session 343d0c94-0b98-4921-996e-ca445c47f566 to remote] DEBUG org.apache.http.wire  - http-outgoing-4 >> "POST /hub/session/343d0c94-0b98-4921-996e-ca445c47f566/timeouts HTTP/1.1[\r][\n]"
 -18632 [Forwarding setTimeout on session 343d0c94-0b98-4921-996e-ca445c47f566 to remote] DEBUG org.apache.http.wire  - http-outgoing-4 >> "Content-Type: application/json; charset=utf-8[\r][\n]"
 -18632 [Forwarding setTimeout on session 343d0c94-0b98-4921-996e-ca445c47f566 to remote] DEBUG org.apache.http.wire  - http-outgoing-4 >> "Content-Length: 26[\r][\n]"
 -18632 [Forwarding setTimeout on session 343d0c94-0b98-4921-996e-ca445c47f566 to remote] DEBUG org.apache.http.wire  - http-outgoing-4 >> "Host: 127.0.0.1:7055[\r][\n]"
 -18632 [Forwarding setTimeout on session 343d0c94-0b98-4921-996e-ca445c47f566 to remote] DEBUG org.apache.http.wire  - http-outgoing-4 >> "Connection: Keep-Alive[\r][\n]"
 -18632 [Forwarding setTimeout on session 343d0c94-0b98-4921-996e-ca445c47f566 to remote] DEBUG org.apache.http.wire  - http-outgoing-4 >> "User-Agent: Apache-HttpClient/4.3.6 (java 1.5)[\r][\n]"
 -18632 [Forwarding setTimeout on session 343d0c94-0b98-4921-996e-ca445c47f566 to remote] DEBUG org.apache.http.wire  - http-outgoing-4 >> "Accept-Encoding: gzip,deflate[\r][\n]"
 -18632 [Forwarding setTimeout on session 343d0c94-0b98-4921-996e-ca445c47f566 to remote] DEBUG org.apache.http.wire  - http-outgoing-4 >> "[\r][\n]"
 -18633 [Forwarding setTimeout on session 343d0c94-0b98-4921-996e-ca445c47f566 to remote] DEBUG org.apache.http.wire  - http-outgoing-4 >> "{"type":"implicit","ms":0}"
 -18677 [Forwarding setTimeout on session 343d0c94-0b98-4921-996e-ca445c47f566 to remote] DEBUG org.apache.http.wire  - http-outgoing-4 << "HTTP/1.1 200 OK[\r][\n]"
 -18677 [Forwarding setTimeout on session 343d0c94-0b98-4921-996e-ca445c47f566 to remote] DEBUG org.apache.http.wire  - http-outgoing-4 << "content-type: application/json; charset=UTF-8[\r][\n]"
 -18677 [Forwarding setTimeout on session 343d0c94-0b98-4921-996e-ca445c47f566 to remote] DEBUG org.apache.http.wire  - http-outgoing-4 << "connection: close[\r][\n]"
 -18677 [Forwarding setTimeout on session 343d0c94-0b98-4921-996e-ca445c47f566 to remote] DEBUG org.apache.http.wire  - http-outgoing-4 << "content-length: 94[\r][\n]"
 -18677 [Forwarding setTimeout on session 343d0c94-0b98-4921-996e-ca445c47f566 to remote] DEBUG org.apache.http.wire  - http-outgoing-4 << "server: httpd.js[\r][\n]"
 -18678 [Forwarding setTimeout on session 343d0c94-0b98-4921-996e-ca445c47f566 to remote] DEBUG org.apache.http.wire  - http-outgoing-4 << "date: Fri, 27 Jan 2017 06:44:23 GMT[\r][\n]"
 -18678 [Forwarding setTimeout on session 343d0c94-0b98-4921-996e-ca445c47f566 to remote] DEBUG org.apache.http.wire  - http-outgoing-4 << "[\r][\n]"
 -18678 [Forwarding setTimeout on session 343d0c94-0b98-4921-996e-ca445c47f566 to remote] DEBUG org.apache.http.headers  - http-outgoing-4 << HTTP/1.1 200 OK
 -18678 [Forwarding setTimeout on session 343d0c94-0b98-4921-996e-ca445c47f566 to remote] DEBUG org.apache.http.headers  - http-outgoing-4 << content-type: application/json; charset=UTF-8
 -18678 [Forwarding setTimeout on session 343d0c94-0b98-4921-996e-ca445c47f566 to remote] DEBUG org.apache.http.headers  - http-outgoing-4 << connection: close
 -18678 [Forwarding setTimeout on session 343d0c94-0b98-4921-996e-ca445c47f566 to remote] DEBUG org.apache.http.headers  - http-outgoing-4 << content-length: 94
 -18678 [Forwarding setTimeout on session 343d0c94-0b98-4921-996e-ca445c47f566 to remote] DEBUG org.apache.http.headers  - http-outgoing-4 << server: httpd.js
 -18678 [Forwarding setTimeout on session 343d0c94-0b98-4921-996e-ca445c47f566 to remote] DEBUG org.apache.http.headers  - http-outgoing-4 << date: Fri, 27 Jan 2017 06:44:23 GMT
 -18679 [Forwarding setTimeout on session 343d0c94-0b98-4921-996e-ca445c47f566 to remote] DEBUG org.apache.http.wire  - http-outgoing-4 << "{"name":"setTimeout","sessionId":"343d0c94-0b98-4921-996e-ca445c47f566","status":0,"value":""}"
 -18679 [Forwarding setTimeout on session 343d0c94-0b98-4921-996e-ca445c47f566 to remote] DEBUG org.apache.http.impl.conn.DefaultManagedHttpClientConnection  - http-outgoing-4: Shutdown connection
 -18679 [Forwarding setTimeout on session 343d0c94-0b98-4921-996e-ca445c47f566 to remote] DEBUG org.apache.http.impl.execchain.MainClientExec  - Connection discarded
 -18680 [Forwarding setTimeout on session 343d0c94-0b98-4921-996e-ca445c47f566 to remote] DEBUG org.apache.http.impl.conn.DefaultManagedHttpClientConnection  - http-outgoing-4: Close connection
 -18680 [Forwarding setTimeout on session 343d0c94-0b98-4921-996e-ca445c47f566 to remote] DEBUG org.apache.http.impl.conn.PoolingHttpClientConnectionManager  - Connection released: [id: 4][route: {}->http://127.0.0.1:7055][total kept alive: 0; route allocated: 0 of 2000; total allocated: 0 of 2000]
 -18691 [Forwarding findElement on session 343d0c94-0b98-4921-996e-ca445c47f566 to remote] DEBUG org.apache.http.client.protocol.RequestAddCookies  - CookieSpec selected: best-match
 -18692 [Forwarding findElement on session 343d0c94-0b98-4921-996e-ca445c47f566 to remote] DEBUG org.apache.http.client.protocol.RequestAuthCache  - Auth cache not set in the context
 -18692 [Forwarding findElement on session 343d0c94-0b98-4921-996e-ca445c47f566 to remote] DEBUG org.apache.http.impl.conn.PoolingHttpClientConnectionManager  - Connection request: [route: {}->http://127.0.0.1:7055][total kept alive: 0; route allocated: 0 of 2000; total allocated: 0 of 2000]
 -18692 [Forwarding findElement on session 343d0c94-0b98-4921-996e-ca445c47f566 to remote] DEBUG org.apache.http.impl.conn.PoolingHttpClientConnectionManager  - Connection leased: [id: 5][route: {}->http://127.0.0.1:7055][total kept alive: 0; route allocated: 1 of 2000; total allocated: 1 of 2000]
 -18692 [Forwarding findElement on session 343d0c94-0b98-4921-996e-ca445c47f566 to remote] DEBUG org.apache.http.impl.execchain.MainClientExec  - Opening connection {}->http://127.0.0.1:7055
 -18693 [Forwarding findElement on session 343d0c94-0b98-4921-996e-ca445c47f566 to remote] DEBUG org.apache.http.impl.conn.HttpClientConnectionOperator  - Connecting to /127.0.0.1:7055
 -18693 [Forwarding findElement on session 343d0c94-0b98-4921-996e-ca445c47f566 to remote] DEBUG org.apache.http.impl.conn.HttpClientConnectionOperator  - Connection established 127.0.0.1:61642<->127.0.0.1:7055
 -18694 [Forwarding findElement on session 343d0c94-0b98-4921-996e-ca445c47f566 to remote] DEBUG org.apache.http.impl.execchain.MainClientExec  - Executing request POST /hub/session/343d0c94-0b98-4921-996e-ca445c47f566/element HTTP/1.1
 -18694 [Forwarding findElement on session 343d0c94-0b98-4921-996e-ca445c47f566 to remote] DEBUG org.apache.http.impl.execchain.MainClientExec  - Target auth state: UNCHALLENGED
 -18694 [Forwarding findElement on session 343d0c94-0b98-4921-996e-ca445c47f566 to remote] DEBUG org.apache.http.impl.execchain.MainClientExec  - Proxy auth state: UNCHALLENGED
 -18694 [Forwarding findElement on session 343d0c94-0b98-4921-996e-ca445c47f566 to remote] DEBUG org.apache.http.headers  - http-outgoing-5 >> POST /hub/session/343d0c94-0b98-4921-996e-ca445c47f566/element HTTP/1.1
 -18694 [Forwarding findElement on session 343d0c94-0b98-4921-996e-ca445c47f566 to remote] DEBUG org.apache.http.headers  - http-outgoing-5 >> Content-Type: application/json; charset=utf-8
 -18694 [Forwarding findElement on session 343d0c94-0b98-4921-996e-ca445c47f566 to remote] DEBUG org.apache.http.headers  - http-outgoing-5 >> Content-Length: 89
 -18694 [Forwarding findElement on session 343d0c94-0b98-4921-996e-ca445c47f566 to remote] DEBUG org.apache.http.headers  - http-outgoing-5 >> Host: 127.0.0.1:7055
 -18695 [Forwarding findElement on session 343d0c94-0b98-4921-996e-ca445c47f566 to remote] DEBUG org.apache.http.headers  - http-outgoing-5 >> Connection: Keep-Alive
 -18695 [Forwarding findElement on session 343d0c94-0b98-4921-996e-ca445c47f566 to remote] DEBUG org.apache.http.headers  - http-outgoing-5 >> User-Agent: Apache-HttpClient/4.3.6 (java 1.5)
 -18695 [Forwarding findElement on session 343d0c94-0b98-4921-996e-ca445c47f566 to remote] DEBUG org.apache.http.headers  - http-outgoing-5 >> Accept-Encoding: gzip,deflate
 -18695 [Forwarding findElement on session 343d0c94-0b98-4921-996e-ca445c47f566 to remote] DEBUG org.apache.http.wire  - http-outgoing-5 >> "POST /hub/session/343d0c94-0b98-4921-996e-ca445c47f566/element HTTP/1.1[\r][\n]"
 -18695 [Forwarding findElement on session 343d0c94-0b98-4921-996e-ca445c47f566 to remote] DEBUG org.apache.http.wire  - http-outgoing-5 >> "Content-Type: application/json; charset=utf-8[\r][\n]"
 -18695 [Forwarding findElement on session 343d0c94-0b98-4921-996e-ca445c47f566 to remote] DEBUG org.apache.http.wire  - http-outgoing-5 >> "Content-Length: 89[\r][\n]"
 -18695 [Forwarding findElement on session 343d0c94-0b98-4921-996e-ca445c47f566 to remote] DEBUG org.apache.http.wire  - http-outgoing-5 >> "Host: 127.0.0.1:7055[\r][\n]"
 -18695 [Forwarding findElement on session 343d0c94-0b98-4921-996e-ca445c47f566 to remote] DEBUG org.apache.http.wire  - http-outgoing-5 >> "Connection: Keep-Alive[\r][\n]"
 -18695 [Forwarding findElement on session 343d0c94-0b98-4921-996e-ca445c47f566 to remote] DEBUG org.apache.http.wire  - http-outgoing-5 >> "User-Agent: Apache-HttpClient/4.3.6 (java 1.5)[\r][\n]"
 -18695 [Forwarding findElement on session 343d0c94-0b98-4921-996e-ca445c47f566 to remote] DEBUG org.apache.http.wire  - http-outgoing-5 >> "Accept-Encoding: gzip,deflate[\r][\n]"
 -18695 [Forwarding findElement on session 343d0c94-0b98-4921-996e-ca445c47f566 to remote] DEBUG org.apache.http.wire  - http-outgoing-5 >> "[\r][\n]"
 -18696 [Forwarding findElement on session 343d0c94-0b98-4921-996e-ca445c47f566 to remote] DEBUG org.apache.http.wire  - http-outgoing-5 >> "{"using":"css selector","value":".service-navigation__dropdown>ul>li>a>span:not(.arrow)"}"
 -18730 [Forwarding findElement on session 343d0c94-0b98-4921-996e-ca445c47f566 to remote] DEBUG org.apache.http.wire  - http-outgoing-5 << "HTTP/1.1 500 Internal Server Error[\r][\n]"
 -18730 [Forwarding findElement on session 343d0c94-0b98-4921-996e-ca445c47f566 to remote] DEBUG org.apache.http.wire  - http-outgoing-5 << "content-type: application/json; charset=UTF-8[\r][\n]"
 -18730 [Forwarding findElement on session 343d0c94-0b98-4921-996e-ca445c47f566 to remote] DEBUG org.apache.http.wire  - http-outgoing-5 << "connection: close[\r][\n]"
 -18730 [Forwarding findElement on session 343d0c94-0b98-4921-996e-ca445c47f566 to remote] DEBUG org.apache.http.wire  - http-outgoing-5 << "content-length: 1469[\r][\n]"
 -18730 [Forwarding findElement on session 343d0c94-0b98-4921-996e-ca445c47f566 to remote] DEBUG org.apache.http.wire  - http-outgoing-5 << "server: httpd.js[\r][\n]"
 -18730 [Forwarding findElement on session 343d0c94-0b98-4921-996e-ca445c47f566 to remote] DEBUG org.apache.http.wire  - http-outgoing-5 << "date: Fri, 27 Jan 2017 06:44:23 GMT[\r][\n]"
 -18730 [Forwarding findElement on session 343d0c94-0b98-4921-996e-ca445c47f566 to remote] DEBUG org.apache.http.wire  - http-outgoing-5 << "[\r][\n]"
 -18731 [Forwarding findElement on session 343d0c94-0b98-4921-996e-ca445c47f566 to remote] DEBUG org.apache.http.headers  - http-outgoing-5 << HTTP/1.1 500 Internal Server Error
 -18731 [Forwarding findElement on session 343d0c94-0b98-4921-996e-ca445c47f566 to remote] DEBUG org.apache.http.headers  - http-outgoing-5 << content-type: application/json; charset=UTF-8
 -18731 [Forwarding findElement on session 343d0c94-0b98-4921-996e-ca445c47f566 to remote] DEBUG org.apache.http.headers  - http-outgoing-5 << connection: close
 -18731 [Forwarding findElement on session 343d0c94-0b98-4921-996e-ca445c47f566 to remote] DEBUG org.apache.http.headers  - http-outgoing-5 << content-length: 1469
 -18731 [Forwarding findElement on session 343d0c94-0b98-4921-996e-ca445c47f566 to remote] DEBUG org.apache.http.headers  - http-outgoing-5 << server: httpd.js
 -18731 [Forwarding findElement on session 343d0c94-0b98-4921-996e-ca445c47f566 to remote] DEBUG org.apache.http.headers  - http-outgoing-5 << date: Fri, 27 Jan 2017 06:44:23 GMT
 -18732 [Forwarding findElement on session 343d0c94-0b98-4921-996e-ca445c47f566 to remote] DEBUG org.apache.http.wire  - http-outgoing-5 << "{"name":"findElement","sessionId":"343d0c94-0b98-4921-996e-ca445c47f566","status":7,"value":{"message":"Unable to locate element: {\"method\":\"css selector\",\"selector\":\".service-navigation__dropdown>ul>li>a>span:not(.arrow)\"}","stackTrace":[{"methodName":"FirefoxDriver.prototype.findElementInternal_","fileName":"file:///C:/Users/rao08/AppData/Local/Temp/anonymous5941514134848211728webdriver-profile/extensions/fxdriver@googlecode.com/components/driver-component.js","lineNumber":10299},{"methodName":"FirefoxDriver.prototype.findElement","fileName":"file:///C:/Users/rao08/AppData/Local/Temp/anonymous5941514134848211728webdriver-profile/extensions/fxdriver@googlecode.com/components/driver-component.js","lineNumber":10308},{"methodName":"DelayedCommand.prototype.executeInternal_/h","fileName":"file:///C:/Users/rao08/AppData/Local/Temp/anonymous5941514134848211728webdriver-profile/extensions/fxdriver@googlecode.com/components/command-processor.js","lineNumber":12282},{"methodName":"DelayedCommand.prototype.executeInternal_","fileName":"file:///C:/Users/rao08/AppData/Local/Temp/anonymous5941514134848211728webdriver-profile/extensions/fxdriver@googlecode.com/components/command-processor.js","lineNumber":12287},{"methodName":"DelayedCommand.prototype.execute/<","fileName":"file:///C:/Users/rao08/AppData/Local/Temp/anonymous5941514134848211728webdriver-profile/extensions/fxdriver@googlecode.com/components/command-processor.js","lineNumber":12229}]}}"
 -18732 [Forwarding findElement on session 343d0c94-0b98-4921-996e-ca445c47f566 to remote] DEBUG org.apache.http.impl.conn.DefaultManagedHttpClientConnection  - http-outgoing-5: Shutdown connection
 -18733 [Forwarding findElement on session 343d0c94-0b98-4921-996e-ca445c47f566 to remote] DEBUG org.apache.http.impl.execchain.MainClientExec  - Connection discarded
 -18733 [Forwarding findElement on session 343d0c94-0b98-4921-996e-ca445c47f566 to remote] DEBUG org.apache.http.impl.conn.DefaultManagedHttpClientConnection  - http-outgoing-5: Close connection
 -18733 [Forwarding findElement on session 343d0c94-0b98-4921-996e-ca445c47f566 to remote] DEBUG org.apache.http.impl.conn.PoolingHttpClientConnectionManager  - Connection released: [id: 5][route: {}->http://127.0.0.1:7055][total kept alive: 0; route allocated: 0 of 2000; total allocated: 0 of 2000]
 -19280 [Forwarding findElement on session 343d0c94-0b98-4921-996e-ca445c47f566 to remote] DEBUG org.apache.http.client.protocol.RequestAddCookies  - CookieSpec selected: best-match
 -19280 [Forwarding findElement on session 343d0c94-0b98-4921-996e-ca445c47f566 to remote] DEBUG org.apache.http.client.protocol.RequestAuthCache  - Auth cache not set in the context
 -19281 [Forwarding findElement on session 343d0c94-0b98-4921-996e-ca445c47f566 to remote] DEBUG org.apache.http.impl.conn.PoolingHttpClientConnectionManager  - Connection request: [route: {}->http://127.0.0.1:7055][total kept alive: 0; route allocated: 0 of 2000; total allocated: 0 of 2000]
 -19281 [Forwarding findElement on session 343d0c94-0b98-4921-996e-ca445c47f566 to remote] DEBUG org.apache.http.impl.conn.PoolingHttpClientConnectionManager  - Connection leased: [id: 6][route: {}->http://127.0.0.1:7055][total kept alive: 0; route allocated: 1 of 2000; total allocated: 1 of 2000]
 -19281 [Forwarding findElement on session 343d0c94-0b98-4921-996e-ca445c47f566 to remote] DEBUG org.apache.http.impl.execchain.MainClientExec  - Opening connection {}->http://127.0.0.1:7055
 -19282 [Forwarding findElement on session 343d0c94-0b98-4921-996e-ca445c47f566 to remote] DEBUG org.apache.http.impl.conn.HttpClientConnectionOperator  - Connecting to /127.0.0.1:7055
 -19282 [Forwarding findElement on session 343d0c94-0b98-4921-996e-ca445c47f566 to remote] DEBUG org.apache.http.impl.conn.HttpClientConnectionOperator  - Connection established 127.0.0.1:61646<->127.0.0.1:7055
 -19283 [Forwarding findElement on session 343d0c94-0b98-4921-996e-ca445c47f566 to remote] DEBUG org.apache.http.impl.execchain.MainClientExec  - Executing request POST /hub/session/343d0c94-0b98-4921-996e-ca445c47f566/element HTTP/1.1
 -19283 [Forwarding findElement on session 343d0c94-0b98-4921-996e-ca445c47f566 to remote] DEBUG org.apache.http.impl.execchain.MainClientExec  - Target auth state: UNCHALLENGED
 -19283 [Forwarding findElement on session 343d0c94-0b98-4921-996e-ca445c47f566 to remote] DEBUG org.apache.http.impl.execchain.MainClientExec  - Proxy auth state: UNCHALLENGED
 -19283 [Forwarding findElement on session 343d0c94-0b98-4921-996e-ca445c47f566 to remote] DEBUG org.apache.http.headers  - http-outgoing-6 >> POST /hub/session/343d0c94-0b98-4921-996e-ca445c47f566/element HTTP/1.1
 -19284 [Forwarding findElement on session 343d0c94-0b98-4921-996e-ca445c47f566 to remote] DEBUG org.apache.http.headers  - http-outgoing-6 >> Content-Type: application/json; charset=utf-8
 -19284 [Forwarding findElement on session 343d0c94-0b98-4921-996e-ca445c47f566 to remote] DEBUG org.apache.http.headers  - http-outgoing-6 >> Content-Length: 89
 -19284 [Forwarding findElement on session 343d0c94-0b98-4921-996e-ca445c47f566 to remote] DEBUG org.apache.http.headers  - http-outgoing-6 >> Host: 127.0.0.1:7055
 -19284 [Forwarding findElement on session 343d0c94-0b98-4921-996e-ca445c47f566 to remote] DEBUG org.apache.http.headers  - http-outgoing-6 >> Connection: Keep-Alive
 -19285 [Forwarding findElement on session 343d0c94-0b98-4921-996e-ca445c47f566 to remote] DEBUG org.apache.http.headers  - http-outgoing-6 >> User-Agent: Apache-HttpClient/4.3.6 (java 1.5)
 -19285 [Forwarding findElement on session 343d0c94-0b98-4921-996e-ca445c47f566 to remote] DEBUG org.apache.http.headers  - http-outgoing-6 >> Accept-Encoding: gzip,deflate
 -19285 [Forwarding findElement on session 343d0c94-0b98-4921-996e-ca445c47f566 to remote] DEBUG org.apache.http.wire  - http-outgoing-6 >> "POST /hub/session/343d0c94-0b98-4921-996e-ca445c47f566/element HTTP/1.1[\r][\n]"
 -19285 [Forwarding findElement on session 343d0c94-0b98-4921-996e-ca445c47f566 to remote] DEBUG org.apache.http.wire  - http-outgoing-6 >> "Content-Type: application/json; charset=utf-8[\r][\n]"
 -19285 [Forwarding findElement on session 343d0c94-0b98-4921-996e-ca445c47f566 to remote] DEBUG org.apache.http.wire  - http-outgoing-6 >> "Content-Length: 89[\r][\n]"
 -19285 [Forwarding findElement on session 343d0c94-0b98-4921-996e-ca445c47f566 to remote] DEBUG org.apache.http.wire  - http-outgoing-6 >> "Host: 127.0.0.1:7055[\r][\n]"
 -19285 [Forwarding findElement on session 343d0c94-0b98-4921-996e-ca445c47f566 to remote] DEBUG org.apache.http.wire  - http-outgoing-6 >> "Connection: Keep-Alive[\r][\n]"
 -19285 [Forwarding findElement on session 343d0c94-0b98-4921-996e-ca445c47f566 to remote] DEBUG org.apache.http.wire  - http-outgoing-6 >> "User-Agent: Apache-HttpClient/4.3.6 (java 1.5)[\r][\n]"
 -19285 [Forwarding findElement on session 343d0c94-0b98-4921-996e-ca445c47f566 to remote] DEBUG org.apache.http.wire  - http-outgoing-6 >> "Accept-Encoding: gzip,deflate[\r][\n]"
 -19285 [Forwarding findElement on session 343d0c94-0b98-4921-996e-ca445c47f566 to remote] DEBUG org.apache.http.wire  - http-outgoing-6 >> "[\r][\n]"
 -19285 [Forwarding findElement on session 343d0c94-0b98-4921-996e-ca445c47f566 to remote] DEBUG org.apache.http.wire  - http-outgoing-6 >> "{"using":"css selector","value":".service-navigation__dropdown>ul>li>a>span:not(.arrow)"}"
 -19320 [Forwarding findElement on session 343d0c94-0b98-4921-996e-ca445c47f566 to remote] DEBUG org.apache.http.wire  - http-outgoing-6 << "HTTP/1.1 500 Internal Server Error[\r][\n]"
 -19320 [Forwarding findElement on session 343d0c94-0b98-4921-996e-ca445c47f566 to remote] DEBUG org.apache.http.wire  - http-outgoing-6 << "content-type: application/json; charset=UTF-8[\r][\n]"
 -19320 [Forwarding findElement on session 343d0c94-0b98-4921-996e-ca445c47f566 to remote] DEBUG org.apache.http.wire  - http-outgoing-6 << "connection: close[\r][\n]"
 -19320 [Forwarding findElement on session 343d0c94-0b98-4921-996e-ca445c47f566 to remote] DEBUG org.apache.http.wire  - http-outgoing-6 << "content-length: 1469[\r][\n]"
 -19320 [Forwarding findElement on session 343d0c94-0b98-4921-996e-ca445c47f566 to remote] DEBUG org.apache.http.wire  - http-outgoing-6 << "server: httpd.js[\r][\n]"
 -19320 [Forwarding findElement on session 343d0c94-0b98-4921-996e-ca445c47f566 to remote] DEBUG org.apache.http.wire  - http-outgoing-6 << "date: Fri, 27 Jan 2017 06:44:23 GMT[\r][\n]"
 -19321 [Forwarding findElement on session 343d0c94-0b98-4921-996e-ca445c47f566 to remote] DEBUG org.apache.http.wire  - http-outgoing-6 << "[\r][\n]"
 -19321 [Forwarding findElement on session 343d0c94-0b98-4921-996e-ca445c47f566 to remote] DEBUG org.apache.http.headers  - http-outgoing-6 << HTTP/1.1 500 Internal Server Error
 -19321 [Forwarding findElement on session 343d0c94-0b98-4921-996e-ca445c47f566 to remote] DEBUG org.apache.http.headers  - http-outgoing-6 << content-type: application/json; charset=UTF-8
 -19321 [Forwarding findElement on session 343d0c94-0b98-4921-996e-ca445c47f566 to remote] DEBUG org.apache.http.headers  - http-outgoing-6 << connection: close
 -19321 [Forwarding findElement on session 343d0c94-0b98-4921-996e-ca445c47f566 to remote] DEBUG org.apache.http.headers  - http-outgoing-6 << content-length: 1469
 -19321 [Forwarding findElement on session 343d0c94-0b98-4921-996e-ca445c47f566 to remote] DEBUG org.apache.http.headers  - http-outgoing-6 << server: httpd.js
 -19321 [Forwarding findElement on session 343d0c94-0b98-4921-996e-ca445c47f566 to remote] DEBUG org.apache.http.headers  - http-outgoing-6 << date: Fri, 27 Jan 2017 06:44:23 GMT
 -19322 [Forwarding findElement on session 343d0c94-0b98-4921-996e-ca445c47f566 to remote] DEBUG org.apache.http.wire  - http-outgoing-6 << "{"name":"findElement","sessionId":"343d0c94-0b98-4921-996e-ca445c47f566","status":7,"value":{"message":"Unable to locate element: {\"method\":\"css selector\",\"selector\":\".service-navigation__dropdown>ul>li>a>span:not(.arrow)\"}","stackTrace":[{"methodName":"FirefoxDriver.prototype.findElementInternal_","fileName":"file:///C:/Users/rao08/AppData/Local/Temp/anonymous5941514134848211728webdriver-profile/extensions/fxdriver@googlecode.com/components/driver-component.js","lineNumber":10299},{"methodName":"FirefoxDriver.prototype.findElement","fileName":"file:///C:/Users/rao08/AppData/Local/Temp/anonymous5941514134848211728webdriver-profile/extensions/fxdriver@googlecode.com/components/driver-component.js","lineNumber":10308},{"methodName":"DelayedCommand.prototype.executeInternal_/h","fileName":"file:///C:/Users/rao08/AppData/Local/Temp/anonymous5941514134848211728webdriver-profile/extensions/fxdriver@googlecode.com/components/command-processor.js","lineNumber":12282},{"methodName":"DelayedCommand.prototype.executeInternal_","fileName":"file:///C:/Users/rao08/AppData/Local/Temp/anonymous5941514134848211728webdriver-profile/extensions/fxdriver@googlecode.com/components/command-processor.js","lineNumber":12287},{"methodName":"DelayedCommand.prototype.execute/<","fileName":"file:///C:/Users/rao08/AppData/Local/Temp/anonymous5941514134848211728webdriver-profile/extensions/fxdriver@googlecode.com/components/command-processor.js","lineNumber":12229}]}}"
 -19322 [Forwarding findElement on session 343d0c94-0b98-4921-996e-ca445c47f566 to remote] DEBUG org.apache.http.impl.conn.DefaultManagedHttpClientConnection  - http-outgoing-6: Shutdown connection
 -19322 [Forwarding findElement on session 343d0c94-0b98-4921-996e-ca445c47f566 to remote] DEBUG org.apache.http.impl.execchain.MainClientExec  - Connection discarded
 -19323 [Forwarding findElement on session 343d0c94-0b98-4921-996e-ca445c47f566 to remote] DEBUG org.apache.http.impl.conn.DefaultManagedHttpClientConnection  - http-outgoing-6: Close connection
 -19323 [Forwarding findElement on session 343d0c94-0b98-4921-996e-ca445c47f566 to remote] DEBUG org.apache.http.impl.conn.PoolingHttpClientConnectionManager  - Connection released: [id: 6][route: {}->http://127.0.0.1:7055][total kept alive: 0; route allocated: 0 of 2000; total allocated: 0 of 2000]
 -19829 [Forwarding findElement on session 343d0c94-0b98-4921-996e-ca445c47f566 to remote] DEBUG org.apache.http.client.protocol.RequestAddCookies  - CookieSpec selected: best-match
 -19829 [Forwarding findElement on session 343d0c94-0b98-4921-996e-ca445c47f566 to remote] DEBUG org.apache.http.client.protocol.RequestAuthCache  - Auth cache not set in the context
 -19830 [Forwarding findElement on session 343d0c94-0b98-4921-996e-ca445c47f566 to remote] DEBUG org.apache.http.impl.conn.PoolingHttpClientConnectionManager  - Connection request: [route: {}->http://127.0.0.1:7055][total kept alive: 0; route allocated: 0 of 2000; total allocated: 0 of 2000]
 -19830 [Forwarding findElement on session 343d0c94-0b98-4921-996e-ca445c47f566 to remote] DEBUG org.apache.http.impl.conn.PoolingHttpClientConnectionManager  - Connection leased: [id: 7][route: {}->http://127.0.0.1:7055][total kept alive: 0; route allocated: 1 of 2000; total allocated: 1 of 2000]
 -19830 [Forwarding findElement on session 343d0c94-0b98-4921-996e-ca445c47f566 to remote] DEBUG org.apache.http.impl.execchain.MainClientExec  - Opening connection {}->http://127.0.0.1:7055
 -19830 [Forwarding findElement on session 343d0c94-0b98-4921-996e-ca445c47f566 to remote] DEBUG org.apache.http.impl.conn.HttpClientConnectionOperator  - Connecting to /127.0.0.1:7055
 -19831 [Forwarding findElement on session 343d0c94-0b98-4921-996e-ca445c47f566 to remote] DEBUG org.apache.http.impl.conn.HttpClientConnectionOperator  - Connection established 127.0.0.1:61653<->127.0.0.1:7055
 -19831 [Forwarding findElement on session 343d0c94-0b98-4921-996e-ca445c47f566 to remote] DEBUG org.apache.http.impl.execchain.MainClientExec  - Executing request POST /hub/session/343d0c94-0b98-4921-996e-ca445c47f566/element HTTP/1.1
 -19831 [Forwarding findElement on session 343d0c94-0b98-4921-996e-ca445c47f566 to remote] DEBUG org.apache.http.impl.execchain.MainClientExec  - Target auth state: UNCHALLENGED
 -19831 [Forwarding findElement on session 343d0c94-0b98-4921-996e-ca445c47f566 to remote] DEBUG org.apache.http.impl.execchain.MainClientExec  - Proxy auth state: UNCHALLENGED
 -19832 [Forwarding findElement on session 343d0c94-0b98-4921-996e-ca445c47f566 to remote] DEBUG org.apache.http.headers  - http-outgoing-7 >> POST /hub/session/343d0c94-0b98-4921-996e-ca445c47f566/element HTTP/1.1
 -19832 [Forwarding findElement on session 343d0c94-0b98-4921-996e-ca445c47f566 to remote] DEBUG org.apache.http.headers  - http-outgoing-7 >> Content-Type: application/json; charset=utf-8
 -19832 [Forwarding findElement on session 343d0c94-0b98-4921-996e-ca445c47f566 to remote] DEBUG org.apache.http.headers  - http-outgoing-7 >> Content-Length: 89
 -19832 [Forwarding findElement on session 343d0c94-0b98-4921-996e-ca445c47f566 to remote] DEBUG org.apache.http.headers  - http-outgoing-7 >> Host: 127.0.0.1:7055
 -19832 [Forwarding findElement on session 343d0c94-0b98-4921-996e-ca445c47f566 to remote] DEBUG org.apache.http.headers  - http-outgoing-7 >> Connection: Keep-Alive
 -19832 [Forwarding findElement on session 343d0c94-0b98-4921-996e-ca445c47f566 to remote] DEBUG org.apache.http.headers  - http-outgoing-7 >> User-Agent: Apache-HttpClient/4.3.6 (java 1.5)
 -19832 [Forwarding findElement on session 343d0c94-0b98-4921-996e-ca445c47f566 to remote] DEBUG org.apache.http.headers  - http-outgoing-7 >> Accept-Encoding: gzip,deflate
 -19832 [Forwarding findElement on session 343d0c94-0b98-4921-996e-ca445c47f566 to remote] DEBUG org.apache.http.wire  - http-outgoing-7 >> "POST /hub/session/343d0c94-0b98-4921-996e-ca445c47f566/element HTTP/1.1[\r][\n]"
 -19832 [Forwarding findElement on session 343d0c94-0b98-4921-996e-ca445c47f566 to remote] DEBUG org.apache.http.wire  - http-outgoing-7 >> "Content-Type: application/json; charset=utf-8[\r][\n]"
 -19833 [Forwarding findElement on session 343d0c94-0b98-4921-996e-ca445c47f566 to remote] DEBUG org.apache.http.wire  - http-outgoing-7 >> "Content-Length: 89[\r][\n]"
 -19833 [Forwarding findElement on session 343d0c94-0b98-4921-996e-ca445c47f566 to remote] DEBUG org.apache.http.wire  - http-outgoing-7 >> "Host: 127.0.0.1:7055[\r][\n]"
 -19833 [Forwarding findElement on session 343d0c94-0b98-4921-996e-ca445c47f566 to remote] DEBUG org.apache.http.wire  - http-outgoing-7 >> "Connection: Keep-Alive[\r][\n]"
 -19833 [Forwarding findElement on session 343d0c94-0b98-4921-996e-ca445c47f566 to remote] DEBUG org.apache.http.wire  - http-outgoing-7 >> "User-Agent: Apache-HttpClient/4.3.6 (java 1.5)[\r][\n]"
 -19833 [Forwarding findElement on session 343d0c94-0b98-4921-996e-ca445c47f566 to remote] DEBUG org.apache.http.wire  - http-outgoing-7 >> "Accept-Encoding: gzip,deflate[\r][\n]"
 -19833 [Forwarding findElement on session 343d0c94-0b98-4921-996e-ca445c47f566 to remote] DEBUG org.apache.http.wire  - http-outgoing-7 >> "[\r][\n]"
 -19833 [Forwarding findElement on session 343d0c94-0b98-4921-996e-ca445c47f566 to remote] DEBUG org.apache.http.wire  - http-outgoing-7 >> "{"using":"css selector","value":".service-navigation__dropdown>ul>li>a>span:not(.arrow)"}"
 -19868 [Forwarding findElement on session 343d0c94-0b98-4921-996e-ca445c47f566 to remote] DEBUG org.apache.http.wire  - http-outgoing-7 << "HTTP/1.1 500 Internal Server Error[\r][\n]"
 -19868 [Forwarding findElement on session 343d0c94-0b98-4921-996e-ca445c47f566 to remote] DEBUG org.apache.http.wire  - http-outgoing-7 << "content-type: application/json; charset=UTF-8[\r][\n]"
 -19868 [Forwarding findElement on session 343d0c94-0b98-4921-996e-ca445c47f566 to remote] DEBUG org.apache.http.wire  - http-outgoing-7 << "connection: close[\r][\n]"
 -19868 [Forwarding findElement on session 343d0c94-0b98-4921-996e-ca445c47f566 to remote] DEBUG org.apache.http.wire  - http-outgoing-7 << "content-length: 1469[\r][\n]"
 -19868 [Forwarding findElement on session 343d0c94-0b98-4921-996e-ca445c47f566 to remote] DEBUG org.apache.http.wire  - http-outgoing-7 << "server: httpd.js[\r][\n]"
 -19868 [Forwarding findElement on session 343d0c94-0b98-4921-996e-ca445c47f566 to remote] DEBUG org.apache.http.wire  - http-outgoing-7 << "date: Fri, 27 Jan 2017 06:44:24 GMT[\r][\n]"
 -19868 [Forwarding findElement on session 343d0c94-0b98-4921-996e-ca445c47f566 to remote] DEBUG org.apache.http.wire  - http-outgoing-7 << "[\r][\n]"
 -19869 [Forwarding findElement on session 343d0c94-0b98-4921-996e-ca445c47f566 to remote] DEBUG org.apache.http.headers  - http-outgoing-7 << HTTP/1.1 500 Internal Server Error
 -19869 [Forwarding findElement on session 343d0c94-0b98-4921-996e-ca445c47f566 to remote] DEBUG org.apache.http.headers  - http-outgoing-7 << content-type: application/json; charset=UTF-8
 -19869 [Forwarding findElement on session 343d0c94-0b98-4921-996e-ca445c47f566 to remote] DEBUG org.apache.http.headers  - http-outgoing-7 << connection: close
 -19869 [Forwarding findElement on session 343d0c94-0b98-4921-996e-ca445c47f566 to remote] DEBUG org.apache.http.headers  - http-outgoing-7 << content-length: 1469
 -19869 [Forwarding findElement on session 343d0c94-0b98-4921-996e-ca445c47f566 to remote] DEBUG org.apache.http.headers  - http-outgoing-7 << server: httpd.js
 -19869 [Forwarding findElement on session 343d0c94-0b98-4921-996e-ca445c47f566 to remote] DEBUG org.apache.http.headers  - http-outgoing-7 << date: Fri, 27 Jan 2017 06:44:24 GMT
 -19870 [Forwarding findElement on session 343d0c94-0b98-4921-996e-ca445c47f566 to remote] DEBUG org.apache.http.wire  - http-outgoing-7 << "{"name":"findElement","sessionId":"343d0c94-0b98-4921-996e-ca445c47f566","status":7,"value":{"message":"Unable to locate element: {\"method\":\"css selector\",\"selector\":\".service-navigation__dropdown>ul>li>a>span:not(.arrow)\"}","stackTrace":[{"methodName":"FirefoxDriver.prototype.findElementInternal_","fileName":"file:///C:/Users/rao08/AppData/Local/Temp/anonymous5941514134848211728webdriver-profile/extensions/fxdriver@googlecode.com/components/driver-component.js","lineNumber":10299},{"methodName":"FirefoxDriver.prototype.findElement","fileName":"file:///C:/Users/rao08/AppData/Local/Temp/anonymous5941514134848211728webdriver-profile/extensions/fxdriver@googlecode.com/components/driver-component.js","lineNumber":10308},{"methodName":"DelayedCommand.prototype.executeInternal_/h","fileName":"file:///C:/Users/rao08/AppData/Local/Temp/anonymous5941514134848211728webdriver-profile/extensions/fxdriver@googlecode.com/components/command-processor.js","lineNumber":12282},{"methodName":"DelayedCommand.prototype.executeInternal_","fileName":"file:///C:/Users/rao08/AppData/Local/Temp/anonymous5941514134848211728webdriver-profile/extensions/fxdriver@googlecode.com/components/command-processor.js","lineNumber":12287},{"methodName":"DelayedCommand.prototype.execute/<","fileName":"file:///C:/Users/rao08/AppData/Local/Temp/anonymous5941514134848211728webdriver-profile/extensions/fxdriver@googlecode.com/components/command-processor.js","lineNumber":12229}]}}"
 -19870 [Forwarding findElement on session 343d0c94-0b98-4921-996e-ca445c47f566 to remote] DEBUG org.apache.http.impl.conn.DefaultManagedHttpClientConnection  - http-outgoing-7: Shutdown connection
 -19871 [Forwarding findElement on session 343d0c94-0b98-4921-996e-ca445c47f566 to remote] DEBUG org.apache.http.impl.execchain.MainClientExec  - Connection discarded
 -19871 [Forwarding findElement on session 343d0c94-0b98-4921-996e-ca445c47f566 to remote] DEBUG org.apache.http.impl.conn.DefaultManagedHttpClientConnection  - http-outgoing-7: Close connection
 -19871 [Forwarding findElement on session 343d0c94-0b98-4921-996e-ca445c47f566 to remote] DEBUG org.apache.http.impl.conn.PoolingHttpClientConnectionManager  - Connection released: [id: 7][route: {}->http://127.0.0.1:7055][total kept alive: 0; route allocated: 0 of 2000; total allocated: 0 of 2000]
 -20377 [Forwarding findElement on session 343d0c94-0b98-4921-996e-ca445c47f566 to remote] DEBUG org.apache.http.client.protocol.RequestAddCookies  - CookieSpec selected: best-match
 -20377 [Forwarding findElement on session 343d0c94-0b98-4921-996e-ca445c47f566 to remote] DEBUG org.apache.http.client.protocol.RequestAuthCache  - Auth cache not set in the context
 -20377 [Forwarding findElement on session 343d0c94-0b98-4921-996e-ca445c47f566 to remote] DEBUG org.apache.http.impl.conn.PoolingHttpClientConnectionManager  - Connection request: [route: {}->http://127.0.0.1:7055][total kept alive: 0; route allocated: 0 of 2000; total allocated: 0 of 2000]
 -20378 [Forwarding findElement on session 343d0c94-0b98-4921-996e-ca445c47f566 to remote] DEBUG org.apache.http.impl.conn.PoolingHttpClientConnectionManager  - Connection leased: [id: 8][route: {}->http://127.0.0.1:7055][total kept alive: 0; route allocated: 1 of 2000; total allocated: 1 of 2000]
 -20378 [Forwarding findElement on session 343d0c94-0b98-4921-996e-ca445c47f566 to remote] DEBUG org.apache.http.impl.execchain.MainClientExec  - Opening connection {}->http://127.0.0.1:7055
 -20378 [Forwarding findElement on session 343d0c94-0b98-4921-996e-ca445c47f566 to remote] DEBUG org.apache.http.impl.conn.HttpClientConnectionOperator  - Connecting to /127.0.0.1:7055
 -20379 [Forwarding findElement on session 343d0c94-0b98-4921-996e-ca445c47f566 to remote] DEBUG org.apache.http.impl.conn.HttpClientConnectionOperator  - Connection established 127.0.0.1:61657<->127.0.0.1:7055
 -20380 [Forwarding findElement on session 343d0c94-0b98-4921-996e-ca445c47f566 to remote] DEBUG org.apache.http.impl.execchain.MainClientExec  - Executing request POST /hub/session/343d0c94-0b98-4921-996e-ca445c47f566/element HTTP/1.1
 -20380 [Forwarding findElement on session 343d0c94-0b98-4921-996e-ca445c47f566 to remote] DEBUG org.apache.http.impl.execchain.MainClientExec  - Target auth state: UNCHALLENGED
 -20380 [Forwarding findElement on session 343d0c94-0b98-4921-996e-ca445c47f566 to remote] DEBUG org.apache.http.impl.execchain.MainClientExec  - Proxy auth state: UNCHALLENGED
 -20380 [Forwarding findElement on session 343d0c94-0b98-4921-996e-ca445c47f566 to remote] DEBUG org.apache.http.headers  - http-outgoing-8 >> POST /hub/session/343d0c94-0b98-4921-996e-ca445c47f566/element HTTP/1.1
 -20381 [Forwarding findElement on session 343d0c94-0b98-4921-996e-ca445c47f566 to remote] DEBUG org.apache.http.headers  - http-outgoing-8 >> Content-Type: application/json; charset=utf-8
 -20381 [Forwarding findElement on session 343d0c94-0b98-4921-996e-ca445c47f566 to remote] DEBUG org.apache.http.headers  - http-outgoing-8 >> Content-Length: 89
 -20381 [Forwarding findElement on session 343d0c94-0b98-4921-996e-ca445c47f566 to remote] DEBUG org.apache.http.headers  - http-outgoing-8 >> Host: 127.0.0.1:7055
 -20381 [Forwarding findElement on session 343d0c94-0b98-4921-996e-ca445c47f566 to remote] DEBUG org.apache.http.headers  - http-outgoing-8 >> Connection: Keep-Alive
 -20381 [Forwarding findElement on session 343d0c94-0b98-4921-996e-ca445c47f566 to remote] DEBUG org.apache.http.headers  - http-outgoing-8 >> User-Agent: Apache-HttpClient/4.3.6 (java 1.5)
 -20381 [Forwarding findElement on session 343d0c94-0b98-4921-996e-ca445c47f566 to remote] DEBUG org.apache.http.headers  - http-outgoing-8 >> Accept-Encoding: gzip,deflate
 -20381 [Forwarding findElement on session 343d0c94-0b98-4921-996e-ca445c47f566 to remote] DEBUG org.apache.http.wire  - http-outgoing-8 >> "POST /hub/session/343d0c94-0b98-4921-996e-ca445c47f566/element HTTP/1.1[\r][\n]"
 -20381 [Forwarding findElement on session 343d0c94-0b98-4921-996e-ca445c47f566 to remote] DEBUG org.apache.http.wire  - http-outgoing-8 >> "Content-Type: application/json; charset=utf-8[\r][\n]"
 -20381 [Forwarding findElement on session 343d0c94-0b98-4921-996e-ca445c47f566 to remote] DEBUG org.apache.http.wire  - http-outgoing-8 >> "Content-Length: 89[\r][\n]"
 -20381 [Forwarding findElement on session 343d0c94-0b98-4921-996e-ca445c47f566 to remote] DEBUG org.apache.http.wire  - http-outgoing-8 >> "Host: 127.0.0.1:7055[\r][\n]"
 -20381 [Forwarding findElement on session 343d0c94-0b98-4921-996e-ca445c47f566 to remote] DEBUG org.apache.http.wire  - http-outgoing-8 >> "Connection: Keep-Alive[\r][\n]"
 -20382 [Forwarding findElement on session 343d0c94-0b98-4921-996e-ca445c47f566 to remote] DEBUG org.apache.http.wire  - http-outgoing-8 >> "User-Agent: Apache-HttpClient/4.3.6 (java 1.5)[\r][\n]"
 -20382 [Forwarding findElement on session 343d0c94-0b98-4921-996e-ca445c47f566 to remote] DEBUG org.apache.http.wire  - http-outgoing-8 >> "Accept-Encoding: gzip,deflate[\r][\n]"
 -20382 [Forwarding findElement on session 343d0c94-0b98-4921-996e-ca445c47f566 to remote] DEBUG org.apache.http.wire  - http-outgoing-8 >> "[\r][\n]"
 -20382 [Forwarding findElement on session 343d0c94-0b98-4921-996e-ca445c47f566 to remote] DEBUG org.apache.http.wire  - http-outgoing-8 >> "{"using":"css selector","value":".service-navigation__dropdown>ul>li>a>span:not(.arrow)"}"
 -20417 [Forwarding findElement on session 343d0c94-0b98-4921-996e-ca445c47f566 to remote] DEBUG org.apache.http.wire  - http-outgoing-8 << "HTTP/1.1 500 Internal Server Error[\r][\n]"
 -20417 [Forwarding findElement on session 343d0c94-0b98-4921-996e-ca445c47f566 to remote] DEBUG org.apache.http.wire  - http-outgoing-8 << "content-type: application/json; charset=UTF-8[\r][\n]"
 -20417 [Forwarding findElement on session 343d0c94-0b98-4921-996e-ca445c47f566 to remote] DEBUG org.apache.http.wire  - http-outgoing-8 << "connection: close[\r][\n]"
 -20417 [Forwarding findElement on session 343d0c94-0b98-4921-996e-ca445c47f566 to remote] DEBUG org.apache.http.wire  - http-outgoing-8 << "content-length: 1469[\r][\n]"
 -20417 [Forwarding findElement on session 343d0c94-0b98-4921-996e-ca445c47f566 to remote] DEBUG org.apache.http.wire  - http-outgoing-8 << "server: httpd.js[\r][\n]"
 -20418 [Forwarding findElement on session 343d0c94-0b98-4921-996e-ca445c47f566 to remote] DEBUG org.apache.http.wire  - http-outgoing-8 << "date: Fri, 27 Jan 2017 06:44:25 GMT[\r][\n]"
 -20418 [Forwarding findElement on session 343d0c94-0b98-4921-996e-ca445c47f566 to remote] DEBUG org.apache.http.wire  - http-outgoing-8 << "[\r][\n]"
 -20418 [Forwarding findElement on session 343d0c94-0b98-4921-996e-ca445c47f566 to remote] DEBUG org.apache.http.headers  - http-outgoing-8 << HTTP/1.1 500 Internal Server Error
 -20418 [Forwarding findElement on session 343d0c94-0b98-4921-996e-ca445c47f566 to remote] DEBUG org.apache.http.headers  - http-outgoing-8 << content-type: application/json; charset=UTF-8
 -20418 [Forwarding findElement on session 343d0c94-0b98-4921-996e-ca445c47f566 to remote] DEBUG org.apache.http.headers  - http-outgoing-8 << connection: close
 -20418 [Forwarding findElement on session 343d0c94-0b98-4921-996e-ca445c47f566 to remote] DEBUG org.apache.http.headers  - http-outgoing-8 << content-length: 1469
 -20418 [Forwarding findElement on session 343d0c94-0b98-4921-996e-ca445c47f566 to remote] DEBUG org.apache.http.headers  - http-outgoing-8 << server: httpd.js
 -20418 [Forwarding findElement on session 343d0c94-0b98-4921-996e-ca445c47f566 to remote] DEBUG org.apache.http.headers  - http-outgoing-8 << date: Fri, 27 Jan 2017 06:44:25 GMT
 -20419 [Forwarding findElement on session 343d0c94-0b98-4921-996e-ca445c47f566 to remote] DEBUG org.apache.http.wire  - http-outgoing-8 << "{"name":"findElement","sessionId":"343d0c94-0b98-4921-996e-ca445c47f566","status":7,"value":{"message":"Unable to locate element: {\"method\":\"css selector\",\"selector\":\".service-navigation__dropdown>ul>li>a>span:not(.arrow)\"}","stackTrace":[{"methodName":"FirefoxDriver.prototype.findElementInternal_","fileName":"file:///C:/Users/rao08/AppData/Local/Temp/anonymous5941514134848211728webdriver-profile/extensions/fxdriver@googlecode.com/components/driver-component.js","lineNumber":10299},{"methodName":"FirefoxDriver.prototype.findElement","fileName":"file:///C:/Users/rao08/AppData/Local/Temp/anonymous5941514134848211728webdriver-profile/extensions/fxdriver@googlecode.com/components/driver-component.js","lineNumber":10308},{"methodName":"DelayedCommand.prototype.executeInternal_/h","fileName":"file:///C:/Users/rao08/AppData/Local/Temp/anonymous5941514134848211728webdriver-profile/extensions/fxdriver@googlecode.com/components/command-processor.js","lineNumber":12282},{"methodName":"DelayedCommand.prototype.executeInternal_","fileName":"file:///C:/Users/rao08/AppData/Local/Temp/anonymous5941514134848211728webdriver-profile/extensions/fxdriver@googlecode.com/components/command-processor.js","lineNumber":12287},{"methodName":"DelayedCommand.prototype.execute/<","fileName":"file:///C:/Users/rao08/AppData/Local/Temp/anonymous5941514134848211728webdriver-profile/extensions/fxdriver@googlecode.com/components/command-processor.js","lineNumber":12229}]}}"
 -20419 [Forwarding findElement on session 343d0c94-0b98-4921-996e-ca445c47f566 to remote] DEBUG org.apache.http.impl.conn.DefaultManagedHttpClientConnection  - http-outgoing-8: Shutdown connection
 -20420 [Forwarding findElement on session 343d0c94-0b98-4921-996e-ca445c47f566 to remote] DEBUG org.apache.http.impl.execchain.MainClientExec  - Connection discarded
 -20420 [Forwarding findElement on session 343d0c94-0b98-4921-996e-ca445c47f566 to remote] DEBUG org.apache.http.impl.conn.DefaultManagedHttpClientConnection  - http-outgoing-8: Close connection
 -20420 [Forwarding findElement on session 343d0c94-0b98-4921-996e-ca445c47f566 to remote] DEBUG org.apache.http.impl.conn.PoolingHttpClientConnectionManager  - Connection released: [id: 8][route: {}->http://127.0.0.1:7055][total kept alive: 0; route allocated: 0 of 2000; total allocated: 0 of 2000]
 -20926 [Forwarding findElement on session 343d0c94-0b98-4921-996e-ca445c47f566 to remote] DEBUG org.apache.http.client.protocol.RequestAddCookies  - CookieSpec selected: best-match
 -20927 [Forwarding findElement on session 343d0c94-0b98-4921-996e-ca445c47f566 to remote] DEBUG org.apache.http.client.protocol.RequestAuthCache  - Auth cache not set in the context
 -20927 [Forwarding findElement on session 343d0c94-0b98-4921-996e-ca445c47f566 to remote] DEBUG org.apache.http.impl.conn.PoolingHttpClientConnectionManager  - Connection request: [route: {}->http://127.0.0.1:7055][total kept alive: 0; route allocated: 0 of 2000; total allocated: 0 of 2000]
 -20927 [Forwarding findElement on session 343d0c94-0b98-4921-996e-ca445c47f566 to remote] DEBUG org.apache.http.impl.conn.PoolingHttpClientConnectionManager  - Connection leased: [id: 9][route: {}->http://127.0.0.1:7055][total kept alive: 0; route allocated: 1 of 2000; total allocated: 1 of 2000]
 -20927 [Forwarding findElement on session 343d0c94-0b98-4921-996e-ca445c47f566 to remote] DEBUG org.apache.http.impl.execchain.MainClientExec  - Opening connection {}->http://127.0.0.1:7055
 -20928 [Forwarding findElement on session 343d0c94-0b98-4921-996e-ca445c47f566 to remote] DEBUG org.apache.http.impl.conn.HttpClientConnectionOperator  - Connecting to /127.0.0.1:7055
 -20929 [Forwarding findElement on session 343d0c94-0b98-4921-996e-ca445c47f566 to remote] DEBUG org.apache.http.impl.conn.HttpClientConnectionOperator  - Connection established 127.0.0.1:61661<->127.0.0.1:7055
 -20929 [Forwarding findElement on session 343d0c94-0b98-4921-996e-ca445c47f566 to remote] DEBUG org.apache.http.impl.execchain.MainClientExec  - Executing request POST /hub/session/343d0c94-0b98-4921-996e-ca445c47f566/element HTTP/1.1
 -20929 [Forwarding findElement on session 343d0c94-0b98-4921-996e-ca445c47f566 to remote] DEBUG org.apache.http.impl.execchain.MainClientExec  - Target auth state: UNCHALLENGED
 -20929 [Forwarding findElement on session 343d0c94-0b98-4921-996e-ca445c47f566 to remote] DEBUG org.apache.http.impl.execchain.MainClientExec  - Proxy auth state: UNCHALLENGED
 -20930 [Forwarding findElement on session 343d0c94-0b98-4921-996e-ca445c47f566 to remote] DEBUG org.apache.http.headers  - http-outgoing-9 >> POST /hub/session/343d0c94-0b98-4921-996e-ca445c47f566/element HTTP/1.1
 -20930 [Forwarding findElement on session 343d0c94-0b98-4921-996e-ca445c47f566 to remote] DEBUG org.apache.http.headers  - http-outgoing-9 >> Content-Type: application/json; charset=utf-8
 -20930 [Forwarding findElement on session 343d0c94-0b98-4921-996e-ca445c47f566 to remote] DEBUG org.apache.http.headers  - http-outgoing-9 >> Content-Length: 89
 -20930 [Forwarding findElement on session 343d0c94-0b98-4921-996e-ca445c47f566 to remote] DEBUG org.apache.http.headers  - http-outgoing-9 >> Host: 127.0.0.1:7055
 -20930 [Forwarding findElement on session 343d0c94-0b98-4921-996e-ca445c47f566 to remote] DEBUG org.apache.http.headers  - http-outgoing-9 >> Connection: Keep-Alive
 -20930 [Forwarding findElement on session 343d0c94-0b98-4921-996e-ca445c47f566 to remote] DEBUG org.apache.http.headers  - http-outgoing-9 >> User-Agent: Apache-HttpClient/4.3.6 (java 1.5)
 -20930 [Forwarding findElement on session 343d0c94-0b98-4921-996e-ca445c47f566 to remote] DEBUG org.apache.http.headers  - http-outgoing-9 >> Accept-Encoding: gzip,deflate
 -20931 [Forwarding findElement on session 343d0c94-0b98-4921-996e-ca445c47f566 to remote] DEBUG org.apache.http.wire  - http-outgoing-9 >> "POST /hub/session/343d0c94-0b98-4921-996e-ca445c47f566/element HTTP/1.1[\r][\n]"
 -20931 [Forwarding findElement on session 343d0c94-0b98-4921-996e-ca445c47f566 to remote] DEBUG org.apache.http.wire  - http-outgoing-9 >> "Content-Type: application/json; charset=utf-8[\r][\n]"
 -20931 [Forwarding findElement on session 343d0c94-0b98-4921-996e-ca445c47f566 to remote] DEBUG org.apache.http.wire  - http-outgoing-9 >> "Content-Length: 89[\r][\n]"
 -20931 [Forwarding findElement on session 343d0c94-0b98-4921-996e-ca445c47f566 to remote] DEBUG org.apache.http.wire  - http-outgoing-9 >> "Host: 127.0.0.1:7055[\r][\n]"
 -20931 [Forwarding findElement on session 343d0c94-0b98-4921-996e-ca445c47f566 to remote] DEBUG org.apache.http.wire  - http-outgoing-9 >> "Connection: Keep-Alive[\r][\n]"
 -20931 [Forwarding findElement on session 343d0c94-0b98-4921-996e-ca445c47f566 to remote] DEBUG org.apache.http.wire  - http-outgoing-9 >> "User-Agent: Apache-HttpClient/4.3.6 (java 1.5)[\r][\n]"
 -20931 [Forwarding findElement on session 343d0c94-0b98-4921-996e-ca445c47f566 to remote] DEBUG org.apache.http.wire  - http-outgoing-9 >> "Accept-Encoding: gzip,deflate[\r][\n]"
 -20931 [Forwarding findElement on session 343d0c94-0b98-4921-996e-ca445c47f566 to remote] DEBUG org.apache.http.wire  - http-outgoing-9 >> "[\r][\n]"
 -20931 [Forwarding findElement on session 343d0c94-0b98-4921-996e-ca445c47f566 to remote] DEBUG org.apache.http.wire  - http-outgoing-9 >> "{"using":"css selector","value":".service-navigation__dropdown>ul>li>a>span:not(.arrow)"}"
 -20968 [Forwarding findElement on session 343d0c94-0b98-4921-996e-ca445c47f566 to remote] DEBUG org.apache.http.wire  - http-outgoing-9 << "HTTP/1.1 500 Internal Server Error[\r][\n]"
 -20968 [Forwarding findElement on session 343d0c94-0b98-4921-996e-ca445c47f566 to remote] DEBUG org.apache.http.wire  - http-outgoing-9 << "content-type: application/json; charset=UTF-8[\r][\n]"
 -20968 [Forwarding findElement on session 343d0c94-0b98-4921-996e-ca445c47f566 to remote] DEBUG org.apache.http.wire  - http-outgoing-9 << "connection: close[\r][\n]"
 -20969 [Forwarding findElement on session 343d0c94-0b98-4921-996e-ca445c47f566 to remote] DEBUG org.apache.http.wire  - http-outgoing-9 << "content-length: 1469[\r][\n]"
 -20969 [Forwarding findElement on session 343d0c94-0b98-4921-996e-ca445c47f566 to remote] DEBUG org.apache.http.wire  - http-outgoing-9 << "server: httpd.js[\r][\n]"
 -20969 [Forwarding findElement on session 343d0c94-0b98-4921-996e-ca445c47f566 to remote] DEBUG org.apache.http.wire  - http-outgoing-9 << "date: Fri, 27 Jan 2017 06:44:25 GMT[\r][\n]"
 -20969 [Forwarding findElement on session 343d0c94-0b98-4921-996e-ca445c47f566 to remote] DEBUG org.apache.http.wire  - http-outgoing-9 << "[\r][\n]"
 -20969 [Forwarding findElement on session 343d0c94-0b98-4921-996e-ca445c47f566 to remote] DEBUG org.apache.http.headers  - http-outgoing-9 << HTTP/1.1 500 Internal Server Error
 -20969 [Forwarding findElement on session 343d0c94-0b98-4921-996e-ca445c47f566 to remote] DEBUG org.apache.http.headers  - http-outgoing-9 << content-type: application/json; charset=UTF-8
 -20969 [Forwarding findElement on session 343d0c94-0b98-4921-996e-ca445c47f566 to remote] DEBUG org.apache.http.headers  - http-outgoing-9 << connection: close
 -20969 [Forwarding findElement on session 343d0c94-0b98-4921-996e-ca445c47f566 to remote] DEBUG org.apache.http.headers  - http-outgoing-9 << content-length: 1469
 -20969 [Forwarding findElement on session 343d0c94-0b98-4921-996e-ca445c47f566 to remote] DEBUG org.apache.http.headers  - http-outgoing-9 << server: httpd.js
 -20969 [Forwarding findElement on session 343d0c94-0b98-4921-996e-ca445c47f566 to remote] DEBUG org.apache.http.headers  - http-outgoing-9 << date: Fri, 27 Jan 2017 06:44:25 GMT
 -20970 [Forwarding findElement on session 343d0c94-0b98-4921-996e-ca445c47f566 to remote] DEBUG org.apache.http.wire  - http-outgoing-9 << "{"name":"findElement","sessionId":"343d0c94-0b98-4921-996e-ca445c47f566","status":7,"value":{"message":"Unable to locate element: {\"method\":\"css selector\",\"selector\":\".service-navigation__dropdown>ul>li>a>span:not(.arrow)\"}","stackTrace":[{"methodName":"FirefoxDriver.prototype.findElementInternal_","fileName":"file:///C:/Users/rao08/AppData/Local/Temp/anonymous5941514134848211728webdriver-profile/extensions/fxdriver@googlecode.com/components/driver-component.js","lineNumber":10299},{"methodName":"FirefoxDriver.prototype.findElement","fileName":"file:///C:/Users/rao08/AppData/Local/Temp/anonymous5941514134848211728webdriver-profile/extensions/fxdriver@googlecode.com/components/driver-component.js","lineNumber":10308},{"methodName":"DelayedCommand.prototype.executeInternal_/h","fileName":"file:///C:/Users/rao08/AppData/Local/Temp/anonymous5941514134848211728webdriver-profile/extensions/fxdriver@googlecode.com/components/command-processor.js","lineNumber":12282},{"methodName":"DelayedCommand.prototype.executeInternal_","fileName":"file:///C:/Users/rao08/AppData/Local/Temp/anonymous5941514134848211728webdriver-profile/extensions/fxdriver@googlecode.com/components/command-processor.js","lineNumber":12287},{"methodName":"DelayedCommand.prototype.execute/<","fileName":"file:///C:/Users/rao08/AppData/Local/Temp/anonymous5941514134848211728webdriver-profile/extensions/fxdriver@googlecode.com/components/command-processor.js","lineNumber":12229}]}}"
 -20970 [Forwarding findElement on session 343d0c94-0b98-4921-996e-ca445c47f566 to remote] DEBUG org.apache.http.impl.conn.DefaultManagedHttpClientConnection  - http-outgoing-9: Shutdown connection
 -20971 [Forwarding findElement on session 343d0c94-0b98-4921-996e-ca445c47f566 to remote] DEBUG org.apache.http.impl.execchain.MainClientExec  - Connection discarded
 -20971 [Forwarding findElement on session 343d0c94-0b98-4921-996e-ca445c47f566 to remote] DEBUG org.apache.http.impl.conn.DefaultManagedHttpClientConnection  - http-outgoing-9: Close connection
 -20971 [Forwarding findElement on session 343d0c94-0b98-4921-996e-ca445c47f566 to remote] DEBUG org.apache.http.impl.conn.PoolingHttpClientConnectionManager  - Connection released: [id: 9][route: {}->http://127.0.0.1:7055][total kept alive: 0; route allocated: 0 of 2000; total allocated: 0 of 2000]
 -21477 [Forwarding findElement on session 343d0c94-0b98-4921-996e-ca445c47f566 to remote] DEBUG org.apache.http.client.protocol.RequestAddCookies  - CookieSpec selected: best-match
 -21477 [Forwarding findElement on session 343d0c94-0b98-4921-996e-ca445c47f566 to remote] DEBUG org.apache.http.client.protocol.RequestAuthCache  - Auth cache not set in the context
 -21477 [Forwarding findElement on session 343d0c94-0b98-4921-996e-ca445c47f566 to remote] DEBUG org.apache.http.impl.conn.PoolingHttpClientConnectionManager  - Connection request: [route: {}->http://127.0.0.1:7055][total kept alive: 0; route allocated: 0 of 2000; total allocated: 0 of 2000]
 -21477 [Forwarding findElement on session 343d0c94-0b98-4921-996e-ca445c47f566 to remote] DEBUG org.apache.http.impl.conn.PoolingHttpClientConnectionManager  - Connection leased: [id: 10][route: {}->http://127.0.0.1:7055][total kept alive: 0; route allocated: 1 of 2000; total allocated: 1 of 2000]
 -21478 [Forwarding findElement on session 343d0c94-0b98-4921-996e-ca445c47f566 to remote] DEBUG org.apache.http.impl.execchain.MainClientExec  - Opening connection {}->http://127.0.0.1:7055
 -21478 [Forwarding findElement on session 343d0c94-0b98-4921-996e-ca445c47f566 to remote] DEBUG org.apache.http.impl.conn.HttpClientConnectionOperator  - Connecting to /127.0.0.1:7055
 -21479 [Forwarding findElement on session 343d0c94-0b98-4921-996e-ca445c47f566 to remote] DEBUG org.apache.http.impl.conn.HttpClientConnectionOperator  - Connection established 127.0.0.1:61666<->127.0.0.1:7055
 -21479 [Forwarding findElement on session 343d0c94-0b98-4921-996e-ca445c47f566 to remote] DEBUG org.apache.http.impl.execchain.MainClientExec  - Executing request POST /hub/session/343d0c94-0b98-4921-996e-ca445c47f566/element HTTP/1.1
 -21479 [Forwarding findElement on session 343d0c94-0b98-4921-996e-ca445c47f566 to remote] DEBUG org.apache.http.impl.execchain.MainClientExec  - Target auth state: UNCHALLENGED
 -21480 [Forwarding findElement on session 343d0c94-0b98-4921-996e-ca445c47f566 to remote] DEBUG org.apache.http.impl.execchain.MainClientExec  - Proxy auth state: UNCHALLENGED
 -21480 [Forwarding findElement on session 343d0c94-0b98-4921-996e-ca445c47f566 to remote] DEBUG org.apache.http.headers  - http-outgoing-10 >> POST /hub/session/343d0c94-0b98-4921-996e-ca445c47f566/element HTTP/1.1
 -21480 [Forwarding findElement on session 343d0c94-0b98-4921-996e-ca445c47f566 to remote] DEBUG org.apache.http.headers  - http-outgoing-10 >> Content-Type: application/json; charset=utf-8
 -21480 [Forwarding findElement on session 343d0c94-0b98-4921-996e-ca445c47f566 to remote] DEBUG org.apache.http.headers  - http-outgoing-10 >> Content-Length: 89
 -21480 [Forwarding findElement on session 343d0c94-0b98-4921-996e-ca445c47f566 to remote] DEBUG org.apache.http.headers  - http-outgoing-10 >> Host: 127.0.0.1:7055
 -21480 [Forwarding findElement on session 343d0c94-0b98-4921-996e-ca445c47f566 to remote] DEBUG org.apache.http.headers  - http-outgoing-10 >> Connection: Keep-Alive
 -21480 [Forwarding findElement on session 343d0c94-0b98-4921-996e-ca445c47f566 to remote] DEBUG org.apache.http.headers  - http-outgoing-10 >> User-Agent: Apache-HttpClient/4.3.6 (java 1.5)
 -21480 [Forwarding findElement on session 343d0c94-0b98-4921-996e-ca445c47f566 to remote] DEBUG org.apache.http.headers  - http-outgoing-10 >> Accept-Encoding: gzip,deflate
 -21481 [Forwarding findElement on session 343d0c94-0b98-4921-996e-ca445c47f566 to remote] DEBUG org.apache.http.wire  - http-outgoing-10 >> "POST /hub/session/343d0c94-0b98-4921-996e-ca445c47f566/element HTTP/1.1[\r][\n]"
 -21481 [Forwarding findElement on session 343d0c94-0b98-4921-996e-ca445c47f566 to remote] DEBUG org.apache.http.wire  - http-outgoing-10 >> "Content-Type: application/json; charset=utf-8[\r][\n]"
 -21481 [Forwarding findElement on session 343d0c94-0b98-4921-996e-ca445c47f566 to remote] DEBUG org.apache.http.wire  - http-outgoing-10 >> "Content-Length: 89[\r][\n]"
 -21481 [Forwarding findElement on session 343d0c94-0b98-4921-996e-ca445c47f566 to remote] DEBUG org.apache.http.wire  - http-outgoing-10 >> "Host: 127.0.0.1:7055[\r][\n]"
 -21481 [Forwarding findElement on session 343d0c94-0b98-4921-996e-ca445c47f566 to remote] DEBUG org.apache.http.wire  - http-outgoing-10 >> "Connection: Keep-Alive[\r][\n]"
 -21481 [Forwarding findElement on session 343d0c94-0b98-4921-996e-ca445c47f566 to remote] DEBUG org.apache.http.wire  - http-outgoing-10 >> "User-Agent: Apache-HttpClient/4.3.6 (java 1.5)[\r][\n]"
 -21481 [Forwarding findElement on session 343d0c94-0b98-4921-996e-ca445c47f566 to remote] DEBUG org.apache.http.wire  - http-outgoing-10 >> "Accept-Encoding: gzip,deflate[\r][\n]"
 -21481 [Forwarding findElement on session 343d0c94-0b98-4921-996e-ca445c47f566 to remote] DEBUG org.apache.http.wire  - http-outgoing-10 >> "[\r][\n]"
 -21481 [Forwarding findElement on session 343d0c94-0b98-4921-996e-ca445c47f566 to remote] DEBUG org.apache.http.wire  - http-outgoing-10 >> "{"using":"css selector","value":".service-navigation__dropdown>ul>li>a>span:not(.arrow)"}"
 -21517 [Forwarding findElement on session 343d0c94-0b98-4921-996e-ca445c47f566 to remote] DEBUG org.apache.http.wire  - http-outgoing-10 << "HTTP/1.1 500 Internal Server Error[\r][\n]"
 -21517 [Forwarding findElement on session 343d0c94-0b98-4921-996e-ca445c47f566 to remote] DEBUG org.apache.http.wire  - http-outgoing-10 << "content-type: application/json; charset=UTF-8[\r][\n]"
 -21517 [Forwarding findElement on session 343d0c94-0b98-4921-996e-ca445c47f566 to remote] DEBUG org.apache.http.wire  - http-outgoing-10 << "connection: close[\r][\n]"
 -21517 [Forwarding findElement on session 343d0c94-0b98-4921-996e-ca445c47f566 to remote] DEBUG org.apache.http.wire  - http-outgoing-10 << "content-length: 1469[\r][\n]"
 -21517 [Forwarding findElement on session 343d0c94-0b98-4921-996e-ca445c47f566 to remote] DEBUG org.apache.http.wire  - http-outgoing-10 << "server: httpd.js[\r][\n]"
 -21517 [Forwarding findElement on session 343d0c94-0b98-4921-996e-ca445c47f566 to remote] DEBUG org.apache.http.wire  - http-outgoing-10 << "date: Fri, 27 Jan 2017 06:44:26 GMT[\r][\n]"
 -21518 [Forwarding findElement on session 343d0c94-0b98-4921-996e-ca445c47f566 to remote] DEBUG org.apache.http.wire  - http-outgoing-10 << "[\r][\n]"
 -21518 [Forwarding findElement on session 343d0c94-0b98-4921-996e-ca445c47f566 to remote] DEBUG org.apache.http.headers  - http-outgoing-10 << HTTP/1.1 500 Internal Server Error
 -21518 [Forwarding findElement on session 343d0c94-0b98-4921-996e-ca445c47f566 to remote] DEBUG org.apache.http.headers  - http-outgoing-10 << content-type: application/json; charset=UTF-8
 -21518 [Forwarding findElement on session 343d0c94-0b98-4921-996e-ca445c47f566 to remote] DEBUG org.apache.http.headers  - http-outgoing-10 << connection: close
 -21518 [Forwarding findElement on session 343d0c94-0b98-4921-996e-ca445c47f566 to remote] DEBUG org.apache.http.headers  - http-outgoing-10 << content-length: 1469
 -21518 [Forwarding findElement on session 343d0c94-0b98-4921-996e-ca445c47f566 to remote] DEBUG org.apache.http.headers  - http-outgoing-10 << server: httpd.js
 -21519 [Forwarding findElement on session 343d0c94-0b98-4921-996e-ca445c47f566 to remote] DEBUG org.apache.http.headers  - http-outgoing-10 << date: Fri, 27 Jan 2017 06:44:26 GMT
 -21519 [Forwarding findElement on session 343d0c94-0b98-4921-996e-ca445c47f566 to remote] DEBUG org.apache.http.wire  - http-outgoing-10 << "{"name":"findElement","sessionId":"343d0c94-0b98-4921-996e-ca445c47f566","status":7,"value":{"message":"Unable to locate element: {\"method\":\"css selector\",\"selector\":\".service-navigation__dropdown>ul>li>a>span:not(.arrow)\"}","stackTrace":[{"methodName":"FirefoxDriver.prototype.findElementInternal_","fileName":"file:///C:/Users/rao08/AppData/Local/Temp/anonymous5941514134848211728webdriver-profile/extensions/fxdriver@googlecode.com/components/driver-component.js","lineNumber":10299},{"methodName":"FirefoxDriver.prototype.findElement","fileName":"file:///C:/Users/rao08/AppData/Local/Temp/anonymous5941514134848211728webdriver-profile/extensions/fxdriver@googlecode.com/components/driver-component.js","lineNumber":10308},{"methodName":"DelayedCommand.prototype.executeInternal_/h","fileName":"file:///C:/Users/rao08/AppData/Local/Temp/anonymous5941514134848211728webdriver-profile/extensions/fxdriver@googlecode.com/components/command-processor.js","lineNumber":12282},{"methodName":"DelayedCommand.prototype.executeInternal_","fileName":"file:///C:/Users/rao08/AppData/Local/Temp/anonymous5941514134848211728webdriver-profile/extensions/fxdriver@googlecode.com/components/command-processor.js","lineNumber":12287},{"methodName":"DelayedCommand.prototype.execute/<","fileName":"file:///C:/Users/rao08/AppData/Local/Temp/anonymous5941514134848211728webdriver-profile/extensions/fxdriver@googlecode.com/components/command-processor.js","lineNumber":12229}]}}"
 -21519 [Forwarding findElement on session 343d0c94-0b98-4921-996e-ca445c47f566 to remote] DEBUG org.apache.http.impl.conn.DefaultManagedHttpClientConnection  - http-outgoing-10: Shutdown connection
 -21520 [Forwarding findElement on session 343d0c94-0b98-4921-996e-ca445c47f566 to remote] DEBUG org.apache.http.impl.execchain.MainClientExec  - Connection discarded
 -21520 [Forwarding findElement on session 343d0c94-0b98-4921-996e-ca445c47f566 to remote] DEBUG org.apache.http.impl.conn.DefaultManagedHttpClientConnection  - http-outgoing-10: Close connection
 -21520 [Forwarding findElement on session 343d0c94-0b98-4921-996e-ca445c47f566 to remote] DEBUG org.apache.http.impl.conn.PoolingHttpClientConnectionManager  - Connection released: [id: 10][route: {}->http://127.0.0.1:7055][total kept alive: 0; route allocated: 0 of 2000; total allocated: 0 of 2000]
 -22026 [Forwarding findElement on session 343d0c94-0b98-4921-996e-ca445c47f566 to remote] DEBUG org.apache.http.client.protocol.RequestAddCookies  - CookieSpec selected: best-match
 -22026 [Forwarding findElement on session 343d0c94-0b98-4921-996e-ca445c47f566 to remote] DEBUG org.apache.http.client.protocol.RequestAuthCache  - Auth cache not set in the context
 -22027 [Forwarding findElement on session 343d0c94-0b98-4921-996e-ca445c47f566 to remote] DEBUG org.apache.http.impl.conn.PoolingHttpClientConnectionManager  - Connection request: [route: {}->http://127.0.0.1:7055][total kept alive: 0; route allocated: 0 of 2000; total allocated: 0 of 2000]
 -22027 [Forwarding findElement on session 343d0c94-0b98-4921-996e-ca445c47f566 to remote] DEBUG org.apache.http.impl.conn.PoolingHttpClientConnectionManager  - Connection leased: [id: 11][route: {}->http://127.0.0.1:7055][total kept alive: 0; route allocated: 1 of 2000; total allocated: 1 of 2000]
 -22027 [Forwarding findElement on session 343d0c94-0b98-4921-996e-ca445c47f566 to remote] DEBUG org.apache.http.impl.execchain.MainClientExec  - Opening connection {}->http://127.0.0.1:7055
 -22027 [Forwarding findElement on session 343d0c94-0b98-4921-996e-ca445c47f566 to remote] DEBUG org.apache.http.impl.conn.HttpClientConnectionOperator  - Connecting to /127.0.0.1:7055
 -22028 [Forwarding findElement on session 343d0c94-0b98-4921-996e-ca445c47f566 to remote] DEBUG org.apache.http.impl.conn.HttpClientConnectionOperator  - Connection established 127.0.0.1:61670<->127.0.0.1:7055
 -22029 [Forwarding findElement on session 343d0c94-0b98-4921-996e-ca445c47f566 to remote] DEBUG org.apache.http.impl.execchain.MainClientExec  - Executing request POST /hub/session/343d0c94-0b98-4921-996e-ca445c47f566/element HTTP/1.1
 -22029 [Forwarding findElement on session 343d0c94-0b98-4921-996e-ca445c47f566 to remote] DEBUG org.apache.http.impl.execchain.MainClientExec  - Target auth state: UNCHALLENGED
 -22029 [Forwarding findElement on session 343d0c94-0b98-4921-996e-ca445c47f566 to remote] DEBUG org.apache.http.impl.execchain.MainClientExec  - Proxy auth state: UNCHALLENGED
 -22030 [Forwarding findElement on session 343d0c94-0b98-4921-996e-ca445c47f566 to remote] DEBUG org.apache.http.headers  - http-outgoing-11 >> POST /hub/session/343d0c94-0b98-4921-996e-ca445c47f566/element HTTP/1.1
 -22030 [Forwarding findElement on session 343d0c94-0b98-4921-996e-ca445c47f566 to remote] DEBUG org.apache.http.headers  - http-outgoing-11 >> Content-Type: application/json; charset=utf-8
 -22030 [Forwarding findElement on session 343d0c94-0b98-4921-996e-ca445c47f566 to remote] DEBUG org.apache.http.headers  - http-outgoing-11 >> Content-Length: 89
 -22030 [Forwarding findElement on session 343d0c94-0b98-4921-996e-ca445c47f566 to remote] DEBUG org.apache.http.headers  - http-outgoing-11 >> Host: 127.0.0.1:7055
 -22030 [Forwarding findElement on session 343d0c94-0b98-4921-996e-ca445c47f566 to remote] DEBUG org.apache.http.headers  - http-outgoing-11 >> Connection: Keep-Alive
 -22030 [Forwarding findElement on session 343d0c94-0b98-4921-996e-ca445c47f566 to remote] DEBUG org.apache.http.headers  - http-outgoing-11 >> User-Agent: Apache-HttpClient/4.3.6 (java 1.5)
 -22030 [Forwarding findElement on session 343d0c94-0b98-4921-996e-ca445c47f566 to remote] DEBUG org.apache.http.headers  - http-outgoing-11 >> Accept-Encoding: gzip,deflate
 -22030 [Forwarding findElement on session 343d0c94-0b98-4921-996e-ca445c47f566 to remote] DEBUG org.apache.http.wire  - http-outgoing-11 >> "POST /hub/session/343d0c94-0b98-4921-996e-ca445c47f566/element HTTP/1.1[\r][\n]"
 -22030 [Forwarding findElement on session 343d0c94-0b98-4921-996e-ca445c47f566 to remote] DEBUG org.apache.http.wire  - http-outgoing-11 >> "Content-Type: application/json; charset=utf-8[\r][\n]"
 -22030 [Forwarding findElement on session 343d0c94-0b98-4921-996e-ca445c47f566 to remote] DEBUG org.apache.http.wire  - http-outgoing-11 >> "Content-Length: 89[\r][\n]"
 -22031 [Forwarding findElement on session 343d0c94-0b98-4921-996e-ca445c47f566 to remote] DEBUG org.apache.http.wire  - http-outgoing-11 >> "Host: 127.0.0.1:7055[\r][\n]"
 -22031 [Forwarding findElement on session 343d0c94-0b98-4921-996e-ca445c47f566 to remote] DEBUG org.apache.http.wire  - http-outgoing-11 >> "Connection: Keep-Alive[\r][\n]"
 -22031 [Forwarding findElement on session 343d0c94-0b98-4921-996e-ca445c47f566 to remote] DEBUG org.apache.http.wire  - http-outgoing-11 >> "User-Agent: Apache-HttpClient/4.3.6 (java 1.5)[\r][\n]"
 -22031 [Forwarding findElement on session 343d0c94-0b98-4921-996e-ca445c47f566 to remote] DEBUG org.apache.http.wire  - http-outgoing-11 >> "Accept-Encoding: gzip,deflate[\r][\n]"
 -22031 [Forwarding findElement on session 343d0c94-0b98-4921-996e-ca445c47f566 to remote] DEBUG org.apache.http.wire  - http-outgoing-11 >> "[\r][\n]"
 -22031 [Forwarding findElement on session 343d0c94-0b98-4921-996e-ca445c47f566 to remote] DEBUG org.apache.http.wire  - http-outgoing-11 >> "{"using":"css selector","value":".service-navigation__dropdown>ul>li>a>span:not(.arrow)"}"
 -22068 [Forwarding findElement on session 343d0c94-0b98-4921-996e-ca445c47f566 to remote] DEBUG org.apache.http.wire  - http-outgoing-11 << "HTTP/1.1 500 Internal Server Error[\r][\n]"
 -22068 [Forwarding findElement on session 343d0c94-0b98-4921-996e-ca445c47f566 to remote] DEBUG org.apache.http.wire  - http-outgoing-11 << "content-type: application/json; charset=UTF-8[\r][\n]"
 -22068 [Forwarding findElement on session 343d0c94-0b98-4921-996e-ca445c47f566 to remote] DEBUG org.apache.http.wire  - http-outgoing-11 << "connection: close[\r][\n]"
 -22068 [Forwarding findElement on session 343d0c94-0b98-4921-996e-ca445c47f566 to remote] DEBUG org.apache.http.wire  - http-outgoing-11 << "content-length: 1469[\r][\n]"
 -22068 [Forwarding findElement on session 343d0c94-0b98-4921-996e-ca445c47f566 to remote] DEBUG org.apache.http.wire  - http-outgoing-11 << "server: httpd.js[\r][\n]"
 -22068 [Forwarding findElement on session 343d0c94-0b98-4921-996e-ca445c47f566 to remote] DEBUG org.apache.http.wire  - http-outgoing-11 << "date: Fri, 27 Jan 2017 06:44:26 GMT[\r][\n]"
 -22068 [Forwarding findElement on session 343d0c94-0b98-4921-996e-ca445c47f566 to remote] DEBUG org.apache.http.wire  - http-outgoing-11 << "[\r][\n]"
 -22069 [Forwarding findElement on session 343d0c94-0b98-4921-996e-ca445c47f566 to remote] DEBUG org.apache.http.headers  - http-outgoing-11 << HTTP/1.1 500 Internal Server Error
 -22069 [Forwarding findElement on session 343d0c94-0b98-4921-996e-ca445c47f566 to remote] DEBUG org.apache.http.headers  - http-outgoing-11 << content-type: application/json; charset=UTF-8
 -22069 [Forwarding findElement on session 343d0c94-0b98-4921-996e-ca445c47f566 to remote] DEBUG org.apache.http.headers  - http-outgoing-11 << connection: close
 -22069 [Forwarding findElement on session 343d0c94-0b98-4921-996e-ca445c47f566 to remote] DEBUG org.apache.http.headers  - http-outgoing-11 << content-length: 1469
 -22069 [Forwarding findElement on session 343d0c94-0b98-4921-996e-ca445c47f566 to remote] DEBUG org.apache.http.headers  - http-outgoing-11 << server: httpd.js
 -22069 [Forwarding findElement on session 343d0c94-0b98-4921-996e-ca445c47f566 to remote] DEBUG org.apache.http.headers  - http-outgoing-11 << date: Fri, 27 Jan 2017 06:44:26 GMT
 -22070 [Forwarding findElement on session 343d0c94-0b98-4921-996e-ca445c47f566 to remote] DEBUG org.apache.http.wire  - http-outgoing-11 << "{"name":"findElement","sessionId":"343d0c94-0b98-4921-996e-ca445c47f566","status":7,"value":{"message":"Unable to locate element: {\"method\":\"css selector\",\"selector\":\".service-navigation__dropdown>ul>li>a>span:not(.arrow)\"}","stackTrace":[{"methodName":"FirefoxDriver.prototype.findElementInternal_","fileName":"file:///C:/Users/rao08/AppData/Local/Temp/anonymous5941514134848211728webdriver-profile/extensions/fxdriver@googlecode.com/components/driver-component.js","lineNumber":10299},{"methodName":"FirefoxDriver.prototype.findElement","fileName":"file:///C:/Users/rao08/AppData/Local/Temp/anonymous5941514134848211728webdriver-profile/extensions/fxdriver@googlecode.com/components/driver-component.js","lineNumber":10308},{"methodName":"DelayedCommand.prototype.executeInternal_/h","fileName":"file:///C:/Users/rao08/AppData/Local/Temp/anonymous5941514134848211728webdriver-profile/extensions/fxdriver@googlecode.com/components/command-processor.js","lineNumber":12282},{"methodName":"DelayedCommand.prototype.executeInternal_","fileName":"file:///C:/Users/rao08/AppData/Local/Temp/anonymous5941514134848211728webdriver-profile/extensions/fxdriver@googlecode.com/components/command-processor.js","lineNumber":12287},{"methodName":"DelayedCommand.prototype.execute/<","fileName":"file:///C:/Users/rao08/AppData/Local/Temp/anonymous5941514134848211728webdriver-profile/extensions/fxdriver@googlecode.com/components/command-processor.js","lineNumber":12229}]}}"
 -22070 [Forwarding findElement on session 343d0c94-0b98-4921-996e-ca445c47f566 to remote] DEBUG org.apache.http.impl.conn.DefaultManagedHttpClientConnection  - http-outgoing-11: Shutdown connection
 -22070 [Forwarding findElement on session 343d0c94-0b98-4921-996e-ca445c47f566 to remote] DEBUG org.apache.http.impl.execchain.MainClientExec  - Connection discarded
 -22070 [Forwarding findElement on session 343d0c94-0b98-4921-996e-ca445c47f566 to remote] DEBUG org.apache.http.impl.conn.DefaultManagedHttpClientConnection  - http-outgoing-11: Close connection
 -22070 [Forwarding findElement on session 343d0c94-0b98-4921-996e-ca445c47f566 to remote] DEBUG org.apache.http.impl.conn.PoolingHttpClientConnectionManager  - Connection released: [id: 11][route: {}->http://127.0.0.1:7055][total kept alive: 0; route allocated: 0 of 2000; total allocated: 0 of 2000]
 -22576 [Forwarding findElement on session 343d0c94-0b98-4921-996e-ca445c47f566 to remote] DEBUG org.apache.http.client.protocol.RequestAddCookies  - CookieSpec selected: best-match
 -22576 [Forwarding findElement on session 343d0c94-0b98-4921-996e-ca445c47f566 to remote] DEBUG org.apache.http.client.protocol.RequestAuthCache  - Auth cache not set in the context
 -22576 [Forwarding findElement on session 343d0c94-0b98-4921-996e-ca445c47f566 to remote] DEBUG org.apache.http.impl.conn.PoolingHttpClientConnectionManager  - Connection request: [route: {}->http://127.0.0.1:7055][total kept alive: 0; route allocated: 0 of 2000; total allocated: 0 of 2000]
 -22577 [Forwarding findElement on session 343d0c94-0b98-4921-996e-ca445c47f566 to remote] DEBUG org.apache.http.impl.conn.PoolingHttpClientConnectionManager  - Connection leased: [id: 12][route: {}->http://127.0.0.1:7055][total kept alive: 0; route allocated: 1 of 2000; total allocated: 1 of 2000]
 -22577 [Forwarding findElement on session 343d0c94-0b98-4921-996e-ca445c47f566 to remote] DEBUG org.apache.http.impl.execchain.MainClientExec  - Opening connection {}->http://127.0.0.1:7055
 -22577 [Forwarding findElement on session 343d0c94-0b98-4921-996e-ca445c47f566 to remote] DEBUG org.apache.http.impl.conn.HttpClientConnectionOperator  - Connecting to /127.0.0.1:7055
 -22578 [Forwarding findElement on session 343d0c94-0b98-4921-996e-ca445c47f566 to remote] DEBUG org.apache.http.impl.conn.HttpClientConnectionOperator  - Connection established 127.0.0.1:61674<->127.0.0.1:7055
 -22578 [Forwarding findElement on session 343d0c94-0b98-4921-996e-ca445c47f566 to remote] DEBUG org.apache.http.impl.execchain.MainClientExec  - Executing request POST /hub/session/343d0c94-0b98-4921-996e-ca445c47f566/element HTTP/1.1
 -22579 [Forwarding findElement on session 343d0c94-0b98-4921-996e-ca445c47f566 to remote] DEBUG org.apache.http.impl.execchain.MainClientExec  - Target auth state: UNCHALLENGED
 -22579 [Forwarding findElement on session 343d0c94-0b98-4921-996e-ca445c47f566 to remote] DEBUG org.apache.http.impl.execchain.MainClientExec  - Proxy auth state: UNCHALLENGED
 -22579 [Forwarding findElement on session 343d0c94-0b98-4921-996e-ca445c47f566 to remote] DEBUG org.apache.http.headers  - http-outgoing-12 >> POST /hub/session/343d0c94-0b98-4921-996e-ca445c47f566/element HTTP/1.1
 -22580 [Forwarding findElement on session 343d0c94-0b98-4921-996e-ca445c47f566 to remote] DEBUG org.apache.http.headers  - http-outgoing-12 >> Content-Type: application/json; charset=utf-8
 -22580 [Forwarding findElement on session 343d0c94-0b98-4921-996e-ca445c47f566 to remote] DEBUG org.apache.http.headers  - http-outgoing-12 >> Content-Length: 89
 -22580 [Forwarding findElement on session 343d0c94-0b98-4921-996e-ca445c47f566 to remote] DEBUG org.apache.http.headers  - http-outgoing-12 >> Host: 127.0.0.1:7055
 -22580 [Forwarding findElement on session 343d0c94-0b98-4921-996e-ca445c47f566 to remote] DEBUG org.apache.http.headers  - http-outgoing-12 >> Connection: Keep-Alive
 -22580 [Forwarding findElement on session 343d0c94-0b98-4921-996e-ca445c47f566 to remote] DEBUG org.apache.http.headers  - http-outgoing-12 >> User-Agent: Apache-HttpClient/4.3.6 (java 1.5)
 -22580 [Forwarding findElement on session 343d0c94-0b98-4921-996e-ca445c47f566 to remote] DEBUG org.apache.http.headers  - http-outgoing-12 >> Accept-Encoding: gzip,deflate
 -22580 [Forwarding findElement on session 343d0c94-0b98-4921-996e-ca445c47f566 to remote] DEBUG org.apache.http.wire  - http-outgoing-12 >> "POST /hub/session/343d0c94-0b98-4921-996e-ca445c47f566/element HTTP/1.1[\r][\n]"
 -22581 [Forwarding findElement on session 343d0c94-0b98-4921-996e-ca445c47f566 to remote] DEBUG org.apache.http.wire  - http-outgoing-12 >> "Content-Type: application/json; charset=utf-8[\r][\n]"
 -22581 [Forwarding findElement on session 343d0c94-0b98-4921-996e-ca445c47f566 to remote] DEBUG org.apache.http.wire  - http-outgoing-12 >> "Content-Length: 89[\r][\n]"
 -22581 [Forwarding findElement on session 343d0c94-0b98-4921-996e-ca445c47f566 to remote] DEBUG org.apache.http.wire  - http-outgoing-12 >> "Host: 127.0.0.1:7055[\r][\n]"
 -22581 [Forwarding findElement on session 343d0c94-0b98-4921-996e-ca445c47f566 to remote] DEBUG org.apache.http.wire  - http-outgoing-12 >> "Connection: Keep-Alive[\r][\n]"
 -22581 [Forwarding findElement on session 343d0c94-0b98-4921-996e-ca445c47f566 to remote] DEBUG org.apache.http.wire  - http-outgoing-12 >> "User-Agent: Apache-HttpClient/4.3.6 (java 1.5)[\r][\n]"
 -22581 [Forwarding findElement on session 343d0c94-0b98-4921-996e-ca445c47f566 to remote] DEBUG org.apache.http.wire  - http-outgoing-12 >> "Accept-Encoding: gzip,deflate[\r][\n]"
 -22581 [Forwarding findElement on session 343d0c94-0b98-4921-996e-ca445c47f566 to remote] DEBUG org.apache.http.wire  - http-outgoing-12 >> "[\r][\n]"
 -22581 [Forwarding findElement on session 343d0c94-0b98-4921-996e-ca445c47f566 to remote] DEBUG org.apache.http.wire  - http-outgoing-12 >> "{"using":"css selector","value":".service-navigation__dropdown>ul>li>a>span:not(.arrow)"}"
 -22647 [Forwarding findElement on session 343d0c94-0b98-4921-996e-ca445c47f566 to remote] DEBUG org.apache.http.wire  - http-outgoing-12 << "HTTP/1.1 500 Internal Server Error[\r][\n]"
 -22648 [Forwarding findElement on session 343d0c94-0b98-4921-996e-ca445c47f566 to remote] DEBUG org.apache.http.wire  - http-outgoing-12 << "content-type: application/json; charset=UTF-8[\r][\n]"
 -22648 [Forwarding findElement on session 343d0c94-0b98-4921-996e-ca445c47f566 to remote] DEBUG org.apache.http.wire  - http-outgoing-12 << "connection: close[\r][\n]"
 -22648 [Forwarding findElement on session 343d0c94-0b98-4921-996e-ca445c47f566 to remote] DEBUG org.apache.http.wire  - http-outgoing-12 << "content-length: 1469[\r][\n]"
 -22648 [Forwarding findElement on session 343d0c94-0b98-4921-996e-ca445c47f566 to remote] DEBUG org.apache.http.wire  - http-outgoing-12 << "server: httpd.js[\r][\n]"
 -22648 [Forwarding findElement on session 343d0c94-0b98-4921-996e-ca445c47f566 to remote] DEBUG org.apache.http.wire  - http-outgoing-12 << "date: Fri, 27 Jan 2017 06:44:27 GMT[\r][\n]"
 -22648 [Forwarding findElement on session 343d0c94-0b98-4921-996e-ca445c47f566 to remote] DEBUG org.apache.http.wire  - http-outgoing-12 << "[\r][\n]"
 -22648 [Forwarding findElement on session 343d0c94-0b98-4921-996e-ca445c47f566 to remote] DEBUG org.apache.http.headers  - http-outgoing-12 << HTTP/1.1 500 Internal Server Error
 -22648 [Forwarding findElement on session 343d0c94-0b98-4921-996e-ca445c47f566 to remote] DEBUG org.apache.http.headers  - http-outgoing-12 << content-type: application/json; charset=UTF-8
 -22648 [Forwarding findElement on session 343d0c94-0b98-4921-996e-ca445c47f566 to remote] DEBUG org.apache.http.headers  - http-outgoing-12 << connection: close
 -22648 [Forwarding findElement on session 343d0c94-0b98-4921-996e-ca445c47f566 to remote] DEBUG org.apache.http.headers  - http-outgoing-12 << content-length: 1469
 -22649 [Forwarding findElement on session 343d0c94-0b98-4921-996e-ca445c47f566 to remote] DEBUG org.apache.http.headers  - http-outgoing-12 << server: httpd.js
 -22649 [Forwarding findElement on session 343d0c94-0b98-4921-996e-ca445c47f566 to remote] DEBUG org.apache.http.headers  - http-outgoing-12 << date: Fri, 27 Jan 2017 06:44:27 GMT
 -22650 [Forwarding findElement on session 343d0c94-0b98-4921-996e-ca445c47f566 to remote] DEBUG org.apache.http.wire  - http-outgoing-12 << "{"name":"findElement","sessionId":"343d0c94-0b98-4921-996e-ca445c47f566","status":7,"value":{"message":"Unable to locate element: {\"method\":\"css selector\",\"selector\":\".service-navigation__dropdown>ul>li>a>span:not(.arrow)\"}","stackTrace":[{"methodName":"FirefoxDriver.prototype.findElementInternal_","fileName":"file:///C:/Users/rao08/AppData/Local/Temp/anonymous5941514134848211728webdriver-profile/extensions/fxdriver@googlecode.com/components/driver-component.js","lineNumber":10299},{"methodName":"FirefoxDriver.prototype.findElement","fileName":"file:///C:/Users/rao08/AppData/Local/Temp/anonymous5941514134848211728webdriver-profile/extensions/fxdriver@googlecode.com/components/driver-component.js","lineNumber":10308},{"methodName":"DelayedCommand.prototype.executeInternal_/h","fileName":"file:///C:/Users/rao08/AppData/Local/Temp/anonymous5941514134848211728webdriver-profile/extensions/fxdriver@googlecode.com/components/command-processor.js","lineNumber":12282},{"methodName":"DelayedCommand.prototype.executeInternal_","fileName":"file:///C:/Users/rao08/AppData/Local/Temp/anonymous5941514134848211728webdriver-profile/extensions/fxdriver@googlecode.com/components/command-processor.js","lineNumber":12287},{"methodName":"DelayedCommand.prototype.execute/<","fileName":"file:///C:/Users/rao08/AppData/Local/Temp/anonymous5941514134848211728webdriver-profile/extensions/fxdriver@googlecode.com/components/command-processor.js","lineNumber":12229}]}}"
 -22650 [Forwarding findElement on session 343d0c94-0b98-4921-996e-ca445c47f566 to remote] DEBUG org.apache.http.impl.conn.DefaultManagedHttpClientConnection  - http-outgoing-12: Shutdown connection
 -22650 [Forwarding findElement on session 343d0c94-0b98-4921-996e-ca445c47f566 to remote] DEBUG org.apache.http.impl.execchain.MainClientExec  - Connection discarded
 -22650 [Forwarding findElement on session 343d0c94-0b98-4921-996e-ca445c47f566 to remote] DEBUG org.apache.http.impl.conn.DefaultManagedHttpClientConnection  - http-outgoing-12: Close connection
 -22651 [Forwarding findElement on session 343d0c94-0b98-4921-996e-ca445c47f566 to remote] DEBUG org.apache.http.impl.conn.PoolingHttpClientConnectionManager  - Connection released: [id: 12][route: {}->http://127.0.0.1:7055][total kept alive: 0; route allocated: 0 of 2000; total allocated: 0 of 2000]
 -23157 [Forwarding findElement on session 343d0c94-0b98-4921-996e-ca445c47f566 to remote] DEBUG org.apache.http.client.protocol.RequestAddCookies  - CookieSpec selected: best-match
 -23158 [Forwarding findElement on session 343d0c94-0b98-4921-996e-ca445c47f566 to remote] DEBUG org.apache.http.client.protocol.RequestAuthCache  - Auth cache not set in the context
 -23158 [Forwarding findElement on session 343d0c94-0b98-4921-996e-ca445c47f566 to remote] DEBUG org.apache.http.impl.conn.PoolingHttpClientConnectionManager  - Connection request: [route: {}->http://127.0.0.1:7055][total kept alive: 0; route allocated: 0 of 2000; total allocated: 0 of 2000]
 -23158 [Forwarding findElement on session 343d0c94-0b98-4921-996e-ca445c47f566 to remote] DEBUG org.apache.http.impl.conn.PoolingHttpClientConnectionManager  - Connection leased: [id: 13][route: {}->http://127.0.0.1:7055][total kept alive: 0; route allocated: 1 of 2000; total allocated: 1 of 2000]
 -23158 [Forwarding findElement on session 343d0c94-0b98-4921-996e-ca445c47f566 to remote] DEBUG org.apache.http.impl.execchain.MainClientExec  - Opening connection {}->http://127.0.0.1:7055
 -23158 [Forwarding findElement on session 343d0c94-0b98-4921-996e-ca445c47f566 to remote] DEBUG org.apache.http.impl.conn.HttpClientConnectionOperator  - Connecting to /127.0.0.1:7055
 -23159 [Forwarding findElement on session 343d0c94-0b98-4921-996e-ca445c47f566 to remote] DEBUG org.apache.http.impl.conn.HttpClientConnectionOperator  - Connection established 127.0.0.1:61678<->127.0.0.1:7055
 -23160 [Forwarding findElement on session 343d0c94-0b98-4921-996e-ca445c47f566 to remote] DEBUG org.apache.http.impl.execchain.MainClientExec  - Executing request POST /hub/session/343d0c94-0b98-4921-996e-ca445c47f566/element HTTP/1.1
 -23160 [Forwarding findElement on session 343d0c94-0b98-4921-996e-ca445c47f566 to remote] DEBUG org.apache.http.impl.execchain.MainClientExec  - Target auth state: UNCHALLENGED
 -23161 [Forwarding findElement on session 343d0c94-0b98-4921-996e-ca445c47f566 to remote] DEBUG org.apache.http.impl.execchain.MainClientExec  - Proxy auth state: UNCHALLENGED
 -23161 [Forwarding findElement on session 343d0c94-0b98-4921-996e-ca445c47f566 to remote] DEBUG org.apache.http.headers  - http-outgoing-13 >> POST /hub/session/343d0c94-0b98-4921-996e-ca445c47f566/element HTTP/1.1
 -23161 [Forwarding findElement on session 343d0c94-0b98-4921-996e-ca445c47f566 to remote] DEBUG org.apache.http.headers  - http-outgoing-13 >> Content-Type: application/json; charset=utf-8
 -23161 [Forwarding findElement on session 343d0c94-0b98-4921-996e-ca445c47f566 to remote] DEBUG org.apache.http.headers  - http-outgoing-13 >> Content-Length: 89
 -23161 [Forwarding findElement on session 343d0c94-0b98-4921-996e-ca445c47f566 to remote] DEBUG org.apache.http.headers  - http-outgoing-13 >> Host: 127.0.0.1:7055
 -23161 [Forwarding findElement on session 343d0c94-0b98-4921-996e-ca445c47f566 to remote] DEBUG org.apache.http.headers  - http-outgoing-13 >> Connection: Keep-Alive
 -23162 [Forwarding findElement on session 343d0c94-0b98-4921-996e-ca445c47f566 to remote] DEBUG org.apache.http.headers  - http-outgoing-13 >> User-Agent: Apache-HttpClient/4.3.6 (java 1.5)
 -23162 [Forwarding findElement on session 343d0c94-0b98-4921-996e-ca445c47f566 to remote] DEBUG org.apache.http.headers  - http-outgoing-13 >> Accept-Encoding: gzip,deflate
 -23162 [Forwarding findElement on session 343d0c94-0b98-4921-996e-ca445c47f566 to remote] DEBUG org.apache.http.wire  - http-outgoing-13 >> "POST /hub/session/343d0c94-0b98-4921-996e-ca445c47f566/element HTTP/1.1[\r][\n]"
 -23162 [Forwarding findElement on session 343d0c94-0b98-4921-996e-ca445c47f566 to remote] DEBUG org.apache.http.wire  - http-outgoing-13 >> "Content-Type: application/json; charset=utf-8[\r][\n]"
 -23162 [Forwarding findElement on session 343d0c94-0b98-4921-996e-ca445c47f566 to remote] DEBUG org.apache.http.wire  - http-outgoing-13 >> "Content-Length: 89[\r][\n]"
 -23162 [Forwarding findElement on session 343d0c94-0b98-4921-996e-ca445c47f566 to remote] DEBUG org.apache.http.wire  - http-outgoing-13 >> "Host: 127.0.0.1:7055[\r][\n]"
 -23162 [Forwarding findElement on session 343d0c94-0b98-4921-996e-ca445c47f566 to remote] DEBUG org.apache.http.wire  - http-outgoing-13 >> "Connection: Keep-Alive[\r][\n]"
 -23162 [Forwarding findElement on session 343d0c94-0b98-4921-996e-ca445c47f566 to remote] DEBUG org.apache.http.wire  - http-outgoing-13 >> "User-Agent: Apache-HttpClient/4.3.6 (java 1.5)[\r][\n]"
 -23162 [Forwarding findElement on session 343d0c94-0b98-4921-996e-ca445c47f566 to remote] DEBUG org.apache.http.wire  - http-outgoing-13 >> "Accept-Encoding: gzip,deflate[\r][\n]"
 -23162 [Forwarding findElement on session 343d0c94-0b98-4921-996e-ca445c47f566 to remote] DEBUG org.apache.http.wire  - http-outgoing-13 >> "[\r][\n]"
 -23162 [Forwarding findElement on session 343d0c94-0b98-4921-996e-ca445c47f566 to remote] DEBUG org.apache.http.wire  - http-outgoing-13 >> "{"using":"css selector","value":".service-navigation__dropdown>ul>li>a>span:not(.arrow)"}"
 -23221 [Forwarding findElement on session 343d0c94-0b98-4921-996e-ca445c47f566 to remote] DEBUG org.apache.http.wire  - http-outgoing-13 << "HTTP/1.1 500 Internal Server Error[\r][\n]"
 -23221 [Forwarding findElement on session 343d0c94-0b98-4921-996e-ca445c47f566 to remote] DEBUG org.apache.http.wire  - http-outgoing-13 << "content-type: application/json; charset=UTF-8[\r][\n]"
 -23221 [Forwarding findElement on session 343d0c94-0b98-4921-996e-ca445c47f566 to remote] DEBUG org.apache.http.wire  - http-outgoing-13 << "connection: close[\r][\n]"
 -23221 [Forwarding findElement on session 343d0c94-0b98-4921-996e-ca445c47f566 to remote] DEBUG org.apache.http.wire  - http-outgoing-13 << "content-length: 1469[\r][\n]"
 -23221 [Forwarding findElement on session 343d0c94-0b98-4921-996e-ca445c47f566 to remote] DEBUG org.apache.http.wire  - http-outgoing-13 << "server: httpd.js[\r][\n]"
 -23221 [Forwarding findElement on session 343d0c94-0b98-4921-996e-ca445c47f566 to remote] DEBUG org.apache.http.wire  - http-outgoing-13 << "date: Fri, 27 Jan 2017 06:44:27 GMT[\r][\n]"
 -23222 [Forwarding findElement on session 343d0c94-0b98-4921-996e-ca445c47f566 to remote] DEBUG org.apache.http.wire  - http-outgoing-13 << "[\r][\n]"
 -23222 [Forwarding findElement on session 343d0c94-0b98-4921-996e-ca445c47f566 to remote] DEBUG org.apache.http.headers  - http-outgoing-13 << HTTP/1.1 500 Internal Server Error
 -23222 [Forwarding findElement on session 343d0c94-0b98-4921-996e-ca445c47f566 to remote] DEBUG org.apache.http.headers  - http-outgoing-13 << content-type: application/json; charset=UTF-8
 -23222 [Forwarding findElement on session 343d0c94-0b98-4921-996e-ca445c47f566 to remote] DEBUG org.apache.http.headers  - http-outgoing-13 << connection: close
 -23222 [Forwarding findElement on session 343d0c94-0b98-4921-996e-ca445c47f566 to remote] DEBUG org.apache.http.headers  - http-outgoing-13 << content-length: 1469
 -23222 [Forwarding findElement on session 343d0c94-0b98-4921-996e-ca445c47f566 to remote] DEBUG org.apache.http.headers  - http-outgoing-13 << server: httpd.js
 -23222 [Forwarding findElement on session 343d0c94-0b98-4921-996e-ca445c47f566 to remote] DEBUG org.apache.http.headers  - http-outgoing-13 << date: Fri, 27 Jan 2017 06:44:27 GMT
 -23223 [Forwarding findElement on session 343d0c94-0b98-4921-996e-ca445c47f566 to remote] DEBUG org.apache.http.wire  - http-outgoing-13 << "{"name":"findElement","sessionId":"343d0c94-0b98-4921-996e-ca445c47f566","status":7,"value":{"message":"Unable to locate element: {\"method\":\"css selector\",\"selector\":\".service-navigation__dropdown>ul>li>a>span:not(.arrow)\"}","stackTrace":[{"methodName":"FirefoxDriver.prototype.findElementInternal_","fileName":"file:///C:/Users/rao08/AppData/Local/Temp/anonymous5941514134848211728webdriver-profile/extensions/fxdriver@googlecode.com/components/driver-component.js","lineNumber":10299},{"methodName":"FirefoxDriver.prototype.findElement","fileName":"file:///C:/Users/rao08/AppData/Local/Temp/anonymous5941514134848211728webdriver-profile/extensions/fxdriver@googlecode.com/components/driver-component.js","lineNumber":10308},{"methodName":"DelayedCommand.prototype.executeInternal_/h","fileName":"file:///C:/Users/rao08/AppData/Local/Temp/anonymous5941514134848211728webdriver-profile/extensions/fxdriver@googlecode.com/components/command-processor.js","lineNumber":12282},{"methodName":"DelayedCommand.prototype.executeInternal_","fileName":"file:///C:/Users/rao08/AppData/Local/Temp/anonymous5941514134848211728webdriver-profile/extensions/fxdriver@googlecode.com/components/command-processor.js","lineNumber":12287},{"methodName":"DelayedCommand.prototype.execute/<","fileName":"file:///C:/Users/rao08/AppData/Local/Temp/anonymous5941514134848211728webdriver-profile/extensions/fxdriver@googlecode.com/components/command-processor.js","lineNumber":12229}]}}"
 -23224 [Forwarding findElement on session 343d0c94-0b98-4921-996e-ca445c47f566 to remote] DEBUG org.apache.http.impl.conn.DefaultManagedHttpClientConnection  - http-outgoing-13: Shutdown connection
 -23224 [Forwarding findElement on session 343d0c94-0b98-4921-996e-ca445c47f566 to remote] DEBUG org.apache.http.impl.execchain.MainClientExec  - Connection discarded
 -23224 [Forwarding findElement on session 343d0c94-0b98-4921-996e-ca445c47f566 to remote] DEBUG org.apache.http.impl.conn.DefaultManagedHttpClientConnection  - http-outgoing-13: Close connection
 -23224 [Forwarding findElement on session 343d0c94-0b98-4921-996e-ca445c47f566 to remote] DEBUG org.apache.http.impl.conn.PoolingHttpClientConnectionManager  - Connection released: [id: 13][route: {}->http://127.0.0.1:7055][total kept alive: 0; route allocated: 0 of 2000; total allocated: 0 of 2000]
 -23732 [Forwarding findElement on session 343d0c94-0b98-4921-996e-ca445c47f566 to remote] DEBUG org.apache.http.client.protocol.RequestAddCookies  - CookieSpec selected: best-match
 -23732 [Forwarding findElement on session 343d0c94-0b98-4921-996e-ca445c47f566 to remote] DEBUG org.apache.http.client.protocol.RequestAuthCache  - Auth cache not set in the context
 -23732 [Forwarding findElement on session 343d0c94-0b98-4921-996e-ca445c47f566 to remote] DEBUG org.apache.http.impl.conn.PoolingHttpClientConnectionManager  - Connection request: [route: {}->http://127.0.0.1:7055][total kept alive: 0; route allocated: 0 of 2000; total allocated: 0 of 2000]
 -23732 [Forwarding findElement on session 343d0c94-0b98-4921-996e-ca445c47f566 to remote] DEBUG org.apache.http.impl.conn.PoolingHttpClientConnectionManager  - Connection leased: [id: 14][route: {}->http://127.0.0.1:7055][total kept alive: 0; route allocated: 1 of 2000; total allocated: 1 of 2000]
 -23733 [Forwarding findElement on session 343d0c94-0b98-4921-996e-ca445c47f566 to remote] DEBUG org.apache.http.impl.execchain.MainClientExec  - Opening connection {}->http://127.0.0.1:7055
 -23733 [Forwarding findElement on session 343d0c94-0b98-4921-996e-ca445c47f566 to remote] DEBUG org.apache.http.impl.conn.HttpClientConnectionOperator  - Connecting to /127.0.0.1:7055
 -23734 [Forwarding findElement on session 343d0c94-0b98-4921-996e-ca445c47f566 to remote] DEBUG org.apache.http.impl.conn.HttpClientConnectionOperator  - Connection established 127.0.0.1:61684<->127.0.0.1:7055
 -23734 [Forwarding findElement on session 343d0c94-0b98-4921-996e-ca445c47f566 to remote] DEBUG org.apache.http.impl.execchain.MainClientExec  - Executing request POST /hub/session/343d0c94-0b98-4921-996e-ca445c47f566/element HTTP/1.1
 -23734 [Forwarding findElement on session 343d0c94-0b98-4921-996e-ca445c47f566 to remote] DEBUG org.apache.http.impl.execchain.MainClientExec  - Target auth state: UNCHALLENGED
 -23734 [Forwarding findElement on session 343d0c94-0b98-4921-996e-ca445c47f566 to remote] DEBUG org.apache.http.impl.execchain.MainClientExec  - Proxy auth state: UNCHALLENGED
 -23734 [Forwarding findElement on session 343d0c94-0b98-4921-996e-ca445c47f566 to remote] DEBUG org.apache.http.headers  - http-outgoing-14 >> POST /hub/session/343d0c94-0b98-4921-996e-ca445c47f566/element HTTP/1.1
 -23734 [Forwarding findElement on session 343d0c94-0b98-4921-996e-ca445c47f566 to remote] DEBUG org.apache.http.headers  - http-outgoing-14 >> Content-Type: application/json; charset=utf-8
 -23734 [Forwarding findElement on session 343d0c94-0b98-4921-996e-ca445c47f566 to remote] DEBUG org.apache.http.headers  - http-outgoing-14 >> Content-Length: 89
 -23734 [Forwarding findElement on session 343d0c94-0b98-4921-996e-ca445c47f566 to remote] DEBUG org.apache.http.headers  - http-outgoing-14 >> Host: 127.0.0.1:7055
 -23735 [Forwarding findElement on session 343d0c94-0b98-4921-996e-ca445c47f566 to remote] DEBUG org.apache.http.headers  - http-outgoing-14 >> Connection: Keep-Alive
 -23735 [Forwarding findElement on session 343d0c94-0b98-4921-996e-ca445c47f566 to remote] DEBUG org.apache.http.headers  - http-outgoing-14 >> User-Agent: Apache-HttpClient/4.3.6 (java 1.5)
 -23735 [Forwarding findElement on session 343d0c94-0b98-4921-996e-ca445c47f566 to remote] DEBUG org.apache.http.headers  - http-outgoing-14 >> Accept-Encoding: gzip,deflate
 -23735 [Forwarding findElement on session 343d0c94-0b98-4921-996e-ca445c47f566 to remote] DEBUG org.apache.http.wire  - http-outgoing-14 >> "POST /hub/session/343d0c94-0b98-4921-996e-ca445c47f566/element HTTP/1.1[\r][\n]"
 -23735 [Forwarding findElement on session 343d0c94-0b98-4921-996e-ca445c47f566 to remote] DEBUG org.apache.http.wire  - http-outgoing-14 >> "Content-Type: application/json; charset=utf-8[\r][\n]"
 -23735 [Forwarding findElement on session 343d0c94-0b98-4921-996e-ca445c47f566 to remote] DEBUG org.apache.http.wire  - http-outgoing-14 >> "Content-Length: 89[\r][\n]"
 -23735 [Forwarding findElement on session 343d0c94-0b98-4921-996e-ca445c47f566 to remote] DEBUG org.apache.http.wire  - http-outgoing-14 >> "Host: 127.0.0.1:7055[\r][\n]"
 -23735 [Forwarding findElement on session 343d0c94-0b98-4921-996e-ca445c47f566 to remote] DEBUG org.apache.http.wire  - http-outgoing-14 >> "Connection: Keep-Alive[\r][\n]"
 -23735 [Forwarding findElement on session 343d0c94-0b98-4921-996e-ca445c47f566 to remote] DEBUG org.apache.http.wire  - http-outgoing-14 >> "User-Agent: Apache-HttpClient/4.3.6 (java 1.5)[\r][\n]"
 -23735 [Forwarding findElement on session 343d0c94-0b98-4921-996e-ca445c47f566 to remote] DEBUG org.apache.http.wire  - http-outgoing-14 >> "Accept-Encoding: gzip,deflate[\r][\n]"
 -23735 [Forwarding findElement on session 343d0c94-0b98-4921-996e-ca445c47f566 to remote] DEBUG org.apache.http.wire  - http-outgoing-14 >> "[\r][\n]"
 -23735 [Forwarding findElement on session 343d0c94-0b98-4921-996e-ca445c47f566 to remote] DEBUG org.apache.http.wire  - http-outgoing-14 >> "{"using":"css selector","value":".service-navigation__dropdown>ul>li>a>span:not(.arrow)"}"
 -23772 [Forwarding findElement on session 343d0c94-0b98-4921-996e-ca445c47f566 to remote] DEBUG org.apache.http.wire  - http-outgoing-14 << "HTTP/1.1 500 Internal Server Error[\r][\n]"
 -23772 [Forwarding findElement on session 343d0c94-0b98-4921-996e-ca445c47f566 to remote] DEBUG org.apache.http.wire  - http-outgoing-14 << "content-type: application/json; charset=UTF-8[\r][\n]"
 -23772 [Forwarding findElement on session 343d0c94-0b98-4921-996e-ca445c47f566 to remote] DEBUG org.apache.http.wire  - http-outgoing-14 << "connection: close[\r][\n]"
 -23772 [Forwarding findElement on session 343d0c94-0b98-4921-996e-ca445c47f566 to remote] DEBUG org.apache.http.wire  - http-outgoing-14 << "content-length: 1469[\r][\n]"
 -23772 [Forwarding findElement on session 343d0c94-0b98-4921-996e-ca445c47f566 to remote] DEBUG org.apache.http.wire  - http-outgoing-14 << "server: httpd.js[\r][\n]"
 -23772 [Forwarding findElement on session 343d0c94-0b98-4921-996e-ca445c47f566 to remote] DEBUG org.apache.http.wire  - http-outgoing-14 << "date: Fri, 27 Jan 2017 06:44:28 GMT[\r][\n]"
 -23772 [Forwarding findElement on session 343d0c94-0b98-4921-996e-ca445c47f566 to remote] DEBUG org.apache.http.wire  - http-outgoing-14 << "[\r][\n]"
 -23772 [Forwarding findElement on session 343d0c94-0b98-4921-996e-ca445c47f566 to remote] DEBUG org.apache.http.headers  - http-outgoing-14 << HTTP/1.1 500 Internal Server Error
 -23772 [Forwarding findElement on session 343d0c94-0b98-4921-996e-ca445c47f566 to remote] DEBUG org.apache.http.headers  - http-outgoing-14 << content-type: application/json; charset=UTF-8
 -23773 [Forwarding findElement on session 343d0c94-0b98-4921-996e-ca445c47f566 to remote] DEBUG org.apache.http.headers  - http-outgoing-14 << connection: close
 -23773 [Forwarding findElement on session 343d0c94-0b98-4921-996e-ca445c47f566 to remote] DEBUG org.apache.http.headers  - http-outgoing-14 << content-length: 1469
 -23773 [Forwarding findElement on session 343d0c94-0b98-4921-996e-ca445c47f566 to remote] DEBUG org.apache.http.headers  - http-outgoing-14 << server: httpd.js
 -23773 [Forwarding findElement on session 343d0c94-0b98-4921-996e-ca445c47f566 to remote] DEBUG org.apache.http.headers  - http-outgoing-14 << date: Fri, 27 Jan 2017 06:44:28 GMT
 -23774 [Forwarding findElement on session 343d0c94-0b98-4921-996e-ca445c47f566 to remote] DEBUG org.apache.http.wire  - http-outgoing-14 << "{"name":"findElement","sessionId":"343d0c94-0b98-4921-996e-ca445c47f566","status":7,"value":{"message":"Unable to locate element: {\"method\":\"css selector\",\"selector\":\".service-navigation__dropdown>ul>li>a>span:not(.arrow)\"}","stackTrace":[{"methodName":"FirefoxDriver.prototype.findElementInternal_","fileName":"file:///C:/Users/rao08/AppData/Local/Temp/anonymous5941514134848211728webdriver-profile/extensions/fxdriver@googlecode.com/components/driver-component.js","lineNumber":10299},{"methodName":"FirefoxDriver.prototype.findElement","fileName":"file:///C:/Users/rao08/AppData/Local/Temp/anonymous5941514134848211728webdriver-profile/extensions/fxdriver@googlecode.com/components/driver-component.js","lineNumber":10308},{"methodName":"DelayedCommand.prototype.executeInternal_/h","fileName":"file:///C:/Users/rao08/AppData/Local/Temp/anonymous5941514134848211728webdriver-profile/extensions/fxdriver@googlecode.com/components/command-processor.js","lineNumber":12282},{"methodName":"DelayedCommand.prototype.executeInternal_","fileName":"file:///C:/Users/rao08/AppData/Local/Temp/anonymous5941514134848211728webdriver-profile/extensions/fxdriver@googlecode.com/components/command-processor.js","lineNumber":12287},{"methodName":"DelayedCommand.prototype.execute/<","fileName":"file:///C:/Users/rao08/AppData/Local/Temp/anonymous5941514134848211728webdriver-profile/extensions/fxdriver@googlecode.com/components/command-processor.js","lineNumber":12229}]}}"
 -23774 [Forwarding findElement on session 343d0c94-0b98-4921-996e-ca445c47f566 to remote] DEBUG org.apache.http.impl.conn.DefaultManagedHttpClientConnection  - http-outgoing-14: Shutdown connection
 -23774 [Forwarding findElement on session 343d0c94-0b98-4921-996e-ca445c47f566 to remote] DEBUG org.apache.http.impl.execchain.MainClientExec  - Connection discarded
 -23774 [Forwarding findElement on session 343d0c94-0b98-4921-996e-ca445c47f566 to remote] DEBUG org.apache.http.impl.conn.DefaultManagedHttpClientConnection  - http-outgoing-14: Close connection
 -23775 [Forwarding findElement on session 343d0c94-0b98-4921-996e-ca445c47f566 to remote] DEBUG org.apache.http.impl.conn.PoolingHttpClientConnectionManager  - Connection released: [id: 14][route: {}->http://127.0.0.1:7055][total kept alive: 0; route allocated: 0 of 2000; total allocated: 0 of 2000]
 -24282 [Forwarding findElement on session 343d0c94-0b98-4921-996e-ca445c47f566 to remote] DEBUG org.apache.http.client.protocol.RequestAddCookies  - CookieSpec selected: best-match
 -24282 [Forwarding findElement on session 343d0c94-0b98-4921-996e-ca445c47f566 to remote] DEBUG org.apache.http.client.protocol.RequestAuthCache  - Auth cache not set in the context
 -24282 [Forwarding findElement on session 343d0c94-0b98-4921-996e-ca445c47f566 to remote] DEBUG org.apache.http.impl.conn.PoolingHttpClientConnectionManager  - Connection request: [route: {}->http://127.0.0.1:7055][total kept alive: 0; route allocated: 0 of 2000; total allocated: 0 of 2000]
 -24283 [Forwarding findElement on session 343d0c94-0b98-4921-996e-ca445c47f566 to remote] DEBUG org.apache.http.impl.conn.PoolingHttpClientConnectionManager  - Connection leased: [id: 15][route: {}->http://127.0.0.1:7055][total kept alive: 0; route allocated: 1 of 2000; total allocated: 1 of 2000]
 -24283 [Forwarding findElement on session 343d0c94-0b98-4921-996e-ca445c47f566 to remote] DEBUG org.apache.http.impl.execchain.MainClientExec  - Opening connection {}->http://127.0.0.1:7055
 -24283 [Forwarding findElement on session 343d0c94-0b98-4921-996e-ca445c47f566 to remote] DEBUG org.apache.http.impl.conn.HttpClientConnectionOperator  - Connecting to /127.0.0.1:7055
 -24284 [Forwarding findElement on session 343d0c94-0b98-4921-996e-ca445c47f566 to remote] DEBUG org.apache.http.impl.conn.HttpClientConnectionOperator  - Connection established 127.0.0.1:61688<->127.0.0.1:7055
 -24284 [Forwarding findElement on session 343d0c94-0b98-4921-996e-ca445c47f566 to remote] DEBUG org.apache.http.impl.execchain.MainClientExec  - Executing request POST /hub/session/343d0c94-0b98-4921-996e-ca445c47f566/element HTTP/1.1
 -24284 [Forwarding findElement on session 343d0c94-0b98-4921-996e-ca445c47f566 to remote] DEBUG org.apache.http.impl.execchain.MainClientExec  - Target auth state: UNCHALLENGED
 -24284 [Forwarding findElement on session 343d0c94-0b98-4921-996e-ca445c47f566 to remote] DEBUG org.apache.http.impl.execchain.MainClientExec  - Proxy auth state: UNCHALLENGED
 -24285 [Forwarding findElement on session 343d0c94-0b98-4921-996e-ca445c47f566 to remote] DEBUG org.apache.http.headers  - http-outgoing-15 >> POST /hub/session/343d0c94-0b98-4921-996e-ca445c47f566/element HTTP/1.1
 -24285 [Forwarding findElement on session 343d0c94-0b98-4921-996e-ca445c47f566 to remote] DEBUG org.apache.http.headers  - http-outgoing-15 >> Content-Type: application/json; charset=utf-8
 -24285 [Forwarding findElement on session 343d0c94-0b98-4921-996e-ca445c47f566 to remote] DEBUG org.apache.http.headers  - http-outgoing-15 >> Content-Length: 89
 -24285 [Forwarding findElement on session 343d0c94-0b98-4921-996e-ca445c47f566 to remote] DEBUG org.apache.http.headers  - http-outgoing-15 >> Host: 127.0.0.1:7055
 -24285 [Forwarding findElement on session 343d0c94-0b98-4921-996e-ca445c47f566 to remote] DEBUG org.apache.http.headers  - http-outgoing-15 >> Connection: Keep-Alive
 -24285 [Forwarding findElement on session 343d0c94-0b98-4921-996e-ca445c47f566 to remote] DEBUG org.apache.http.headers  - http-outgoing-15 >> User-Agent: Apache-HttpClient/4.3.6 (java 1.5)
 -24285 [Forwarding findElement on session 343d0c94-0b98-4921-996e-ca445c47f566 to remote] DEBUG org.apache.http.headers  - http-outgoing-15 >> Accept-Encoding: gzip,deflate
 -24285 [Forwarding findElement on session 343d0c94-0b98-4921-996e-ca445c47f566 to remote] DEBUG org.apache.http.wire  - http-outgoing-15 >> "POST /hub/session/343d0c94-0b98-4921-996e-ca445c47f566/element HTTP/1.1[\r][\n]"
 -24285 [Forwarding findElement on session 343d0c94-0b98-4921-996e-ca445c47f566 to remote] DEBUG org.apache.http.wire  - http-outgoing-15 >> "Content-Type: application/json; charset=utf-8[\r][\n]"
 -24285 [Forwarding findElement on session 343d0c94-0b98-4921-996e-ca445c47f566 to remote] DEBUG org.apache.http.wire  - http-outgoing-15 >> "Content-Length: 89[\r][\n]"
 -24286 [Forwarding findElement on session 343d0c94-0b98-4921-996e-ca445c47f566 to remote] DEBUG org.apache.http.wire  - http-outgoing-15 >> "Host: 127.0.0.1:7055[\r][\n]"
 -24286 [Forwarding findElement on session 343d0c94-0b98-4921-996e-ca445c47f566 to remote] DEBUG org.apache.http.wire  - http-outgoing-15 >> "Connection: Keep-Alive[\r][\n]"
 -24286 [Forwarding findElement on session 343d0c94-0b98-4921-996e-ca445c47f566 to remote] DEBUG org.apache.http.wire  - http-outgoing-15 >> "User-Agent: Apache-HttpClient/4.3.6 (java 1.5)[\r][\n]"
 -24286 [Forwarding findElement on session 343d0c94-0b98-4921-996e-ca445c47f566 to remote] DEBUG org.apache.http.wire  - http-outgoing-15 >> "Accept-Encoding: gzip,deflate[\r][\n]"
 -24286 [Forwarding findElement on session 343d0c94-0b98-4921-996e-ca445c47f566 to remote] DEBUG org.apache.http.wire  - http-outgoing-15 >> "[\r][\n]"
 -24286 [Forwarding findElement on session 343d0c94-0b98-4921-996e-ca445c47f566 to remote] DEBUG org.apache.http.wire  - http-outgoing-15 >> "{"using":"css selector","value":".service-navigation__dropdown>ul>li>a>span:not(.arrow)"}"
 -24334 [Forwarding findElement on session 343d0c94-0b98-4921-996e-ca445c47f566 to remote] DEBUG org.apache.http.wire  - http-outgoing-15 << "HTTP/1.1 500 Internal Server Error[\r][\n]"
 -24334 [Forwarding findElement on session 343d0c94-0b98-4921-996e-ca445c47f566 to remote] DEBUG org.apache.http.wire  - http-outgoing-15 << "content-type: application/json; charset=UTF-8[\r][\n]"
 -24334 [Forwarding findElement on session 343d0c94-0b98-4921-996e-ca445c47f566 to remote] DEBUG org.apache.http.wire  - http-outgoing-15 << "connection: close[\r][\n]"
 -24334 [Forwarding findElement on session 343d0c94-0b98-4921-996e-ca445c47f566 to remote] DEBUG org.apache.http.wire  - http-outgoing-15 << "content-length: 1469[\r][\n]"
 -24334 [Forwarding findElement on session 343d0c94-0b98-4921-996e-ca445c47f566 to remote] DEBUG org.apache.http.wire  - http-outgoing-15 << "server: httpd.js[\r][\n]"
 -24334 [Forwarding findElement on session 343d0c94-0b98-4921-996e-ca445c47f566 to remote] DEBUG org.apache.http.wire  - http-outgoing-15 << "date: Fri, 27 Jan 2017 06:44:28 GMT[\r][\n]"
 -24334 [Forwarding findElement on session 343d0c94-0b98-4921-996e-ca445c47f566 to remote] DEBUG org.apache.http.wire  - http-outgoing-15 << "[\r][\n]"
 -24334 [Forwarding findElement on session 343d0c94-0b98-4921-996e-ca445c47f566 to remote] DEBUG org.apache.http.headers  - http-outgoing-15 << HTTP/1.1 500 Internal Server Error
 -24334 [Forwarding findElement on session 343d0c94-0b98-4921-996e-ca445c47f566 to remote] DEBUG org.apache.http.headers  - http-outgoing-15 << content-type: application/json; charset=UTF-8
 -24335 [Forwarding findElement on session 343d0c94-0b98-4921-996e-ca445c47f566 to remote] DEBUG org.apache.http.headers  - http-outgoing-15 << connection: close
 -24335 [Forwarding findElement on session 343d0c94-0b98-4921-996e-ca445c47f566 to remote] DEBUG org.apache.http.headers  - http-outgoing-15 << content-length: 1469
 -24335 [Forwarding findElement on session 343d0c94-0b98-4921-996e-ca445c47f566 to remote] DEBUG org.apache.http.headers  - http-outgoing-15 << server: httpd.js
 -24335 [Forwarding findElement on session 343d0c94-0b98-4921-996e-ca445c47f566 to remote] DEBUG org.apache.http.headers  - http-outgoing-15 << date: Fri, 27 Jan 2017 06:44:28 GMT
 -24335 [Forwarding findElement on session 343d0c94-0b98-4921-996e-ca445c47f566 to remote] DEBUG org.apache.http.wire  - http-outgoing-15 << "{"name":"findElement","sessionId":"343d0c94-0b98-4921-996e-ca445c47f566","status":7,"value":{"message":"Unable to locate element: {\"method\":\"css selector\",\"selector\":\".service-navigation__dropdown>ul>li>a>span:not(.arrow)\"}","stackTrace":[{"methodName":"FirefoxDriver.prototype.findElementInternal_","fileName":"file:///C:/Users/rao08/AppData/Local/Temp/anonymous5941514134848211728webdriver-profile/extensions/fxdriver@googlecode.com/components/driver-component.js","lineNumber":10299},{"methodName":"FirefoxDriver.prototype.findElement","fileName":"file:///C:/Users/rao08/AppData/Local/Temp/anonymous5941514134848211728webdriver-profile/extensions/fxdriver@googlecode.com/components/driver-component.js","lineNumber":10308},{"methodName":"DelayedCommand.prototype.executeInternal_/h","fileName":"file:///C:/Users/rao08/AppData/Local/Temp/anonymous5941514134848211728webdriver-profile/extensions/fxdriver@googlecode.com/components/command-processor.js","lineNumber":12282},{"methodName":"DelayedCommand.prototype.executeInternal_","fileName":"file:///C:/Users/rao08/AppData/Local/Temp/anonymous5941514134848211728webdriver-profile/extensions/fxdriver@googlecode.com/components/command-processor.js","lineNumber":12287},{"methodName":"DelayedCommand.prototype.execute/<","fileName":"file:///C:/Users/rao08/AppData/Local/Temp/anonymous5941514134848211728webdriver-profile/extensions/fxdriver@googlecode.com/components/command-processor.js","lineNumber":12229}]}}"
 -24336 [Forwarding findElement on session 343d0c94-0b98-4921-996e-ca445c47f566 to remote] DEBUG org.apache.http.impl.conn.DefaultManagedHttpClientConnection  - http-outgoing-15: Shutdown connection
 -24336 [Forwarding findElement on session 343d0c94-0b98-4921-996e-ca445c47f566 to remote] DEBUG org.apache.http.impl.execchain.MainClientExec  - Connection discarded
 -24336 [Forwarding findElement on session 343d0c94-0b98-4921-996e-ca445c47f566 to remote] DEBUG org.apache.http.impl.conn.DefaultManagedHttpClientConnection  - http-outgoing-15: Close connection
 -24336 [Forwarding findElement on session 343d0c94-0b98-4921-996e-ca445c47f566 to remote] DEBUG org.apache.http.impl.conn.PoolingHttpClientConnectionManager  - Connection released: [id: 15][route: {}->http://127.0.0.1:7055][total kept alive: 0; route allocated: 0 of 2000; total allocated: 0 of 2000]
 -24842 [Forwarding findElement on session 343d0c94-0b98-4921-996e-ca445c47f566 to remote] DEBUG org.apache.http.client.protocol.RequestAddCookies  - CookieSpec selected: best-match
 -24842 [Forwarding findElement on session 343d0c94-0b98-4921-996e-ca445c47f566 to remote] DEBUG org.apache.http.client.protocol.RequestAuthCache  - Auth cache not set in the context
 -24842 [Forwarding findElement on session 343d0c94-0b98-4921-996e-ca445c47f566 to remote] DEBUG org.apache.http.impl.conn.PoolingHttpClientConnectionManager  - Connection request: [route: {}->http://127.0.0.1:7055][total kept alive: 0; route allocated: 0 of 2000; total allocated: 0 of 2000]
 -24843 [Forwarding findElement on session 343d0c94-0b98-4921-996e-ca445c47f566 to remote] DEBUG org.apache.http.impl.conn.PoolingHttpClientConnectionManager  - Connection leased: [id: 16][route: {}->http://127.0.0.1:7055][total kept alive: 0; route allocated: 1 of 2000; total allocated: 1 of 2000]
 -24843 [Forwarding findElement on session 343d0c94-0b98-4921-996e-ca445c47f566 to remote] DEBUG org.apache.http.impl.execchain.MainClientExec  - Opening connection {}->http://127.0.0.1:7055
 -24843 [Forwarding findElement on session 343d0c94-0b98-4921-996e-ca445c47f566 to remote] DEBUG org.apache.http.impl.conn.HttpClientConnectionOperator  - Connecting to /127.0.0.1:7055
 -24844 [Forwarding findElement on session 343d0c94-0b98-4921-996e-ca445c47f566 to remote] DEBUG org.apache.http.impl.conn.HttpClientConnectionOperator  - Connection established 127.0.0.1:61694<->127.0.0.1:7055
 -24844 [Forwarding findElement on session 343d0c94-0b98-4921-996e-ca445c47f566 to remote] DEBUG org.apache.http.impl.execchain.MainClientExec  - Executing request POST /hub/session/343d0c94-0b98-4921-996e-ca445c47f566/element HTTP/1.1
 -24845 [Forwarding findElement on session 343d0c94-0b98-4921-996e-ca445c47f566 to remote] DEBUG org.apache.http.impl.execchain.MainClientExec  - Target auth state: UNCHALLENGED
 -24845 [Forwarding findElement on session 343d0c94-0b98-4921-996e-ca445c47f566 to remote] DEBUG org.apache.http.impl.execchain.MainClientExec  - Proxy auth state: UNCHALLENGED
 -24845 [Forwarding findElement on session 343d0c94-0b98-4921-996e-ca445c47f566 to remote] DEBUG org.apache.http.headers  - http-outgoing-16 >> POST /hub/session/343d0c94-0b98-4921-996e-ca445c47f566/element HTTP/1.1
 -24845 [Forwarding findElement on session 343d0c94-0b98-4921-996e-ca445c47f566 to remote] DEBUG org.apache.http.headers  - http-outgoing-16 >> Content-Type: application/json; charset=utf-8
 -24845 [Forwarding findElement on session 343d0c94-0b98-4921-996e-ca445c47f566 to remote] DEBUG org.apache.http.headers  - http-outgoing-16 >> Content-Length: 89
 -24845 [Forwarding findElement on session 343d0c94-0b98-4921-996e-ca445c47f566 to remote] DEBUG org.apache.http.headers  - http-outgoing-16 >> Host: 127.0.0.1:7055
 -24845 [Forwarding findElement on session 343d0c94-0b98-4921-996e-ca445c47f566 to remote] DEBUG org.apache.http.headers  - http-outgoing-16 >> Connection: Keep-Alive
 -24846 [Forwarding findElement on session 343d0c94-0b98-4921-996e-ca445c47f566 to remote] DEBUG org.apache.http.headers  - http-outgoing-16 >> User-Agent: Apache-HttpClient/4.3.6 (java 1.5)
 -24846 [Forwarding findElement on session 343d0c94-0b98-4921-996e-ca445c47f566 to remote] DEBUG org.apache.http.headers  - http-outgoing-16 >> Accept-Encoding: gzip,deflate
 -24846 [Forwarding findElement on session 343d0c94-0b98-4921-996e-ca445c47f566 to remote] DEBUG org.apache.http.wire  - http-outgoing-16 >> "POST /hub/session/343d0c94-0b98-4921-996e-ca445c47f566/element HTTP/1.1[\r][\n]"
 -24846 [Forwarding findElement on session 343d0c94-0b98-4921-996e-ca445c47f566 to remote] DEBUG org.apache.http.wire  - http-outgoing-16 >> "Content-Type: application/json; charset=utf-8[\r][\n]"
 -24847 [Forwarding findElement on session 343d0c94-0b98-4921-996e-ca445c47f566 to remote] DEBUG org.apache.http.wire  - http-outgoing-16 >> "Content-Length: 89[\r][\n]"
 -24847 [Forwarding findElement on session 343d0c94-0b98-4921-996e-ca445c47f566 to remote] DEBUG org.apache.http.wire  - http-outgoing-16 >> "Host: 127.0.0.1:7055[\r][\n]"
 -24847 [Forwarding findElement on session 343d0c94-0b98-4921-996e-ca445c47f566 to remote] DEBUG org.apache.http.wire  - http-outgoing-16 >> "Connection: Keep-Alive[\r][\n]"
 -24847 [Forwarding findElement on session 343d0c94-0b98-4921-996e-ca445c47f566 to remote] DEBUG org.apache.http.wire  - http-outgoing-16 >> "User-Agent: Apache-HttpClient/4.3.6 (java 1.5)[\r][\n]"
 -24847 [Forwarding findElement on session 343d0c94-0b98-4921-996e-ca445c47f566 to remote] DEBUG org.apache.http.wire  - http-outgoing-16 >> "Accept-Encoding: gzip,deflate[\r][\n]"
 -24847 [Forwarding findElement on session 343d0c94-0b98-4921-996e-ca445c47f566 to remote] DEBUG org.apache.http.wire  - http-outgoing-16 >> "[\r][\n]"
 -24847 [Forwarding findElement on session 343d0c94-0b98-4921-996e-ca445c47f566 to remote] DEBUG org.apache.http.wire  - http-outgoing-16 >> "{"using":"css selector","value":".service-navigation__dropdown>ul>li>a>span:not(.arrow)"}"
 -24888 [Forwarding findElement on session 343d0c94-0b98-4921-996e-ca445c47f566 to remote] DEBUG org.apache.http.wire  - http-outgoing-16 << "HTTP/1.1 500 Internal Server Error[\r][\n]"
 -24888 [Forwarding findElement on session 343d0c94-0b98-4921-996e-ca445c47f566 to remote] DEBUG org.apache.http.wire  - http-outgoing-16 << "content-type: application/json; charset=UTF-8[\r][\n]"
 -24889 [Forwarding findElement on session 343d0c94-0b98-4921-996e-ca445c47f566 to remote] DEBUG org.apache.http.wire  - http-outgoing-16 << "connection: close[\r][\n]"
 -24889 [Forwarding findElement on session 343d0c94-0b98-4921-996e-ca445c47f566 to remote] DEBUG org.apache.http.wire  - http-outgoing-16 << "content-length: 1469[\r][\n]"
 -24889 [Forwarding findElement on session 343d0c94-0b98-4921-996e-ca445c47f566 to remote] DEBUG org.apache.http.wire  - http-outgoing-16 << "server: httpd.js[\r][\n]"
 -24889 [Forwarding findElement on session 343d0c94-0b98-4921-996e-ca445c47f566 to remote] DEBUG org.apache.http.wire  - http-outgoing-16 << "date: Fri, 27 Jan 2017 06:44:29 GMT[\r][\n]"
 -24889 [Forwarding findElement on session 343d0c94-0b98-4921-996e-ca445c47f566 to remote] DEBUG org.apache.http.wire  - http-outgoing-16 << "[\r][\n]"
 -24889 [Forwarding findElement on session 343d0c94-0b98-4921-996e-ca445c47f566 to remote] DEBUG org.apache.http.headers  - http-outgoing-16 << HTTP/1.1 500 Internal Server Error
 -24889 [Forwarding findElement on session 343d0c94-0b98-4921-996e-ca445c47f566 to remote] DEBUG org.apache.http.headers  - http-outgoing-16 << content-type: application/json; charset=UTF-8
 -24889 [Forwarding findElement on session 343d0c94-0b98-4921-996e-ca445c47f566 to remote] DEBUG org.apache.http.headers  - http-outgoing-16 << connection: close
 -24889 [Forwarding findElement on session 343d0c94-0b98-4921-996e-ca445c47f566 to remote] DEBUG org.apache.http.headers  - http-outgoing-16 << content-length: 1469
 -24889 [Forwarding findElement on session 343d0c94-0b98-4921-996e-ca445c47f566 to remote] DEBUG org.apache.http.headers  - http-outgoing-16 << server: httpd.js
 -24889 [Forwarding findElement on session 343d0c94-0b98-4921-996e-ca445c47f566 to remote] DEBUG org.apache.http.headers  - http-outgoing-16 << date: Fri, 27 Jan 2017 06:44:29 GMT
 -24890 [Forwarding findElement on session 343d0c94-0b98-4921-996e-ca445c47f566 to remote] DEBUG org.apache.http.wire  - http-outgoing-16 << "{"name":"findElement","sessionId":"343d0c94-0b98-4921-996e-ca445c47f566","status":7,"value":{"message":"Unable to locate element: {\"method\":\"css selector\",\"selector\":\".service-navigation__dropdown>ul>li>a>span:not(.arrow)\"}","stackTrace":[{"methodName":"FirefoxDriver.prototype.findElementInternal_","fileName":"file:///C:/Users/rao08/AppData/Local/Temp/anonymous5941514134848211728webdriver-profile/extensions/fxdriver@googlecode.com/components/driver-component.js","lineNumber":10299},{"methodName":"FirefoxDriver.prototype.findElement","fileName":"file:///C:/Users/rao08/AppData/Local/Temp/anonymous5941514134848211728webdriver-profile/extensions/fxdriver@googlecode.com/components/driver-component.js","lineNumber":10308},{"methodName":"DelayedCommand.prototype.executeInternal_/h","fileName":"file:///C:/Users/rao08/AppData/Local/Temp/anonymous5941514134848211728webdriver-profile/extensions/fxdriver@googlecode.com/components/command-processor.js","lineNumber":12282},{"methodName":"DelayedCommand.prototype.executeInternal_","fileName":"file:///C:/Users/rao08/AppData/Local/Temp/anonymous5941514134848211728webdriver-profile/extensions/fxdriver@googlecode.com/components/command-processor.js","lineNumber":12287},{"methodName":"DelayedCommand.prototype.execute/<","fileName":"file:///C:/Users/rao08/AppData/Local/Temp/anonymous5941514134848211728webdriver-profile/extensions/fxdriver@googlecode.com/components/command-processor.js","lineNumber":12229}]}}"
 -24890 [Forwarding findElement on session 343d0c94-0b98-4921-996e-ca445c47f566 to remote] DEBUG org.apache.http.impl.conn.DefaultManagedHttpClientConnection  - http-outgoing-16: Shutdown connection
 -24890 [Forwarding findElement on session 343d0c94-0b98-4921-996e-ca445c47f566 to remote] DEBUG org.apache.http.impl.execchain.MainClientExec  - Connection discarded
 -24891 [Forwarding findElement on session 343d0c94-0b98-4921-996e-ca445c47f566 to remote] DEBUG org.apache.http.impl.conn.DefaultManagedHttpClientConnection  - http-outgoing-16: Close connection
 -24891 [Forwarding findElement on session 343d0c94-0b98-4921-996e-ca445c47f566 to remote] DEBUG org.apache.http.impl.conn.PoolingHttpClientConnectionManager  - Connection released: [id: 16][route: {}->http://127.0.0.1:7055][total kept alive: 0; route allocated: 0 of 2000; total allocated: 0 of 2000]
 -25396 [Forwarding findElement on session 343d0c94-0b98-4921-996e-ca445c47f566 to remote] DEBUG org.apache.http.client.protocol.RequestAddCookies  - CookieSpec selected: best-match
 -25396 [Forwarding findElement on session 343d0c94-0b98-4921-996e-ca445c47f566 to remote] DEBUG org.apache.http.client.protocol.RequestAuthCache  - Auth cache not set in the context
 -25396 [Forwarding findElement on session 343d0c94-0b98-4921-996e-ca445c47f566 to remote] DEBUG org.apache.http.impl.conn.PoolingHttpClientConnectionManager  - Connection request: [route: {}->http://127.0.0.1:7055][total kept alive: 0; route allocated: 0 of 2000; total allocated: 0 of 2000]
 -25397 [Forwarding findElement on session 343d0c94-0b98-4921-996e-ca445c47f566 to remote] DEBUG org.apache.http.impl.conn.PoolingHttpClientConnectionManager  - Connection leased: [id: 17][route: {}->http://127.0.0.1:7055][total kept alive: 0; route allocated: 1 of 2000; total allocated: 1 of 2000]
 -25397 [Forwarding findElement on session 343d0c94-0b98-4921-996e-ca445c47f566 to remote] DEBUG org.apache.http.impl.execchain.MainClientExec  - Opening connection {}->http://127.0.0.1:7055
 -25397 [Forwarding findElement on session 343d0c94-0b98-4921-996e-ca445c47f566 to remote] DEBUG org.apache.http.impl.conn.HttpClientConnectionOperator  - Connecting to /127.0.0.1:7055
 -25398 [Forwarding findElement on session 343d0c94-0b98-4921-996e-ca445c47f566 to remote] DEBUG org.apache.http.impl.conn.HttpClientConnectionOperator  - Connection established 127.0.0.1:61699<->127.0.0.1:7055
 -25398 [Forwarding findElement on session 343d0c94-0b98-4921-996e-ca445c47f566 to remote] DEBUG org.apache.http.impl.execchain.MainClientExec  - Executing request POST /hub/session/343d0c94-0b98-4921-996e-ca445c47f566/element HTTP/1.1
 -25398 [Forwarding findElement on session 343d0c94-0b98-4921-996e-ca445c47f566 to remote] DEBUG org.apache.http.impl.execchain.MainClientExec  - Target auth state: UNCHALLENGED
 -25399 [Forwarding findElement on session 343d0c94-0b98-4921-996e-ca445c47f566 to remote] DEBUG org.apache.http.impl.execchain.MainClientExec  - Proxy auth state: UNCHALLENGED
 -25399 [Forwarding findElement on session 343d0c94-0b98-4921-996e-ca445c47f566 to remote] DEBUG org.apache.http.headers  - http-outgoing-17 >> POST /hub/session/343d0c94-0b98-4921-996e-ca445c47f566/element HTTP/1.1
 -25399 [Forwarding findElement on session 343d0c94-0b98-4921-996e-ca445c47f566 to remote] DEBUG org.apache.http.headers  - http-outgoing-17 >> Content-Type: application/json; charset=utf-8
 -25399 [Forwarding findElement on session 343d0c94-0b98-4921-996e-ca445c47f566 to remote] DEBUG org.apache.http.headers  - http-outgoing-17 >> Content-Length: 89
 -25399 [Forwarding findElement on session 343d0c94-0b98-4921-996e-ca445c47f566 to remote] DEBUG org.apache.http.headers  - http-outgoing-17 >> Host: 127.0.0.1:7055
 -25399 [Forwarding findElement on session 343d0c94-0b98-4921-996e-ca445c47f566 to remote] DEBUG org.apache.http.headers  - http-outgoing-17 >> Connection: Keep-Alive
 -25399 [Forwarding findElement on session 343d0c94-0b98-4921-996e-ca445c47f566 to remote] DEBUG org.apache.http.headers  - http-outgoing-17 >> User-Agent: Apache-HttpClient/4.3.6 (java 1.5)
 -25399 [Forwarding findElement on session 343d0c94-0b98-4921-996e-ca445c47f566 to remote] DEBUG org.apache.http.headers  - http-outgoing-17 >> Accept-Encoding: gzip,deflate
 -25400 [Forwarding findElement on session 343d0c94-0b98-4921-996e-ca445c47f566 to remote] DEBUG org.apache.http.wire  - http-outgoing-17 >> "POST /hub/session/343d0c94-0b98-4921-996e-ca445c47f566/element HTTP/1.1[\r][\n]"
 -25400 [Forwarding findElement on session 343d0c94-0b98-4921-996e-ca445c47f566 to remote] DEBUG org.apache.http.wire  - http-outgoing-17 >> "Content-Type: application/json; charset=utf-8[\r][\n]"
 -25400 [Forwarding findElement on session 343d0c94-0b98-4921-996e-ca445c47f566 to remote] DEBUG org.apache.http.wire  - http-outgoing-17 >> "Content-Length: 89[\r][\n]"
 -25400 [Forwarding findElement on session 343d0c94-0b98-4921-996e-ca445c47f566 to remote] DEBUG org.apache.http.wire  - http-outgoing-17 >> "Host: 127.0.0.1:7055[\r][\n]"
 -25400 [Forwarding findElement on session 343d0c94-0b98-4921-996e-ca445c47f566 to remote] DEBUG org.apache.http.wire  - http-outgoing-17 >> "Connection: Keep-Alive[\r][\n]"
 -25400 [Forwarding findElement on session 343d0c94-0b98-4921-996e-ca445c47f566 to remote] DEBUG org.apache.http.wire  - http-outgoing-17 >> "User-Agent: Apache-HttpClient/4.3.6 (java 1.5)[\r][\n]"
 -25400 [Forwarding findElement on session 343d0c94-0b98-4921-996e-ca445c47f566 to remote] DEBUG org.apache.http.wire  - http-outgoing-17 >> "Accept-Encoding: gzip,deflate[\r][\n]"
 -25400 [Forwarding findElement on session 343d0c94-0b98-4921-996e-ca445c47f566 to remote] DEBUG org.apache.http.wire  - http-outgoing-17 >> "[\r][\n]"
 -25400 [Forwarding findElement on session 343d0c94-0b98-4921-996e-ca445c47f566 to remote] DEBUG org.apache.http.wire  - http-outgoing-17 >> "{"using":"css selector","value":".service-navigation__dropdown>ul>li>a>span:not(.arrow)"}"
 -25441 [Forwarding findElement on session 343d0c94-0b98-4921-996e-ca445c47f566 to remote] DEBUG org.apache.http.wire  - http-outgoing-17 << "HTTP/1.1 500 Internal Server Error[\r][\n]"
 -25441 [Forwarding findElement on session 343d0c94-0b98-4921-996e-ca445c47f566 to remote] DEBUG org.apache.http.wire  - http-outgoing-17 << "content-type: application/json; charset=UTF-8[\r][\n]"
 -25441 [Forwarding findElement on session 343d0c94-0b98-4921-996e-ca445c47f566 to remote] DEBUG org.apache.http.wire  - http-outgoing-17 << "connection: close[\r][\n]"
 -25441 [Forwarding findElement on session 343d0c94-0b98-4921-996e-ca445c47f566 to remote] DEBUG org.apache.http.wire  - http-outgoing-17 << "content-length: 1469[\r][\n]"
 -25441 [Forwarding findElement on session 343d0c94-0b98-4921-996e-ca445c47f566 to remote] DEBUG org.apache.http.wire  - http-outgoing-17 << "server: httpd.js[\r][\n]"
 -25442 [Forwarding findElement on session 343d0c94-0b98-4921-996e-ca445c47f566 to remote] DEBUG org.apache.http.wire  - http-outgoing-17 << "date: Fri, 27 Jan 2017 06:44:30 GMT[\r][\n]"
 -25442 [Forwarding findElement on session 343d0c94-0b98-4921-996e-ca445c47f566 to remote] DEBUG org.apache.http.wire  - http-outgoing-17 << "[\r][\n]"
 -25442 [Forwarding findElement on session 343d0c94-0b98-4921-996e-ca445c47f566 to remote] DEBUG org.apache.http.headers  - http-outgoing-17 << HTTP/1.1 500 Internal Server Error
 -25442 [Forwarding findElement on session 343d0c94-0b98-4921-996e-ca445c47f566 to remote] DEBUG org.apache.http.headers  - http-outgoing-17 << content-type: application/json; charset=UTF-8
 -25442 [Forwarding findElement on session 343d0c94-0b98-4921-996e-ca445c47f566 to remote] DEBUG org.apache.http.headers  - http-outgoing-17 << connection: close
 -25442 [Forwarding findElement on session 343d0c94-0b98-4921-996e-ca445c47f566 to remote] DEBUG org.apache.http.headers  - http-outgoing-17 << content-length: 1469
 -25442 [Forwarding findElement on session 343d0c94-0b98-4921-996e-ca445c47f566 to remote] DEBUG org.apache.http.headers  - http-outgoing-17 << server: httpd.js
 -25442 [Forwarding findElement on session 343d0c94-0b98-4921-996e-ca445c47f566 to remote] DEBUG org.apache.http.headers  - http-outgoing-17 << date: Fri, 27 Jan 2017 06:44:30 GMT
 -25443 [Forwarding findElement on session 343d0c94-0b98-4921-996e-ca445c47f566 to remote] DEBUG org.apache.http.wire  - http-outgoing-17 << "{"name":"findElement","sessionId":"343d0c94-0b98-4921-996e-ca445c47f566","status":7,"value":{"message":"Unable to locate element: {\"method\":\"css selector\",\"selector\":\".service-navigation__dropdown>ul>li>a>span:not(.arrow)\"}","stackTrace":[{"methodName":"FirefoxDriver.prototype.findElementInternal_","fileName":"file:///C:/Users/rao08/AppData/Local/Temp/anonymous5941514134848211728webdriver-profile/extensions/fxdriver@googlecode.com/components/driver-component.js","lineNumber":10299},{"methodName":"FirefoxDriver.prototype.findElement","fileName":"file:///C:/Users/rao08/AppData/Local/Temp/anonymous5941514134848211728webdriver-profile/extensions/fxdriver@googlecode.com/components/driver-component.js","lineNumber":10308},{"methodName":"DelayedCommand.prototype.executeInternal_/h","fileName":"file:///C:/Users/rao08/AppData/Local/Temp/anonymous5941514134848211728webdriver-profile/extensions/fxdriver@googlecode.com/components/command-processor.js","lineNumber":12282},{"methodName":"DelayedCommand.prototype.executeInternal_","fileName":"file:///C:/Users/rao08/AppData/Local/Temp/anonymous5941514134848211728webdriver-profile/extensions/fxdriver@googlecode.com/components/command-processor.js","lineNumber":12287},{"methodName":"DelayedCommand.prototype.execute/<","fileName":"file:///C:/Users/rao08/AppData/Local/Temp/anonymous5941514134848211728webdriver-profile/extensions/fxdriver@googlecode.com/components/command-processor.js","lineNumber":12229}]}}"
 -25443 [Forwarding findElement on session 343d0c94-0b98-4921-996e-ca445c47f566 to remote] DEBUG org.apache.http.impl.conn.DefaultManagedHttpClientConnection  - http-outgoing-17: Shutdown connection
 -25443 [Forwarding findElement on session 343d0c94-0b98-4921-996e-ca445c47f566 to remote] DEBUG org.apache.http.impl.execchain.MainClientExec  - Connection discarded
 -25443 [Forwarding findElement on session 343d0c94-0b98-4921-996e-ca445c47f566 to remote] DEBUG org.apache.http.impl.conn.DefaultManagedHttpClientConnection  - http-outgoing-17: Close connection
 -25444 [Forwarding findElement on session 343d0c94-0b98-4921-996e-ca445c47f566 to remote] DEBUG org.apache.http.impl.conn.PoolingHttpClientConnectionManager  - Connection released: [id: 17][route: {}->http://127.0.0.1:7055][total kept alive: 0; route allocated: 0 of 2000; total allocated: 0 of 2000]
 -25949 [Forwarding findElement on session 343d0c94-0b98-4921-996e-ca445c47f566 to remote] DEBUG org.apache.http.client.protocol.RequestAddCookies  - CookieSpec selected: best-match
 -25949 [Forwarding findElement on session 343d0c94-0b98-4921-996e-ca445c47f566 to remote] DEBUG org.apache.http.client.protocol.RequestAuthCache  - Auth cache not set in the context
 -25949 [Forwarding findElement on session 343d0c94-0b98-4921-996e-ca445c47f566 to remote] DEBUG org.apache.http.impl.conn.PoolingHttpClientConnectionManager  - Connection request: [route: {}->http://127.0.0.1:7055][total kept alive: 0; route allocated: 0 of 2000; total allocated: 0 of 2000]
 -25950 [Forwarding findElement on session 343d0c94-0b98-4921-996e-ca445c47f566 to remote] DEBUG org.apache.http.impl.conn.PoolingHttpClientConnectionManager  - Connection leased: [id: 18][route: {}->http://127.0.0.1:7055][total kept alive: 0; route allocated: 1 of 2000; total allocated: 1 of 2000]
 -25950 [Forwarding findElement on session 343d0c94-0b98-4921-996e-ca445c47f566 to remote] DEBUG org.apache.http.impl.execchain.MainClientExec  - Opening connection {}->http://127.0.0.1:7055
 -25950 [Forwarding findElement on session 343d0c94-0b98-4921-996e-ca445c47f566 to remote] DEBUG org.apache.http.impl.conn.HttpClientConnectionOperator  - Connecting to /127.0.0.1:7055
 -25951 [Forwarding findElement on session 343d0c94-0b98-4921-996e-ca445c47f566 to remote] DEBUG org.apache.http.impl.conn.HttpClientConnectionOperator  - Connection established 127.0.0.1:61704<->127.0.0.1:7055
 -25951 [Forwarding findElement on session 343d0c94-0b98-4921-996e-ca445c47f566 to remote] DEBUG org.apache.http.impl.execchain.MainClientExec  - Executing request POST /hub/session/343d0c94-0b98-4921-996e-ca445c47f566/element HTTP/1.1
 -25951 [Forwarding findElement on session 343d0c94-0b98-4921-996e-ca445c47f566 to remote] DEBUG org.apache.http.impl.execchain.MainClientExec  - Target auth state: UNCHALLENGED
 -25952 [Forwarding findElement on session 343d0c94-0b98-4921-996e-ca445c47f566 to remote] DEBUG org.apache.http.impl.execchain.MainClientExec  - Proxy auth state: UNCHALLENGED
 -25952 [Forwarding findElement on session 343d0c94-0b98-4921-996e-ca445c47f566 to remote] DEBUG org.apache.http.headers  - http-outgoing-18 >> POST /hub/session/343d0c94-0b98-4921-996e-ca445c47f566/element HTTP/1.1
 -25952 [Forwarding findElement on session 343d0c94-0b98-4921-996e-ca445c47f566 to remote] DEBUG org.apache.http.headers  - http-outgoing-18 >> Content-Type: application/json; charset=utf-8
 -25952 [Forwarding findElement on session 343d0c94-0b98-4921-996e-ca445c47f566 to remote] DEBUG org.apache.http.headers  - http-outgoing-18 >> Content-Length: 89
 -25952 [Forwarding findElement on session 343d0c94-0b98-4921-996e-ca445c47f566 to remote] DEBUG org.apache.http.headers  - http-outgoing-18 >> Host: 127.0.0.1:7055
 -25952 [Forwarding findElement on session 343d0c94-0b98-4921-996e-ca445c47f566 to remote] DEBUG org.apache.http.headers  - http-outgoing-18 >> Connection: Keep-Alive
 -25952 [Forwarding findElement on session 343d0c94-0b98-4921-996e-ca445c47f566 to remote] DEBUG org.apache.http.headers  - http-outgoing-18 >> User-Agent: Apache-HttpClient/4.3.6 (java 1.5)
 -25952 [Forwarding findElement on session 343d0c94-0b98-4921-996e-ca445c47f566 to remote] DEBUG org.apache.http.headers  - http-outgoing-18 >> Accept-Encoding: gzip,deflate
 -25952 [Forwarding findElement on session 343d0c94-0b98-4921-996e-ca445c47f566 to remote] DEBUG org.apache.http.wire  - http-outgoing-18 >> "POST /hub/session/343d0c94-0b98-4921-996e-ca445c47f566/element HTTP/1.1[\r][\n]"
 -25953 [Forwarding findElement on session 343d0c94-0b98-4921-996e-ca445c47f566 to remote] DEBUG org.apache.http.wire  - http-outgoing-18 >> "Content-Type: application/json; charset=utf-8[\r][\n]"
 -25953 [Forwarding findElement on session 343d0c94-0b98-4921-996e-ca445c47f566 to remote] DEBUG org.apache.http.wire  - http-outgoing-18 >> "Content-Length: 89[\r][\n]"
 -25953 [Forwarding findElement on session 343d0c94-0b98-4921-996e-ca445c47f566 to remote] DEBUG org.apache.http.wire  - http-outgoing-18 >> "Host: 127.0.0.1:7055[\r][\n]"
 -25953 [Forwarding findElement on session 343d0c94-0b98-4921-996e-ca445c47f566 to remote] DEBUG org.apache.http.wire  - http-outgoing-18 >> "Connection: Keep-Alive[\r][\n]"
 -25953 [Forwarding findElement on session 343d0c94-0b98-4921-996e-ca445c47f566 to remote] DEBUG org.apache.http.wire  - http-outgoing-18 >> "User-Agent: Apache-HttpClient/4.3.6 (java 1.5)[\r][\n]"
 -25953 [Forwarding findElement on session 343d0c94-0b98-4921-996e-ca445c47f566 to remote] DEBUG org.apache.http.wire  - http-outgoing-18 >> "Accept-Encoding: gzip,deflate[\r][\n]"
 -25953 [Forwarding findElement on session 343d0c94-0b98-4921-996e-ca445c47f566 to remote] DEBUG org.apache.http.wire  - http-outgoing-18 >> "[\r][\n]"
 -25953 [Forwarding findElement on session 343d0c94-0b98-4921-996e-ca445c47f566 to remote] DEBUG org.apache.http.wire  - http-outgoing-18 >> "{"using":"css selector","value":".service-navigation__dropdown>ul>li>a>span:not(.arrow)"}"
 -25995 [Forwarding findElement on session 343d0c94-0b98-4921-996e-ca445c47f566 to remote] DEBUG org.apache.http.wire  - http-outgoing-18 << "HTTP/1.1 500 Internal Server Error[\r][\n]"
 -25995 [Forwarding findElement on session 343d0c94-0b98-4921-996e-ca445c47f566 to remote] DEBUG org.apache.http.wire  - http-outgoing-18 << "content-type: application/json; charset=UTF-8[\r][\n]"
 -25995 [Forwarding findElement on session 343d0c94-0b98-4921-996e-ca445c47f566 to remote] DEBUG org.apache.http.wire  - http-outgoing-18 << "connection: close[\r][\n]"
 -25995 [Forwarding findElement on session 343d0c94-0b98-4921-996e-ca445c47f566 to remote] DEBUG org.apache.http.wire  - http-outgoing-18 << "content-length: 1469[\r][\n]"
 -25995 [Forwarding findElement on session 343d0c94-0b98-4921-996e-ca445c47f566 to remote] DEBUG org.apache.http.wire  - http-outgoing-18 << "server: httpd.js[\r][\n]"
 -25995 [Forwarding findElement on session 343d0c94-0b98-4921-996e-ca445c47f566 to remote] DEBUG org.apache.http.wire  - http-outgoing-18 << "date: Fri, 27 Jan 2017 06:44:30 GMT[\r][\n]"
 -25996 [Forwarding findElement on session 343d0c94-0b98-4921-996e-ca445c47f566 to remote] DEBUG org.apache.http.wire  - http-outgoing-18 << "[\r][\n]"
 -25996 [Forwarding findElement on session 343d0c94-0b98-4921-996e-ca445c47f566 to remote] DEBUG org.apache.http.headers  - http-outgoing-18 << HTTP/1.1 500 Internal Server Error
 -25996 [Forwarding findElement on session 343d0c94-0b98-4921-996e-ca445c47f566 to remote] DEBUG org.apache.http.headers  - http-outgoing-18 << content-type: application/json; charset=UTF-8
 -25996 [Forwarding findElement on session 343d0c94-0b98-4921-996e-ca445c47f566 to remote] DEBUG org.apache.http.headers  - http-outgoing-18 << connection: close
 -25996 [Forwarding findElement on session 343d0c94-0b98-4921-996e-ca445c47f566 to remote] DEBUG org.apache.http.headers  - http-outgoing-18 << content-length: 1469
 -25997 [Forwarding findElement on session 343d0c94-0b98-4921-996e-ca445c47f566 to remote] DEBUG org.apache.http.headers  - http-outgoing-18 << server: httpd.js
 -25997 [Forwarding findElement on session 343d0c94-0b98-4921-996e-ca445c47f566 to remote] DEBUG org.apache.http.headers  - http-outgoing-18 << date: Fri, 27 Jan 2017 06:44:30 GMT
 -25997 [Forwarding findElement on session 343d0c94-0b98-4921-996e-ca445c47f566 to remote] DEBUG org.apache.http.wire  - http-outgoing-18 << "{"name":"findElement","sessionId":"343d0c94-0b98-4921-996e-ca445c47f566","status":7,"value":{"message":"Unable to locate element: {\"method\":\"css selector\",\"selector\":\".service-navigation__dropdown>ul>li>a>span:not(.arrow)\"}","stackTrace":[{"methodName":"FirefoxDriver.prototype.findElementInternal_","fileName":"file:///C:/Users/rao08/AppData/Local/Temp/anonymous5941514134848211728webdriver-profile/extensions/fxdriver@googlecode.com/components/driver-component.js","lineNumber":10299},{"methodName":"FirefoxDriver.prototype.findElement","fileName":"file:///C:/Users/rao08/AppData/Local/Temp/anonymous5941514134848211728webdriver-profile/extensions/fxdriver@googlecode.com/components/driver-component.js","lineNumber":10308},{"methodName":"DelayedCommand.prototype.executeInternal_/h","fileName":"file:///C:/Users/rao08/AppData/Local/Temp/anonymous5941514134848211728webdriver-profile/extensions/fxdriver@googlecode.com/components/command-processor.js","lineNumber":12282},{"methodName":"DelayedCommand.prototype.executeInternal_","fileName":"file:///C:/Users/rao08/AppData/Local/Temp/anonymous5941514134848211728webdriver-profile/extensions/fxdriver@googlecode.com/components/command-processor.js","lineNumber":12287},{"methodName":"DelayedCommand.prototype.execute/<","fileName":"file:///C:/Users/rao08/AppData/Local/Temp/anonymous5941514134848211728webdriver-profile/extensions/fxdriver@googlecode.com/components/command-processor.js","lineNumber":12229}]}}"
 -25997 [Forwarding findElement on session 343d0c94-0b98-4921-996e-ca445c47f566 to remote] DEBUG org.apache.http.impl.conn.DefaultManagedHttpClientConnection  - http-outgoing-18: Shutdown connection
 -25998 [Forwarding findElement on session 343d0c94-0b98-4921-996e-ca445c47f566 to remote] DEBUG org.apache.http.impl.execchain.MainClientExec  - Connection discarded
 -25998 [Forwarding findElement on session 343d0c94-0b98-4921-996e-ca445c47f566 to remote] DEBUG org.apache.http.impl.conn.DefaultManagedHttpClientConnection  - http-outgoing-18: Close connection
 -25998 [Forwarding findElement on session 343d0c94-0b98-4921-996e-ca445c47f566 to remote] DEBUG org.apache.http.impl.conn.PoolingHttpClientConnectionManager  - Connection released: [id: 18][route: {}->http://127.0.0.1:7055][total kept alive: 0; route allocated: 0 of 2000; total allocated: 0 of 2000]
 -26504 [Forwarding findElement on session 343d0c94-0b98-4921-996e-ca445c47f566 to remote] DEBUG org.apache.http.client.protocol.RequestAddCookies  - CookieSpec selected: best-match
 -26504 [Forwarding findElement on session 343d0c94-0b98-4921-996e-ca445c47f566 to remote] DEBUG org.apache.http.client.protocol.RequestAuthCache  - Auth cache not set in the context
 -26504 [Forwarding findElement on session 343d0c94-0b98-4921-996e-ca445c47f566 to remote] DEBUG org.apache.http.impl.conn.PoolingHttpClientConnectionManager  - Connection request: [route: {}->http://127.0.0.1:7055][total kept alive: 0; route allocated: 0 of 2000; total allocated: 0 of 2000]
 -26505 [Forwarding findElement on session 343d0c94-0b98-4921-996e-ca445c47f566 to remote] DEBUG org.apache.http.impl.conn.PoolingHttpClientConnectionManager  - Connection leased: [id: 19][route: {}->http://127.0.0.1:7055][total kept alive: 0; route allocated: 1 of 2000; total allocated: 1 of 2000]
 -26505 [Forwarding findElement on session 343d0c94-0b98-4921-996e-ca445c47f566 to remote] DEBUG org.apache.http.impl.execchain.MainClientExec  - Opening connection {}->http://127.0.0.1:7055
 -26505 [Forwarding findElement on session 343d0c94-0b98-4921-996e-ca445c47f566 to remote] DEBUG org.apache.http.impl.conn.HttpClientConnectionOperator  - Connecting to /127.0.0.1:7055
 -26506 [Forwarding findElement on session 343d0c94-0b98-4921-996e-ca445c47f566 to remote] DEBUG org.apache.http.impl.conn.HttpClientConnectionOperator  - Connection established 127.0.0.1:61708<->127.0.0.1:7055
 -26506 [Forwarding findElement on session 343d0c94-0b98-4921-996e-ca445c47f566 to remote] DEBUG org.apache.http.impl.execchain.MainClientExec  - Executing request POST /hub/session/343d0c94-0b98-4921-996e-ca445c47f566/element HTTP/1.1
 -26506 [Forwarding findElement on session 343d0c94-0b98-4921-996e-ca445c47f566 to remote] DEBUG org.apache.http.impl.execchain.MainClientExec  - Target auth state: UNCHALLENGED
 -26506 [Forwarding findElement on session 343d0c94-0b98-4921-996e-ca445c47f566 to remote] DEBUG org.apache.http.impl.execchain.MainClientExec  - Proxy auth state: UNCHALLENGED
 -26507 [Forwarding findElement on session 343d0c94-0b98-4921-996e-ca445c47f566 to remote] DEBUG org.apache.http.headers  - http-outgoing-19 >> POST /hub/session/343d0c94-0b98-4921-996e-ca445c47f566/element HTTP/1.1
 -26507 [Forwarding findElement on session 343d0c94-0b98-4921-996e-ca445c47f566 to remote] DEBUG org.apache.http.headers  - http-outgoing-19 >> Content-Type: application/json; charset=utf-8
 -26507 [Forwarding findElement on session 343d0c94-0b98-4921-996e-ca445c47f566 to remote] DEBUG org.apache.http.headers  - http-outgoing-19 >> Content-Length: 89
 -26507 [Forwarding findElement on session 343d0c94-0b98-4921-996e-ca445c47f566 to remote] DEBUG org.apache.http.headers  - http-outgoing-19 >> Host: 127.0.0.1:7055
 -26507 [Forwarding findElement on session 343d0c94-0b98-4921-996e-ca445c47f566 to remote] DEBUG org.apache.http.headers  - http-outgoing-19 >> Connection: Keep-Alive
 -26507 [Forwarding findElement on session 343d0c94-0b98-4921-996e-ca445c47f566 to remote] DEBUG org.apache.http.headers  - http-outgoing-19 >> User-Agent: Apache-HttpClient/4.3.6 (java 1.5)
 -26507 [Forwarding findElement on session 343d0c94-0b98-4921-996e-ca445c47f566 to remote] DEBUG org.apache.http.headers  - http-outgoing-19 >> Accept-Encoding: gzip,deflate
 -26508 [Forwarding findElement on session 343d0c94-0b98-4921-996e-ca445c47f566 to remote] DEBUG org.apache.http.wire  - http-outgoing-19 >> "POST /hub/session/343d0c94-0b98-4921-996e-ca445c47f566/element HTTP/1.1[\r][\n]"
 -26508 [Forwarding findElement on session 343d0c94-0b98-4921-996e-ca445c47f566 to remote] DEBUG org.apache.http.wire  - http-outgoing-19 >> "Content-Type: application/json; charset=utf-8[\r][\n]"
 -26508 [Forwarding findElement on session 343d0c94-0b98-4921-996e-ca445c47f566 to remote] DEBUG org.apache.http.wire  - http-outgoing-19 >> "Content-Length: 89[\r][\n]"
 -26508 [Forwarding findElement on session 343d0c94-0b98-4921-996e-ca445c47f566 to remote] DEBUG org.apache.http.wire  - http-outgoing-19 >> "Host: 127.0.0.1:7055[\r][\n]"
 -26508 [Forwarding findElement on session 343d0c94-0b98-4921-996e-ca445c47f566 to remote] DEBUG org.apache.http.wire  - http-outgoing-19 >> "Connection: Keep-Alive[\r][\n]"
 -26508 [Forwarding findElement on session 343d0c94-0b98-4921-996e-ca445c47f566 to remote] DEBUG org.apache.http.wire  - http-outgoing-19 >> "User-Agent: Apache-HttpClient/4.3.6 (java 1.5)[\r][\n]"
 -26508 [Forwarding findElement on session 343d0c94-0b98-4921-996e-ca445c47f566 to remote] DEBUG org.apache.http.wire  - http-outgoing-19 >> "Accept-Encoding: gzip,deflate[\r][\n]"
 -26508 [Forwarding findElement on session 343d0c94-0b98-4921-996e-ca445c47f566 to remote] DEBUG org.apache.http.wire  - http-outgoing-19 >> "[\r][\n]"
 -26508 [Forwarding findElement on session 343d0c94-0b98-4921-996e-ca445c47f566 to remote] DEBUG org.apache.http.wire  - http-outgoing-19 >> "{"using":"css selector","value":".service-navigation__dropdown>ul>li>a>span:not(.arrow)"}"
 -26550 [Forwarding findElement on session 343d0c94-0b98-4921-996e-ca445c47f566 to remote] DEBUG org.apache.http.wire  - http-outgoing-19 << "HTTP/1.1 500 Internal Server Error[\r][\n]"
 -26550 [Forwarding findElement on session 343d0c94-0b98-4921-996e-ca445c47f566 to remote] DEBUG org.apache.http.wire  - http-outgoing-19 << "content-type: application/json; charset=UTF-8[\r][\n]"
 -26550 [Forwarding findElement on session 343d0c94-0b98-4921-996e-ca445c47f566 to remote] DEBUG org.apache.http.wire  - http-outgoing-19 << "connection: close[\r][\n]"
 -26551 [Forwarding findElement on session 343d0c94-0b98-4921-996e-ca445c47f566 to remote] DEBUG org.apache.http.wire  - http-outgoing-19 << "content-length: 1469[\r][\n]"
 -26551 [Forwarding findElement on session 343d0c94-0b98-4921-996e-ca445c47f566 to remote] DEBUG org.apache.http.wire  - http-outgoing-19 << "server: httpd.js[\r][\n]"
 -26551 [Forwarding findElement on session 343d0c94-0b98-4921-996e-ca445c47f566 to remote] DEBUG org.apache.http.wire  - http-outgoing-19 << "date: Fri, 27 Jan 2017 06:44:31 GMT[\r][\n]"
 -26551 [Forwarding findElement on session 343d0c94-0b98-4921-996e-ca445c47f566 to remote] DEBUG org.apache.http.wire  - http-outgoing-19 << "[\r][\n]"
 -26551 [Forwarding findElement on session 343d0c94-0b98-4921-996e-ca445c47f566 to remote] DEBUG org.apache.http.headers  - http-outgoing-19 << HTTP/1.1 500 Internal Server Error
 -26551 [Forwarding findElement on session 343d0c94-0b98-4921-996e-ca445c47f566 to remote] DEBUG org.apache.http.headers  - http-outgoing-19 << content-type: application/json; charset=UTF-8
 -26551 [Forwarding findElement on session 343d0c94-0b98-4921-996e-ca445c47f566 to remote] DEBUG org.apache.http.headers  - http-outgoing-19 << connection: close
 -26551 [Forwarding findElement on session 343d0c94-0b98-4921-996e-ca445c47f566 to remote] DEBUG org.apache.http.headers  - http-outgoing-19 << content-length: 1469
 -26551 [Forwarding findElement on session 343d0c94-0b98-4921-996e-ca445c47f566 to remote] DEBUG org.apache.http.headers  - http-outgoing-19 << server: httpd.js
 -26551 [Forwarding findElement on session 343d0c94-0b98-4921-996e-ca445c47f566 to remote] DEBUG org.apache.http.headers  - http-outgoing-19 << date: Fri, 27 Jan 2017 06:44:31 GMT
 -26552 [Forwarding findElement on session 343d0c94-0b98-4921-996e-ca445c47f566 to remote] DEBUG org.apache.http.wire  - http-outgoing-19 << "{"name":"findElement","sessionId":"343d0c94-0b98-4921-996e-ca445c47f566","status":7,"value":{"message":"Unable to locate element: {\"method\":\"css selector\",\"selector\":\".service-navigation__dropdown>ul>li>a>span:not(.arrow)\"}","stackTrace":[{"methodName":"FirefoxDriver.prototype.findElementInternal_","fileName":"file:///C:/Users/rao08/AppData/Local/Temp/anonymous5941514134848211728webdriver-profile/extensions/fxdriver@googlecode.com/components/driver-component.js","lineNumber":10299},{"methodName":"FirefoxDriver.prototype.findElement","fileName":"file:///C:/Users/rao08/AppData/Local/Temp/anonymous5941514134848211728webdriver-profile/extensions/fxdriver@googlecode.com/components/driver-component.js","lineNumber":10308},{"methodName":"DelayedCommand.prototype.executeInternal_/h","fileName":"file:///C:/Users/rao08/AppData/Local/Temp/anonymous5941514134848211728webdriver-profile/extensions/fxdriver@googlecode.com/components/command-processor.js","lineNumber":12282},{"methodName":"DelayedCommand.prototype.executeInternal_","fileName":"file:///C:/Users/rao08/AppData/Local/Temp/anonymous5941514134848211728webdriver-profile/extensions/fxdriver@googlecode.com/components/command-processor.js","lineNumber":12287},{"methodName":"DelayedCommand.prototype.execute/<","fileName":"file:///C:/Users/rao08/AppData/Local/Temp/anonymous5941514134848211728webdriver-profile/extensions/fxdriver@googlecode.com/components/command-processor.js","lineNumber":12229}]}}"
 -26552 [Forwarding findElement on session 343d0c94-0b98-4921-996e-ca445c47f566 to remote] DEBUG org.apache.http.impl.conn.DefaultManagedHttpClientConnection  - http-outgoing-19: Shutdown connection
 -26552 [Forwarding findElement on session 343d0c94-0b98-4921-996e-ca445c47f566 to remote] DEBUG org.apache.http.impl.execchain.MainClientExec  - Connection discarded
 -26553 [Forwarding findElement on session 343d0c94-0b98-4921-996e-ca445c47f566 to remote] DEBUG org.apache.http.impl.conn.DefaultManagedHttpClientConnection  - http-outgoing-19: Close connection
 -26553 [Forwarding findElement on session 343d0c94-0b98-4921-996e-ca445c47f566 to remote] DEBUG org.apache.http.impl.conn.PoolingHttpClientConnectionManager  - Connection released: [id: 19][route: {}->http://127.0.0.1:7055][total kept alive: 0; route allocated: 0 of 2000; total allocated: 0 of 2000]
 -27060 [Forwarding findElement on session 343d0c94-0b98-4921-996e-ca445c47f566 to remote] DEBUG org.apache.http.client.protocol.RequestAddCookies  - CookieSpec selected: best-match
 -27060 [Forwarding findElement on session 343d0c94-0b98-4921-996e-ca445c47f566 to remote] DEBUG org.apache.http.client.protocol.RequestAuthCache  - Auth cache not set in the context
 -27060 [Forwarding findElement on session 343d0c94-0b98-4921-996e-ca445c47f566 to remote] DEBUG org.apache.http.impl.conn.PoolingHttpClientConnectionManager  - Connection request: [route: {}->http://127.0.0.1:7055][total kept alive: 0; route allocated: 0 of 2000; total allocated: 0 of 2000]
 -27060 [Forwarding findElement on session 343d0c94-0b98-4921-996e-ca445c47f566 to remote] DEBUG org.apache.http.impl.conn.PoolingHttpClientConnectionManager  - Connection leased: [id: 20][route: {}->http://127.0.0.1:7055][total kept alive: 0; route allocated: 1 of 2000; total allocated: 1 of 2000]
 -27060 [Forwarding findElement on session 343d0c94-0b98-4921-996e-ca445c47f566 to remote] DEBUG org.apache.http.impl.execchain.MainClientExec  - Opening connection {}->http://127.0.0.1:7055
 -27061 [Forwarding findElement on session 343d0c94-0b98-4921-996e-ca445c47f566 to remote] DEBUG org.apache.http.impl.conn.HttpClientConnectionOperator  - Connecting to /127.0.0.1:7055
 -27062 [Forwarding findElement on session 343d0c94-0b98-4921-996e-ca445c47f566 to remote] DEBUG org.apache.http.impl.conn.HttpClientConnectionOperator  - Connection established 127.0.0.1:61713<->127.0.0.1:7055
 -27062 [Forwarding findElement on session 343d0c94-0b98-4921-996e-ca445c47f566 to remote] DEBUG org.apache.http.impl.execchain.MainClientExec  - Executing request POST /hub/session/343d0c94-0b98-4921-996e-ca445c47f566/element HTTP/1.1
 -27062 [Forwarding findElement on session 343d0c94-0b98-4921-996e-ca445c47f566 to remote] DEBUG org.apache.http.impl.execchain.MainClientExec  - Target auth state: UNCHALLENGED
 -27062 [Forwarding findElement on session 343d0c94-0b98-4921-996e-ca445c47f566 to remote] DEBUG org.apache.http.impl.execchain.MainClientExec  - Proxy auth state: UNCHALLENGED
 -27062 [Forwarding findElement on session 343d0c94-0b98-4921-996e-ca445c47f566 to remote] DEBUG org.apache.http.headers  - http-outgoing-20 >> POST /hub/session/343d0c94-0b98-4921-996e-ca445c47f566/element HTTP/1.1
 -27063 [Forwarding findElement on session 343d0c94-0b98-4921-996e-ca445c47f566 to remote] DEBUG org.apache.http.headers  - http-outgoing-20 >> Content-Type: application/json; charset=utf-8
 -27063 [Forwarding findElement on session 343d0c94-0b98-4921-996e-ca445c47f566 to remote] DEBUG org.apache.http.headers  - http-outgoing-20 >> Content-Length: 89
 -27063 [Forwarding findElement on session 343d0c94-0b98-4921-996e-ca445c47f566 to remote] DEBUG org.apache.http.headers  - http-outgoing-20 >> Host: 127.0.0.1:7055
 -27063 [Forwarding findElement on session 343d0c94-0b98-4921-996e-ca445c47f566 to remote] DEBUG org.apache.http.headers  - http-outgoing-20 >> Connection: Keep-Alive
 -27063 [Forwarding findElement on session 343d0c94-0b98-4921-996e-ca445c47f566 to remote] DEBUG org.apache.http.headers  - http-outgoing-20 >> User-Agent: Apache-HttpClient/4.3.6 (java 1.5)
 -27063 [Forwarding findElement on session 343d0c94-0b98-4921-996e-ca445c47f566 to remote] DEBUG org.apache.http.headers  - http-outgoing-20 >> Accept-Encoding: gzip,deflate
 -27063 [Forwarding findElement on session 343d0c94-0b98-4921-996e-ca445c47f566 to remote] DEBUG org.apache.http.wire  - http-outgoing-20 >> "POST /hub/session/343d0c94-0b98-4921-996e-ca445c47f566/element HTTP/1.1[\r][\n]"
 -27063 [Forwarding findElement on session 343d0c94-0b98-4921-996e-ca445c47f566 to remote] DEBUG org.apache.http.wire  - http-outgoing-20 >> "Content-Type: application/json; charset=utf-8[\r][\n]"
 -27063 [Forwarding findElement on session 343d0c94-0b98-4921-996e-ca445c47f566 to remote] DEBUG org.apache.http.wire  - http-outgoing-20 >> "Content-Length: 89[\r][\n]"
 -27063 [Forwarding findElement on session 343d0c94-0b98-4921-996e-ca445c47f566 to remote] DEBUG org.apache.http.wire  - http-outgoing-20 >> "Host: 127.0.0.1:7055[\r][\n]"
 -27063 [Forwarding findElement on session 343d0c94-0b98-4921-996e-ca445c47f566 to remote] DEBUG org.apache.http.wire  - http-outgoing-20 >> "Connection: Keep-Alive[\r][\n]"
 -27063 [Forwarding findElement on session 343d0c94-0b98-4921-996e-ca445c47f566 to remote] DEBUG org.apache.http.wire  - http-outgoing-20 >> "User-Agent: Apache-HttpClient/4.3.6 (java 1.5)[\r][\n]"
 -27064 [Forwarding findElement on session 343d0c94-0b98-4921-996e-ca445c47f566 to remote] DEBUG org.apache.http.wire  - http-outgoing-20 >> "Accept-Encoding: gzip,deflate[\r][\n]"
 -27064 [Forwarding findElement on session 343d0c94-0b98-4921-996e-ca445c47f566 to remote] DEBUG org.apache.http.wire  - http-outgoing-20 >> "[\r][\n]"
 -27064 [Forwarding findElement on session 343d0c94-0b98-4921-996e-ca445c47f566 to remote] DEBUG org.apache.http.wire  - http-outgoing-20 >> "{"using":"css selector","value":".service-navigation__dropdown>ul>li>a>span:not(.arrow)"}"
 -27107 [Forwarding findElement on session 343d0c94-0b98-4921-996e-ca445c47f566 to remote] DEBUG org.apache.http.wire  - http-outgoing-20 << "HTTP/1.1 500 Internal Server Error[\r][\n]"
 -27107 [Forwarding findElement on session 343d0c94-0b98-4921-996e-ca445c47f566 to remote] DEBUG org.apache.http.wire  - http-outgoing-20 << "content-type: application/json; charset=UTF-8[\r][\n]"
 -27107 [Forwarding findElement on session 343d0c94-0b98-4921-996e-ca445c47f566 to remote] DEBUG org.apache.http.wire  - http-outgoing-20 << "connection: close[\r][\n]"
 -27107 [Forwarding findElement on session 343d0c94-0b98-4921-996e-ca445c47f566 to remote] DEBUG org.apache.http.wire  - http-outgoing-20 << "content-length: 1469[\r][\n]"
 -27107 [Forwarding findElement on session 343d0c94-0b98-4921-996e-ca445c47f566 to remote] DEBUG org.apache.http.wire  - http-outgoing-20 << "server: httpd.js[\r][\n]"
 -27107 [Forwarding findElement on session 343d0c94-0b98-4921-996e-ca445c47f566 to remote] DEBUG org.apache.http.wire  - http-outgoing-20 << "date: Fri, 27 Jan 2017 06:44:31 GMT[\r][\n]"
 -27107 [Forwarding findElement on session 343d0c94-0b98-4921-996e-ca445c47f566 to remote] DEBUG org.apache.http.wire  - http-outgoing-20 << "[\r][\n]"
 -27107 [Forwarding findElement on session 343d0c94-0b98-4921-996e-ca445c47f566 to remote] DEBUG org.apache.http.headers  - http-outgoing-20 << HTTP/1.1 500 Internal Server Error
 -27108 [Forwarding findElement on session 343d0c94-0b98-4921-996e-ca445c47f566 to remote] DEBUG org.apache.http.headers  - http-outgoing-20 << content-type: application/json; charset=UTF-8
 -27108 [Forwarding findElement on session 343d0c94-0b98-4921-996e-ca445c47f566 to remote] DEBUG org.apache.http.headers  - http-outgoing-20 << connection: close
 -27108 [Forwarding findElement on session 343d0c94-0b98-4921-996e-ca445c47f566 to remote] DEBUG org.apache.http.headers  - http-outgoing-20 << content-length: 1469
 -27108 [Forwarding findElement on session 343d0c94-0b98-4921-996e-ca445c47f566 to remote] DEBUG org.apache.http.headers  - http-outgoing-20 << server: httpd.js
 -27108 [Forwarding findElement on session 343d0c94-0b98-4921-996e-ca445c47f566 to remote] DEBUG org.apache.http.headers  - http-outgoing-20 << date: Fri, 27 Jan 2017 06:44:31 GMT
 -27108 [Forwarding findElement on session 343d0c94-0b98-4921-996e-ca445c47f566 to remote] DEBUG org.apache.http.wire  - http-outgoing-20 << "{"name":"findElement","sessionId":"343d0c94-0b98-4921-996e-ca445c47f566","status":7,"value":{"message":"Unable to locate element: {\"method\":\"css selector\",\"selector\":\".service-navigation__dropdown>ul>li>a>span:not(.arrow)\"}","stackTrace":[{"methodName":"FirefoxDriver.prototype.findElementInternal_","fileName":"file:///C:/Users/rao08/AppData/Local/Temp/anonymous5941514134848211728webdriver-profile/extensions/fxdriver@googlecode.com/components/driver-component.js","lineNumber":10299},{"methodName":"FirefoxDriver.prototype.findElement","fileName":"file:///C:/Users/rao08/AppData/Local/Temp/anonymous5941514134848211728webdriver-profile/extensions/fxdriver@googlecode.com/components/driver-component.js","lineNumber":10308},{"methodName":"DelayedCommand.prototype.executeInternal_/h","fileName":"file:///C:/Users/rao08/AppData/Local/Temp/anonymous5941514134848211728webdriver-profile/extensions/fxdriver@googlecode.com/components/command-processor.js","lineNumber":12282},{"methodName":"DelayedCommand.prototype.executeInternal_","fileName":"file:///C:/Users/rao08/AppData/Local/Temp/anonymous5941514134848211728webdriver-profile/extensions/fxdriver@googlecode.com/components/command-processor.js","lineNumber":12287},{"methodName":"DelayedCommand.prototype.execute/<","fileName":"file:///C:/Users/rao08/AppData/Local/Temp/anonymous5941514134848211728webdriver-profile/extensions/fxdriver@googlecode.com/components/command-processor.js","lineNumber":12229}]}}"
 -27109 [Forwarding findElement on session 343d0c94-0b98-4921-996e-ca445c47f566 to remote] DEBUG org.apache.http.impl.conn.DefaultManagedHttpClientConnection  - http-outgoing-20: Shutdown connection
 -27109 [Forwarding findElement on session 343d0c94-0b98-4921-996e-ca445c47f566 to remote] DEBUG org.apache.http.impl.execchain.MainClientExec  - Connection discarded
 -27109 [Forwarding findElement on session 343d0c94-0b98-4921-996e-ca445c47f566 to remote] DEBUG org.apache.http.impl.conn.DefaultManagedHttpClientConnection  - http-outgoing-20: Close connection
 -27109 [Forwarding findElement on session 343d0c94-0b98-4921-996e-ca445c47f566 to remote] DEBUG org.apache.http.impl.conn.PoolingHttpClientConnectionManager  - Connection released: [id: 20][route: {}->http://127.0.0.1:7055][total kept alive: 0; route allocated: 0 of 2000; total allocated: 0 of 2000]
 -27617 [Forwarding findElement on session 343d0c94-0b98-4921-996e-ca445c47f566 to remote] DEBUG org.apache.http.client.protocol.RequestAddCookies  - CookieSpec selected: best-match
 -27617 [Forwarding findElement on session 343d0c94-0b98-4921-996e-ca445c47f566 to remote] DEBUG org.apache.http.client.protocol.RequestAuthCache  - Auth cache not set in the context
 -27618 [Forwarding findElement on session 343d0c94-0b98-4921-996e-ca445c47f566 to remote] DEBUG org.apache.http.impl.conn.PoolingHttpClientConnectionManager  - Connection request: [route: {}->http://127.0.0.1:7055][total kept alive: 0; route allocated: 0 of 2000; total allocated: 0 of 2000]
 -27618 [Forwarding findElement on session 343d0c94-0b98-4921-996e-ca445c47f566 to remote] DEBUG org.apache.http.impl.conn.PoolingHttpClientConnectionManager  - Connection leased: [id: 21][route: {}->http://127.0.0.1:7055][total kept alive: 0; route allocated: 1 of 2000; total allocated: 1 of 2000]
 -27618 [Forwarding findElement on session 343d0c94-0b98-4921-996e-ca445c47f566 to remote] DEBUG org.apache.http.impl.execchain.MainClientExec  - Opening connection {}->http://127.0.0.1:7055
 -27618 [Forwarding findElement on session 343d0c94-0b98-4921-996e-ca445c47f566 to remote] DEBUG org.apache.http.impl.conn.HttpClientConnectionOperator  - Connecting to /127.0.0.1:7055
 -27619 [Forwarding findElement on session 343d0c94-0b98-4921-996e-ca445c47f566 to remote] DEBUG org.apache.http.impl.conn.HttpClientConnectionOperator  - Connection established 127.0.0.1:61719<->127.0.0.1:7055
 -27619 [Forwarding findElement on session 343d0c94-0b98-4921-996e-ca445c47f566 to remote] DEBUG org.apache.http.impl.execchain.MainClientExec  - Executing request POST /hub/session/343d0c94-0b98-4921-996e-ca445c47f566/element HTTP/1.1
 -27619 [Forwarding findElement on session 343d0c94-0b98-4921-996e-ca445c47f566 to remote] DEBUG org.apache.http.impl.execchain.MainClientExec  - Target auth state: UNCHALLENGED
 -27619 [Forwarding findElement on session 343d0c94-0b98-4921-996e-ca445c47f566 to remote] DEBUG org.apache.http.impl.execchain.MainClientExec  - Proxy auth state: UNCHALLENGED
 -27620 [Forwarding findElement on session 343d0c94-0b98-4921-996e-ca445c47f566 to remote] DEBUG org.apache.http.headers  - http-outgoing-21 >> POST /hub/session/343d0c94-0b98-4921-996e-ca445c47f566/element HTTP/1.1
 -27620 [Forwarding findElement on session 343d0c94-0b98-4921-996e-ca445c47f566 to remote] DEBUG org.apache.http.headers  - http-outgoing-21 >> Content-Type: application/json; charset=utf-8
 -27620 [Forwarding findElement on session 343d0c94-0b98-4921-996e-ca445c47f566 to remote] DEBUG org.apache.http.headers  - http-outgoing-21 >> Content-Length: 89
 -27620 [Forwarding findElement on session 343d0c94-0b98-4921-996e-ca445c47f566 to remote] DEBUG org.apache.http.headers  - http-outgoing-21 >> Host: 127.0.0.1:7055
 -27620 [Forwarding findElement on session 343d0c94-0b98-4921-996e-ca445c47f566 to remote] DEBUG org.apache.http.headers  - http-outgoing-21 >> Connection: Keep-Alive
 -27620 [Forwarding findElement on session 343d0c94-0b98-4921-996e-ca445c47f566 to remote] DEBUG org.apache.http.headers  - http-outgoing-21 >> User-Agent: Apache-HttpClient/4.3.6 (java 1.5)
 -27620 [Forwarding findElement on session 343d0c94-0b98-4921-996e-ca445c47f566 to remote] DEBUG org.apache.http.headers  - http-outgoing-21 >> Accept-Encoding: gzip,deflate
 -27620 [Forwarding findElement on session 343d0c94-0b98-4921-996e-ca445c47f566 to remote] DEBUG org.apache.http.wire  - http-outgoing-21 >> "POST /hub/session/343d0c94-0b98-4921-996e-ca445c47f566/element HTTP/1.1[\r][\n]"
 -27620 [Forwarding findElement on session 343d0c94-0b98-4921-996e-ca445c47f566 to remote] DEBUG org.apache.http.wire  - http-outgoing-21 >> "Content-Type: application/json; charset=utf-8[\r][\n]"
 -27620 [Forwarding findElement on session 343d0c94-0b98-4921-996e-ca445c47f566 to remote] DEBUG org.apache.http.wire  - http-outgoing-21 >> "Content-Length: 89[\r][\n]"
 -27621 [Forwarding findElement on session 343d0c94-0b98-4921-996e-ca445c47f566 to remote] DEBUG org.apache.http.wire  - http-outgoing-21 >> "Host: 127.0.0.1:7055[\r][\n]"
 -27621 [Forwarding findElement on session 343d0c94-0b98-4921-996e-ca445c47f566 to remote] DEBUG org.apache.http.wire  - http-outgoing-21 >> "Connection: Keep-Alive[\r][\n]"
 -27621 [Forwarding findElement on session 343d0c94-0b98-4921-996e-ca445c47f566 to remote] DEBUG org.apache.http.wire  - http-outgoing-21 >> "User-Agent: Apache-HttpClient/4.3.6 (java 1.5)[\r][\n]"
 -27621 [Forwarding findElement on session 343d0c94-0b98-4921-996e-ca445c47f566 to remote] DEBUG org.apache.http.wire  - http-outgoing-21 >> "Accept-Encoding: gzip,deflate[\r][\n]"
 -27621 [Forwarding findElement on session 343d0c94-0b98-4921-996e-ca445c47f566 to remote] DEBUG org.apache.http.wire  - http-outgoing-21 >> "[\r][\n]"
 -27621 [Forwarding findElement on session 343d0c94-0b98-4921-996e-ca445c47f566 to remote] DEBUG org.apache.http.wire  - http-outgoing-21 >> "{"using":"css selector","value":".service-navigation__dropdown>ul>li>a>span:not(.arrow)"}"
 -27663 [Forwarding findElement on session 343d0c94-0b98-4921-996e-ca445c47f566 to remote] DEBUG org.apache.http.wire  - http-outgoing-21 << "HTTP/1.1 500 Internal Server Error[\r][\n]"
 -27664 [Forwarding findElement on session 343d0c94-0b98-4921-996e-ca445c47f566 to remote] DEBUG org.apache.http.wire  - http-outgoing-21 << "content-type: application/json; charset=UTF-8[\r][\n]"
 -27664 [Forwarding findElement on session 343d0c94-0b98-4921-996e-ca445c47f566 to remote] DEBUG org.apache.http.wire  - http-outgoing-21 << "connection: close[\r][\n]"
 -27664 [Forwarding findElement on session 343d0c94-0b98-4921-996e-ca445c47f566 to remote] DEBUG org.apache.http.wire  - http-outgoing-21 << "content-length: 1469[\r][\n]"
 -27664 [Forwarding findElement on session 343d0c94-0b98-4921-996e-ca445c47f566 to remote] DEBUG org.apache.http.wire  - http-outgoing-21 << "server: httpd.js[\r][\n]"
 -27664 [Forwarding findElement on session 343d0c94-0b98-4921-996e-ca445c47f566 to remote] DEBUG org.apache.http.wire  - http-outgoing-21 << "date: Fri, 27 Jan 2017 06:44:32 GMT[\r][\n]"
 -27664 [Forwarding findElement on session 343d0c94-0b98-4921-996e-ca445c47f566 to remote] DEBUG org.apache.http.wire  - http-outgoing-21 << "[\r][\n]"
 -27664 [Forwarding findElement on session 343d0c94-0b98-4921-996e-ca445c47f566 to remote] DEBUG org.apache.http.headers  - http-outgoing-21 << HTTP/1.1 500 Internal Server Error
 -27664 [Forwarding findElement on session 343d0c94-0b98-4921-996e-ca445c47f566 to remote] DEBUG org.apache.http.headers  - http-outgoing-21 << content-type: application/json; charset=UTF-8
 -27665 [Forwarding findElement on session 343d0c94-0b98-4921-996e-ca445c47f566 to remote] DEBUG org.apache.http.headers  - http-outgoing-21 << connection: close
 -27665 [Forwarding findElement on session 343d0c94-0b98-4921-996e-ca445c47f566 to remote] DEBUG org.apache.http.headers  - http-outgoing-21 << content-length: 1469
 -27665 [Forwarding findElement on session 343d0c94-0b98-4921-996e-ca445c47f566 to remote] DEBUG org.apache.http.headers  - http-outgoing-21 << server: httpd.js
 -27665 [Forwarding findElement on session 343d0c94-0b98-4921-996e-ca445c47f566 to remote] DEBUG org.apache.http.headers  - http-outgoing-21 << date: Fri, 27 Jan 2017 06:44:32 GMT
 -27666 [Forwarding findElement on session 343d0c94-0b98-4921-996e-ca445c47f566 to remote] DEBUG org.apache.http.wire  - http-outgoing-21 << "{"name":"findElement","sessionId":"343d0c94-0b98-4921-996e-ca445c47f566","status":7,"value":{"message":"Unable to locate element: {\"method\":\"css selector\",\"selector\":\".service-navigation__dropdown>ul>li>a>span:not(.arrow)\"}","stackTrace":[{"methodName":"FirefoxDriver.prototype.findElementInternal_","fileName":"file:///C:/Users/rao08/AppData/Local/Temp/anonymous5941514134848211728webdriver-profile/extensions/fxdriver@googlecode.com/components/driver-component.js","lineNumber":10299},{"methodName":"FirefoxDriver.prototype.findElement","fileName":"file:///C:/Users/rao08/AppData/Local/Temp/anonymous5941514134848211728webdriver-profile/extensions/fxdriver@googlecode.com/components/driver-component.js","lineNumber":10308},{"methodName":"DelayedCommand.prototype.executeInternal_/h","fileName":"file:///C:/Users/rao08/AppData/Local/Temp/anonymous5941514134848211728webdriver-profile/extensions/fxdriver@googlecode.com/components/command-processor.js","lineNumber":12282},{"methodName":"DelayedCommand.prototype.executeInternal_","fileName":"file:///C:/Users/rao08/AppData/Local/Temp/anonymous5941514134848211728webdriver-profile/extensions/fxdriver@googlecode.com/components/command-processor.js","lineNumber":12287},{"methodName":"DelayedCommand.prototype.execute/<","fileName":"file:///C:/Users/rao08/AppData/Local/Temp/anonymous5941514134848211728webdriver-profile/extensions/fxdriver@googlecode.com/components/command-processor.js","lineNumber":12229}]}}"
 -27666 [Forwarding findElement on session 343d0c94-0b98-4921-996e-ca445c47f566 to remote] DEBUG org.apache.http.impl.conn.DefaultManagedHttpClientConnection  - http-outgoing-21: Shutdown connection
 -27666 [Forwarding findElement on session 343d0c94-0b98-4921-996e-ca445c47f566 to remote] DEBUG org.apache.http.impl.execchain.MainClientExec  - Connection discarded
 -27666 [Forwarding findElement on session 343d0c94-0b98-4921-996e-ca445c47f566 to remote] DEBUG org.apache.http.impl.conn.DefaultManagedHttpClientConnection  - http-outgoing-21: Close connection
 -27666 [Forwarding findElement on session 343d0c94-0b98-4921-996e-ca445c47f566 to remote] DEBUG org.apache.http.impl.conn.PoolingHttpClientConnectionManager  - Connection released: [id: 21][route: {}->http://127.0.0.1:7055][total kept alive: 0; route allocated: 0 of 2000; total allocated: 0 of 2000]
 -28172 [Forwarding findElement on session 343d0c94-0b98-4921-996e-ca445c47f566 to remote] DEBUG org.apache.http.client.protocol.RequestAddCookies  - CookieSpec selected: best-match
 -28172 [Forwarding findElement on session 343d0c94-0b98-4921-996e-ca445c47f566 to remote] DEBUG org.apache.http.client.protocol.RequestAuthCache  - Auth cache not set in the context
 -28172 [Forwarding findElement on session 343d0c94-0b98-4921-996e-ca445c47f566 to remote] DEBUG org.apache.http.impl.conn.PoolingHttpClientConnectionManager  - Connection request: [route: {}->http://127.0.0.1:7055][total kept alive: 0; route allocated: 0 of 2000; total allocated: 0 of 2000]
 -28172 [Forwarding findElement on session 343d0c94-0b98-4921-996e-ca445c47f566 to remote] DEBUG org.apache.http.impl.conn.PoolingHttpClientConnectionManager  - Connection leased: [id: 22][route: {}->http://127.0.0.1:7055][total kept alive: 0; route allocated: 1 of 2000; total allocated: 1 of 2000]
 -28172 [Forwarding findElement on session 343d0c94-0b98-4921-996e-ca445c47f566 to remote] DEBUG org.apache.http.impl.execchain.MainClientExec  - Opening connection {}->http://127.0.0.1:7055
 -28173 [Forwarding findElement on session 343d0c94-0b98-4921-996e-ca445c47f566 to remote] DEBUG org.apache.http.impl.conn.HttpClientConnectionOperator  - Connecting to /127.0.0.1:7055
 -28174 [Forwarding findElement on session 343d0c94-0b98-4921-996e-ca445c47f566 to remote] DEBUG org.apache.http.impl.conn.HttpClientConnectionOperator  - Connection established 127.0.0.1:61723<->127.0.0.1:7055
 -28174 [Forwarding findElement on session 343d0c94-0b98-4921-996e-ca445c47f566 to remote] DEBUG org.apache.http.impl.execchain.MainClientExec  - Executing request POST /hub/session/343d0c94-0b98-4921-996e-ca445c47f566/element HTTP/1.1
 -28174 [Forwarding findElement on session 343d0c94-0b98-4921-996e-ca445c47f566 to remote] DEBUG org.apache.http.impl.execchain.MainClientExec  - Target auth state: UNCHALLENGED
 -28175 [Forwarding findElement on session 343d0c94-0b98-4921-996e-ca445c47f566 to remote] DEBUG org.apache.http.impl.execchain.MainClientExec  - Proxy auth state: UNCHALLENGED
 -28175 [Forwarding findElement on session 343d0c94-0b98-4921-996e-ca445c47f566 to remote] DEBUG org.apache.http.headers  - http-outgoing-22 >> POST /hub/session/343d0c94-0b98-4921-996e-ca445c47f566/element HTTP/1.1
 -28175 [Forwarding findElement on session 343d0c94-0b98-4921-996e-ca445c47f566 to remote] DEBUG org.apache.http.headers  - http-outgoing-22 >> Content-Type: application/json; charset=utf-8
 -28175 [Forwarding findElement on session 343d0c94-0b98-4921-996e-ca445c47f566 to remote] DEBUG org.apache.http.headers  - http-outgoing-22 >> Content-Length: 89
 -28175 [Forwarding findElement on session 343d0c94-0b98-4921-996e-ca445c47f566 to remote] DEBUG org.apache.http.headers  - http-outgoing-22 >> Host: 127.0.0.1:7055
 -28175 [Forwarding findElement on session 343d0c94-0b98-4921-996e-ca445c47f566 to remote] DEBUG org.apache.http.headers  - http-outgoing-22 >> Connection: Keep-Alive
 -28175 [Forwarding findElement on session 343d0c94-0b98-4921-996e-ca445c47f566 to remote] DEBUG org.apache.http.headers  - http-outgoing-22 >> User-Agent: Apache-HttpClient/4.3.6 (java 1.5)
 -28176 [Forwarding findElement on session 343d0c94-0b98-4921-996e-ca445c47f566 to remote] DEBUG org.apache.http.headers  - http-outgoing-22 >> Accept-Encoding: gzip,deflate
 -28176 [Forwarding findElement on session 343d0c94-0b98-4921-996e-ca445c47f566 to remote] DEBUG org.apache.http.wire  - http-outgoing-22 >> "POST /hub/session/343d0c94-0b98-4921-996e-ca445c47f566/element HTTP/1.1[\r][\n]"
 -28176 [Forwarding findElement on session 343d0c94-0b98-4921-996e-ca445c47f566 to remote] DEBUG org.apache.http.wire  - http-outgoing-22 >> "Content-Type: application/json; charset=utf-8[\r][\n]"
 -28176 [Forwarding findElement on session 343d0c94-0b98-4921-996e-ca445c47f566 to remote] DEBUG org.apache.http.wire  - http-outgoing-22 >> "Content-Length: 89[\r][\n]"
 -28176 [Forwarding findElement on session 343d0c94-0b98-4921-996e-ca445c47f566 to remote] DEBUG org.apache.http.wire  - http-outgoing-22 >> "Host: 127.0.0.1:7055[\r][\n]"
 -28176 [Forwarding findElement on session 343d0c94-0b98-4921-996e-ca445c47f566 to remote] DEBUG org.apache.http.wire  - http-outgoing-22 >> "Connection: Keep-Alive[\r][\n]"
 -28176 [Forwarding findElement on session 343d0c94-0b98-4921-996e-ca445c47f566 to remote] DEBUG org.apache.http.wire  - http-outgoing-22 >> "User-Agent: Apache-HttpClient/4.3.6 (java 1.5)[\r][\n]"
 -28176 [Forwarding findElement on session 343d0c94-0b98-4921-996e-ca445c47f566 to remote] DEBUG org.apache.http.wire  - http-outgoing-22 >> "Accept-Encoding: gzip,deflate[\r][\n]"
 -28176 [Forwarding findElement on session 343d0c94-0b98-4921-996e-ca445c47f566 to remote] DEBUG org.apache.http.wire  - http-outgoing-22 >> "[\r][\n]"
 -28176 [Forwarding findElement on session 343d0c94-0b98-4921-996e-ca445c47f566 to remote] DEBUG org.apache.http.wire  - http-outgoing-22 >> "{"using":"css selector","value":".service-navigation__dropdown>ul>li>a>span:not(.arrow)"}"
 -28219 [Forwarding findElement on session 343d0c94-0b98-4921-996e-ca445c47f566 to remote] DEBUG org.apache.http.wire  - http-outgoing-22 << "HTTP/1.1 500 Internal Server Error[\r][\n]"
 -28219 [Forwarding findElement on session 343d0c94-0b98-4921-996e-ca445c47f566 to remote] DEBUG org.apache.http.wire  - http-outgoing-22 << "content-type: application/json; charset=UTF-8[\r][\n]"
 -28219 [Forwarding findElement on session 343d0c94-0b98-4921-996e-ca445c47f566 to remote] DEBUG org.apache.http.wire  - http-outgoing-22 << "connection: close[\r][\n]"
 -28219 [Forwarding findElement on session 343d0c94-0b98-4921-996e-ca445c47f566 to remote] DEBUG org.apache.http.wire  - http-outgoing-22 << "content-length: 1469[\r][\n]"
 -28219 [Forwarding findElement on session 343d0c94-0b98-4921-996e-ca445c47f566 to remote] DEBUG org.apache.http.wire  - http-outgoing-22 << "server: httpd.js[\r][\n]"
 -28219 [Forwarding findElement on session 343d0c94-0b98-4921-996e-ca445c47f566 to remote] DEBUG org.apache.http.wire  - http-outgoing-22 << "date: Fri, 27 Jan 2017 06:44:32 GMT[\r][\n]"
 -28219 [Forwarding findElement on session 343d0c94-0b98-4921-996e-ca445c47f566 to remote] DEBUG org.apache.http.wire  - http-outgoing-22 << "[\r][\n]"
 -28220 [Forwarding findElement on session 343d0c94-0b98-4921-996e-ca445c47f566 to remote] DEBUG org.apache.http.headers  - http-outgoing-22 << HTTP/1.1 500 Internal Server Error
 -28220 [Forwarding findElement on session 343d0c94-0b98-4921-996e-ca445c47f566 to remote] DEBUG org.apache.http.headers  - http-outgoing-22 << content-type: application/json; charset=UTF-8
 -28220 [Forwarding findElement on session 343d0c94-0b98-4921-996e-ca445c47f566 to remote] DEBUG org.apache.http.headers  - http-outgoing-22 << connection: close
 -28220 [Forwarding findElement on session 343d0c94-0b98-4921-996e-ca445c47f566 to remote] DEBUG org.apache.http.headers  - http-outgoing-22 << content-length: 1469
 -28220 [Forwarding findElement on session 343d0c94-0b98-4921-996e-ca445c47f566 to remote] DEBUG org.apache.http.headers  - http-outgoing-22 << server: httpd.js
 -28220 [Forwarding findElement on session 343d0c94-0b98-4921-996e-ca445c47f566 to remote] DEBUG org.apache.http.headers  - http-outgoing-22 << date: Fri, 27 Jan 2017 06:44:32 GMT
 -28221 [Forwarding findElement on session 343d0c94-0b98-4921-996e-ca445c47f566 to remote] DEBUG org.apache.http.wire  - http-outgoing-22 << "{"name":"findElement","sessionId":"343d0c94-0b98-4921-996e-ca445c47f566","status":7,"value":{"message":"Unable to locate element: {\"method\":\"css selector\",\"selector\":\".service-navigation__dropdown>ul>li>a>span:not(.arrow)\"}","stackTrace":[{"methodName":"FirefoxDriver.prototype.findElementInternal_","fileName":"file:///C:/Users/rao08/AppData/Local/Temp/anonymous5941514134848211728webdriver-profile/extensions/fxdriver@googlecode.com/components/driver-component.js","lineNumber":10299},{"methodName":"FirefoxDriver.prototype.findElement","fileName":"file:///C:/Users/rao08/AppData/Local/Temp/anonymous5941514134848211728webdriver-profile/extensions/fxdriver@googlecode.com/components/driver-component.js","lineNumber":10308},{"methodName":"DelayedCommand.prototype.executeInternal_/h","fileName":"file:///C:/Users/rao08/AppData/Local/Temp/anonymous5941514134848211728webdriver-profile/extensions/fxdriver@googlecode.com/components/command-processor.js","lineNumber":12282},{"methodName":"DelayedCommand.prototype.executeInternal_","fileName":"file:///C:/Users/rao08/AppData/Local/Temp/anonymous5941514134848211728webdriver-profile/extensions/fxdriver@googlecode.com/components/command-processor.js","lineNumber":12287},{"methodName":"DelayedCommand.prototype.execute/<","fileName":"file:///C:/Users/rao08/AppData/Local/Temp/anonymous5941514134848211728webdriver-profile/extensions/fxdriver@googlecode.com/components/command-processor.js","lineNumber":12229}]}}"
 -28221 [Forwarding findElement on session 343d0c94-0b98-4921-996e-ca445c47f566 to remote] DEBUG org.apache.http.impl.conn.DefaultManagedHttpClientConnection  - http-outgoing-22: Shutdown connection
 -28221 [Forwarding findElement on session 343d0c94-0b98-4921-996e-ca445c47f566 to remote] DEBUG org.apache.http.impl.execchain.MainClientExec  - Connection discarded
 -28221 [Forwarding findElement on session 343d0c94-0b98-4921-996e-ca445c47f566 to remote] DEBUG org.apache.http.impl.conn.DefaultManagedHttpClientConnection  - http-outgoing-22: Close connection
 -28221 [Forwarding findElement on session 343d0c94-0b98-4921-996e-ca445c47f566 to remote] DEBUG org.apache.http.impl.conn.PoolingHttpClientConnectionManager  - Connection released: [id: 22][route: {}->http://127.0.0.1:7055][total kept alive: 0; route allocated: 0 of 2000; total allocated: 0 of 2000]
 -28727 [Forwarding findElement on session 343d0c94-0b98-4921-996e-ca445c47f566 to remote] DEBUG org.apache.http.client.protocol.RequestAddCookies  - CookieSpec selected: best-match
 -28727 [Forwarding findElement on session 343d0c94-0b98-4921-996e-ca445c47f566 to remote] DEBUG org.apache.http.client.protocol.RequestAuthCache  - Auth cache not set in the context
 -28727 [Forwarding findElement on session 343d0c94-0b98-4921-996e-ca445c47f566 to remote] DEBUG org.apache.http.impl.conn.PoolingHttpClientConnectionManager  - Connection request: [route: {}->http://127.0.0.1:7055][total kept alive: 0; route allocated: 0 of 2000; total allocated: 0 of 2000]
 -28728 [Forwarding findElement on session 343d0c94-0b98-4921-996e-ca445c47f566 to remote] DEBUG org.apache.http.impl.conn.PoolingHttpClientConnectionManager  - Connection leased: [id: 23][route: {}->http://127.0.0.1:7055][total kept alive: 0; route allocated: 1 of 2000; total allocated: 1 of 2000]
 -28728 [Forwarding findElement on session 343d0c94-0b98-4921-996e-ca445c47f566 to remote] DEBUG org.apache.http.impl.execchain.MainClientExec  - Opening connection {}->http://127.0.0.1:7055
 -28728 [Forwarding findElement on session 343d0c94-0b98-4921-996e-ca445c47f566 to remote] DEBUG org.apache.http.impl.conn.HttpClientConnectionOperator  - Connecting to /127.0.0.1:7055
 -28729 [Forwarding findElement on session 343d0c94-0b98-4921-996e-ca445c47f566 to remote] DEBUG org.apache.http.impl.conn.HttpClientConnectionOperator  - Connection established 127.0.0.1:61728<->127.0.0.1:7055
 -28729 [Forwarding findElement on session 343d0c94-0b98-4921-996e-ca445c47f566 to remote] DEBUG org.apache.http.impl.execchain.MainClientExec  - Executing request POST /hub/session/343d0c94-0b98-4921-996e-ca445c47f566/element HTTP/1.1
 -28729 [Forwarding findElement on session 343d0c94-0b98-4921-996e-ca445c47f566 to remote] DEBUG org.apache.http.impl.execchain.MainClientExec  - Target auth state: UNCHALLENGED
 -28729 [Forwarding findElement on session 343d0c94-0b98-4921-996e-ca445c47f566 to remote] DEBUG org.apache.http.impl.execchain.MainClientExec  - Proxy auth state: UNCHALLENGED
 -28730 [Forwarding findElement on session 343d0c94-0b98-4921-996e-ca445c47f566 to remote] DEBUG org.apache.http.headers  - http-outgoing-23 >> POST /hub/session/343d0c94-0b98-4921-996e-ca445c47f566/element HTTP/1.1
 -28730 [Forwarding findElement on session 343d0c94-0b98-4921-996e-ca445c47f566 to remote] DEBUG org.apache.http.headers  - http-outgoing-23 >> Content-Type: application/json; charset=utf-8
 -28730 [Forwarding findElement on session 343d0c94-0b98-4921-996e-ca445c47f566 to remote] DEBUG org.apache.http.headers  - http-outgoing-23 >> Content-Length: 89
 -28730 [Forwarding findElement on session 343d0c94-0b98-4921-996e-ca445c47f566 to remote] DEBUG org.apache.http.headers  - http-outgoing-23 >> Host: 127.0.0.1:7055
 -28731 [Forwarding findElement on session 343d0c94-0b98-4921-996e-ca445c47f566 to remote] DEBUG org.apache.http.headers  - http-outgoing-23 >> Connection: Keep-Alive
 -28731 [Forwarding findElement on session 343d0c94-0b98-4921-996e-ca445c47f566 to remote] DEBUG org.apache.http.headers  - http-outgoing-23 >> User-Agent: Apache-HttpClient/4.3.6 (java 1.5)
 -28731 [Forwarding findElement on session 343d0c94-0b98-4921-996e-ca445c47f566 to remote] DEBUG org.apache.http.headers  - http-outgoing-23 >> Accept-Encoding: gzip,deflate
 -28731 [Forwarding findElement on session 343d0c94-0b98-4921-996e-ca445c47f566 to remote] DEBUG org.apache.http.wire  - http-outgoing-23 >> "POST /hub/session/343d0c94-0b98-4921-996e-ca445c47f566/element HTTP/1.1[\r][\n]"
 -28731 [Forwarding findElement on session 343d0c94-0b98-4921-996e-ca445c47f566 to remote] DEBUG org.apache.http.wire  - http-outgoing-23 >> "Content-Type: application/json; charset=utf-8[\r][\n]"
 -28731 [Forwarding findElement on session 343d0c94-0b98-4921-996e-ca445c47f566 to remote] DEBUG org.apache.http.wire  - http-outgoing-23 >> "Content-Length: 89[\r][\n]"
 -28731 [Forwarding findElement on session 343d0c94-0b98-4921-996e-ca445c47f566 to remote] DEBUG org.apache.http.wire  - http-outgoing-23 >> "Host: 127.0.0.1:7055[\r][\n]"
 -28731 [Forwarding findElement on session 343d0c94-0b98-4921-996e-ca445c47f566 to remote] DEBUG org.apache.http.wire  - http-outgoing-23 >> "Connection: Keep-Alive[\r][\n]"
 -28731 [Forwarding findElement on session 343d0c94-0b98-4921-996e-ca445c47f566 to remote] DEBUG org.apache.http.wire  - http-outgoing-23 >> "User-Agent: Apache-HttpClient/4.3.6 (java 1.5)[\r][\n]"
 -28731 [Forwarding findElement on session 343d0c94-0b98-4921-996e-ca445c47f566 to remote] DEBUG org.apache.http.wire  - http-outgoing-23 >> "Accept-Encoding: gzip,deflate[\r][\n]"
 -28731 [Forwarding findElement on session 343d0c94-0b98-4921-996e-ca445c47f566 to remote] DEBUG org.apache.http.wire  - http-outgoing-23 >> "[\r][\n]"
 -28731 [Forwarding findElement on session 343d0c94-0b98-4921-996e-ca445c47f566 to remote] DEBUG org.apache.http.wire  - http-outgoing-23 >> "{"using":"css selector","value":".service-navigation__dropdown>ul>li>a>span:not(.arrow)"}"
 -28775 [Forwarding findElement on session 343d0c94-0b98-4921-996e-ca445c47f566 to remote] DEBUG org.apache.http.wire  - http-outgoing-23 << "HTTP/1.1 500 Internal Server Error[\r][\n]"
 -28775 [Forwarding findElement on session 343d0c94-0b98-4921-996e-ca445c47f566 to remote] DEBUG org.apache.http.wire  - http-outgoing-23 << "content-type: application/json; charset=UTF-8[\r][\n]"
 -28775 [Forwarding findElement on session 343d0c94-0b98-4921-996e-ca445c47f566 to remote] DEBUG org.apache.http.wire  - http-outgoing-23 << "connection: close[\r][\n]"
 -28775 [Forwarding findElement on session 343d0c94-0b98-4921-996e-ca445c47f566 to remote] DEBUG org.apache.http.wire  - http-outgoing-23 << "content-length: 1469[\r][\n]"
 -28775 [Forwarding findElement on session 343d0c94-0b98-4921-996e-ca445c47f566 to remote] DEBUG org.apache.http.wire  - http-outgoing-23 << "server: httpd.js[\r][\n]"
 -28775 [Forwarding findElement on session 343d0c94-0b98-4921-996e-ca445c47f566 to remote] DEBUG org.apache.http.wire  - http-outgoing-23 << "date: Fri, 27 Jan 2017 06:44:33 GMT[\r][\n]"
 -28775 [Forwarding findElement on session 343d0c94-0b98-4921-996e-ca445c47f566 to remote] DEBUG org.apache.http.wire  - http-outgoing-23 << "[\r][\n]"
 -28775 [Forwarding findElement on session 343d0c94-0b98-4921-996e-ca445c47f566 to remote] DEBUG org.apache.http.headers  - http-outgoing-23 << HTTP/1.1 500 Internal Server Error
 -28775 [Forwarding findElement on session 343d0c94-0b98-4921-996e-ca445c47f566 to remote] DEBUG org.apache.http.headers  - http-outgoing-23 << content-type: application/json; charset=UTF-8
 -28776 [Forwarding findElement on session 343d0c94-0b98-4921-996e-ca445c47f566 to remote] DEBUG org.apache.http.headers  - http-outgoing-23 << connection: close
 -28776 [Forwarding findElement on session 343d0c94-0b98-4921-996e-ca445c47f566 to remote] DEBUG org.apache.http.headers  - http-outgoing-23 << content-length: 1469
 -28776 [Forwarding findElement on session 343d0c94-0b98-4921-996e-ca445c47f566 to remote] DEBUG org.apache.http.headers  - http-outgoing-23 << server: httpd.js
 -28776 [Forwarding findElement on session 343d0c94-0b98-4921-996e-ca445c47f566 to remote] DEBUG org.apache.http.headers  - http-outgoing-23 << date: Fri, 27 Jan 2017 06:44:33 GMT
 -28777 [Forwarding findElement on session 343d0c94-0b98-4921-996e-ca445c47f566 to remote] DEBUG org.apache.http.wire  - http-outgoing-23 << "{"name":"findElement","sessionId":"343d0c94-0b98-4921-996e-ca445c47f566","status":7,"value":{"message":"Unable to locate element: {\"method\":\"css selector\",\"selector\":\".service-navigation__dropdown>ul>li>a>span:not(.arrow)\"}","stackTrace":[{"methodName":"FirefoxDriver.prototype.findElementInternal_","fileName":"file:///C:/Users/rao08/AppData/Local/Temp/anonymous5941514134848211728webdriver-profile/extensions/fxdriver@googlecode.com/components/driver-component.js","lineNumber":10299},{"methodName":"FirefoxDriver.prototype.findElement","fileName":"file:///C:/Users/rao08/AppData/Local/Temp/anonymous5941514134848211728webdriver-profile/extensions/fxdriver@googlecode.com/components/driver-component.js","lineNumber":10308},{"methodName":"DelayedCommand.prototype.executeInternal_/h","fileName":"file:///C:/Users/rao08/AppData/Local/Temp/anonymous5941514134848211728webdriver-profile/extensions/fxdriver@googlecode.com/components/command-processor.js","lineNumber":12282},{"methodName":"DelayedCommand.prototype.executeInternal_","fileName":"file:///C:/Users/rao08/AppData/Local/Temp/anonymous5941514134848211728webdriver-profile/extensions/fxdriver@googlecode.com/components/command-processor.js","lineNumber":12287},{"methodName":"DelayedCommand.prototype.execute/<","fileName":"file:///C:/Users/rao08/AppData/Local/Temp/anonymous5941514134848211728webdriver-profile/extensions/fxdriver@googlecode.com/components/command-processor.js","lineNumber":12229}]}}"
 -28777 [Forwarding findElement on session 343d0c94-0b98-4921-996e-ca445c47f566 to remote] DEBUG org.apache.http.impl.conn.DefaultManagedHttpClientConnection  - http-outgoing-23: Shutdown connection
 -28777 [Forwarding findElement on session 343d0c94-0b98-4921-996e-ca445c47f566 to remote] DEBUG org.apache.http.impl.execchain.MainClientExec  - Connection discarded
 -28777 [Forwarding findElement on session 343d0c94-0b98-4921-996e-ca445c47f566 to remote] DEBUG org.apache.http.impl.conn.DefaultManagedHttpClientConnection  - http-outgoing-23: Close connection
 -28777 [Forwarding findElement on session 343d0c94-0b98-4921-996e-ca445c47f566 to remote] DEBUG org.apache.http.impl.conn.PoolingHttpClientConnectionManager  - Connection released: [id: 23][route: {}->http://127.0.0.1:7055][total kept alive: 0; route allocated: 0 of 2000; total allocated: 0 of 2000]
 -29283 [Forwarding findElement on session 343d0c94-0b98-4921-996e-ca445c47f566 to remote] DEBUG org.apache.http.client.protocol.RequestAddCookies  - CookieSpec selected: best-match
 -29283 [Forwarding findElement on session 343d0c94-0b98-4921-996e-ca445c47f566 to remote] DEBUG org.apache.http.client.protocol.RequestAuthCache  - Auth cache not set in the context
 -29284 [Forwarding findElement on session 343d0c94-0b98-4921-996e-ca445c47f566 to remote] DEBUG org.apache.http.impl.conn.PoolingHttpClientConnectionManager  - Connection request: [route: {}->http://127.0.0.1:7055][total kept alive: 0; route allocated: 0 of 2000; total allocated: 0 of 2000]
 -29284 [Forwarding findElement on session 343d0c94-0b98-4921-996e-ca445c47f566 to remote] DEBUG org.apache.http.impl.conn.PoolingHttpClientConnectionManager  - Connection leased: [id: 24][route: {}->http://127.0.0.1:7055][total kept alive: 0; route allocated: 1 of 2000; total allocated: 1 of 2000]
 -29284 [Forwarding findElement on session 343d0c94-0b98-4921-996e-ca445c47f566 to remote] DEBUG org.apache.http.impl.execchain.MainClientExec  - Opening connection {}->http://127.0.0.1:7055
 -29284 [Forwarding findElement on session 343d0c94-0b98-4921-996e-ca445c47f566 to remote] DEBUG org.apache.http.impl.conn.HttpClientConnectionOperator  - Connecting to /127.0.0.1:7055
 -29285 [Forwarding findElement on session 343d0c94-0b98-4921-996e-ca445c47f566 to remote] DEBUG org.apache.http.impl.conn.HttpClientConnectionOperator  - Connection established 127.0.0.1:61732<->127.0.0.1:7055
 -29286 [Forwarding findElement on session 343d0c94-0b98-4921-996e-ca445c47f566 to remote] DEBUG org.apache.http.impl.execchain.MainClientExec  - Executing request POST /hub/session/343d0c94-0b98-4921-996e-ca445c47f566/element HTTP/1.1
 -29286 [Forwarding findElement on session 343d0c94-0b98-4921-996e-ca445c47f566 to remote] DEBUG org.apache.http.impl.execchain.MainClientExec  - Target auth state: UNCHALLENGED
 -29286 [Forwarding findElement on session 343d0c94-0b98-4921-996e-ca445c47f566 to remote] DEBUG org.apache.http.impl.execchain.MainClientExec  - Proxy auth state: UNCHALLENGED
 -29287 [Forwarding findElement on session 343d0c94-0b98-4921-996e-ca445c47f566 to remote] DEBUG org.apache.http.headers  - http-outgoing-24 >> POST /hub/session/343d0c94-0b98-4921-996e-ca445c47f566/element HTTP/1.1
 -29287 [Forwarding findElement on session 343d0c94-0b98-4921-996e-ca445c47f566 to remote] DEBUG org.apache.http.headers  - http-outgoing-24 >> Content-Type: application/json; charset=utf-8
 -29287 [Forwarding findElement on session 343d0c94-0b98-4921-996e-ca445c47f566 to remote] DEBUG org.apache.http.headers  - http-outgoing-24 >> Content-Length: 89
 -29287 [Forwarding findElement on session 343d0c94-0b98-4921-996e-ca445c47f566 to remote] DEBUG org.apache.http.headers  - http-outgoing-24 >> Host: 127.0.0.1:7055
 -29287 [Forwarding findElement on session 343d0c94-0b98-4921-996e-ca445c47f566 to remote] DEBUG org.apache.http.headers  - http-outgoing-24 >> Connection: Keep-Alive
 -29288 [Forwarding findElement on session 343d0c94-0b98-4921-996e-ca445c47f566 to remote] DEBUG org.apache.http.headers  - http-outgoing-24 >> User-Agent: Apache-HttpClient/4.3.6 (java 1.5)
 -29288 [Forwarding findElement on session 343d0c94-0b98-4921-996e-ca445c47f566 to remote] DEBUG org.apache.http.headers  - http-outgoing-24 >> Accept-Encoding: gzip,deflate
 -29288 [Forwarding findElement on session 343d0c94-0b98-4921-996e-ca445c47f566 to remote] DEBUG org.apache.http.wire  - http-outgoing-24 >> "POST /hub/session/343d0c94-0b98-4921-996e-ca445c47f566/element HTTP/1.1[\r][\n]"
 -29288 [Forwarding findElement on session 343d0c94-0b98-4921-996e-ca445c47f566 to remote] DEBUG org.apache.http.wire  - http-outgoing-24 >> "Content-Type: application/json; charset=utf-8[\r][\n]"
 -29288 [Forwarding findElement on session 343d0c94-0b98-4921-996e-ca445c47f566 to remote] DEBUG org.apache.http.wire  - http-outgoing-24 >> "Content-Length: 89[\r][\n]"
 -29289 [Forwarding findElement on session 343d0c94-0b98-4921-996e-ca445c47f566 to remote] DEBUG org.apache.http.wire  - http-outgoing-24 >> "Host: 127.0.0.1:7055[\r][\n]"
 -29289 [Forwarding findElement on session 343d0c94-0b98-4921-996e-ca445c47f566 to remote] DEBUG org.apache.http.wire  - http-outgoing-24 >> "Connection: Keep-Alive[\r][\n]"
 -29289 [Forwarding findElement on session 343d0c94-0b98-4921-996e-ca445c47f566 to remote] DEBUG org.apache.http.wire  - http-outgoing-24 >> "User-Agent: Apache-HttpClient/4.3.6 (java 1.5)[\r][\n]"
 -29289 [Forwarding findElement on session 343d0c94-0b98-4921-996e-ca445c47f566 to remote] DEBUG org.apache.http.wire  - http-outgoing-24 >> "Accept-Encoding: gzip,deflate[\r][\n]"
 -29289 [Forwarding findElement on session 343d0c94-0b98-4921-996e-ca445c47f566 to remote] DEBUG org.apache.http.wire  - http-outgoing-24 >> "[\r][\n]"
 -29290 [Forwarding findElement on session 343d0c94-0b98-4921-996e-ca445c47f566 to remote] DEBUG org.apache.http.wire  - http-outgoing-24 >> "{"using":"css selector","value":".service-navigation__dropdown>ul>li>a>span:not(.arrow)"}"
 -29334 [Forwarding findElement on session 343d0c94-0b98-4921-996e-ca445c47f566 to remote] DEBUG org.apache.http.wire  - http-outgoing-24 << "HTTP/1.1 500 Internal Server Error[\r][\n]"
 -29334 [Forwarding findElement on session 343d0c94-0b98-4921-996e-ca445c47f566 to remote] DEBUG org.apache.http.wire  - http-outgoing-24 << "content-type: application/json; charset=UTF-8[\r][\n]"
 -29334 [Forwarding findElement on session 343d0c94-0b98-4921-996e-ca445c47f566 to remote] DEBUG org.apache.http.wire  - http-outgoing-24 << "connection: close[\r][\n]"
 -29334 [Forwarding findElement on session 343d0c94-0b98-4921-996e-ca445c47f566 to remote] DEBUG org.apache.http.wire  - http-outgoing-24 << "content-length: 1469[\r][\n]"
 -29334 [Forwarding findElement on session 343d0c94-0b98-4921-996e-ca445c47f566 to remote] DEBUG org.apache.http.wire  - http-outgoing-24 << "server: httpd.js[\r][\n]"
 -29334 [Forwarding findElement on session 343d0c94-0b98-4921-996e-ca445c47f566 to remote] DEBUG org.apache.http.wire  - http-outgoing-24 << "date: Fri, 27 Jan 2017 06:44:33 GMT[\r][\n]"
 -29334 [Forwarding findElement on session 343d0c94-0b98-4921-996e-ca445c47f566 to remote] DEBUG org.apache.http.wire  - http-outgoing-24 << "[\r][\n]"
 -29335 [Forwarding findElement on session 343d0c94-0b98-4921-996e-ca445c47f566 to remote] DEBUG org.apache.http.headers  - http-outgoing-24 << HTTP/1.1 500 Internal Server Error
 -29335 [Forwarding findElement on session 343d0c94-0b98-4921-996e-ca445c47f566 to remote] DEBUG org.apache.http.headers  - http-outgoing-24 << content-type: application/json; charset=UTF-8
 -29335 [Forwarding findElement on session 343d0c94-0b98-4921-996e-ca445c47f566 to remote] DEBUG org.apache.http.headers  - http-outgoing-24 << connection: close
 -29335 [Forwarding findElement on session 343d0c94-0b98-4921-996e-ca445c47f566 to remote] DEBUG org.apache.http.headers  - http-outgoing-24 << content-length: 1469
 -29335 [Forwarding findElement on session 343d0c94-0b98-4921-996e-ca445c47f566 to remote] DEBUG org.apache.http.headers  - http-outgoing-24 << server: httpd.js
 -29335 [Forwarding findElement on session 343d0c94-0b98-4921-996e-ca445c47f566 to remote] DEBUG org.apache.http.headers  - http-outgoing-24 << date: Fri, 27 Jan 2017 06:44:33 GMT
 -29336 [Forwarding findElement on session 343d0c94-0b98-4921-996e-ca445c47f566 to remote] DEBUG org.apache.http.wire  - http-outgoing-24 << "{"name":"findElement","sessionId":"343d0c94-0b98-4921-996e-ca445c47f566","status":7,"value":{"message":"Unable to locate element: {\"method\":\"css selector\",\"selector\":\".service-navigation__dropdown>ul>li>a>span:not(.arrow)\"}","stackTrace":[{"methodName":"FirefoxDriver.prototype.findElementInternal_","fileName":"file:///C:/Users/rao08/AppData/Local/Temp/anonymous5941514134848211728webdriver-profile/extensions/fxdriver@googlecode.com/components/driver-component.js","lineNumber":10299},{"methodName":"FirefoxDriver.prototype.findElement","fileName":"file:///C:/Users/rao08/AppData/Local/Temp/anonymous5941514134848211728webdriver-profile/extensions/fxdriver@googlecode.com/components/driver-component.js","lineNumber":10308},{"methodName":"DelayedCommand.prototype.executeInternal_/h","fileName":"file:///C:/Users/rao08/AppData/Local/Temp/anonymous5941514134848211728webdriver-profile/extensions/fxdriver@googlecode.com/components/command-processor.js","lineNumber":12282},{"methodName":"DelayedCommand.prototype.executeInternal_","fileName":"file:///C:/Users/rao08/AppData/Local/Temp/anonymous5941514134848211728webdriver-profile/extensions/fxdriver@googlecode.com/components/command-processor.js","lineNumber":12287},{"methodName":"DelayedCommand.prototype.execute/<","fileName":"file:///C:/Users/rao08/AppData/Local/Temp/anonymous5941514134848211728webdriver-profile/extensions/fxdriver@googlecode.com/components/command-processor.js","lineNumber":12229}]}}"
 -29336 [Forwarding findElement on session 343d0c94-0b98-4921-996e-ca445c47f566 to remote] DEBUG org.apache.http.impl.conn.DefaultManagedHttpClientConnection  - http-outgoing-24: Shutdown connection
 -29336 [Forwarding findElement on session 343d0c94-0b98-4921-996e-ca445c47f566 to remote] DEBUG org.apache.http.impl.execchain.MainClientExec  - Connection discarded
 -29336 [Forwarding findElement on session 343d0c94-0b98-4921-996e-ca445c47f566 to remote] DEBUG org.apache.http.impl.conn.DefaultManagedHttpClientConnection  - http-outgoing-24: Close connection
 -29336 [Forwarding findElement on session 343d0c94-0b98-4921-996e-ca445c47f566 to remote] DEBUG org.apache.http.impl.conn.PoolingHttpClientConnectionManager  - Connection released: [id: 24][route: {}->http://127.0.0.1:7055][total kept alive: 0; route allocated: 0 of 2000; total allocated: 0 of 2000]
 -29842 [Forwarding findElement on session 343d0c94-0b98-4921-996e-ca445c47f566 to remote] DEBUG org.apache.http.client.protocol.RequestAddCookies  - CookieSpec selected: best-match
 -29842 [Forwarding findElement on session 343d0c94-0b98-4921-996e-ca445c47f566 to remote] DEBUG org.apache.http.client.protocol.RequestAuthCache  - Auth cache not set in the context
 -29842 [Forwarding findElement on session 343d0c94-0b98-4921-996e-ca445c47f566 to remote] DEBUG org.apache.http.impl.conn.PoolingHttpClientConnectionManager  - Connection request: [route: {}->http://127.0.0.1:7055][total kept alive: 0; route allocated: 0 of 2000; total allocated: 0 of 2000]
 -29843 [Forwarding findElement on session 343d0c94-0b98-4921-996e-ca445c47f566 to remote] DEBUG org.apache.http.impl.conn.PoolingHttpClientConnectionManager  - Connection leased: [id: 25][route: {}->http://127.0.0.1:7055][total kept alive: 0; route allocated: 1 of 2000; total allocated: 1 of 2000]
 -29843 [Forwarding findElement on session 343d0c94-0b98-4921-996e-ca445c47f566 to remote] DEBUG org.apache.http.impl.execchain.MainClientExec  - Opening connection {}->http://127.0.0.1:7055
 -29843 [Forwarding findElement on session 343d0c94-0b98-4921-996e-ca445c47f566 to remote] DEBUG org.apache.http.impl.conn.HttpClientConnectionOperator  - Connecting to /127.0.0.1:7055
 -29844 [Forwarding findElement on session 343d0c94-0b98-4921-996e-ca445c47f566 to remote] DEBUG org.apache.http.impl.conn.HttpClientConnectionOperator  - Connection established 127.0.0.1:61739<->127.0.0.1:7055
 -29844 [Forwarding findElement on session 343d0c94-0b98-4921-996e-ca445c47f566 to remote] DEBUG org.apache.http.impl.execchain.MainClientExec  - Executing request POST /hub/session/343d0c94-0b98-4921-996e-ca445c47f566/element HTTP/1.1
 -29844 [Forwarding findElement on session 343d0c94-0b98-4921-996e-ca445c47f566 to remote] DEBUG org.apache.http.impl.execchain.MainClientExec  - Target auth state: UNCHALLENGED
 -29844 [Forwarding findElement on session 343d0c94-0b98-4921-996e-ca445c47f566 to remote] DEBUG org.apache.http.impl.execchain.MainClientExec  - Proxy auth state: UNCHALLENGED
 -29844 [Forwarding findElement on session 343d0c94-0b98-4921-996e-ca445c47f566 to remote] DEBUG org.apache.http.headers  - http-outgoing-25 >> POST /hub/session/343d0c94-0b98-4921-996e-ca445c47f566/element HTTP/1.1
 -29845 [Forwarding findElement on session 343d0c94-0b98-4921-996e-ca445c47f566 to remote] DEBUG org.apache.http.headers  - http-outgoing-25 >> Content-Type: application/json; charset=utf-8
 -29845 [Forwarding findElement on session 343d0c94-0b98-4921-996e-ca445c47f566 to remote] DEBUG org.apache.http.headers  - http-outgoing-25 >> Content-Length: 89
 -29845 [Forwarding findElement on session 343d0c94-0b98-4921-996e-ca445c47f566 to remote] DEBUG org.apache.http.headers  - http-outgoing-25 >> Host: 127.0.0.1:7055
 -29845 [Forwarding findElement on session 343d0c94-0b98-4921-996e-ca445c47f566 to remote] DEBUG org.apache.http.headers  - http-outgoing-25 >> Connection: Keep-Alive
 -29845 [Forwarding findElement on session 343d0c94-0b98-4921-996e-ca445c47f566 to remote] DEBUG org.apache.http.headers  - http-outgoing-25 >> User-Agent: Apache-HttpClient/4.3.6 (java 1.5)
 -29845 [Forwarding findElement on session 343d0c94-0b98-4921-996e-ca445c47f566 to remote] DEBUG org.apache.http.headers  - http-outgoing-25 >> Accept-Encoding: gzip,deflate
 -29845 [Forwarding findElement on session 343d0c94-0b98-4921-996e-ca445c47f566 to remote] DEBUG org.apache.http.wire  - http-outgoing-25 >> "POST /hub/session/343d0c94-0b98-4921-996e-ca445c47f566/element HTTP/1.1[\r][\n]"
 -29845 [Forwarding findElement on session 343d0c94-0b98-4921-996e-ca445c47f566 to remote] DEBUG org.apache.http.wire  - http-outgoing-25 >> "Content-Type: application/json; charset=utf-8[\r][\n]"
 -29845 [Forwarding findElement on session 343d0c94-0b98-4921-996e-ca445c47f566 to remote] DEBUG org.apache.http.wire  - http-outgoing-25 >> "Content-Length: 89[\r][\n]"
 -29846 [Forwarding findElement on session 343d0c94-0b98-4921-996e-ca445c47f566 to remote] DEBUG org.apache.http.wire  - http-outgoing-25 >> "Host: 127.0.0.1:7055[\r][\n]"
 -29846 [Forwarding findElement on session 343d0c94-0b98-4921-996e-ca445c47f566 to remote] DEBUG org.apache.http.wire  - http-outgoing-25 >> "Connection: Keep-Alive[\r][\n]"
 -29846 [Forwarding findElement on session 343d0c94-0b98-4921-996e-ca445c47f566 to remote] DEBUG org.apache.http.wire  - http-outgoing-25 >> "User-Agent: Apache-HttpClient/4.3.6 (java 1.5)[\r][\n]"
 -29846 [Forwarding findElement on session 343d0c94-0b98-4921-996e-ca445c47f566 to remote] DEBUG org.apache.http.wire  - http-outgoing-25 >> "Accept-Encoding: gzip,deflate[\r][\n]"
 -29846 [Forwarding findElement on session 343d0c94-0b98-4921-996e-ca445c47f566 to remote] DEBUG org.apache.http.wire  - http-outgoing-25 >> "[\r][\n]"
 -29846 [Forwarding findElement on session 343d0c94-0b98-4921-996e-ca445c47f566 to remote] DEBUG org.apache.http.wire  - http-outgoing-25 >> "{"using":"css selector","value":".service-navigation__dropdown>ul>li>a>span:not(.arrow)"}"
 -29889 [Forwarding findElement on session 343d0c94-0b98-4921-996e-ca445c47f566 to remote] DEBUG org.apache.http.wire  - http-outgoing-25 << "HTTP/1.1 500 Internal Server Error[\r][\n]"
 -29890 [Forwarding findElement on session 343d0c94-0b98-4921-996e-ca445c47f566 to remote] DEBUG org.apache.http.wire  - http-outgoing-25 << "content-type: application/json; charset=UTF-8[\r][\n]"
 -29890 [Forwarding findElement on session 343d0c94-0b98-4921-996e-ca445c47f566 to remote] DEBUG org.apache.http.wire  - http-outgoing-25 << "connection: close[\r][\n]"
 -29890 [Forwarding findElement on session 343d0c94-0b98-4921-996e-ca445c47f566 to remote] DEBUG org.apache.http.wire  - http-outgoing-25 << "content-length: 1469[\r][\n]"
 -29890 [Forwarding findElement on session 343d0c94-0b98-4921-996e-ca445c47f566 to remote] DEBUG org.apache.http.wire  - http-outgoing-25 << "server: httpd.js[\r][\n]"
 -29890 [Forwarding findElement on session 343d0c94-0b98-4921-996e-ca445c47f566 to remote] DEBUG org.apache.http.wire  - http-outgoing-25 << "date: Fri, 27 Jan 2017 06:44:34 GMT[\r][\n]"
 -29890 [Forwarding findElement on session 343d0c94-0b98-4921-996e-ca445c47f566 to remote] DEBUG org.apache.http.wire  - http-outgoing-25 << "[\r][\n]"
 -29890 [Forwarding findElement on session 343d0c94-0b98-4921-996e-ca445c47f566 to remote] DEBUG org.apache.http.headers  - http-outgoing-25 << HTTP/1.1 500 Internal Server Error
 -29890 [Forwarding findElement on session 343d0c94-0b98-4921-996e-ca445c47f566 to remote] DEBUG org.apache.http.headers  - http-outgoing-25 << content-type: application/json; charset=UTF-8
 -29890 [Forwarding findElement on session 343d0c94-0b98-4921-996e-ca445c47f566 to remote] DEBUG org.apache.http.headers  - http-outgoing-25 << connection: close
 -29890 [Forwarding findElement on session 343d0c94-0b98-4921-996e-ca445c47f566 to remote] DEBUG org.apache.http.headers  - http-outgoing-25 << content-length: 1469
 -29891 [Forwarding findElement on session 343d0c94-0b98-4921-996e-ca445c47f566 to remote] DEBUG org.apache.http.headers  - http-outgoing-25 << server: httpd.js
 -29891 [Forwarding findElement on session 343d0c94-0b98-4921-996e-ca445c47f566 to remote] DEBUG org.apache.http.headers  - http-outgoing-25 << date: Fri, 27 Jan 2017 06:44:34 GMT
 -29891 [Forwarding findElement on session 343d0c94-0b98-4921-996e-ca445c47f566 to remote] DEBUG org.apache.http.wire  - http-outgoing-25 << "{"name":"findElement","sessionId":"343d0c94-0b98-4921-996e-ca445c47f566","status":7,"value":{"message":"Unable to locate element: {\"method\":\"css selector\",\"selector\":\".service-navigation__dropdown>ul>li>a>span:not(.arrow)\"}","stackTrace":[{"methodName":"FirefoxDriver.prototype.findElementInternal_","fileName":"file:///C:/Users/rao08/AppData/Local/Temp/anonymous5941514134848211728webdriver-profile/extensions/fxdriver@googlecode.com/components/driver-component.js","lineNumber":10299},{"methodName":"FirefoxDriver.prototype.findElement","fileName":"file:///C:/Users/rao08/AppData/Local/Temp/anonymous5941514134848211728webdriver-profile/extensions/fxdriver@googlecode.com/components/driver-component.js","lineNumber":10308},{"methodName":"DelayedCommand.prototype.executeInternal_/h","fileName":"file:///C:/Users/rao08/AppData/Local/Temp/anonymous5941514134848211728webdriver-profile/extensions/fxdriver@googlecode.com/components/command-processor.js","lineNumber":12282},{"methodName":"DelayedCommand.prototype.executeInternal_","fileName":"file:///C:/Users/rao08/AppData/Local/Temp/anonymous5941514134848211728webdriver-profile/extensions/fxdriver@googlecode.com/components/command-processor.js","lineNumber":12287},{"methodName":"DelayedCommand.prototype.execute/<","fileName":"file:///C:/Users/rao08/AppData/Local/Temp/anonymous5941514134848211728webdriver-profile/extensions/fxdriver@googlecode.com/components/command-processor.js","lineNumber":12229}]}}"
 -29891 [Forwarding findElement on session 343d0c94-0b98-4921-996e-ca445c47f566 to remote] DEBUG org.apache.http.impl.conn.DefaultManagedHttpClientConnection  - http-outgoing-25: Shutdown connection
 -29892 [Forwarding findElement on session 343d0c94-0b98-4921-996e-ca445c47f566 to remote] DEBUG org.apache.http.impl.execchain.MainClientExec  - Connection discarded
 -29892 [Forwarding findElement on session 343d0c94-0b98-4921-996e-ca445c47f566 to remote] DEBUG org.apache.http.impl.conn.DefaultManagedHttpClientConnection  - http-outgoing-25: Close connection
 -29892 [Forwarding findElement on session 343d0c94-0b98-4921-996e-ca445c47f566 to remote] DEBUG org.apache.http.impl.conn.PoolingHttpClientConnectionManager  - Connection released: [id: 25][route: {}->http://127.0.0.1:7055][total kept alive: 0; route allocated: 0 of 2000; total allocated: 0 of 2000]
 -30397 [Forwarding findElement on session 343d0c94-0b98-4921-996e-ca445c47f566 to remote] DEBUG org.apache.http.client.protocol.RequestAddCookies  - CookieSpec selected: best-match
 -30397 [Forwarding findElement on session 343d0c94-0b98-4921-996e-ca445c47f566 to remote] DEBUG org.apache.http.client.protocol.RequestAuthCache  - Auth cache not set in the context
 -30397 [Forwarding findElement on session 343d0c94-0b98-4921-996e-ca445c47f566 to remote] DEBUG org.apache.http.impl.conn.PoolingHttpClientConnectionManager  - Connection request: [route: {}->http://127.0.0.1:7055][total kept alive: 0; route allocated: 0 of 2000; total allocated: 0 of 2000]
 -30398 [Forwarding findElement on session 343d0c94-0b98-4921-996e-ca445c47f566 to remote] DEBUG org.apache.http.impl.conn.PoolingHttpClientConnectionManager  - Connection leased: [id: 26][route: {}->http://127.0.0.1:7055][total kept alive: 0; route allocated: 1 of 2000; total allocated: 1 of 2000]
 -30398 [Forwarding findElement on session 343d0c94-0b98-4921-996e-ca445c47f566 to remote] DEBUG org.apache.http.impl.execchain.MainClientExec  - Opening connection {}->http://127.0.0.1:7055
 -30398 [Forwarding findElement on session 343d0c94-0b98-4921-996e-ca445c47f566 to remote] DEBUG org.apache.http.impl.conn.HttpClientConnectionOperator  - Connecting to /127.0.0.1:7055
 -30399 [Forwarding findElement on session 343d0c94-0b98-4921-996e-ca445c47f566 to remote] DEBUG org.apache.http.impl.conn.HttpClientConnectionOperator  - Connection established 127.0.0.1:61743<->127.0.0.1:7055
 -30399 [Forwarding findElement on session 343d0c94-0b98-4921-996e-ca445c47f566 to remote] DEBUG org.apache.http.impl.execchain.MainClientExec  - Executing request POST /hub/session/343d0c94-0b98-4921-996e-ca445c47f566/element HTTP/1.1
 -30400 [Forwarding findElement on session 343d0c94-0b98-4921-996e-ca445c47f566 to remote] DEBUG org.apache.http.impl.execchain.MainClientExec  - Target auth state: UNCHALLENGED
 -30400 [Forwarding findElement on session 343d0c94-0b98-4921-996e-ca445c47f566 to remote] DEBUG org.apache.http.impl.execchain.MainClientExec  - Proxy auth state: UNCHALLENGED
 -30401 [Forwarding findElement on session 343d0c94-0b98-4921-996e-ca445c47f566 to remote] DEBUG org.apache.http.headers  - http-outgoing-26 >> POST /hub/session/343d0c94-0b98-4921-996e-ca445c47f566/element HTTP/1.1
 -30401 [Forwarding findElement on session 343d0c94-0b98-4921-996e-ca445c47f566 to remote] DEBUG org.apache.http.headers  - http-outgoing-26 >> Content-Type: application/json; charset=utf-8
 -30401 [Forwarding findElement on session 343d0c94-0b98-4921-996e-ca445c47f566 to remote] DEBUG org.apache.http.headers  - http-outgoing-26 >> Content-Length: 89
 -30401 [Forwarding findElement on session 343d0c94-0b98-4921-996e-ca445c47f566 to remote] DEBUG org.apache.http.headers  - http-outgoing-26 >> Host: 127.0.0.1:7055
 -30401 [Forwarding findElement on session 343d0c94-0b98-4921-996e-ca445c47f566 to remote] DEBUG org.apache.http.headers  - http-outgoing-26 >> Connection: Keep-Alive
 -30401 [Forwarding findElement on session 343d0c94-0b98-4921-996e-ca445c47f566 to remote] DEBUG org.apache.http.headers  - http-outgoing-26 >> User-Agent: Apache-HttpClient/4.3.6 (java 1.5)
 -30401 [Forwarding findElement on session 343d0c94-0b98-4921-996e-ca445c47f566 to remote] DEBUG org.apache.http.headers  - http-outgoing-26 >> Accept-Encoding: gzip,deflate
 -30401 [Forwarding findElement on session 343d0c94-0b98-4921-996e-ca445c47f566 to remote] DEBUG org.apache.http.wire  - http-outgoing-26 >> "POST /hub/session/343d0c94-0b98-4921-996e-ca445c47f566/element HTTP/1.1[\r][\n]"
 -30402 [Forwarding findElement on session 343d0c94-0b98-4921-996e-ca445c47f566 to remote] DEBUG org.apache.http.wire  - http-outgoing-26 >> "Content-Type: application/json; charset=utf-8[\r][\n]"
 -30402 [Forwarding findElement on session 343d0c94-0b98-4921-996e-ca445c47f566 to remote] DEBUG org.apache.http.wire  - http-outgoing-26 >> "Content-Length: 89[\r][\n]"
 -30402 [Forwarding findElement on session 343d0c94-0b98-4921-996e-ca445c47f566 to remote] DEBUG org.apache.http.wire  - http-outgoing-26 >> "Host: 127.0.0.1:7055[\r][\n]"
 -30402 [Forwarding findElement on session 343d0c94-0b98-4921-996e-ca445c47f566 to remote] DEBUG org.apache.http.wire  - http-outgoing-26 >> "Connection: Keep-Alive[\r][\n]"
 -30402 [Forwarding findElement on session 343d0c94-0b98-4921-996e-ca445c47f566 to remote] DEBUG org.apache.http.wire  - http-outgoing-26 >> "User-Agent: Apache-HttpClient/4.3.6 (java 1.5)[\r][\n]"
 -30402 [Forwarding findElement on session 343d0c94-0b98-4921-996e-ca445c47f566 to remote] DEBUG org.apache.http.wire  - http-outgoing-26 >> "Accept-Encoding: gzip,deflate[\r][\n]"
 -30402 [Forwarding findElement on session 343d0c94-0b98-4921-996e-ca445c47f566 to remote] DEBUG org.apache.http.wire  - http-outgoing-26 >> "[\r][\n]"
 -30402 [Forwarding findElement on session 343d0c94-0b98-4921-996e-ca445c47f566 to remote] DEBUG org.apache.http.wire  - http-outgoing-26 >> "{"using":"css selector","value":".service-navigation__dropdown>ul>li>a>span:not(.arrow)"}"
 -30446 [Forwarding findElement on session 343d0c94-0b98-4921-996e-ca445c47f566 to remote] DEBUG org.apache.http.wire  - http-outgoing-26 << "HTTP/1.1 500 Internal Server Error[\r][\n]"
 -30446 [Forwarding findElement on session 343d0c94-0b98-4921-996e-ca445c47f566 to remote] DEBUG org.apache.http.wire  - http-outgoing-26 << "content-type: application/json; charset=UTF-8[\r][\n]"
 -30446 [Forwarding findElement on session 343d0c94-0b98-4921-996e-ca445c47f566 to remote] DEBUG org.apache.http.wire  - http-outgoing-26 << "connection: close[\r][\n]"
 -30446 [Forwarding findElement on session 343d0c94-0b98-4921-996e-ca445c47f566 to remote] DEBUG org.apache.http.wire  - http-outgoing-26 << "content-length: 1469[\r][\n]"
 -30446 [Forwarding findElement on session 343d0c94-0b98-4921-996e-ca445c47f566 to remote] DEBUG org.apache.http.wire  - http-outgoing-26 << "server: httpd.js[\r][\n]"
 -30446 [Forwarding findElement on session 343d0c94-0b98-4921-996e-ca445c47f566 to remote] DEBUG org.apache.http.wire  - http-outgoing-26 << "date: Fri, 27 Jan 2017 06:44:35 GMT[\r][\n]"
 -30446 [Forwarding findElement on session 343d0c94-0b98-4921-996e-ca445c47f566 to remote] DEBUG org.apache.http.wire  - http-outgoing-26 << "[\r][\n]"
 -30447 [Forwarding findElement on session 343d0c94-0b98-4921-996e-ca445c47f566 to remote] DEBUG org.apache.http.headers  - http-outgoing-26 << HTTP/1.1 500 Internal Server Error
 -30447 [Forwarding findElement on session 343d0c94-0b98-4921-996e-ca445c47f566 to remote] DEBUG org.apache.http.headers  - http-outgoing-26 << content-type: application/json; charset=UTF-8
 -30447 [Forwarding findElement on session 343d0c94-0b98-4921-996e-ca445c47f566 to remote] DEBUG org.apache.http.headers  - http-outgoing-26 << connection: close
 -30447 [Forwarding findElement on session 343d0c94-0b98-4921-996e-ca445c47f566 to remote] DEBUG org.apache.http.headers  - http-outgoing-26 << content-length: 1469
 -30447 [Forwarding findElement on session 343d0c94-0b98-4921-996e-ca445c47f566 to remote] DEBUG org.apache.http.headers  - http-outgoing-26 << server: httpd.js
 -30447 [Forwarding findElement on session 343d0c94-0b98-4921-996e-ca445c47f566 to remote] DEBUG org.apache.http.headers  - http-outgoing-26 << date: Fri, 27 Jan 2017 06:44:35 GMT
 -30448 [Forwarding findElement on session 343d0c94-0b98-4921-996e-ca445c47f566 to remote] DEBUG org.apache.http.wire  - http-outgoing-26 << "{"name":"findElement","sessionId":"343d0c94-0b98-4921-996e-ca445c47f566","status":7,"value":{"message":"Unable to locate element: {\"method\":\"css selector\",\"selector\":\".service-navigation__dropdown>ul>li>a>span:not(.arrow)\"}","stackTrace":[{"methodName":"FirefoxDriver.prototype.findElementInternal_","fileName":"file:///C:/Users/rao08/AppData/Local/Temp/anonymous5941514134848211728webdriver-profile/extensions/fxdriver@googlecode.com/components/driver-component.js","lineNumber":10299},{"methodName":"FirefoxDriver.prototype.findElement","fileName":"file:///C:/Users/rao08/AppData/Local/Temp/anonymous5941514134848211728webdriver-profile/extensions/fxdriver@googlecode.com/components/driver-component.js","lineNumber":10308},{"methodName":"DelayedCommand.prototype.executeInternal_/h","fileName":"file:///C:/Users/rao08/AppData/Local/Temp/anonymous5941514134848211728webdriver-profile/extensions/fxdriver@googlecode.com/components/command-processor.js","lineNumber":12282},{"methodName":"DelayedCommand.prototype.executeInternal_","fileName":"file:///C:/Users/rao08/AppData/Local/Temp/anonymous5941514134848211728webdriver-profile/extensions/fxdriver@googlecode.com/components/command-processor.js","lineNumber":12287},{"methodName":"DelayedCommand.prototype.execute/<","fileName":"file:///C:/Users/rao08/AppData/Local/Temp/anonymous5941514134848211728webdriver-profile/extensions/fxdriver@googlecode.com/components/command-processor.js","lineNumber":12229}]}}"
 -30448 [Forwarding findElement on session 343d0c94-0b98-4921-996e-ca445c47f566 to remote] DEBUG org.apache.http.impl.conn.DefaultManagedHttpClientConnection  - http-outgoing-26: Shutdown connection
 -30448 [Forwarding findElement on session 343d0c94-0b98-4921-996e-ca445c47f566 to remote] DEBUG org.apache.http.impl.execchain.MainClientExec  - Connection discarded
 -30448 [Forwarding findElement on session 343d0c94-0b98-4921-996e-ca445c47f566 to remote] DEBUG org.apache.http.impl.conn.DefaultManagedHttpClientConnection  - http-outgoing-26: Close connection
 -30449 [Forwarding findElement on session 343d0c94-0b98-4921-996e-ca445c47f566 to remote] DEBUG org.apache.http.impl.conn.PoolingHttpClientConnectionManager  - Connection released: [id: 26][route: {}->http://127.0.0.1:7055][total kept alive: 0; route allocated: 0 of 2000; total allocated: 0 of 2000]
 -30954 [Forwarding findElement on session 343d0c94-0b98-4921-996e-ca445c47f566 to remote] DEBUG org.apache.http.client.protocol.RequestAddCookies  - CookieSpec selected: best-match
 -30954 [Forwarding findElement on session 343d0c94-0b98-4921-996e-ca445c47f566 to remote] DEBUG org.apache.http.client.protocol.RequestAuthCache  - Auth cache not set in the context
 -30954 [Forwarding findElement on session 343d0c94-0b98-4921-996e-ca445c47f566 to remote] DEBUG org.apache.http.impl.conn.PoolingHttpClientConnectionManager  - Connection request: [route: {}->http://127.0.0.1:7055][total kept alive: 0; route allocated: 0 of 2000; total allocated: 0 of 2000]
 -30955 [Forwarding findElement on session 343d0c94-0b98-4921-996e-ca445c47f566 to remote] DEBUG org.apache.http.impl.conn.PoolingHttpClientConnectionManager  - Connection leased: [id: 27][route: {}->http://127.0.0.1:7055][total kept alive: 0; route allocated: 1 of 2000; total allocated: 1 of 2000]
 -30955 [Forwarding findElement on session 343d0c94-0b98-4921-996e-ca445c47f566 to remote] DEBUG org.apache.http.impl.execchain.MainClientExec  - Opening connection {}->http://127.0.0.1:7055
 -30955 [Forwarding findElement on session 343d0c94-0b98-4921-996e-ca445c47f566 to remote] DEBUG org.apache.http.impl.conn.HttpClientConnectionOperator  - Connecting to /127.0.0.1:7055
 -30956 [Forwarding findElement on session 343d0c94-0b98-4921-996e-ca445c47f566 to remote] DEBUG org.apache.http.impl.conn.HttpClientConnectionOperator  - Connection established 127.0.0.1:61747<->127.0.0.1:7055
 -30956 [Forwarding findElement on session 343d0c94-0b98-4921-996e-ca445c47f566 to remote] DEBUG org.apache.http.impl.execchain.MainClientExec  - Executing request POST /hub/session/343d0c94-0b98-4921-996e-ca445c47f566/element HTTP/1.1
 -30956 [Forwarding findElement on session 343d0c94-0b98-4921-996e-ca445c47f566 to remote] DEBUG org.apache.http.impl.execchain.MainClientExec  - Target auth state: UNCHALLENGED
 -30956 [Forwarding findElement on session 343d0c94-0b98-4921-996e-ca445c47f566 to remote] DEBUG org.apache.http.impl.execchain.MainClientExec  - Proxy auth state: UNCHALLENGED
 -30957 [Forwarding findElement on session 343d0c94-0b98-4921-996e-ca445c47f566 to remote] DEBUG org.apache.http.headers  - http-outgoing-27 >> POST /hub/session/343d0c94-0b98-4921-996e-ca445c47f566/element HTTP/1.1
 -30957 [Forwarding findElement on session 343d0c94-0b98-4921-996e-ca445c47f566 to remote] DEBUG org.apache.http.headers  - http-outgoing-27 >> Content-Type: application/json; charset=utf-8
 -30957 [Forwarding findElement on session 343d0c94-0b98-4921-996e-ca445c47f566 to remote] DEBUG org.apache.http.headers  - http-outgoing-27 >> Content-Length: 89
 -30957 [Forwarding findElement on session 343d0c94-0b98-4921-996e-ca445c47f566 to remote] DEBUG org.apache.http.headers  - http-outgoing-27 >> Host: 127.0.0.1:7055
 -30957 [Forwarding findElement on session 343d0c94-0b98-4921-996e-ca445c47f566 to remote] DEBUG org.apache.http.headers  - http-outgoing-27 >> Connection: Keep-Alive
 -30957 [Forwarding findElement on session 343d0c94-0b98-4921-996e-ca445c47f566 to remote] DEBUG org.apache.http.headers  - http-outgoing-27 >> User-Agent: Apache-HttpClient/4.3.6 (java 1.5)
 -30957 [Forwarding findElement on session 343d0c94-0b98-4921-996e-ca445c47f566 to remote] DEBUG org.apache.http.headers  - http-outgoing-27 >> Accept-Encoding: gzip,deflate
 -30957 [Forwarding findElement on session 343d0c94-0b98-4921-996e-ca445c47f566 to remote] DEBUG org.apache.http.wire  - http-outgoing-27 >> "POST /hub/session/343d0c94-0b98-4921-996e-ca445c47f566/element HTTP/1.1[\r][\n]"
 -30957 [Forwarding findElement on session 343d0c94-0b98-4921-996e-ca445c47f566 to remote] DEBUG org.apache.http.wire  - http-outgoing-27 >> "Content-Type: application/json; charset=utf-8[\r][\n]"
 -30957 [Forwarding findElement on session 343d0c94-0b98-4921-996e-ca445c47f566 to remote] DEBUG org.apache.http.wire  - http-outgoing-27 >> "Content-Length: 89[\r][\n]"
 -30957 [Forwarding findElement on session 343d0c94-0b98-4921-996e-ca445c47f566 to remote] DEBUG org.apache.http.wire  - http-outgoing-27 >> "Host: 127.0.0.1:7055[\r][\n]"
 -30957 [Forwarding findElement on session 343d0c94-0b98-4921-996e-ca445c47f566 to remote] DEBUG org.apache.http.wire  - http-outgoing-27 >> "Connection: Keep-Alive[\r][\n]"
 -30958 [Forwarding findElement on session 343d0c94-0b98-4921-996e-ca445c47f566 to remote] DEBUG org.apache.http.wire  - http-outgoing-27 >> "User-Agent: Apache-HttpClient/4.3.6 (java 1.5)[\r][\n]"
 -30958 [Forwarding findElement on session 343d0c94-0b98-4921-996e-ca445c47f566 to remote] DEBUG org.apache.http.wire  - http-outgoing-27 >> "Accept-Encoding: gzip,deflate[\r][\n]"
 -30958 [Forwarding findElement on session 343d0c94-0b98-4921-996e-ca445c47f566 to remote] DEBUG org.apache.http.wire  - http-outgoing-27 >> "[\r][\n]"
 -30958 [Forwarding findElement on session 343d0c94-0b98-4921-996e-ca445c47f566 to remote] DEBUG org.apache.http.wire  - http-outgoing-27 >> "{"using":"css selector","value":".service-navigation__dropdown>ul>li>a>span:not(.arrow)"}"
 -31002 [Forwarding findElement on session 343d0c94-0b98-4921-996e-ca445c47f566 to remote] DEBUG org.apache.http.wire  - http-outgoing-27 << "HTTP/1.1 500 Internal Server Error[\r][\n]"
 -31002 [Forwarding findElement on session 343d0c94-0b98-4921-996e-ca445c47f566 to remote] DEBUG org.apache.http.wire  - http-outgoing-27 << "content-type: application/json; charset=UTF-8[\r][\n]"
 -31002 [Forwarding findElement on session 343d0c94-0b98-4921-996e-ca445c47f566 to remote] DEBUG org.apache.http.wire  - http-outgoing-27 << "connection: close[\r][\n]"
 -31002 [Forwarding findElement on session 343d0c94-0b98-4921-996e-ca445c47f566 to remote] DEBUG org.apache.http.wire  - http-outgoing-27 << "content-length: 1469[\r][\n]"
 -31002 [Forwarding findElement on session 343d0c94-0b98-4921-996e-ca445c47f566 to remote] DEBUG org.apache.http.wire  - http-outgoing-27 << "server: httpd.js[\r][\n]"
 -31002 [Forwarding findElement on session 343d0c94-0b98-4921-996e-ca445c47f566 to remote] DEBUG org.apache.http.wire  - http-outgoing-27 << "date: Fri, 27 Jan 2017 06:44:35 GMT[\r][\n]"
 -31002 [Forwarding findElement on session 343d0c94-0b98-4921-996e-ca445c47f566 to remote] DEBUG org.apache.http.wire  - http-outgoing-27 << "[\r][\n]"
 -31002 [Forwarding findElement on session 343d0c94-0b98-4921-996e-ca445c47f566 to remote] DEBUG org.apache.http.headers  - http-outgoing-27 << HTTP/1.1 500 Internal Server Error
 -31002 [Forwarding findElement on session 343d0c94-0b98-4921-996e-ca445c47f566 to remote] DEBUG org.apache.http.headers  - http-outgoing-27 << content-type: application/json; charset=UTF-8
 -31003 [Forwarding findElement on session 343d0c94-0b98-4921-996e-ca445c47f566 to remote] DEBUG org.apache.http.headers  - http-outgoing-27 << connection: close
 -31003 [Forwarding findElement on session 343d0c94-0b98-4921-996e-ca445c47f566 to remote] DEBUG org.apache.http.headers  - http-outgoing-27 << content-length: 1469
 -31003 [Forwarding findElement on session 343d0c94-0b98-4921-996e-ca445c47f566 to remote] DEBUG org.apache.http.headers  - http-outgoing-27 << server: httpd.js
 -31003 [Forwarding findElement on session 343d0c94-0b98-4921-996e-ca445c47f566 to remote] DEBUG org.apache.http.headers  - http-outgoing-27 << date: Fri, 27 Jan 2017 06:44:35 GMT
 -31004 [Forwarding findElement on session 343d0c94-0b98-4921-996e-ca445c47f566 to remote] DEBUG org.apache.http.wire  - http-outgoing-27 << "{"name":"findElement","sessionId":"343d0c94-0b98-4921-996e-ca445c47f566","status":7,"value":{"message":"Unable to locate element: {\"method\":\"css selector\",\"selector\":\".service-navigation__dropdown>ul>li>a>span:not(.arrow)\"}","stackTrace":[{"methodName":"FirefoxDriver.prototype.findElementInternal_","fileName":"file:///C:/Users/rao08/AppData/Local/Temp/anonymous5941514134848211728webdriver-profile/extensions/fxdriver@googlecode.com/components/driver-component.js","lineNumber":10299},{"methodName":"FirefoxDriver.prototype.findElement","fileName":"file:///C:/Users/rao08/AppData/Local/Temp/anonymous5941514134848211728webdriver-profile/extensions/fxdriver@googlecode.com/components/driver-component.js","lineNumber":10308},{"methodName":"DelayedCommand.prototype.executeInternal_/h","fileName":"file:///C:/Users/rao08/AppData/Local/Temp/anonymous5941514134848211728webdriver-profile/extensions/fxdriver@googlecode.com/components/command-processor.js","lineNumber":12282},{"methodName":"DelayedCommand.prototype.executeInternal_","fileName":"file:///C:/Users/rao08/AppData/Local/Temp/anonymous5941514134848211728webdriver-profile/extensions/fxdriver@googlecode.com/components/command-processor.js","lineNumber":12287},{"methodName":"DelayedCommand.prototype.execute/<","fileName":"file:///C:/Users/rao08/AppData/Local/Temp/anonymous5941514134848211728webdriver-profile/extensions/fxdriver@googlecode.com/components/command-processor.js","lineNumber":12229}]}}"
 -31004 [Forwarding findElement on session 343d0c94-0b98-4921-996e-ca445c47f566 to remote] DEBUG org.apache.http.impl.conn.DefaultManagedHttpClientConnection  - http-outgoing-27: Shutdown connection
 -31004 [Forwarding findElement on session 343d0c94-0b98-4921-996e-ca445c47f566 to remote] DEBUG org.apache.http.impl.execchain.MainClientExec  - Connection discarded
 -31004 [Forwarding findElement on session 343d0c94-0b98-4921-996e-ca445c47f566 to remote] DEBUG org.apache.http.impl.conn.DefaultManagedHttpClientConnection  - http-outgoing-27: Close connection
 -31005 [Forwarding findElement on session 343d0c94-0b98-4921-996e-ca445c47f566 to remote] DEBUG org.apache.http.impl.conn.PoolingHttpClientConnectionManager  - Connection released: [id: 27][route: {}->http://127.0.0.1:7055][total kept alive: 0; route allocated: 0 of 2000; total allocated: 0 of 2000]
 -31557 [Forwarding findElement on session 343d0c94-0b98-4921-996e-ca445c47f566 to remote] DEBUG org.apache.http.client.protocol.RequestAddCookies  - CookieSpec selected: best-match
 -31557 [Forwarding findElement on session 343d0c94-0b98-4921-996e-ca445c47f566 to remote] DEBUG org.apache.http.client.protocol.RequestAuthCache  - Auth cache not set in the context
 -31557 [Forwarding findElement on session 343d0c94-0b98-4921-996e-ca445c47f566 to remote] DEBUG org.apache.http.impl.conn.PoolingHttpClientConnectionManager  - Connection request: [route: {}->http://127.0.0.1:7055][total kept alive: 0; route allocated: 0 of 2000; total allocated: 0 of 2000]
 -31558 [Forwarding findElement on session 343d0c94-0b98-4921-996e-ca445c47f566 to remote] DEBUG org.apache.http.impl.conn.PoolingHttpClientConnectionManager  - Connection leased: [id: 28][route: {}->http://127.0.0.1:7055][total kept alive: 0; route allocated: 1 of 2000; total allocated: 1 of 2000]
 -31558 [Forwarding findElement on session 343d0c94-0b98-4921-996e-ca445c47f566 to remote] DEBUG org.apache.http.impl.execchain.MainClientExec  - Opening connection {}->http://127.0.0.1:7055
 -31558 [Forwarding findElement on session 343d0c94-0b98-4921-996e-ca445c47f566 to remote] DEBUG org.apache.http.impl.conn.HttpClientConnectionOperator  - Connecting to /127.0.0.1:7055
 -31559 [Forwarding findElement on session 343d0c94-0b98-4921-996e-ca445c47f566 to remote] DEBUG org.apache.http.impl.conn.HttpClientConnectionOperator  - Connection established 127.0.0.1:61752<->127.0.0.1:7055
 -31559 [Forwarding findElement on session 343d0c94-0b98-4921-996e-ca445c47f566 to remote] DEBUG org.apache.http.impl.execchain.MainClientExec  - Executing request POST /hub/session/343d0c94-0b98-4921-996e-ca445c47f566/element HTTP/1.1
 -31559 [Forwarding findElement on session 343d0c94-0b98-4921-996e-ca445c47f566 to remote] DEBUG org.apache.http.impl.execchain.MainClientExec  - Target auth state: UNCHALLENGED
 -31559 [Forwarding findElement on session 343d0c94-0b98-4921-996e-ca445c47f566 to remote] DEBUG org.apache.http.impl.execchain.MainClientExec  - Proxy auth state: UNCHALLENGED
 -31560 [Forwarding findElement on session 343d0c94-0b98-4921-996e-ca445c47f566 to remote] DEBUG org.apache.http.headers  - http-outgoing-28 >> POST /hub/session/343d0c94-0b98-4921-996e-ca445c47f566/element HTTP/1.1
 -31560 [Forwarding findElement on session 343d0c94-0b98-4921-996e-ca445c47f566 to remote] DEBUG org.apache.http.headers  - http-outgoing-28 >> Content-Type: application/json; charset=utf-8
 -31560 [Forwarding findElement on session 343d0c94-0b98-4921-996e-ca445c47f566 to remote] DEBUG org.apache.http.headers  - http-outgoing-28 >> Content-Length: 89
 -31560 [Forwarding findElement on session 343d0c94-0b98-4921-996e-ca445c47f566 to remote] DEBUG org.apache.http.headers  - http-outgoing-28 >> Host: 127.0.0.1:7055
 -31560 [Forwarding findElement on session 343d0c94-0b98-4921-996e-ca445c47f566 to remote] DEBUG org.apache.http.headers  - http-outgoing-28 >> Connection: Keep-Alive
 -31560 [Forwarding findElement on session 343d0c94-0b98-4921-996e-ca445c47f566 to remote] DEBUG org.apache.http.headers  - http-outgoing-28 >> User-Agent: Apache-HttpClient/4.3.6 (java 1.5)
 -31560 [Forwarding findElement on session 343d0c94-0b98-4921-996e-ca445c47f566 to remote] DEBUG org.apache.http.headers  - http-outgoing-28 >> Accept-Encoding: gzip,deflate
 -31561 [Forwarding findElement on session 343d0c94-0b98-4921-996e-ca445c47f566 to remote] DEBUG org.apache.http.wire  - http-outgoing-28 >> "POST /hub/session/343d0c94-0b98-4921-996e-ca445c47f566/element HTTP/1.1[\r][\n]"
 -31561 [Forwarding findElement on session 343d0c94-0b98-4921-996e-ca445c47f566 to remote] DEBUG org.apache.http.wire  - http-outgoing-28 >> "Content-Type: application/json; charset=utf-8[\r][\n]"
 -31561 [Forwarding findElement on session 343d0c94-0b98-4921-996e-ca445c47f566 to remote] DEBUG org.apache.http.wire  - http-outgoing-28 >> "Content-Length: 89[\r][\n]"
 -31561 [Forwarding findElement on session 343d0c94-0b98-4921-996e-ca445c47f566 to remote] DEBUG org.apache.http.wire  - http-outgoing-28 >> "Host: 127.0.0.1:7055[\r][\n]"
 -31561 [Forwarding findElement on session 343d0c94-0b98-4921-996e-ca445c47f566 to remote] DEBUG org.apache.http.wire  - http-outgoing-28 >> "Connection: Keep-Alive[\r][\n]"
 -31561 [Forwarding findElement on session 343d0c94-0b98-4921-996e-ca445c47f566 to remote] DEBUG org.apache.http.wire  - http-outgoing-28 >> "User-Agent: Apache-HttpClient/4.3.6 (java 1.5)[\r][\n]"
 -31561 [Forwarding findElement on session 343d0c94-0b98-4921-996e-ca445c47f566 to remote] DEBUG org.apache.http.wire  - http-outgoing-28 >> "Accept-Encoding: gzip,deflate[\r][\n]"
 -31561 [Forwarding findElement on session 343d0c94-0b98-4921-996e-ca445c47f566 to remote] DEBUG org.apache.http.wire  - http-outgoing-28 >> "[\r][\n]"
 -31561 [Forwarding findElement on session 343d0c94-0b98-4921-996e-ca445c47f566 to remote] DEBUG org.apache.http.wire  - http-outgoing-28 >> "{"using":"css selector","value":".service-navigation__dropdown>ul>li>a>span:not(.arrow)"}"
 -31605 [Forwarding findElement on session 343d0c94-0b98-4921-996e-ca445c47f566 to remote] DEBUG org.apache.http.wire  - http-outgoing-28 << "HTTP/1.1 500 Internal Server Error[\r][\n]"
 -31605 [Forwarding findElement on session 343d0c94-0b98-4921-996e-ca445c47f566 to remote] DEBUG org.apache.http.wire  - http-outgoing-28 << "content-type: application/json; charset=UTF-8[\r][\n]"
 -31605 [Forwarding findElement on session 343d0c94-0b98-4921-996e-ca445c47f566 to remote] DEBUG org.apache.http.wire  - http-outgoing-28 << "connection: close[\r][\n]"
 -31605 [Forwarding findElement on session 343d0c94-0b98-4921-996e-ca445c47f566 to remote] DEBUG org.apache.http.wire  - http-outgoing-28 << "content-length: 1469[\r][\n]"
 -31605 [Forwarding findElement on session 343d0c94-0b98-4921-996e-ca445c47f566 to remote] DEBUG org.apache.http.wire  - http-outgoing-28 << "server: httpd.js[\r][\n]"
 -31605 [Forwarding findElement on session 343d0c94-0b98-4921-996e-ca445c47f566 to remote] DEBUG org.apache.http.wire  - http-outgoing-28 << "date: Fri, 27 Jan 2017 06:44:36 GMT[\r][\n]"
 -31605 [Forwarding findElement on session 343d0c94-0b98-4921-996e-ca445c47f566 to remote] DEBUG org.apache.http.wire  - http-outgoing-28 << "[\r][\n]"
 -31605 [Forwarding findElement on session 343d0c94-0b98-4921-996e-ca445c47f566 to remote] DEBUG org.apache.http.headers  - http-outgoing-28 << HTTP/1.1 500 Internal Server Error
 -31605 [Forwarding findElement on session 343d0c94-0b98-4921-996e-ca445c47f566 to remote] DEBUG org.apache.http.headers  - http-outgoing-28 << content-type: application/json; charset=UTF-8
 -31606 [Forwarding findElement on session 343d0c94-0b98-4921-996e-ca445c47f566 to remote] DEBUG org.apache.http.headers  - http-outgoing-28 << connection: close
 -31606 [Forwarding findElement on session 343d0c94-0b98-4921-996e-ca445c47f566 to remote] DEBUG org.apache.http.headers  - http-outgoing-28 << content-length: 1469
 -31606 [Forwarding findElement on session 343d0c94-0b98-4921-996e-ca445c47f566 to remote] DEBUG org.apache.http.headers  - http-outgoing-28 << server: httpd.js
 -31606 [Forwarding findElement on session 343d0c94-0b98-4921-996e-ca445c47f566 to remote] DEBUG org.apache.http.headers  - http-outgoing-28 << date: Fri, 27 Jan 2017 06:44:36 GMT
 -31606 [Forwarding findElement on session 343d0c94-0b98-4921-996e-ca445c47f566 to remote] DEBUG org.apache.http.wire  - http-outgoing-28 << "{"name":"findElement","sessionId":"343d0c94-0b98-4921-996e-ca445c47f566","status":7,"value":{"message":"Unable to locate element: {\"method\":\"css selector\",\"selector\":\".service-navigation__dropdown>ul>li>a>span:not(.arrow)\"}","stackTrace":[{"methodName":"FirefoxDriver.prototype.findElementInternal_","fileName":"file:///C:/Users/rao08/AppData/Local/Temp/anonymous5941514134848211728webdriver-profile/extensions/fxdriver@googlecode.com/components/driver-component.js","lineNumber":10299},{"methodName":"FirefoxDriver.prototype.findElement","fileName":"file:///C:/Users/rao08/AppData/Local/Temp/anonymous5941514134848211728webdriver-profile/extensions/fxdriver@googlecode.com/components/driver-component.js","lineNumber":10308},{"methodName":"DelayedCommand.prototype.executeInternal_/h","fileName":"file:///C:/Users/rao08/AppData/Local/Temp/anonymous5941514134848211728webdriver-profile/extensions/fxdriver@googlecode.com/components/command-processor.js","lineNumber":12282},{"methodName":"DelayedCommand.prototype.executeInternal_","fileName":"file:///C:/Users/rao08/AppData/Local/Temp/anonymous5941514134848211728webdriver-profile/extensions/fxdriver@googlecode.com/components/command-processor.js","lineNumber":12287},{"methodName":"DelayedCommand.prototype.execute/<","fileName":"file:///C:/Users/rao08/AppData/Local/Temp/anonymous5941514134848211728webdriver-profile/extensions/fxdriver@googlecode.com/components/command-processor.js","lineNumber":12229}]}}"
 -31607 [Forwarding findElement on session 343d0c94-0b98-4921-996e-ca445c47f566 to remote] DEBUG org.apache.http.impl.conn.DefaultManagedHttpClientConnection  - http-outgoing-28: Shutdown connection
 -31607 [Forwarding findElement on session 343d0c94-0b98-4921-996e-ca445c47f566 to remote] DEBUG org.apache.http.impl.execchain.MainClientExec  - Connection discarded
 -31607 [Forwarding findElement on session 343d0c94-0b98-4921-996e-ca445c47f566 to remote] DEBUG org.apache.http.impl.conn.DefaultManagedHttpClientConnection  - http-outgoing-28: Close connection
 -31607 [Forwarding findElement on session 343d0c94-0b98-4921-996e-ca445c47f566 to remote] DEBUG org.apache.http.impl.conn.PoolingHttpClientConnectionManager  - Connection released: [id: 28][route: {}->http://127.0.0.1:7055][total kept alive: 0; route allocated: 0 of 2000; total allocated: 0 of 2000]
 -32113 [Forwarding findElement on session 343d0c94-0b98-4921-996e-ca445c47f566 to remote] DEBUG org.apache.http.client.protocol.RequestAddCookies  - CookieSpec selected: best-match
 -32113 [Forwarding findElement on session 343d0c94-0b98-4921-996e-ca445c47f566 to remote] DEBUG org.apache.http.client.protocol.RequestAuthCache  - Auth cache not set in the context
 -32113 [Forwarding findElement on session 343d0c94-0b98-4921-996e-ca445c47f566 to remote] DEBUG org.apache.http.impl.conn.PoolingHttpClientConnectionManager  - Connection request: [route: {}->http://127.0.0.1:7055][total kept alive: 0; route allocated: 0 of 2000; total allocated: 0 of 2000]
 -32113 [Forwarding findElement on session 343d0c94-0b98-4921-996e-ca445c47f566 to remote] DEBUG org.apache.http.impl.conn.PoolingHttpClientConnectionManager  - Connection leased: [id: 29][route: {}->http://127.0.0.1:7055][total kept alive: 0; route allocated: 1 of 2000; total allocated: 1 of 2000]
 -32113 [Forwarding findElement on session 343d0c94-0b98-4921-996e-ca445c47f566 to remote] DEBUG org.apache.http.impl.execchain.MainClientExec  - Opening connection {}->http://127.0.0.1:7055
 -32114 [Forwarding findElement on session 343d0c94-0b98-4921-996e-ca445c47f566 to remote] DEBUG org.apache.http.impl.conn.HttpClientConnectionOperator  - Connecting to /127.0.0.1:7055
 -32115 [Forwarding findElement on session 343d0c94-0b98-4921-996e-ca445c47f566 to remote] DEBUG org.apache.http.impl.conn.HttpClientConnectionOperator  - Connection established 127.0.0.1:61756<->127.0.0.1:7055
 -32115 [Forwarding findElement on session 343d0c94-0b98-4921-996e-ca445c47f566 to remote] DEBUG org.apache.http.impl.execchain.MainClientExec  - Executing request POST /hub/session/343d0c94-0b98-4921-996e-ca445c47f566/element HTTP/1.1
 -32115 [Forwarding findElement on session 343d0c94-0b98-4921-996e-ca445c47f566 to remote] DEBUG org.apache.http.impl.execchain.MainClientExec  - Target auth state: UNCHALLENGED
 -32115 [Forwarding findElement on session 343d0c94-0b98-4921-996e-ca445c47f566 to remote] DEBUG org.apache.http.impl.execchain.MainClientExec  - Proxy auth state: UNCHALLENGED
 -32116 [Forwarding findElement on session 343d0c94-0b98-4921-996e-ca445c47f566 to remote] DEBUG org.apache.http.headers  - http-outgoing-29 >> POST /hub/session/343d0c94-0b98-4921-996e-ca445c47f566/element HTTP/1.1
 -32116 [Forwarding findElement on session 343d0c94-0b98-4921-996e-ca445c47f566 to remote] DEBUG org.apache.http.headers  - http-outgoing-29 >> Content-Type: application/json; charset=utf-8
 -32116 [Forwarding findElement on session 343d0c94-0b98-4921-996e-ca445c47f566 to remote] DEBUG org.apache.http.headers  - http-outgoing-29 >> Content-Length: 89
 -32116 [Forwarding findElement on session 343d0c94-0b98-4921-996e-ca445c47f566 to remote] DEBUG org.apache.http.headers  - http-outgoing-29 >> Host: 127.0.0.1:7055
 -32116 [Forwarding findElement on session 343d0c94-0b98-4921-996e-ca445c47f566 to remote] DEBUG org.apache.http.headers  - http-outgoing-29 >> Connection: Keep-Alive
 -32116 [Forwarding findElement on session 343d0c94-0b98-4921-996e-ca445c47f566 to remote] DEBUG org.apache.http.headers  - http-outgoing-29 >> User-Agent: Apache-HttpClient/4.3.6 (java 1.5)
 -32116 [Forwarding findElement on session 343d0c94-0b98-4921-996e-ca445c47f566 to remote] DEBUG org.apache.http.headers  - http-outgoing-29 >> Accept-Encoding: gzip,deflate
 -32116 [Forwarding findElement on session 343d0c94-0b98-4921-996e-ca445c47f566 to remote] DEBUG org.apache.http.wire  - http-outgoing-29 >> "POST /hub/session/343d0c94-0b98-4921-996e-ca445c47f566/element HTTP/1.1[\r][\n]"
 -32117 [Forwarding findElement on session 343d0c94-0b98-4921-996e-ca445c47f566 to remote] DEBUG org.apache.http.wire  - http-outgoing-29 >> "Content-Type: application/json; charset=utf-8[\r][\n]"
 -32117 [Forwarding findElement on session 343d0c94-0b98-4921-996e-ca445c47f566 to remote] DEBUG org.apache.http.wire  - http-outgoing-29 >> "Content-Length: 89[\r][\n]"
 -32117 [Forwarding findElement on session 343d0c94-0b98-4921-996e-ca445c47f566 to remote] DEBUG org.apache.http.wire  - http-outgoing-29 >> "Host: 127.0.0.1:7055[\r][\n]"
 -32117 [Forwarding findElement on session 343d0c94-0b98-4921-996e-ca445c47f566 to remote] DEBUG org.apache.http.wire  - http-outgoing-29 >> "Connection: Keep-Alive[\r][\n]"
 -32117 [Forwarding findElement on session 343d0c94-0b98-4921-996e-ca445c47f566 to remote] DEBUG org.apache.http.wire  - http-outgoing-29 >> "User-Agent: Apache-HttpClient/4.3.6 (java 1.5)[\r][\n]"
 -32117 [Forwarding findElement on session 343d0c94-0b98-4921-996e-ca445c47f566 to remote] DEBUG org.apache.http.wire  - http-outgoing-29 >> "Accept-Encoding: gzip,deflate[\r][\n]"
 -32117 [Forwarding findElement on session 343d0c94-0b98-4921-996e-ca445c47f566 to remote] DEBUG org.apache.http.wire  - http-outgoing-29 >> "[\r][\n]"
 -32117 [Forwarding findElement on session 343d0c94-0b98-4921-996e-ca445c47f566 to remote] DEBUG org.apache.http.wire  - http-outgoing-29 >> "{"using":"css selector","value":".service-navigation__dropdown>ul>li>a>span:not(.arrow)"}"
 -32160 [Forwarding findElement on session 343d0c94-0b98-4921-996e-ca445c47f566 to remote] DEBUG org.apache.http.wire  - http-outgoing-29 << "HTTP/1.1 500 Internal Server Error[\r][\n]"
 -32160 [Forwarding findElement on session 343d0c94-0b98-4921-996e-ca445c47f566 to remote] DEBUG org.apache.http.wire  - http-outgoing-29 << "content-type: application/json; charset=UTF-8[\r][\n]"
 -32160 [Forwarding findElement on session 343d0c94-0b98-4921-996e-ca445c47f566 to remote] DEBUG org.apache.http.wire  - http-outgoing-29 << "connection: close[\r][\n]"
 -32161 [Forwarding findElement on session 343d0c94-0b98-4921-996e-ca445c47f566 to remote] DEBUG org.apache.http.wire  - http-outgoing-29 << "content-length: 1469[\r][\n]"
 -32161 [Forwarding findElement on session 343d0c94-0b98-4921-996e-ca445c47f566 to remote] DEBUG org.apache.http.wire  - http-outgoing-29 << "server: httpd.js[\r][\n]"
 -32161 [Forwarding findElement on session 343d0c94-0b98-4921-996e-ca445c47f566 to remote] DEBUG org.apache.http.wire  - http-outgoing-29 << "date: Fri, 27 Jan 2017 06:44:36 GMT[\r][\n]"
 -32161 [Forwarding findElement on session 343d0c94-0b98-4921-996e-ca445c47f566 to remote] DEBUG org.apache.http.wire  - http-outgoing-29 << "[\r][\n]"
 -32161 [Forwarding findElement on session 343d0c94-0b98-4921-996e-ca445c47f566 to remote] DEBUG org.apache.http.headers  - http-outgoing-29 << HTTP/1.1 500 Internal Server Error
 -32161 [Forwarding findElement on session 343d0c94-0b98-4921-996e-ca445c47f566 to remote] DEBUG org.apache.http.headers  - http-outgoing-29 << content-type: application/json; charset=UTF-8
 -32161 [Forwarding findElement on session 343d0c94-0b98-4921-996e-ca445c47f566 to remote] DEBUG org.apache.http.headers  - http-outgoing-29 << connection: close
 -32161 [Forwarding findElement on session 343d0c94-0b98-4921-996e-ca445c47f566 to remote] DEBUG org.apache.http.headers  - http-outgoing-29 << content-length: 1469
 -32161 [Forwarding findElement on session 343d0c94-0b98-4921-996e-ca445c47f566 to remote] DEBUG org.apache.http.headers  - http-outgoing-29 << server: httpd.js
 -32161 [Forwarding findElement on session 343d0c94-0b98-4921-996e-ca445c47f566 to remote] DEBUG org.apache.http.headers  - http-outgoing-29 << date: Fri, 27 Jan 2017 06:44:36 GMT
 -32162 [Forwarding findElement on session 343d0c94-0b98-4921-996e-ca445c47f566 to remote] DEBUG org.apache.http.wire  - http-outgoing-29 << "{"name":"findElement","sessionId":"343d0c94-0b98-4921-996e-ca445c47f566","status":7,"value":{"message":"Unable to locate element: {\"method\":\"css selector\",\"selector\":\".service-navigation__dropdown>ul>li>a>span:not(.arrow)\"}","stackTrace":[{"methodName":"FirefoxDriver.prototype.findElementInternal_","fileName":"file:///C:/Users/rao08/AppData/Local/Temp/anonymous5941514134848211728webdriver-profile/extensions/fxdriver@googlecode.com/components/driver-component.js","lineNumber":10299},{"methodName":"FirefoxDriver.prototype.findElement","fileName":"file:///C:/Users/rao08/AppData/Local/Temp/anonymous5941514134848211728webdriver-profile/extensions/fxdriver@googlecode.com/components/driver-component.js","lineNumber":10308},{"methodName":"DelayedCommand.prototype.executeInternal_/h","fileName":"file:///C:/Users/rao08/AppData/Local/Temp/anonymous5941514134848211728webdriver-profile/extensions/fxdriver@googlecode.com/components/command-processor.js","lineNumber":12282},{"methodName":"DelayedCommand.prototype.executeInternal_","fileName":"file:///C:/Users/rao08/AppData/Local/Temp/anonymous5941514134848211728webdriver-profile/extensions/fxdriver@googlecode.com/components/command-processor.js","lineNumber":12287},{"methodName":"DelayedCommand.prototype.execute/<","fileName":"file:///C:/Users/rao08/AppData/Local/Temp/anonymous5941514134848211728webdriver-profile/extensions/fxdriver@googlecode.com/components/command-processor.js","lineNumber":12229}]}}"
 -32162 [Forwarding findElement on session 343d0c94-0b98-4921-996e-ca445c47f566 to remote] DEBUG org.apache.http.impl.conn.DefaultManagedHttpClientConnection  - http-outgoing-29: Shutdown connection
 -32162 [Forwarding findElement on session 343d0c94-0b98-4921-996e-ca445c47f566 to remote] DEBUG org.apache.http.impl.execchain.MainClientExec  - Connection discarded
 -32162 [Forwarding findElement on session 343d0c94-0b98-4921-996e-ca445c47f566 to remote] DEBUG org.apache.http.impl.conn.DefaultManagedHttpClientConnection  - http-outgoing-29: Close connection
 -32163 [Forwarding findElement on session 343d0c94-0b98-4921-996e-ca445c47f566 to remote] DEBUG org.apache.http.impl.conn.PoolingHttpClientConnectionManager  - Connection released: [id: 29][route: {}->http://127.0.0.1:7055][total kept alive: 0; route allocated: 0 of 2000; total allocated: 0 of 2000]
 -32668 [Forwarding findElement on session 343d0c94-0b98-4921-996e-ca445c47f566 to remote] DEBUG org.apache.http.client.protocol.RequestAddCookies  - CookieSpec selected: best-match
 -32668 [Forwarding findElement on session 343d0c94-0b98-4921-996e-ca445c47f566 to remote] DEBUG org.apache.http.client.protocol.RequestAuthCache  - Auth cache not set in the context
 -32668 [Forwarding findElement on session 343d0c94-0b98-4921-996e-ca445c47f566 to remote] DEBUG org.apache.http.impl.conn.PoolingHttpClientConnectionManager  - Connection request: [route: {}->http://127.0.0.1:7055][total kept alive: 0; route allocated: 0 of 2000; total allocated: 0 of 2000]
 -32669 [Forwarding findElement on session 343d0c94-0b98-4921-996e-ca445c47f566 to remote] DEBUG org.apache.http.impl.conn.PoolingHttpClientConnectionManager  - Connection leased: [id: 30][route: {}->http://127.0.0.1:7055][total kept alive: 0; route allocated: 1 of 2000; total allocated: 1 of 2000]
 -32669 [Forwarding findElement on session 343d0c94-0b98-4921-996e-ca445c47f566 to remote] DEBUG org.apache.http.impl.execchain.MainClientExec  - Opening connection {}->http://127.0.0.1:7055
 -32669 [Forwarding findElement on session 343d0c94-0b98-4921-996e-ca445c47f566 to remote] DEBUG org.apache.http.impl.conn.HttpClientConnectionOperator  - Connecting to /127.0.0.1:7055
 -32670 [Forwarding findElement on session 343d0c94-0b98-4921-996e-ca445c47f566 to remote] DEBUG org.apache.http.impl.conn.HttpClientConnectionOperator  - Connection established 127.0.0.1:61760<->127.0.0.1:7055
 -32670 [Forwarding findElement on session 343d0c94-0b98-4921-996e-ca445c47f566 to remote] DEBUG org.apache.http.impl.execchain.MainClientExec  - Executing request POST /hub/session/343d0c94-0b98-4921-996e-ca445c47f566/element HTTP/1.1
 -32670 [Forwarding findElement on session 343d0c94-0b98-4921-996e-ca445c47f566 to remote] DEBUG org.apache.http.impl.execchain.MainClientExec  - Target auth state: UNCHALLENGED
 -32670 [Forwarding findElement on session 343d0c94-0b98-4921-996e-ca445c47f566 to remote] DEBUG org.apache.http.impl.execchain.MainClientExec  - Proxy auth state: UNCHALLENGED
 -32671 [Forwarding findElement on session 343d0c94-0b98-4921-996e-ca445c47f566 to remote] DEBUG org.apache.http.headers  - http-outgoing-30 >> POST /hub/session/343d0c94-0b98-4921-996e-ca445c47f566/element HTTP/1.1
 -32671 [Forwarding findElement on session 343d0c94-0b98-4921-996e-ca445c47f566 to remote] DEBUG org.apache.http.headers  - http-outgoing-30 >> Content-Type: application/json; charset=utf-8
 -32671 [Forwarding findElement on session 343d0c94-0b98-4921-996e-ca445c47f566 to remote] DEBUG org.apache.http.headers  - http-outgoing-30 >> Content-Length: 89
 -32671 [Forwarding findElement on session 343d0c94-0b98-4921-996e-ca445c47f566 to remote] DEBUG org.apache.http.headers  - http-outgoing-30 >> Host: 127.0.0.1:7055
 -32671 [Forwarding findElement on session 343d0c94-0b98-4921-996e-ca445c47f566 to remote] DEBUG org.apache.http.headers  - http-outgoing-30 >> Connection: Keep-Alive
 -32671 [Forwarding findElement on session 343d0c94-0b98-4921-996e-ca445c47f566 to remote] DEBUG org.apache.http.headers  - http-outgoing-30 >> User-Agent: Apache-HttpClient/4.3.6 (java 1.5)
 -32671 [Forwarding findElement on session 343d0c94-0b98-4921-996e-ca445c47f566 to remote] DEBUG org.apache.http.headers  - http-outgoing-30 >> Accept-Encoding: gzip,deflate
 -32672 [Forwarding findElement on session 343d0c94-0b98-4921-996e-ca445c47f566 to remote] DEBUG org.apache.http.wire  - http-outgoing-30 >> "POST /hub/session/343d0c94-0b98-4921-996e-ca445c47f566/element HTTP/1.1[\r][\n]"
 -32672 [Forwarding findElement on session 343d0c94-0b98-4921-996e-ca445c47f566 to remote] DEBUG org.apache.http.wire  - http-outgoing-30 >> "Content-Type: application/json; charset=utf-8[\r][\n]"
 -32672 [Forwarding findElement on session 343d0c94-0b98-4921-996e-ca445c47f566 to remote] DEBUG org.apache.http.wire  - http-outgoing-30 >> "Content-Length: 89[\r][\n]"
 -32672 [Forwarding findElement on session 343d0c94-0b98-4921-996e-ca445c47f566 to remote] DEBUG org.apache.http.wire  - http-outgoing-30 >> "Host: 127.0.0.1:7055[\r][\n]"
 -32672 [Forwarding findElement on session 343d0c94-0b98-4921-996e-ca445c47f566 to remote] DEBUG org.apache.http.wire  - http-outgoing-30 >> "Connection: Keep-Alive[\r][\n]"
 -32672 [Forwarding findElement on session 343d0c94-0b98-4921-996e-ca445c47f566 to remote] DEBUG org.apache.http.wire  - http-outgoing-30 >> "User-Agent: Apache-HttpClient/4.3.6 (java 1.5)[\r][\n]"
 -32672 [Forwarding findElement on session 343d0c94-0b98-4921-996e-ca445c47f566 to remote] DEBUG org.apache.http.wire  - http-outgoing-30 >> "Accept-Encoding: gzip,deflate[\r][\n]"
 -32672 [Forwarding findElement on session 343d0c94-0b98-4921-996e-ca445c47f566 to remote] DEBUG org.apache.http.wire  - http-outgoing-30 >> "[\r][\n]"
 -32672 [Forwarding findElement on session 343d0c94-0b98-4921-996e-ca445c47f566 to remote] DEBUG org.apache.http.wire  - http-outgoing-30 >> "{"using":"css selector","value":".service-navigation__dropdown>ul>li>a>span:not(.arrow)"}"
 -32716 [Forwarding findElement on session 343d0c94-0b98-4921-996e-ca445c47f566 to remote] DEBUG org.apache.http.wire  - http-outgoing-30 << "HTTP/1.1 500 Internal Server Error[\r][\n]"
 -32716 [Forwarding findElement on session 343d0c94-0b98-4921-996e-ca445c47f566 to remote] DEBUG org.apache.http.wire  - http-outgoing-30 << "content-type: application/json; charset=UTF-8[\r][\n]"
 -32717 [Forwarding findElement on session 343d0c94-0b98-4921-996e-ca445c47f566 to remote] DEBUG org.apache.http.wire  - http-outgoing-30 << "connection: close[\r][\n]"
 -32717 [Forwarding findElement on session 343d0c94-0b98-4921-996e-ca445c47f566 to remote] DEBUG org.apache.http.wire  - http-outgoing-30 << "content-length: 1469[\r][\n]"
 -32717 [Forwarding findElement on session 343d0c94-0b98-4921-996e-ca445c47f566 to remote] DEBUG org.apache.http.wire  - http-outgoing-30 << "server: httpd.js[\r][\n]"
 -32717 [Forwarding findElement on session 343d0c94-0b98-4921-996e-ca445c47f566 to remote] DEBUG org.apache.http.wire  - http-outgoing-30 << "date: Fri, 27 Jan 2017 06:44:37 GMT[\r][\n]"
 -32717 [Forwarding findElement on session 343d0c94-0b98-4921-996e-ca445c47f566 to remote] DEBUG org.apache.http.wire  - http-outgoing-30 << "[\r][\n]"
 -32717 [Forwarding findElement on session 343d0c94-0b98-4921-996e-ca445c47f566 to remote] DEBUG org.apache.http.headers  - http-outgoing-30 << HTTP/1.1 500 Internal Server Error
 -32717 [Forwarding findElement on session 343d0c94-0b98-4921-996e-ca445c47f566 to remote] DEBUG org.apache.http.headers  - http-outgoing-30 << content-type: application/json; charset=UTF-8
 -32717 [Forwarding findElement on session 343d0c94-0b98-4921-996e-ca445c47f566 to remote] DEBUG org.apache.http.headers  - http-outgoing-30 << connection: close
 -32717 [Forwarding findElement on session 343d0c94-0b98-4921-996e-ca445c47f566 to remote] DEBUG org.apache.http.headers  - http-outgoing-30 << content-length: 1469
 -32717 [Forwarding findElement on session 343d0c94-0b98-4921-996e-ca445c47f566 to remote] DEBUG org.apache.http.headers  - http-outgoing-30 << server: httpd.js
 -32717 [Forwarding findElement on session 343d0c94-0b98-4921-996e-ca445c47f566 to remote] DEBUG org.apache.http.headers  - http-outgoing-30 << date: Fri, 27 Jan 2017 06:44:37 GMT
 -32718 [Forwarding findElement on session 343d0c94-0b98-4921-996e-ca445c47f566 to remote] DEBUG org.apache.http.wire  - http-outgoing-30 << "{"name":"findElement","sessionId":"343d0c94-0b98-4921-996e-ca445c47f566","status":7,"value":{"message":"Unable to locate element: {\"method\":\"css selector\",\"selector\":\".service-navigation__dropdown>ul>li>a>span:not(.arrow)\"}","stackTrace":[{"methodName":"FirefoxDriver.prototype.findElementInternal_","fileName":"file:///C:/Users/rao08/AppData/Local/Temp/anonymous5941514134848211728webdriver-profile/extensions/fxdriver@googlecode.com/components/driver-component.js","lineNumber":10299},{"methodName":"FirefoxDriver.prototype.findElement","fileName":"file:///C:/Users/rao08/AppData/Local/Temp/anonymous5941514134848211728webdriver-profile/extensions/fxdriver@googlecode.com/components/driver-component.js","lineNumber":10308},{"methodName":"DelayedCommand.prototype.executeInternal_/h","fileName":"file:///C:/Users/rao08/AppData/Local/Temp/anonymous5941514134848211728webdriver-profile/extensions/fxdriver@googlecode.com/components/command-processor.js","lineNumber":12282},{"methodName":"DelayedCommand.prototype.executeInternal_","fileName":"file:///C:/Users/rao08/AppData/Local/Temp/anonymous5941514134848211728webdriver-profile/extensions/fxdriver@googlecode.com/components/command-processor.js","lineNumber":12287},{"methodName":"DelayedCommand.prototype.execute/<","fileName":"file:///C:/Users/rao08/AppData/Local/Temp/anonymous5941514134848211728webdriver-profile/extensions/fxdriver@googlecode.com/components/command-processor.js","lineNumber":12229}]}}"
 -32718 [Forwarding findElement on session 343d0c94-0b98-4921-996e-ca445c47f566 to remote] DEBUG org.apache.http.impl.conn.DefaultManagedHttpClientConnection  - http-outgoing-30: Shutdown connection
 -32718 [Forwarding findElement on session 343d0c94-0b98-4921-996e-ca445c47f566 to remote] DEBUG org.apache.http.impl.execchain.MainClientExec  - Connection discarded
 -32719 [Forwarding findElement on session 343d0c94-0b98-4921-996e-ca445c47f566 to remote] DEBUG org.apache.http.impl.conn.DefaultManagedHttpClientConnection  - http-outgoing-30: Close connection
 -32719 [Forwarding findElement on session 343d0c94-0b98-4921-996e-ca445c47f566 to remote] DEBUG org.apache.http.impl.conn.PoolingHttpClientConnectionManager  - Connection released: [id: 30][route: {}->http://127.0.0.1:7055][total kept alive: 0; route allocated: 0 of 2000; total allocated: 0 of 2000]
 -33224 [Forwarding findElement on session 343d0c94-0b98-4921-996e-ca445c47f566 to remote] DEBUG org.apache.http.client.protocol.RequestAddCookies  - CookieSpec selected: best-match
 -33224 [Forwarding findElement on session 343d0c94-0b98-4921-996e-ca445c47f566 to remote] DEBUG org.apache.http.client.protocol.RequestAuthCache  - Auth cache not set in the context
 -33224 [Forwarding findElement on session 343d0c94-0b98-4921-996e-ca445c47f566 to remote] DEBUG org.apache.http.impl.conn.PoolingHttpClientConnectionManager  - Connection request: [route: {}->http://127.0.0.1:7055][total kept alive: 0; route allocated: 0 of 2000; total allocated: 0 of 2000]
 -33224 [Forwarding findElement on session 343d0c94-0b98-4921-996e-ca445c47f566 to remote] DEBUG org.apache.http.impl.conn.PoolingHttpClientConnectionManager  - Connection leased: [id: 31][route: {}->http://127.0.0.1:7055][total kept alive: 0; route allocated: 1 of 2000; total allocated: 1 of 2000]
 -33225 [Forwarding findElement on session 343d0c94-0b98-4921-996e-ca445c47f566 to remote] DEBUG org.apache.http.impl.execchain.MainClientExec  - Opening connection {}->http://127.0.0.1:7055
 -33225 [Forwarding findElement on session 343d0c94-0b98-4921-996e-ca445c47f566 to remote] DEBUG org.apache.http.impl.conn.HttpClientConnectionOperator  - Connecting to /127.0.0.1:7055
 -33226 [Forwarding findElement on session 343d0c94-0b98-4921-996e-ca445c47f566 to remote] DEBUG org.apache.http.impl.conn.HttpClientConnectionOperator  - Connection established 127.0.0.1:61765<->127.0.0.1:7055
 -33226 [Forwarding findElement on session 343d0c94-0b98-4921-996e-ca445c47f566 to remote] DEBUG org.apache.http.impl.execchain.MainClientExec  - Executing request POST /hub/session/343d0c94-0b98-4921-996e-ca445c47f566/element HTTP/1.1
 -33226 [Forwarding findElement on session 343d0c94-0b98-4921-996e-ca445c47f566 to remote] DEBUG org.apache.http.impl.execchain.MainClientExec  - Target auth state: UNCHALLENGED
 -33226 [Forwarding findElement on session 343d0c94-0b98-4921-996e-ca445c47f566 to remote] DEBUG org.apache.http.impl.execchain.MainClientExec  - Proxy auth state: UNCHALLENGED
 -33226 [Forwarding findElement on session 343d0c94-0b98-4921-996e-ca445c47f566 to remote] DEBUG org.apache.http.headers  - http-outgoing-31 >> POST /hub/session/343d0c94-0b98-4921-996e-ca445c47f566/element HTTP/1.1
 -33227 [Forwarding findElement on session 343d0c94-0b98-4921-996e-ca445c47f566 to remote] DEBUG org.apache.http.headers  - http-outgoing-31 >> Content-Type: application/json; charset=utf-8
 -33227 [Forwarding findElement on session 343d0c94-0b98-4921-996e-ca445c47f566 to remote] DEBUG org.apache.http.headers  - http-outgoing-31 >> Content-Length: 89
 -33227 [Forwarding findElement on session 343d0c94-0b98-4921-996e-ca445c47f566 to remote] DEBUG org.apache.http.headers  - http-outgoing-31 >> Host: 127.0.0.1:7055
 -33227 [Forwarding findElement on session 343d0c94-0b98-4921-996e-ca445c47f566 to remote] DEBUG org.apache.http.headers  - http-outgoing-31 >> Connection: Keep-Alive
 -33227 [Forwarding findElement on session 343d0c94-0b98-4921-996e-ca445c47f566 to remote] DEBUG org.apache.http.headers  - http-outgoing-31 >> User-Agent: Apache-HttpClient/4.3.6 (java 1.5)
 -33227 [Forwarding findElement on session 343d0c94-0b98-4921-996e-ca445c47f566 to remote] DEBUG org.apache.http.headers  - http-outgoing-31 >> Accept-Encoding: gzip,deflate
 -33227 [Forwarding findElement on session 343d0c94-0b98-4921-996e-ca445c47f566 to remote] DEBUG org.apache.http.wire  - http-outgoing-31 >> "POST /hub/session/343d0c94-0b98-4921-996e-ca445c47f566/element HTTP/1.1[\r][\n]"
 -33227 [Forwarding findElement on session 343d0c94-0b98-4921-996e-ca445c47f566 to remote] DEBUG org.apache.http.wire  - http-outgoing-31 >> "Content-Type: application/json; charset=utf-8[\r][\n]"
 -33227 [Forwarding findElement on session 343d0c94-0b98-4921-996e-ca445c47f566 to remote] DEBUG org.apache.http.wire  - http-outgoing-31 >> "Content-Length: 89[\r][\n]"
 -33228 [Forwarding findElement on session 343d0c94-0b98-4921-996e-ca445c47f566 to remote] DEBUG org.apache.http.wire  - http-outgoing-31 >> "Host: 127.0.0.1:7055[\r][\n]"
 -33228 [Forwarding findElement on session 343d0c94-0b98-4921-996e-ca445c47f566 to remote] DEBUG org.apache.http.wire  - http-outgoing-31 >> "Connection: Keep-Alive[\r][\n]"
 -33228 [Forwarding findElement on session 343d0c94-0b98-4921-996e-ca445c47f566 to remote] DEBUG org.apache.http.wire  - http-outgoing-31 >> "User-Agent: Apache-HttpClient/4.3.6 (java 1.5)[\r][\n]"
 -33228 [Forwarding findElement on session 343d0c94-0b98-4921-996e-ca445c47f566 to remote] DEBUG org.apache.http.wire  - http-outgoing-31 >> "Accept-Encoding: gzip,deflate[\r][\n]"
 -33228 [Forwarding findElement on session 343d0c94-0b98-4921-996e-ca445c47f566 to remote] DEBUG org.apache.http.wire  - http-outgoing-31 >> "[\r][\n]"
 -33228 [Forwarding findElement on session 343d0c94-0b98-4921-996e-ca445c47f566 to remote] DEBUG org.apache.http.wire  - http-outgoing-31 >> "{"using":"css selector","value":".service-navigation__dropdown>ul>li>a>span:not(.arrow)"}"
 -33273 [Forwarding findElement on session 343d0c94-0b98-4921-996e-ca445c47f566 to remote] DEBUG org.apache.http.wire  - http-outgoing-31 << "HTTP/1.1 500 Internal Server Error[\r][\n]"
 -33274 [Forwarding findElement on session 343d0c94-0b98-4921-996e-ca445c47f566 to remote] DEBUG org.apache.http.wire  - http-outgoing-31 << "content-type: application/json; charset=UTF-8[\r][\n]"
 -33274 [Forwarding findElement on session 343d0c94-0b98-4921-996e-ca445c47f566 to remote] DEBUG org.apache.http.wire  - http-outgoing-31 << "connection: close[\r][\n]"
 -33274 [Forwarding findElement on session 343d0c94-0b98-4921-996e-ca445c47f566 to remote] DEBUG org.apache.http.wire  - http-outgoing-31 << "content-length: 1469[\r][\n]"
 -33274 [Forwarding findElement on session 343d0c94-0b98-4921-996e-ca445c47f566 to remote] DEBUG org.apache.http.wire  - http-outgoing-31 << "server: httpd.js[\r][\n]"
 -33274 [Forwarding findElement on session 343d0c94-0b98-4921-996e-ca445c47f566 to remote] DEBUG org.apache.http.wire  - http-outgoing-31 << "date: Fri, 27 Jan 2017 06:44:37 GMT[\r][\n]"
 -33274 [Forwarding findElement on session 343d0c94-0b98-4921-996e-ca445c47f566 to remote] DEBUG org.apache.http.wire  - http-outgoing-31 << "[\r][\n]"
 -33274 [Forwarding findElement on session 343d0c94-0b98-4921-996e-ca445c47f566 to remote] DEBUG org.apache.http.headers  - http-outgoing-31 << HTTP/1.1 500 Internal Server Error
 -33274 [Forwarding findElement on session 343d0c94-0b98-4921-996e-ca445c47f566 to remote] DEBUG org.apache.http.headers  - http-outgoing-31 << content-type: application/json; charset=UTF-8
 -33274 [Forwarding findElement on session 343d0c94-0b98-4921-996e-ca445c47f566 to remote] DEBUG org.apache.http.headers  - http-outgoing-31 << connection: close
 -33275 [Forwarding findElement on session 343d0c94-0b98-4921-996e-ca445c47f566 to remote] DEBUG org.apache.http.headers  - http-outgoing-31 << content-length: 1469
 -33275 [Forwarding findElement on session 343d0c94-0b98-4921-996e-ca445c47f566 to remote] DEBUG org.apache.http.headers  - http-outgoing-31 << server: httpd.js
 -33275 [Forwarding findElement on session 343d0c94-0b98-4921-996e-ca445c47f566 to remote] DEBUG org.apache.http.headers  - http-outgoing-31 << date: Fri, 27 Jan 2017 06:44:37 GMT
 -33275 [Forwarding findElement on session 343d0c94-0b98-4921-996e-ca445c47f566 to remote] DEBUG org.apache.http.wire  - http-outgoing-31 << "{"name":"findElement","sessionId":"343d0c94-0b98-4921-996e-ca445c47f566","status":7,"value":{"message":"Unable to locate element: {\"method\":\"css selector\",\"selector\":\".service-navigation__dropdown>ul>li>a>span:not(.arrow)\"}","stackTrace":[{"methodName":"FirefoxDriver.prototype.findElementInternal_","fileName":"file:///C:/Users/rao08/AppData/Local/Temp/anonymous5941514134848211728webdriver-profile/extensions/fxdriver@googlecode.com/components/driver-component.js","lineNumber":10299},{"methodName":"FirefoxDriver.prototype.findElement","fileName":"file:///C:/Users/rao08/AppData/Local/Temp/anonymous5941514134848211728webdriver-profile/extensions/fxdriver@googlecode.com/components/driver-component.js","lineNumber":10308},{"methodName":"DelayedCommand.prototype.executeInternal_/h","fileName":"file:///C:/Users/rao08/AppData/Local/Temp/anonymous5941514134848211728webdriver-profile/extensions/fxdriver@googlecode.com/components/command-processor.js","lineNumber":12282},{"methodName":"DelayedCommand.prototype.executeInternal_","fileName":"file:///C:/Users/rao08/AppData/Local/Temp/anonymous5941514134848211728webdriver-profile/extensions/fxdriver@googlecode.com/components/command-processor.js","lineNumber":12287},{"methodName":"DelayedCommand.prototype.execute/<","fileName":"file:///C:/Users/rao08/AppData/Local/Temp/anonymous5941514134848211728webdriver-profile/extensions/fxdriver@googlecode.com/components/command-processor.js","lineNumber":12229}]}}"
 -33275 [Forwarding findElement on session 343d0c94-0b98-4921-996e-ca445c47f566 to remote] DEBUG org.apache.http.impl.conn.DefaultManagedHttpClientConnection  - http-outgoing-31: Shutdown connection
 -33276 [Forwarding findElement on session 343d0c94-0b98-4921-996e-ca445c47f566 to remote] DEBUG org.apache.http.impl.execchain.MainClientExec  - Connection discarded
 -33276 [Forwarding findElement on session 343d0c94-0b98-4921-996e-ca445c47f566 to remote] DEBUG org.apache.http.impl.conn.DefaultManagedHttpClientConnection  - http-outgoing-31: Close connection
 -33276 [Forwarding findElement on session 343d0c94-0b98-4921-996e-ca445c47f566 to remote] DEBUG org.apache.http.impl.conn.PoolingHttpClientConnectionManager  - Connection released: [id: 31][route: {}->http://127.0.0.1:7055][total kept alive: 0; route allocated: 0 of 2000; total allocated: 0 of 2000]
 -33782 [Forwarding findElement on session 343d0c94-0b98-4921-996e-ca445c47f566 to remote] DEBUG org.apache.http.client.protocol.RequestAddCookies  - CookieSpec selected: best-match
 -33782 [Forwarding findElement on session 343d0c94-0b98-4921-996e-ca445c47f566 to remote] DEBUG org.apache.http.client.protocol.RequestAuthCache  - Auth cache not set in the context
 -33783 [Forwarding findElement on session 343d0c94-0b98-4921-996e-ca445c47f566 to remote] DEBUG org.apache.http.impl.conn.PoolingHttpClientConnectionManager  - Connection request: [route: {}->http://127.0.0.1:7055][total kept alive: 0; route allocated: 0 of 2000; total allocated: 0 of 2000]
 -33783 [Forwarding findElement on session 343d0c94-0b98-4921-996e-ca445c47f566 to remote] DEBUG org.apache.http.impl.conn.PoolingHttpClientConnectionManager  - Connection leased: [id: 32][route: {}->http://127.0.0.1:7055][total kept alive: 0; route allocated: 1 of 2000; total allocated: 1 of 2000]
 -33783 [Forwarding findElement on session 343d0c94-0b98-4921-996e-ca445c47f566 to remote] DEBUG org.apache.http.impl.execchain.MainClientExec  - Opening connection {}->http://127.0.0.1:7055
 -33783 [Forwarding findElement on session 343d0c94-0b98-4921-996e-ca445c47f566 to remote] DEBUG org.apache.http.impl.conn.HttpClientConnectionOperator  - Connecting to /127.0.0.1:7055
 -33784 [Forwarding findElement on session 343d0c94-0b98-4921-996e-ca445c47f566 to remote] DEBUG org.apache.http.impl.conn.HttpClientConnectionOperator  - Connection established 127.0.0.1:61770<->127.0.0.1:7055
 -33785 [Forwarding findElement on session 343d0c94-0b98-4921-996e-ca445c47f566 to remote] DEBUG org.apache.http.impl.execchain.MainClientExec  - Executing request POST /hub/session/343d0c94-0b98-4921-996e-ca445c47f566/element HTTP/1.1
 -33785 [Forwarding findElement on session 343d0c94-0b98-4921-996e-ca445c47f566 to remote] DEBUG org.apache.http.impl.execchain.MainClientExec  - Target auth state: UNCHALLENGED
 -33785 [Forwarding findElement on session 343d0c94-0b98-4921-996e-ca445c47f566 to remote] DEBUG org.apache.http.impl.execchain.MainClientExec  - Proxy auth state: UNCHALLENGED
 -33785 [Forwarding findElement on session 343d0c94-0b98-4921-996e-ca445c47f566 to remote] DEBUG org.apache.http.headers  - http-outgoing-32 >> POST /hub/session/343d0c94-0b98-4921-996e-ca445c47f566/element HTTP/1.1
 -33785 [Forwarding findElement on session 343d0c94-0b98-4921-996e-ca445c47f566 to remote] DEBUG org.apache.http.headers  - http-outgoing-32 >> Content-Type: application/json; charset=utf-8
 -33785 [Forwarding findElement on session 343d0c94-0b98-4921-996e-ca445c47f566 to remote] DEBUG org.apache.http.headers  - http-outgoing-32 >> Content-Length: 89
 -33785 [Forwarding findElement on session 343d0c94-0b98-4921-996e-ca445c47f566 to remote] DEBUG org.apache.http.headers  - http-outgoing-32 >> Host: 127.0.0.1:7055
 -33785 [Forwarding findElement on session 343d0c94-0b98-4921-996e-ca445c47f566 to remote] DEBUG org.apache.http.headers  - http-outgoing-32 >> Connection: Keep-Alive
 -33786 [Forwarding findElement on session 343d0c94-0b98-4921-996e-ca445c47f566 to remote] DEBUG org.apache.http.headers  - http-outgoing-32 >> User-Agent: Apache-HttpClient/4.3.6 (java 1.5)
 -33786 [Forwarding findElement on session 343d0c94-0b98-4921-996e-ca445c47f566 to remote] DEBUG org.apache.http.headers  - http-outgoing-32 >> Accept-Encoding: gzip,deflate
 -33786 [Forwarding findElement on session 343d0c94-0b98-4921-996e-ca445c47f566 to remote] DEBUG org.apache.http.wire  - http-outgoing-32 >> "POST /hub/session/343d0c94-0b98-4921-996e-ca445c47f566/element HTTP/1.1[\r][\n]"
 -33786 [Forwarding findElement on session 343d0c94-0b98-4921-996e-ca445c47f566 to remote] DEBUG org.apache.http.wire  - http-outgoing-32 >> "Content-Type: application/json; charset=utf-8[\r][\n]"
 -33786 [Forwarding findElement on session 343d0c94-0b98-4921-996e-ca445c47f566 to remote] DEBUG org.apache.http.wire  - http-outgoing-32 >> "Content-Length: 89[\r][\n]"
 -33786 [Forwarding findElement on session 343d0c94-0b98-4921-996e-ca445c47f566 to remote] DEBUG org.apache.http.wire  - http-outgoing-32 >> "Host: 127.0.0.1:7055[\r][\n]"
 -33786 [Forwarding findElement on session 343d0c94-0b98-4921-996e-ca445c47f566 to remote] DEBUG org.apache.http.wire  - http-outgoing-32 >> "Connection: Keep-Alive[\r][\n]"
 -33786 [Forwarding findElement on session 343d0c94-0b98-4921-996e-ca445c47f566 to remote] DEBUG org.apache.http.wire  - http-outgoing-32 >> "User-Agent: Apache-HttpClient/4.3.6 (java 1.5)[\r][\n]"
 -33786 [Forwarding findElement on session 343d0c94-0b98-4921-996e-ca445c47f566 to remote] DEBUG org.apache.http.wire  - http-outgoing-32 >> "Accept-Encoding: gzip,deflate[\r][\n]"
 -33786 [Forwarding findElement on session 343d0c94-0b98-4921-996e-ca445c47f566 to remote] DEBUG org.apache.http.wire  - http-outgoing-32 >> "[\r][\n]"
 -33786 [Forwarding findElement on session 343d0c94-0b98-4921-996e-ca445c47f566 to remote] DEBUG org.apache.http.wire  - http-outgoing-32 >> "{"using":"css selector","value":".service-navigation__dropdown>ul>li>a>span:not(.arrow)"}"
 -33832 [Forwarding findElement on session 343d0c94-0b98-4921-996e-ca445c47f566 to remote] DEBUG org.apache.http.wire  - http-outgoing-32 << "HTTP/1.1 500 Internal Server Error[\r][\n]"
 -33832 [Forwarding findElement on session 343d0c94-0b98-4921-996e-ca445c47f566 to remote] DEBUG org.apache.http.wire  - http-outgoing-32 << "content-type: application/json; charset=UTF-8[\r][\n]"
 -33832 [Forwarding findElement on session 343d0c94-0b98-4921-996e-ca445c47f566 to remote] DEBUG org.apache.http.wire  - http-outgoing-32 << "connection: close[\r][\n]"
 -33832 [Forwarding findElement on session 343d0c94-0b98-4921-996e-ca445c47f566 to remote] DEBUG org.apache.http.wire  - http-outgoing-32 << "content-length: 1469[\r][\n]"
 -33832 [Forwarding findElement on session 343d0c94-0b98-4921-996e-ca445c47f566 to remote] DEBUG org.apache.http.wire  - http-outgoing-32 << "server: httpd.js[\r][\n]"
 -33832 [Forwarding findElement on session 343d0c94-0b98-4921-996e-ca445c47f566 to remote] DEBUG org.apache.http.wire  - http-outgoing-32 << "date: Fri, 27 Jan 2017 06:44:38 GMT[\r][\n]"
 -33832 [Forwarding findElement on session 343d0c94-0b98-4921-996e-ca445c47f566 to remote] DEBUG org.apache.http.wire  - http-outgoing-32 << "[\r][\n]"
 -33832 [Forwarding findElement on session 343d0c94-0b98-4921-996e-ca445c47f566 to remote] DEBUG org.apache.http.headers  - http-outgoing-32 << HTTP/1.1 500 Internal Server Error
 -33832 [Forwarding findElement on session 343d0c94-0b98-4921-996e-ca445c47f566 to remote] DEBUG org.apache.http.headers  - http-outgoing-32 << content-type: application/json; charset=UTF-8
 -33832 [Forwarding findElement on session 343d0c94-0b98-4921-996e-ca445c47f566 to remote] DEBUG org.apache.http.headers  - http-outgoing-32 << connection: close
 -33833 [Forwarding findElement on session 343d0c94-0b98-4921-996e-ca445c47f566 to remote] DEBUG org.apache.http.headers  - http-outgoing-32 << content-length: 1469
 -33833 [Forwarding findElement on session 343d0c94-0b98-4921-996e-ca445c47f566 to remote] DEBUG org.apache.http.headers  - http-outgoing-32 << server: httpd.js
 -33833 [Forwarding findElement on session 343d0c94-0b98-4921-996e-ca445c47f566 to remote] DEBUG org.apache.http.headers  - http-outgoing-32 << date: Fri, 27 Jan 2017 06:44:38 GMT
 -33833 [Forwarding findElement on session 343d0c94-0b98-4921-996e-ca445c47f566 to remote] DEBUG org.apache.http.wire  - http-outgoing-32 << "{"name":"findElement","sessionId":"343d0c94-0b98-4921-996e-ca445c47f566","status":7,"value":{"message":"Unable to locate element: {\"method\":\"css selector\",\"selector\":\".service-navigation__dropdown>ul>li>a>span:not(.arrow)\"}","stackTrace":[{"methodName":"FirefoxDriver.prototype.findElementInternal_","fileName":"file:///C:/Users/rao08/AppData/Local/Temp/anonymous5941514134848211728webdriver-profile/extensions/fxdriver@googlecode.com/components/driver-component.js","lineNumber":10299},{"methodName":"FirefoxDriver.prototype.findElement","fileName":"file:///C:/Users/rao08/AppData/Local/Temp/anonymous5941514134848211728webdriver-profile/extensions/fxdriver@googlecode.com/components/driver-component.js","lineNumber":10308},{"methodName":"DelayedCommand.prototype.executeInternal_/h","fileName":"file:///C:/Users/rao08/AppData/Local/Temp/anonymous5941514134848211728webdriver-profile/extensions/fxdriver@googlecode.com/components/command-processor.js","lineNumber":12282},{"methodName":"DelayedCommand.prototype.executeInternal_","fileName":"file:///C:/Users/rao08/AppData/Local/Temp/anonymous5941514134848211728webdriver-profile/extensions/fxdriver@googlecode.com/components/command-processor.js","lineNumber":12287},{"methodName":"DelayedCommand.prototype.execute/<","fileName":"file:///C:/Users/rao08/AppData/Local/Temp/anonymous5941514134848211728webdriver-profile/extensions/fxdriver@googlecode.com/components/command-processor.js","lineNumber":12229}]}}"
 -33833 [Forwarding findElement on session 343d0c94-0b98-4921-996e-ca445c47f566 to remote] DEBUG org.apache.http.impl.conn.DefaultManagedHttpClientConnection  - http-outgoing-32: Shutdown connection
 -33834 [Forwarding findElement on session 343d0c94-0b98-4921-996e-ca445c47f566 to remote] DEBUG org.apache.http.impl.execchain.MainClientExec  - Connection discarded
 -33834 [Forwarding findElement on session 343d0c94-0b98-4921-996e-ca445c47f566 to remote] DEBUG org.apache.http.impl.conn.DefaultManagedHttpClientConnection  - http-outgoing-32: Close connection
 -33834 [Forwarding findElement on session 343d0c94-0b98-4921-996e-ca445c47f566 to remote] DEBUG org.apache.http.impl.conn.PoolingHttpClientConnectionManager  - Connection released: [id: 32][route: {}->http://127.0.0.1:7055][total kept alive: 0; route allocated: 0 of 2000; total allocated: 0 of 2000]
 -34340 [Forwarding findElement on session 343d0c94-0b98-4921-996e-ca445c47f566 to remote] DEBUG org.apache.http.client.protocol.RequestAddCookies  - CookieSpec selected: best-match
 -34340 [Forwarding findElement on session 343d0c94-0b98-4921-996e-ca445c47f566 to remote] DEBUG org.apache.http.client.protocol.RequestAuthCache  - Auth cache not set in the context
 -34340 [Forwarding findElement on session 343d0c94-0b98-4921-996e-ca445c47f566 to remote] DEBUG org.apache.http.impl.conn.PoolingHttpClientConnectionManager  - Connection request: [route: {}->http://127.0.0.1:7055][total kept alive: 0; route allocated: 0 of 2000; total allocated: 0 of 2000]
 -34341 [Forwarding findElement on session 343d0c94-0b98-4921-996e-ca445c47f566 to remote] DEBUG org.apache.http.impl.conn.PoolingHttpClientConnectionManager  - Connection leased: [id: 33][route: {}->http://127.0.0.1:7055][total kept alive: 0; route allocated: 1 of 2000; total allocated: 1 of 2000]
 -34341 [Forwarding findElement on session 343d0c94-0b98-4921-996e-ca445c47f566 to remote] DEBUG org.apache.http.impl.execchain.MainClientExec  - Opening connection {}->http://127.0.0.1:7055
 -34341 [Forwarding findElement on session 343d0c94-0b98-4921-996e-ca445c47f566 to remote] DEBUG org.apache.http.impl.conn.HttpClientConnectionOperator  - Connecting to /127.0.0.1:7055
 -34342 [Forwarding findElement on session 343d0c94-0b98-4921-996e-ca445c47f566 to remote] DEBUG org.apache.http.impl.conn.HttpClientConnectionOperator  - Connection established 127.0.0.1:61776<->127.0.0.1:7055
 -34342 [Forwarding findElement on session 343d0c94-0b98-4921-996e-ca445c47f566 to remote] DEBUG org.apache.http.impl.execchain.MainClientExec  - Executing request POST /hub/session/343d0c94-0b98-4921-996e-ca445c47f566/element HTTP/1.1
 -34342 [Forwarding findElement on session 343d0c94-0b98-4921-996e-ca445c47f566 to remote] DEBUG org.apache.http.impl.execchain.MainClientExec  - Target auth state: UNCHALLENGED
 -34343 [Forwarding findElement on session 343d0c94-0b98-4921-996e-ca445c47f566 to remote] DEBUG org.apache.http.impl.execchain.MainClientExec  - Proxy auth state: UNCHALLENGED
 -34343 [Forwarding findElement on session 343d0c94-0b98-4921-996e-ca445c47f566 to remote] DEBUG org.apache.http.headers  - http-outgoing-33 >> POST /hub/session/343d0c94-0b98-4921-996e-ca445c47f566/element HTTP/1.1
 -34343 [Forwarding findElement on session 343d0c94-0b98-4921-996e-ca445c47f566 to remote] DEBUG org.apache.http.headers  - http-outgoing-33 >> Content-Type: application/json; charset=utf-8
 -34343 [Forwarding findElement on session 343d0c94-0b98-4921-996e-ca445c47f566 to remote] DEBUG org.apache.http.headers  - http-outgoing-33 >> Content-Length: 89
 -34343 [Forwarding findElement on session 343d0c94-0b98-4921-996e-ca445c47f566 to remote] DEBUG org.apache.http.headers  - http-outgoing-33 >> Host: 127.0.0.1:7055
 -34344 [Forwarding findElement on session 343d0c94-0b98-4921-996e-ca445c47f566 to remote] DEBUG org.apache.http.headers  - http-outgoing-33 >> Connection: Keep-Alive
 -34344 [Forwarding findElement on session 343d0c94-0b98-4921-996e-ca445c47f566 to remote] DEBUG org.apache.http.headers  - http-outgoing-33 >> User-Agent: Apache-HttpClient/4.3.6 (java 1.5)
 -34344 [Forwarding findElement on session 343d0c94-0b98-4921-996e-ca445c47f566 to remote] DEBUG org.apache.http.headers  - http-outgoing-33 >> Accept-Encoding: gzip,deflate
 -34344 [Forwarding findElement on session 343d0c94-0b98-4921-996e-ca445c47f566 to remote] DEBUG org.apache.http.wire  - http-outgoing-33 >> "POST /hub/session/343d0c94-0b98-4921-996e-ca445c47f566/element HTTP/1.1[\r][\n]"
 -34344 [Forwarding findElement on session 343d0c94-0b98-4921-996e-ca445c47f566 to remote] DEBUG org.apache.http.wire  - http-outgoing-33 >> "Content-Type: application/json; charset=utf-8[\r][\n]"
 -34344 [Forwarding findElement on session 343d0c94-0b98-4921-996e-ca445c47f566 to remote] DEBUG org.apache.http.wire  - http-outgoing-33 >> "Content-Length: 89[\r][\n]"
 -34344 [Forwarding findElement on session 343d0c94-0b98-4921-996e-ca445c47f566 to remote] DEBUG org.apache.http.wire  - http-outgoing-33 >> "Host: 127.0.0.1:7055[\r][\n]"
 -34344 [Forwarding findElement on session 343d0c94-0b98-4921-996e-ca445c47f566 to remote] DEBUG org.apache.http.wire  - http-outgoing-33 >> "Connection: Keep-Alive[\r][\n]"
 -34344 [Forwarding findElement on session 343d0c94-0b98-4921-996e-ca445c47f566 to remote] DEBUG org.apache.http.wire  - http-outgoing-33 >> "User-Agent: Apache-HttpClient/4.3.6 (java 1.5)[\r][\n]"
 -34344 [Forwarding findElement on session 343d0c94-0b98-4921-996e-ca445c47f566 to remote] DEBUG org.apache.http.wire  - http-outgoing-33 >> "Accept-Encoding: gzip,deflate[\r][\n]"
 -34344 [Forwarding findElement on session 343d0c94-0b98-4921-996e-ca445c47f566 to remote] DEBUG org.apache.http.wire  - http-outgoing-33 >> "[\r][\n]"
 -34344 [Forwarding findElement on session 343d0c94-0b98-4921-996e-ca445c47f566 to remote] DEBUG org.apache.http.wire  - http-outgoing-33 >> "{"using":"css selector","value":".service-navigation__dropdown>ul>li>a>span:not(.arrow)"}"
 -34388 [Forwarding findElement on session 343d0c94-0b98-4921-996e-ca445c47f566 to remote] DEBUG org.apache.http.wire  - http-outgoing-33 << "HTTP/1.1 500 Internal Server Error[\r][\n]"
 -34389 [Forwarding findElement on session 343d0c94-0b98-4921-996e-ca445c47f566 to remote] DEBUG org.apache.http.wire  - http-outgoing-33 << "content-type: application/json; charset=UTF-8[\r][\n]"
 -34389 [Forwarding findElement on session 343d0c94-0b98-4921-996e-ca445c47f566 to remote] DEBUG org.apache.http.wire  - http-outgoing-33 << "connection: close[\r][\n]"
 -34389 [Forwarding findElement on session 343d0c94-0b98-4921-996e-ca445c47f566 to remote] DEBUG org.apache.http.wire  - http-outgoing-33 << "content-length: 1469[\r][\n]"
 -34389 [Forwarding findElement on session 343d0c94-0b98-4921-996e-ca445c47f566 to remote] DEBUG org.apache.http.wire  - http-outgoing-33 << "server: httpd.js[\r][\n]"
 -34389 [Forwarding findElement on session 343d0c94-0b98-4921-996e-ca445c47f566 to remote] DEBUG org.apache.http.wire  - http-outgoing-33 << "date: Fri, 27 Jan 2017 06:44:39 GMT[\r][\n]"
 -34389 [Forwarding findElement on session 343d0c94-0b98-4921-996e-ca445c47f566 to remote] DEBUG org.apache.http.wire  - http-outgoing-33 << "[\r][\n]"
 -34389 [Forwarding findElement on session 343d0c94-0b98-4921-996e-ca445c47f566 to remote] DEBUG org.apache.http.headers  - http-outgoing-33 << HTTP/1.1 500 Internal Server Error
 -34389 [Forwarding findElement on session 343d0c94-0b98-4921-996e-ca445c47f566 to remote] DEBUG org.apache.http.headers  - http-outgoing-33 << content-type: application/json; charset=UTF-8
 -34389 [Forwarding findElement on session 343d0c94-0b98-4921-996e-ca445c47f566 to remote] DEBUG org.apache.http.headers  - http-outgoing-33 << connection: close
 -34389 [Forwarding findElement on session 343d0c94-0b98-4921-996e-ca445c47f566 to remote] DEBUG org.apache.http.headers  - http-outgoing-33 << content-length: 1469
 -34390 [Forwarding findElement on session 343d0c94-0b98-4921-996e-ca445c47f566 to remote] DEBUG org.apache.http.headers  - http-outgoing-33 << server: httpd.js
 -34390 [Forwarding findElement on session 343d0c94-0b98-4921-996e-ca445c47f566 to remote] DEBUG org.apache.http.headers  - http-outgoing-33 << date: Fri, 27 Jan 2017 06:44:39 GMT
 -34390 [Forwarding findElement on session 343d0c94-0b98-4921-996e-ca445c47f566 to remote] DEBUG org.apache.http.wire  - http-outgoing-33 << "{"name":"findElement","sessionId":"343d0c94-0b98-4921-996e-ca445c47f566","status":7,"value":{"message":"Unable to locate element: {\"method\":\"css selector\",\"selector\":\".service-navigation__dropdown>ul>li>a>span:not(.arrow)\"}","stackTrace":[{"methodName":"FirefoxDriver.prototype.findElementInternal_","fileName":"file:///C:/Users/rao08/AppData/Local/Temp/anonymous5941514134848211728webdriver-profile/extensions/fxdriver@googlecode.com/components/driver-component.js","lineNumber":10299},{"methodName":"FirefoxDriver.prototype.findElement","fileName":"file:///C:/Users/rao08/AppData/Local/Temp/anonymous5941514134848211728webdriver-profile/extensions/fxdriver@googlecode.com/components/driver-component.js","lineNumber":10308},{"methodName":"DelayedCommand.prototype.executeInternal_/h","fileName":"file:///C:/Users/rao08/AppData/Local/Temp/anonymous5941514134848211728webdriver-profile/extensions/fxdriver@googlecode.com/components/command-processor.js","lineNumber":12282},{"methodName":"DelayedCommand.prototype.executeInternal_","fileName":"file:///C:/Users/rao08/AppData/Local/Temp/anonymous5941514134848211728webdriver-profile/extensions/fxdriver@googlecode.com/components/command-processor.js","lineNumber":12287},{"methodName":"DelayedCommand.prototype.execute/<","fileName":"file:///C:/Users/rao08/AppData/Local/Temp/anonymous5941514134848211728webdriver-profile/extensions/fxdriver@googlecode.com/components/command-processor.js","lineNumber":12229}]}}"
 -34390 [Forwarding findElement on session 343d0c94-0b98-4921-996e-ca445c47f566 to remote] DEBUG org.apache.http.impl.conn.DefaultManagedHttpClientConnection  - http-outgoing-33: Shutdown connection
 -34391 [Forwarding findElement on session 343d0c94-0b98-4921-996e-ca445c47f566 to remote] DEBUG org.apache.http.impl.execchain.MainClientExec  - Connection discarded
 -34391 [Forwarding findElement on session 343d0c94-0b98-4921-996e-ca445c47f566 to remote] DEBUG org.apache.http.impl.conn.DefaultManagedHttpClientConnection  - http-outgoing-33: Close connection
 -34391 [Forwarding findElement on session 343d0c94-0b98-4921-996e-ca445c47f566 to remote] DEBUG org.apache.http.impl.conn.PoolingHttpClientConnectionManager  - Connection released: [id: 33][route: {}->http://127.0.0.1:7055][total kept alive: 0; route allocated: 0 of 2000; total allocated: 0 of 2000]
 -34896 [Forwarding findElement on session 343d0c94-0b98-4921-996e-ca445c47f566 to remote] DEBUG org.apache.http.client.protocol.RequestAddCookies  - CookieSpec selected: best-match
 -34896 [Forwarding findElement on session 343d0c94-0b98-4921-996e-ca445c47f566 to remote] DEBUG org.apache.http.client.protocol.RequestAuthCache  - Auth cache not set in the context
 -34896 [Forwarding findElement on session 343d0c94-0b98-4921-996e-ca445c47f566 to remote] DEBUG org.apache.http.impl.conn.PoolingHttpClientConnectionManager  - Connection request: [route: {}->http://127.0.0.1:7055][total kept alive: 0; route allocated: 0 of 2000; total allocated: 0 of 2000]
 -34896 [Forwarding findElement on session 343d0c94-0b98-4921-996e-ca445c47f566 to remote] DEBUG org.apache.http.impl.conn.PoolingHttpClientConnectionManager  - Connection leased: [id: 34][route: {}->http://127.0.0.1:7055][total kept alive: 0; route allocated: 1 of 2000; total allocated: 1 of 2000]
 -34897 [Forwarding findElement on session 343d0c94-0b98-4921-996e-ca445c47f566 to remote] DEBUG org.apache.http.impl.execchain.MainClientExec  - Opening connection {}->http://127.0.0.1:7055
 -34897 [Forwarding findElement on session 343d0c94-0b98-4921-996e-ca445c47f566 to remote] DEBUG org.apache.http.impl.conn.HttpClientConnectionOperator  - Connecting to /127.0.0.1:7055
 -34898 [Forwarding findElement on session 343d0c94-0b98-4921-996e-ca445c47f566 to remote] DEBUG org.apache.http.impl.conn.HttpClientConnectionOperator  - Connection established 127.0.0.1:61780<->127.0.0.1:7055
 -34898 [Forwarding findElement on session 343d0c94-0b98-4921-996e-ca445c47f566 to remote] DEBUG org.apache.http.impl.execchain.MainClientExec  - Executing request POST /hub/session/343d0c94-0b98-4921-996e-ca445c47f566/element HTTP/1.1
 -34898 [Forwarding findElement on session 343d0c94-0b98-4921-996e-ca445c47f566 to remote] DEBUG org.apache.http.impl.execchain.MainClientExec  - Target auth state: UNCHALLENGED
 -34898 [Forwarding findElement on session 343d0c94-0b98-4921-996e-ca445c47f566 to remote] DEBUG org.apache.http.impl.execchain.MainClientExec  - Proxy auth state: UNCHALLENGED
 -34898 [Forwarding findElement on session 343d0c94-0b98-4921-996e-ca445c47f566 to remote] DEBUG org.apache.http.headers  - http-outgoing-34 >> POST /hub/session/343d0c94-0b98-4921-996e-ca445c47f566/element HTTP/1.1
 -34898 [Forwarding findElement on session 343d0c94-0b98-4921-996e-ca445c47f566 to remote] DEBUG org.apache.http.headers  - http-outgoing-34 >> Content-Type: application/json; charset=utf-8
 -34899 [Forwarding findElement on session 343d0c94-0b98-4921-996e-ca445c47f566 to remote] DEBUG org.apache.http.headers  - http-outgoing-34 >> Content-Length: 89
 -34899 [Forwarding findElement on session 343d0c94-0b98-4921-996e-ca445c47f566 to remote] DEBUG org.apache.http.headers  - http-outgoing-34 >> Host: 127.0.0.1:7055
 -34899 [Forwarding findElement on session 343d0c94-0b98-4921-996e-ca445c47f566 to remote] DEBUG org.apache.http.headers  - http-outgoing-34 >> Connection: Keep-Alive
 -34899 [Forwarding findElement on session 343d0c94-0b98-4921-996e-ca445c47f566 to remote] DEBUG org.apache.http.headers  - http-outgoing-34 >> User-Agent: Apache-HttpClient/4.3.6 (java 1.5)
 -34899 [Forwarding findElement on session 343d0c94-0b98-4921-996e-ca445c47f566 to remote] DEBUG org.apache.http.headers  - http-outgoing-34 >> Accept-Encoding: gzip,deflate
 -34899 [Forwarding findElement on session 343d0c94-0b98-4921-996e-ca445c47f566 to remote] DEBUG org.apache.http.wire  - http-outgoing-34 >> "POST /hub/session/343d0c94-0b98-4921-996e-ca445c47f566/element HTTP/1.1[\r][\n]"
 -34899 [Forwarding findElement on session 343d0c94-0b98-4921-996e-ca445c47f566 to remote] DEBUG org.apache.http.wire  - http-outgoing-34 >> "Content-Type: application/json; charset=utf-8[\r][\n]"
 -34899 [Forwarding findElement on session 343d0c94-0b98-4921-996e-ca445c47f566 to remote] DEBUG org.apache.http.wire  - http-outgoing-34 >> "Content-Length: 89[\r][\n]"
 -34900 [Forwarding findElement on session 343d0c94-0b98-4921-996e-ca445c47f566 to remote] DEBUG org.apache.http.wire  - http-outgoing-34 >> "Host: 127.0.0.1:7055[\r][\n]"
 -34900 [Forwarding findElement on session 343d0c94-0b98-4921-996e-ca445c47f566 to remote] DEBUG org.apache.http.wire  - http-outgoing-34 >> "Connection: Keep-Alive[\r][\n]"
 -34900 [Forwarding findElement on session 343d0c94-0b98-4921-996e-ca445c47f566 to remote] DEBUG org.apache.http.wire  - http-outgoing-34 >> "User-Agent: Apache-HttpClient/4.3.6 (java 1.5)[\r][\n]"
 -34900 [Forwarding findElement on session 343d0c94-0b98-4921-996e-ca445c47f566 to remote] DEBUG org.apache.http.wire  - http-outgoing-34 >> "Accept-Encoding: gzip,deflate[\r][\n]"
 -34900 [Forwarding findElement on session 343d0c94-0b98-4921-996e-ca445c47f566 to remote] DEBUG org.apache.http.wire  - http-outgoing-34 >> "[\r][\n]"
 -34900 [Forwarding findElement on session 343d0c94-0b98-4921-996e-ca445c47f566 to remote] DEBUG org.apache.http.wire  - http-outgoing-34 >> "{"using":"css selector","value":".service-navigation__dropdown>ul>li>a>span:not(.arrow)"}"
 -34944 [Forwarding findElement on session 343d0c94-0b98-4921-996e-ca445c47f566 to remote] DEBUG org.apache.http.wire  - http-outgoing-34 << "HTTP/1.1 500 Internal Server Error[\r][\n]"
 -34944 [Forwarding findElement on session 343d0c94-0b98-4921-996e-ca445c47f566 to remote] DEBUG org.apache.http.wire  - http-outgoing-34 << "content-type: application/json; charset=UTF-8[\r][\n]"
 -34944 [Forwarding findElement on session 343d0c94-0b98-4921-996e-ca445c47f566 to remote] DEBUG org.apache.http.wire  - http-outgoing-34 << "connection: close[\r][\n]"
 -34944 [Forwarding findElement on session 343d0c94-0b98-4921-996e-ca445c47f566 to remote] DEBUG org.apache.http.wire  - http-outgoing-34 << "content-length: 1469[\r][\n]"
 -34944 [Forwarding findElement on session 343d0c94-0b98-4921-996e-ca445c47f566 to remote] DEBUG org.apache.http.wire  - http-outgoing-34 << "server: httpd.js[\r][\n]"
 -34944 [Forwarding findElement on session 343d0c94-0b98-4921-996e-ca445c47f566 to remote] DEBUG org.apache.http.wire  - http-outgoing-34 << "date: Fri, 27 Jan 2017 06:44:39 GMT[\r][\n]"
 -34944 [Forwarding findElement on session 343d0c94-0b98-4921-996e-ca445c47f566 to remote] DEBUG org.apache.http.wire  - http-outgoing-34 << "[\r][\n]"
 -34945 [Forwarding findElement on session 343d0c94-0b98-4921-996e-ca445c47f566 to remote] DEBUG org.apache.http.headers  - http-outgoing-34 << HTTP/1.1 500 Internal Server Error
 -34945 [Forwarding findElement on session 343d0c94-0b98-4921-996e-ca445c47f566 to remote] DEBUG org.apache.http.headers  - http-outgoing-34 << content-type: application/json; charset=UTF-8
 -34945 [Forwarding findElement on session 343d0c94-0b98-4921-996e-ca445c47f566 to remote] DEBUG org.apache.http.headers  - http-outgoing-34 << connection: close
 -34945 [Forwarding findElement on session 343d0c94-0b98-4921-996e-ca445c47f566 to remote] DEBUG org.apache.http.headers  - http-outgoing-34 << content-length: 1469
 -34945 [Forwarding findElement on session 343d0c94-0b98-4921-996e-ca445c47f566 to remote] DEBUG org.apache.http.headers  - http-outgoing-34 << server: httpd.js
 -34945 [Forwarding findElement on session 343d0c94-0b98-4921-996e-ca445c47f566 to remote] DEBUG org.apache.http.headers  - http-outgoing-34 << date: Fri, 27 Jan 2017 06:44:39 GMT
 -34946 [Forwarding findElement on session 343d0c94-0b98-4921-996e-ca445c47f566 to remote] DEBUG org.apache.http.wire  - http-outgoing-34 << "{"name":"findElement","sessionId":"343d0c94-0b98-4921-996e-ca445c47f566","status":7,"value":{"message":"Unable to locate element: {\"method\":\"css selector\",\"selector\":\".service-navigation__dropdown>ul>li>a>span:not(.arrow)\"}","stackTrace":[{"methodName":"FirefoxDriver.prototype.findElementInternal_","fileName":"file:///C:/Users/rao08/AppData/Local/Temp/anonymous5941514134848211728webdriver-profile/extensions/fxdriver@googlecode.com/components/driver-component.js","lineNumber":10299},{"methodName":"FirefoxDriver.prototype.findElement","fileName":"file:///C:/Users/rao08/AppData/Local/Temp/anonymous5941514134848211728webdriver-profile/extensions/fxdriver@googlecode.com/components/driver-component.js","lineNumber":10308},{"methodName":"DelayedCommand.prototype.executeInternal_/h","fileName":"file:///C:/Users/rao08/AppData/Local/Temp/anonymous5941514134848211728webdriver-profile/extensions/fxdriver@googlecode.com/components/command-processor.js","lineNumber":12282},{"methodName":"DelayedCommand.prototype.executeInternal_","fileName":"file:///C:/Users/rao08/AppData/Local/Temp/anonymous5941514134848211728webdriver-profile/extensions/fxdriver@googlecode.com/components/command-processor.js","lineNumber":12287},{"methodName":"DelayedCommand.prototype.execute/<","fileName":"file:///C:/Users/rao08/AppData/Local/Temp/anonymous5941514134848211728webdriver-profile/extensions/fxdriver@googlecode.com/components/command-processor.js","lineNumber":12229}]}}"
 -34946 [Forwarding findElement on session 343d0c94-0b98-4921-996e-ca445c47f566 to remote] DEBUG org.apache.http.impl.conn.DefaultManagedHttpClientConnection  - http-outgoing-34: Shutdown connection
 -34946 [Forwarding findElement on session 343d0c94-0b98-4921-996e-ca445c47f566 to remote] DEBUG org.apache.http.impl.execchain.MainClientExec  - Connection discarded
 -34946 [Forwarding findElement on session 343d0c94-0b98-4921-996e-ca445c47f566 to remote] DEBUG org.apache.http.impl.conn.DefaultManagedHttpClientConnection  - http-outgoing-34: Close connection
 -34946 [Forwarding findElement on session 343d0c94-0b98-4921-996e-ca445c47f566 to remote] DEBUG org.apache.http.impl.conn.PoolingHttpClientConnectionManager  - Connection released: [id: 34][route: {}->http://127.0.0.1:7055][total kept alive: 0; route allocated: 0 of 2000; total allocated: 0 of 2000]
 -35452 [Forwarding findElement on session 343d0c94-0b98-4921-996e-ca445c47f566 to remote] DEBUG org.apache.http.client.protocol.RequestAddCookies  - CookieSpec selected: best-match
 -35452 [Forwarding findElement on session 343d0c94-0b98-4921-996e-ca445c47f566 to remote] DEBUG org.apache.http.client.protocol.RequestAuthCache  - Auth cache not set in the context
 -35452 [Forwarding findElement on session 343d0c94-0b98-4921-996e-ca445c47f566 to remote] DEBUG org.apache.http.impl.conn.PoolingHttpClientConnectionManager  - Connection request: [route: {}->http://127.0.0.1:7055][total kept alive: 0; route allocated: 0 of 2000; total allocated: 0 of 2000]
 -35453 [Forwarding findElement on session 343d0c94-0b98-4921-996e-ca445c47f566 to remote] DEBUG org.apache.http.impl.conn.PoolingHttpClientConnectionManager  - Connection leased: [id: 35][route: {}->http://127.0.0.1:7055][total kept alive: 0; route allocated: 1 of 2000; total allocated: 1 of 2000]
 -35453 [Forwarding findElement on session 343d0c94-0b98-4921-996e-ca445c47f566 to remote] DEBUG org.apache.http.impl.execchain.MainClientExec  - Opening connection {}->http://127.0.0.1:7055
 -35453 [Forwarding findElement on session 343d0c94-0b98-4921-996e-ca445c47f566 to remote] DEBUG org.apache.http.impl.conn.HttpClientConnectionOperator  - Connecting to /127.0.0.1:7055
 -35454 [Forwarding findElement on session 343d0c94-0b98-4921-996e-ca445c47f566 to remote] DEBUG org.apache.http.impl.conn.HttpClientConnectionOperator  - Connection established 127.0.0.1:61784<->127.0.0.1:7055
 -35454 [Forwarding findElement on session 343d0c94-0b98-4921-996e-ca445c47f566 to remote] DEBUG org.apache.http.impl.execchain.MainClientExec  - Executing request POST /hub/session/343d0c94-0b98-4921-996e-ca445c47f566/element HTTP/1.1
 -35454 [Forwarding findElement on session 343d0c94-0b98-4921-996e-ca445c47f566 to remote] DEBUG org.apache.http.impl.execchain.MainClientExec  - Target auth state: UNCHALLENGED
 -35454 [Forwarding findElement on session 343d0c94-0b98-4921-996e-ca445c47f566 to remote] DEBUG org.apache.http.impl.execchain.MainClientExec  - Proxy auth state: UNCHALLENGED
 -35454 [Forwarding findElement on session 343d0c94-0b98-4921-996e-ca445c47f566 to remote] DEBUG org.apache.http.headers  - http-outgoing-35 >> POST /hub/session/343d0c94-0b98-4921-996e-ca445c47f566/element HTTP/1.1
 -35455 [Forwarding findElement on session 343d0c94-0b98-4921-996e-ca445c47f566 to remote] DEBUG org.apache.http.headers  - http-outgoing-35 >> Content-Type: application/json; charset=utf-8
 -35455 [Forwarding findElement on session 343d0c94-0b98-4921-996e-ca445c47f566 to remote] DEBUG org.apache.http.headers  - http-outgoing-35 >> Content-Length: 89
 -35455 [Forwarding findElement on session 343d0c94-0b98-4921-996e-ca445c47f566 to remote] DEBUG org.apache.http.headers  - http-outgoing-35 >> Host: 127.0.0.1:7055
 -35455 [Forwarding findElement on session 343d0c94-0b98-4921-996e-ca445c47f566 to remote] DEBUG org.apache.http.headers  - http-outgoing-35 >> Connection: Keep-Alive
 -35455 [Forwarding findElement on session 343d0c94-0b98-4921-996e-ca445c47f566 to remote] DEBUG org.apache.http.headers  - http-outgoing-35 >> User-Agent: Apache-HttpClient/4.3.6 (java 1.5)
 -35455 [Forwarding findElement on session 343d0c94-0b98-4921-996e-ca445c47f566 to remote] DEBUG org.apache.http.headers  - http-outgoing-35 >> Accept-Encoding: gzip,deflate
 -35455 [Forwarding findElement on session 343d0c94-0b98-4921-996e-ca445c47f566 to remote] DEBUG org.apache.http.wire  - http-outgoing-35 >> "POST /hub/session/343d0c94-0b98-4921-996e-ca445c47f566/element HTTP/1.1[\r][\n]"
 -35455 [Forwarding findElement on session 343d0c94-0b98-4921-996e-ca445c47f566 to remote] DEBUG org.apache.http.wire  - http-outgoing-35 >> "Content-Type: application/json; charset=utf-8[\r][\n]"
 -35455 [Forwarding findElement on session 343d0c94-0b98-4921-996e-ca445c47f566 to remote] DEBUG org.apache.http.wire  - http-outgoing-35 >> "Content-Length: 89[\r][\n]"
 -35455 [Forwarding findElement on session 343d0c94-0b98-4921-996e-ca445c47f566 to remote] DEBUG org.apache.http.wire  - http-outgoing-35 >> "Host: 127.0.0.1:7055[\r][\n]"
 -35455 [Forwarding findElement on session 343d0c94-0b98-4921-996e-ca445c47f566 to remote] DEBUG org.apache.http.wire  - http-outgoing-35 >> "Connection: Keep-Alive[\r][\n]"
 -35455 [Forwarding findElement on session 343d0c94-0b98-4921-996e-ca445c47f566 to remote] DEBUG org.apache.http.wire  - http-outgoing-35 >> "User-Agent: Apache-HttpClient/4.3.6 (java 1.5)[\r][\n]"
 -35456 [Forwarding findElement on session 343d0c94-0b98-4921-996e-ca445c47f566 to remote] DEBUG org.apache.http.wire  - http-outgoing-35 >> "Accept-Encoding: gzip,deflate[\r][\n]"
 -35456 [Forwarding findElement on session 343d0c94-0b98-4921-996e-ca445c47f566 to remote] DEBUG org.apache.http.wire  - http-outgoing-35 >> "[\r][\n]"
 -35456 [Forwarding findElement on session 343d0c94-0b98-4921-996e-ca445c47f566 to remote] DEBUG org.apache.http.wire  - http-outgoing-35 >> "{"using":"css selector","value":".service-navigation__dropdown>ul>li>a>span:not(.arrow)"}"
 -35500 [Forwarding findElement on session 343d0c94-0b98-4921-996e-ca445c47f566 to remote] DEBUG org.apache.http.wire  - http-outgoing-35 << "HTTP/1.1 500 Internal Server Error[\r][\n]"
 -35500 [Forwarding findElement on session 343d0c94-0b98-4921-996e-ca445c47f566 to remote] DEBUG org.apache.http.wire  - http-outgoing-35 << "content-type: application/json; charset=UTF-8[\r][\n]"
 -35500 [Forwarding findElement on session 343d0c94-0b98-4921-996e-ca445c47f566 to remote] DEBUG org.apache.http.wire  - http-outgoing-35 << "connection: close[\r][\n]"
 -35500 [Forwarding findElement on session 343d0c94-0b98-4921-996e-ca445c47f566 to remote] DEBUG org.apache.http.wire  - http-outgoing-35 << "content-length: 1469[\r][\n]"
 -35500 [Forwarding findElement on session 343d0c94-0b98-4921-996e-ca445c47f566 to remote] DEBUG org.apache.http.wire  - http-outgoing-35 << "server: httpd.js[\r][\n]"
 -35500 [Forwarding findElement on session 343d0c94-0b98-4921-996e-ca445c47f566 to remote] DEBUG org.apache.http.wire  - http-outgoing-35 << "date: Fri, 27 Jan 2017 06:44:40 GMT[\r][\n]"
 -35501 [Forwarding findElement on session 343d0c94-0b98-4921-996e-ca445c47f566 to remote] DEBUG org.apache.http.wire  - http-outgoing-35 << "[\r][\n]"
 -35501 [Forwarding findElement on session 343d0c94-0b98-4921-996e-ca445c47f566 to remote] DEBUG org.apache.http.headers  - http-outgoing-35 << HTTP/1.1 500 Internal Server Error
 -35501 [Forwarding findElement on session 343d0c94-0b98-4921-996e-ca445c47f566 to remote] DEBUG org.apache.http.headers  - http-outgoing-35 << content-type: application/json; charset=UTF-8
 -35501 [Forwarding findElement on session 343d0c94-0b98-4921-996e-ca445c47f566 to remote] DEBUG org.apache.http.headers  - http-outgoing-35 << connection: close
 -35501 [Forwarding findElement on session 343d0c94-0b98-4921-996e-ca445c47f566 to remote] DEBUG org.apache.http.headers  - http-outgoing-35 << content-length: 1469
 -35501 [Forwarding findElement on session 343d0c94-0b98-4921-996e-ca445c47f566 to remote] DEBUG org.apache.http.headers  - http-outgoing-35 << server: httpd.js
 -35501 [Forwarding findElement on session 343d0c94-0b98-4921-996e-ca445c47f566 to remote] DEBUG org.apache.http.headers  - http-outgoing-35 << date: Fri, 27 Jan 2017 06:44:40 GMT
 -35502 [Forwarding findElement on session 343d0c94-0b98-4921-996e-ca445c47f566 to remote] DEBUG org.apache.http.wire  - http-outgoing-35 << "{"name":"findElement","sessionId":"343d0c94-0b98-4921-996e-ca445c47f566","status":7,"value":{"message":"Unable to locate element: {\"method\":\"css selector\",\"selector\":\".service-navigation__dropdown>ul>li>a>span:not(.arrow)\"}","stackTrace":[{"methodName":"FirefoxDriver.prototype.findElementInternal_","fileName":"file:///C:/Users/rao08/AppData/Local/Temp/anonymous5941514134848211728webdriver-profile/extensions/fxdriver@googlecode.com/components/driver-component.js","lineNumber":10299},{"methodName":"FirefoxDriver.prototype.findElement","fileName":"file:///C:/Users/rao08/AppData/Local/Temp/anonymous5941514134848211728webdriver-profile/extensions/fxdriver@googlecode.com/components/driver-component.js","lineNumber":10308},{"methodName":"DelayedCommand.prototype.executeInternal_/h","fileName":"file:///C:/Users/rao08/AppData/Local/Temp/anonymous5941514134848211728webdriver-profile/extensions/fxdriver@googlecode.com/components/command-processor.js","lineNumber":12282},{"methodName":"DelayedCommand.prototype.executeInternal_","fileName":"file:///C:/Users/rao08/AppData/Local/Temp/anonymous5941514134848211728webdriver-profile/extensions/fxdriver@googlecode.com/components/command-processor.js","lineNumber":12287},{"methodName":"DelayedCommand.prototype.execute/<","fileName":"file:///C:/Users/rao08/AppData/Local/Temp/anonymous5941514134848211728webdriver-profile/extensions/fxdriver@googlecode.com/components/command-processor.js","lineNumber":12229}]}}"
 -35502 [Forwarding findElement on session 343d0c94-0b98-4921-996e-ca445c47f566 to remote] DEBUG org.apache.http.impl.conn.DefaultManagedHttpClientConnection  - http-outgoing-35: Shutdown connection
 -35502 [Forwarding findElement on session 343d0c94-0b98-4921-996e-ca445c47f566 to remote] DEBUG org.apache.http.impl.execchain.MainClientExec  - Connection discarded
 -35502 [Forwarding findElement on session 343d0c94-0b98-4921-996e-ca445c47f566 to remote] DEBUG org.apache.http.impl.conn.DefaultManagedHttpClientConnection  - http-outgoing-35: Close connection
 -35503 [Forwarding findElement on session 343d0c94-0b98-4921-996e-ca445c47f566 to remote] DEBUG org.apache.http.impl.conn.PoolingHttpClientConnectionManager  - Connection released: [id: 35][route: {}->http://127.0.0.1:7055][total kept alive: 0; route allocated: 0 of 2000; total allocated: 0 of 2000]
 -36007 [Forwarding findElement on session 343d0c94-0b98-4921-996e-ca445c47f566 to remote] DEBUG org.apache.http.client.protocol.RequestAddCookies  - CookieSpec selected: best-match
 -36008 [Forwarding findElement on session 343d0c94-0b98-4921-996e-ca445c47f566 to remote] DEBUG org.apache.http.client.protocol.RequestAuthCache  - Auth cache not set in the context
 -36008 [Forwarding findElement on session 343d0c94-0b98-4921-996e-ca445c47f566 to remote] DEBUG org.apache.http.impl.conn.PoolingHttpClientConnectionManager  - Connection request: [route: {}->http://127.0.0.1:7055][total kept alive: 0; route allocated: 0 of 2000; total allocated: 0 of 2000]
 -36008 [Forwarding findElement on session 343d0c94-0b98-4921-996e-ca445c47f566 to remote] DEBUG org.apache.http.impl.conn.PoolingHttpClientConnectionManager  - Connection leased: [id: 36][route: {}->http://127.0.0.1:7055][total kept alive: 0; route allocated: 1 of 2000; total allocated: 1 of 2000]
 -36008 [Forwarding findElement on session 343d0c94-0b98-4921-996e-ca445c47f566 to remote] DEBUG org.apache.http.impl.execchain.MainClientExec  - Opening connection {}->http://127.0.0.1:7055
 -36008 [Forwarding findElement on session 343d0c94-0b98-4921-996e-ca445c47f566 to remote] DEBUG org.apache.http.impl.conn.HttpClientConnectionOperator  - Connecting to /127.0.0.1:7055
 -36009 [Forwarding findElement on session 343d0c94-0b98-4921-996e-ca445c47f566 to remote] DEBUG org.apache.http.impl.conn.HttpClientConnectionOperator  - Connection established 127.0.0.1:61789<->127.0.0.1:7055
 -36009 [Forwarding findElement on session 343d0c94-0b98-4921-996e-ca445c47f566 to remote] DEBUG org.apache.http.impl.execchain.MainClientExec  - Executing request POST /hub/session/343d0c94-0b98-4921-996e-ca445c47f566/element HTTP/1.1
 -36009 [Forwarding findElement on session 343d0c94-0b98-4921-996e-ca445c47f566 to remote] DEBUG org.apache.http.impl.execchain.MainClientExec  - Target auth state: UNCHALLENGED
 -36009 [Forwarding findElement on session 343d0c94-0b98-4921-996e-ca445c47f566 to remote] DEBUG org.apache.http.impl.execchain.MainClientExec  - Proxy auth state: UNCHALLENGED
 -36010 [Forwarding findElement on session 343d0c94-0b98-4921-996e-ca445c47f566 to remote] DEBUG org.apache.http.headers  - http-outgoing-36 >> POST /hub/session/343d0c94-0b98-4921-996e-ca445c47f566/element HTTP/1.1
 -36010 [Forwarding findElement on session 343d0c94-0b98-4921-996e-ca445c47f566 to remote] DEBUG org.apache.http.headers  - http-outgoing-36 >> Content-Type: application/json; charset=utf-8
 -36010 [Forwarding findElement on session 343d0c94-0b98-4921-996e-ca445c47f566 to remote] DEBUG org.apache.http.headers  - http-outgoing-36 >> Content-Length: 89
 -36010 [Forwarding findElement on session 343d0c94-0b98-4921-996e-ca445c47f566 to remote] DEBUG org.apache.http.headers  - http-outgoing-36 >> Host: 127.0.0.1:7055
 -36010 [Forwarding findElement on session 343d0c94-0b98-4921-996e-ca445c47f566 to remote] DEBUG org.apache.http.headers  - http-outgoing-36 >> Connection: Keep-Alive
 -36010 [Forwarding findElement on session 343d0c94-0b98-4921-996e-ca445c47f566 to remote] DEBUG org.apache.http.headers  - http-outgoing-36 >> User-Agent: Apache-HttpClient/4.3.6 (java 1.5)
 -36010 [Forwarding findElement on session 343d0c94-0b98-4921-996e-ca445c47f566 to remote] DEBUG org.apache.http.headers  - http-outgoing-36 >> Accept-Encoding: gzip,deflate
 -36010 [Forwarding findElement on session 343d0c94-0b98-4921-996e-ca445c47f566 to remote] DEBUG org.apache.http.wire  - http-outgoing-36 >> "POST /hub/session/343d0c94-0b98-4921-996e-ca445c47f566/element HTTP/1.1[\r][\n]"
 -36010 [Forwarding findElement on session 343d0c94-0b98-4921-996e-ca445c47f566 to remote] DEBUG org.apache.http.wire  - http-outgoing-36 >> "Content-Type: application/json; charset=utf-8[\r][\n]"
 -36010 [Forwarding findElement on session 343d0c94-0b98-4921-996e-ca445c47f566 to remote] DEBUG org.apache.http.wire  - http-outgoing-36 >> "Content-Length: 89[\r][\n]"
 -36011 [Forwarding findElement on session 343d0c94-0b98-4921-996e-ca445c47f566 to remote] DEBUG org.apache.http.wire  - http-outgoing-36 >> "Host: 127.0.0.1:7055[\r][\n]"
 -36011 [Forwarding findElement on session 343d0c94-0b98-4921-996e-ca445c47f566 to remote] DEBUG org.apache.http.wire  - http-outgoing-36 >> "Connection: Keep-Alive[\r][\n]"
 -36011 [Forwarding findElement on session 343d0c94-0b98-4921-996e-ca445c47f566 to remote] DEBUG org.apache.http.wire  - http-outgoing-36 >> "User-Agent: Apache-HttpClient/4.3.6 (java 1.5)[\r][\n]"
 -36011 [Forwarding findElement on session 343d0c94-0b98-4921-996e-ca445c47f566 to remote] DEBUG org.apache.http.wire  - http-outgoing-36 >> "Accept-Encoding: gzip,deflate[\r][\n]"
 -36011 [Forwarding findElement on session 343d0c94-0b98-4921-996e-ca445c47f566 to remote] DEBUG org.apache.http.wire  - http-outgoing-36 >> "[\r][\n]"
 -36011 [Forwarding findElement on session 343d0c94-0b98-4921-996e-ca445c47f566 to remote] DEBUG org.apache.http.wire  - http-outgoing-36 >> "{"using":"css selector","value":".service-navigation__dropdown>ul>li>a>span:not(.arrow)"}"
 -36052 [Forwarding findElement on session 343d0c94-0b98-4921-996e-ca445c47f566 to remote] DEBUG org.apache.http.wire  - http-outgoing-36 << "HTTP/1.1 500 Internal Server Error[\r][\n]"
 -36052 [Forwarding findElement on session 343d0c94-0b98-4921-996e-ca445c47f566 to remote] DEBUG org.apache.http.wire  - http-outgoing-36 << "content-type: application/json; charset=UTF-8[\r][\n]"
 -36052 [Forwarding findElement on session 343d0c94-0b98-4921-996e-ca445c47f566 to remote] DEBUG org.apache.http.wire  - http-outgoing-36 << "connection: close[\r][\n]"
 -36052 [Forwarding findElement on session 343d0c94-0b98-4921-996e-ca445c47f566 to remote] DEBUG org.apache.http.wire  - http-outgoing-36 << "content-length: 1469[\r][\n]"
 -36052 [Forwarding findElement on session 343d0c94-0b98-4921-996e-ca445c47f566 to remote] DEBUG org.apache.http.wire  - http-outgoing-36 << "server: httpd.js[\r][\n]"
 -36052 [Forwarding findElement on session 343d0c94-0b98-4921-996e-ca445c47f566 to remote] DEBUG org.apache.http.wire  - http-outgoing-36 << "date: Fri, 27 Jan 2017 06:44:40 GMT[\r][\n]"
 -36052 [Forwarding findElement on session 343d0c94-0b98-4921-996e-ca445c47f566 to remote] DEBUG org.apache.http.wire  - http-outgoing-36 << "[\r][\n]"
 -36052 [Forwarding findElement on session 343d0c94-0b98-4921-996e-ca445c47f566 to remote] DEBUG org.apache.http.headers  - http-outgoing-36 << HTTP/1.1 500 Internal Server Error
 -36053 [Forwarding findElement on session 343d0c94-0b98-4921-996e-ca445c47f566 to remote] DEBUG org.apache.http.headers  - http-outgoing-36 << content-type: application/json; charset=UTF-8
 -36053 [Forwarding findElement on session 343d0c94-0b98-4921-996e-ca445c47f566 to remote] DEBUG org.apache.http.headers  - http-outgoing-36 << connection: close
 -36053 [Forwarding findElement on session 343d0c94-0b98-4921-996e-ca445c47f566 to remote] DEBUG org.apache.http.headers  - http-outgoing-36 << content-length: 1469
 -36053 [Forwarding findElement on session 343d0c94-0b98-4921-996e-ca445c47f566 to remote] DEBUG org.apache.http.headers  - http-outgoing-36 << server: httpd.js
 -36053 [Forwarding findElement on session 343d0c94-0b98-4921-996e-ca445c47f566 to remote] DEBUG org.apache.http.headers  - http-outgoing-36 << date: Fri, 27 Jan 2017 06:44:40 GMT
 -36053 [Forwarding findElement on session 343d0c94-0b98-4921-996e-ca445c47f566 to remote] DEBUG org.apache.http.wire  - http-outgoing-36 << "{"name":"findElement","sessionId":"343d0c94-0b98-4921-996e-ca445c47f566","status":7,"value":{"message":"Unable to locate element: {\"method\":\"css selector\",\"selector\":\".service-navigation__dropdown>ul>li>a>span:not(.arrow)\"}","stackTrace":[{"methodName":"FirefoxDriver.prototype.findElementInternal_","fileName":"file:///C:/Users/rao08/AppData/Local/Temp/anonymous5941514134848211728webdriver-profile/extensions/fxdriver@googlecode.com/components/driver-component.js","lineNumber":10299},{"methodName":"FirefoxDriver.prototype.findElement","fileName":"file:///C:/Users/rao08/AppData/Local/Temp/anonymous5941514134848211728webdriver-profile/extensions/fxdriver@googlecode.com/components/driver-component.js","lineNumber":10308},{"methodName":"DelayedCommand.prototype.executeInternal_/h","fileName":"file:///C:/Users/rao08/AppData/Local/Temp/anonymous5941514134848211728webdriver-profile/extensions/fxdriver@googlecode.com/components/command-processor.js","lineNumber":12282},{"methodName":"DelayedCommand.prototype.executeInternal_","fileName":"file:///C:/Users/rao08/AppData/Local/Temp/anonymous5941514134848211728webdriver-profile/extensions/fxdriver@googlecode.com/components/command-processor.js","lineNumber":12287},{"methodName":"DelayedCommand.prototype.execute/<","fileName":"file:///C:/Users/rao08/AppData/Local/Temp/anonymous5941514134848211728webdriver-profile/extensions/fxdriver@googlecode.com/components/command-processor.js","lineNumber":12229}]}}"
 -36053 [Forwarding findElement on session 343d0c94-0b98-4921-996e-ca445c47f566 to remote] DEBUG org.apache.http.impl.conn.DefaultManagedHttpClientConnection  - http-outgoing-36: Shutdown connection
 -36054 [Forwarding findElement on session 343d0c94-0b98-4921-996e-ca445c47f566 to remote] DEBUG org.apache.http.impl.execchain.MainClientExec  - Connection discarded
 -36054 [Forwarding findElement on session 343d0c94-0b98-4921-996e-ca445c47f566 to remote] DEBUG org.apache.http.impl.conn.DefaultManagedHttpClientConnection  - http-outgoing-36: Close connection
 -36054 [Forwarding findElement on session 343d0c94-0b98-4921-996e-ca445c47f566 to remote] DEBUG org.apache.http.impl.conn.PoolingHttpClientConnectionManager  - Connection released: [id: 36][route: {}->http://127.0.0.1:7055][total kept alive: 0; route allocated: 0 of 2000; total allocated: 0 of 2000]
 -36558 [Forwarding findElement on session 343d0c94-0b98-4921-996e-ca445c47f566 to remote] DEBUG org.apache.http.client.protocol.RequestAddCookies  - CookieSpec selected: best-match
 -36559 [Forwarding findElement on session 343d0c94-0b98-4921-996e-ca445c47f566 to remote] DEBUG org.apache.http.client.protocol.RequestAuthCache  - Auth cache not set in the context
 -36559 [Forwarding findElement on session 343d0c94-0b98-4921-996e-ca445c47f566 to remote] DEBUG org.apache.http.impl.conn.PoolingHttpClientConnectionManager  - Connection request: [route: {}->http://127.0.0.1:7055][total kept alive: 0; route allocated: 0 of 2000; total allocated: 0 of 2000]
 -36559 [Forwarding findElement on session 343d0c94-0b98-4921-996e-ca445c47f566 to remote] DEBUG org.apache.http.impl.conn.PoolingHttpClientConnectionManager  - Connection leased: [id: 37][route: {}->http://127.0.0.1:7055][total kept alive: 0; route allocated: 1 of 2000; total allocated: 1 of 2000]
 -36559 [Forwarding findElement on session 343d0c94-0b98-4921-996e-ca445c47f566 to remote] DEBUG org.apache.http.impl.execchain.MainClientExec  - Opening connection {}->http://127.0.0.1:7055
 -36560 [Forwarding findElement on session 343d0c94-0b98-4921-996e-ca445c47f566 to remote] DEBUG org.apache.http.impl.conn.HttpClientConnectionOperator  - Connecting to /127.0.0.1:7055
 -36561 [Forwarding findElement on session 343d0c94-0b98-4921-996e-ca445c47f566 to remote] DEBUG org.apache.http.impl.conn.HttpClientConnectionOperator  - Connection established 127.0.0.1:57724<->127.0.0.1:7055
 -36561 [Forwarding findElement on session 343d0c94-0b98-4921-996e-ca445c47f566 to remote] DEBUG org.apache.http.impl.execchain.MainClientExec  - Executing request POST /hub/session/343d0c94-0b98-4921-996e-ca445c47f566/element HTTP/1.1
 -36562 [Forwarding findElement on session 343d0c94-0b98-4921-996e-ca445c47f566 to remote] DEBUG org.apache.http.impl.execchain.MainClientExec  - Target auth state: UNCHALLENGED
 -36562 [Forwarding findElement on session 343d0c94-0b98-4921-996e-ca445c47f566 to remote] DEBUG org.apache.http.impl.execchain.MainClientExec  - Proxy auth state: UNCHALLENGED
 -36562 [Forwarding findElement on session 343d0c94-0b98-4921-996e-ca445c47f566 to remote] DEBUG org.apache.http.headers  - http-outgoing-37 >> POST /hub/session/343d0c94-0b98-4921-996e-ca445c47f566/element HTTP/1.1
 -36563 [Forwarding findElement on session 343d0c94-0b98-4921-996e-ca445c47f566 to remote] DEBUG org.apache.http.headers  - http-outgoing-37 >> Content-Type: application/json; charset=utf-8
 -36563 [Forwarding findElement on session 343d0c94-0b98-4921-996e-ca445c47f566 to remote] DEBUG org.apache.http.headers  - http-outgoing-37 >> Content-Length: 89
 -36563 [Forwarding findElement on session 343d0c94-0b98-4921-996e-ca445c47f566 to remote] DEBUG org.apache.http.headers  - http-outgoing-37 >> Host: 127.0.0.1:7055
 -36563 [Forwarding findElement on session 343d0c94-0b98-4921-996e-ca445c47f566 to remote] DEBUG org.apache.http.headers  - http-outgoing-37 >> Connection: Keep-Alive
 -36563 [Forwarding findElement on session 343d0c94-0b98-4921-996e-ca445c47f566 to remote] DEBUG org.apache.http.headers  - http-outgoing-37 >> User-Agent: Apache-HttpClient/4.3.6 (java 1.5)
 -36564 [Forwarding findElement on session 343d0c94-0b98-4921-996e-ca445c47f566 to remote] DEBUG org.apache.http.headers  - http-outgoing-37 >> Accept-Encoding: gzip,deflate
 -36564 [Forwarding findElement on session 343d0c94-0b98-4921-996e-ca445c47f566 to remote] DEBUG org.apache.http.wire  - http-outgoing-37 >> "POST /hub/session/343d0c94-0b98-4921-996e-ca445c47f566/element HTTP/1.1[\r][\n]"
 -36564 [Forwarding findElement on session 343d0c94-0b98-4921-996e-ca445c47f566 to remote] DEBUG org.apache.http.wire  - http-outgoing-37 >> "Content-Type: application/json; charset=utf-8[\r][\n]"
 -36564 [Forwarding findElement on session 343d0c94-0b98-4921-996e-ca445c47f566 to remote] DEBUG org.apache.http.wire  - http-outgoing-37 >> "Content-Length: 89[\r][\n]"
 -36564 [Forwarding findElement on session 343d0c94-0b98-4921-996e-ca445c47f566 to remote] DEBUG org.apache.http.wire  - http-outgoing-37 >> "Host: 127.0.0.1:7055[\r][\n]"
 -36565 [Forwarding findElement on session 343d0c94-0b98-4921-996e-ca445c47f566 to remote] DEBUG org.apache.http.wire  - http-outgoing-37 >> "Connection: Keep-Alive[\r][\n]"
 -36565 [Forwarding findElement on session 343d0c94-0b98-4921-996e-ca445c47f566 to remote] DEBUG org.apache.http.wire  - http-outgoing-37 >> "User-Agent: Apache-HttpClient/4.3.6 (java 1.5)[\r][\n]"
 -36565 [Forwarding findElement on session 343d0c94-0b98-4921-996e-ca445c47f566 to remote] DEBUG org.apache.http.wire  - http-outgoing-37 >> "Accept-Encoding: gzip,deflate[\r][\n]"
 -36565 [Forwarding findElement on session 343d0c94-0b98-4921-996e-ca445c47f566 to remote] DEBUG org.apache.http.wire  - http-outgoing-37 >> "[\r][\n]"
 -36565 [Forwarding findElement on session 343d0c94-0b98-4921-996e-ca445c47f566 to remote] DEBUG org.apache.http.wire  - http-outgoing-37 >> "{"using":"css selector","value":".service-navigation__dropdown>ul>li>a>span:not(.arrow)"}"
 -36611 [Forwarding findElement on session 343d0c94-0b98-4921-996e-ca445c47f566 to remote] DEBUG org.apache.http.wire  - http-outgoing-37 << "HTTP/1.1 500 Internal Server Error[\r][\n]"
 -36611 [Forwarding findElement on session 343d0c94-0b98-4921-996e-ca445c47f566 to remote] DEBUG org.apache.http.wire  - http-outgoing-37 << "content-type: application/json; charset=UTF-8[\r][\n]"
 -36611 [Forwarding findElement on session 343d0c94-0b98-4921-996e-ca445c47f566 to remote] DEBUG org.apache.http.wire  - http-outgoing-37 << "connection: close[\r][\n]"
 -36612 [Forwarding findElement on session 343d0c94-0b98-4921-996e-ca445c47f566 to remote] DEBUG org.apache.http.wire  - http-outgoing-37 << "content-length: 1469[\r][\n]"
 -36612 [Forwarding findElement on session 343d0c94-0b98-4921-996e-ca445c47f566 to remote] DEBUG org.apache.http.wire  - http-outgoing-37 << "server: httpd.js[\r][\n]"
 -36612 [Forwarding findElement on session 343d0c94-0b98-4921-996e-ca445c47f566 to remote] DEBUG org.apache.http.wire  - http-outgoing-37 << "date: Fri, 27 Jan 2017 06:44:41 GMT[\r][\n]"
 -36612 [Forwarding findElement on session 343d0c94-0b98-4921-996e-ca445c47f566 to remote] DEBUG org.apache.http.wire  - http-outgoing-37 << "[\r][\n]"
 -36612 [Forwarding findElement on session 343d0c94-0b98-4921-996e-ca445c47f566 to remote] DEBUG org.apache.http.headers  - http-outgoing-37 << HTTP/1.1 500 Internal Server Error
 -36612 [Forwarding findElement on session 343d0c94-0b98-4921-996e-ca445c47f566 to remote] DEBUG org.apache.http.headers  - http-outgoing-37 << content-type: application/json; charset=UTF-8
 -36612 [Forwarding findElement on session 343d0c94-0b98-4921-996e-ca445c47f566 to remote] DEBUG org.apache.http.headers  - http-outgoing-37 << connection: close
 -36612 [Forwarding findElement on session 343d0c94-0b98-4921-996e-ca445c47f566 to remote] DEBUG org.apache.http.headers  - http-outgoing-37 << content-length: 1469
 -36612 [Forwarding findElement on session 343d0c94-0b98-4921-996e-ca445c47f566 to remote] DEBUG org.apache.http.headers  - http-outgoing-37 << server: httpd.js
 -36612 [Forwarding findElement on session 343d0c94-0b98-4921-996e-ca445c47f566 to remote] DEBUG org.apache.http.headers  - http-outgoing-37 << date: Fri, 27 Jan 2017 06:44:41 GMT
 -36613 [Forwarding findElement on session 343d0c94-0b98-4921-996e-ca445c47f566 to remote] DEBUG org.apache.http.wire  - http-outgoing-37 << "{"name":"findElement","sessionId":"343d0c94-0b98-4921-996e-ca445c47f566","status":7,"value":{"message":"Unable to locate element: {\"method\":\"css selector\",\"selector\":\".service-navigation__dropdown>ul>li>a>span:not(.arrow)\"}","stackTrace":[{"methodName":"FirefoxDriver.prototype.findElementInternal_","fileName":"file:///C:/Users/rao08/AppData/Local/Temp/anonymous5941514134848211728webdriver-profile/extensions/fxdriver@googlecode.com/components/driver-component.js","lineNumber":10299},{"methodName":"FirefoxDriver.prototype.findElement","fileName":"file:///C:/Users/rao08/AppData/Local/Temp/anonymous5941514134848211728webdriver-profile/extensions/fxdriver@googlecode.com/components/driver-component.js","lineNumber":10308},{"methodName":"DelayedCommand.prototype.executeInternal_/h","fileName":"file:///C:/Users/rao08/AppData/Local/Temp/anonymous5941514134848211728webdriver-profile/extensions/fxdriver@googlecode.com/components/command-processor.js","lineNumber":12282},{"methodName":"DelayedCommand.prototype.executeInternal_","fileName":"file:///C:/Users/rao08/AppData/Local/Temp/anonymous5941514134848211728webdriver-profile/extensions/fxdriver@googlecode.com/components/command-processor.js","lineNumber":12287},{"methodName":"DelayedCommand.prototype.execute/<","fileName":"file:///C:/Users/rao08/AppData/Local/Temp/anonymous5941514134848211728webdriver-profile/extensions/fxdriver@googlecode.com/components/command-processor.js","lineNumber":12229}]}}"
 -36613 [Forwarding findElement on session 343d0c94-0b98-4921-996e-ca445c47f566 to remote] DEBUG org.apache.http.impl.conn.DefaultManagedHttpClientConnection  - http-outgoing-37: Shutdown connection
 -36613 [Forwarding findElement on session 343d0c94-0b98-4921-996e-ca445c47f566 to remote] DEBUG org.apache.http.impl.execchain.MainClientExec  - Connection discarded
 -36613 [Forwarding findElement on session 343d0c94-0b98-4921-996e-ca445c47f566 to remote] DEBUG org.apache.http.impl.conn.DefaultManagedHttpClientConnection  - http-outgoing-37: Close connection
 -36613 [Forwarding findElement on session 343d0c94-0b98-4921-996e-ca445c47f566 to remote] DEBUG org.apache.http.impl.conn.PoolingHttpClientConnectionManager  - Connection released: [id: 37][route: {}->http://127.0.0.1:7055][total kept alive: 0; route allocated: 0 of 2000; total allocated: 0 of 2000]
 -37140 [Forwarding findElement on session 343d0c94-0b98-4921-996e-ca445c47f566 to remote] DEBUG org.apache.http.client.protocol.RequestAddCookies  - CookieSpec selected: best-match
 -37141 [Forwarding findElement on session 343d0c94-0b98-4921-996e-ca445c47f566 to remote] DEBUG org.apache.http.client.protocol.RequestAuthCache  - Auth cache not set in the context
 -37141 [Forwarding findElement on session 343d0c94-0b98-4921-996e-ca445c47f566 to remote] DEBUG org.apache.http.impl.conn.PoolingHttpClientConnectionManager  - Connection request: [route: {}->http://127.0.0.1:7055][total kept alive: 0; route allocated: 0 of 2000; total allocated: 0 of 2000]
 -37141 [Forwarding findElement on session 343d0c94-0b98-4921-996e-ca445c47f566 to remote] DEBUG org.apache.http.impl.conn.PoolingHttpClientConnectionManager  - Connection leased: [id: 38][route: {}->http://127.0.0.1:7055][total kept alive: 0; route allocated: 1 of 2000; total allocated: 1 of 2000]
 -37141 [Forwarding findElement on session 343d0c94-0b98-4921-996e-ca445c47f566 to remote] DEBUG org.apache.http.impl.execchain.MainClientExec  - Opening connection {}->http://127.0.0.1:7055
 -37142 [Forwarding findElement on session 343d0c94-0b98-4921-996e-ca445c47f566 to remote] DEBUG org.apache.http.impl.conn.HttpClientConnectionOperator  - Connecting to /127.0.0.1:7055
 -37143 [Forwarding findElement on session 343d0c94-0b98-4921-996e-ca445c47f566 to remote] DEBUG org.apache.http.impl.conn.HttpClientConnectionOperator  - Connection established 127.0.0.1:57728<->127.0.0.1:7055
 -37143 [Forwarding findElement on session 343d0c94-0b98-4921-996e-ca445c47f566 to remote] DEBUG org.apache.http.impl.execchain.MainClientExec  - Executing request POST /hub/session/343d0c94-0b98-4921-996e-ca445c47f566/element HTTP/1.1
 -37143 [Forwarding findElement on session 343d0c94-0b98-4921-996e-ca445c47f566 to remote] DEBUG org.apache.http.impl.execchain.MainClientExec  - Target auth state: UNCHALLENGED
 -37143 [Forwarding findElement on session 343d0c94-0b98-4921-996e-ca445c47f566 to remote] DEBUG org.apache.http.impl.execchain.MainClientExec  - Proxy auth state: UNCHALLENGED
 -37144 [Forwarding findElement on session 343d0c94-0b98-4921-996e-ca445c47f566 to remote] DEBUG org.apache.http.headers  - http-outgoing-38 >> POST /hub/session/343d0c94-0b98-4921-996e-ca445c47f566/element HTTP/1.1
 -37144 [Forwarding findElement on session 343d0c94-0b98-4921-996e-ca445c47f566 to remote] DEBUG org.apache.http.headers  - http-outgoing-38 >> Content-Type: application/json; charset=utf-8
 -37144 [Forwarding findElement on session 343d0c94-0b98-4921-996e-ca445c47f566 to remote] DEBUG org.apache.http.headers  - http-outgoing-38 >> Content-Length: 89
 -37144 [Forwarding findElement on session 343d0c94-0b98-4921-996e-ca445c47f566 to remote] DEBUG org.apache.http.headers  - http-outgoing-38 >> Host: 127.0.0.1:7055
 -37144 [Forwarding findElement on session 343d0c94-0b98-4921-996e-ca445c47f566 to remote] DEBUG org.apache.http.headers  - http-outgoing-38 >> Connection: Keep-Alive
 -37144 [Forwarding findElement on session 343d0c94-0b98-4921-996e-ca445c47f566 to remote] DEBUG org.apache.http.headers  - http-outgoing-38 >> User-Agent: Apache-HttpClient/4.3.6 (java 1.5)
 -37144 [Forwarding findElement on session 343d0c94-0b98-4921-996e-ca445c47f566 to remote] DEBUG org.apache.http.headers  - http-outgoing-38 >> Accept-Encoding: gzip,deflate
 -37145 [Forwarding findElement on session 343d0c94-0b98-4921-996e-ca445c47f566 to remote] DEBUG org.apache.http.wire  - http-outgoing-38 >> "POST /hub/session/343d0c94-0b98-4921-996e-ca445c47f566/element HTTP/1.1[\r][\n]"
 -37145 [Forwarding findElement on session 343d0c94-0b98-4921-996e-ca445c47f566 to remote] DEBUG org.apache.http.wire  - http-outgoing-38 >> "Content-Type: application/json; charset=utf-8[\r][\n]"
 -37145 [Forwarding findElement on session 343d0c94-0b98-4921-996e-ca445c47f566 to remote] DEBUG org.apache.http.wire  - http-outgoing-38 >> "Content-Length: 89[\r][\n]"
 -37145 [Forwarding findElement on session 343d0c94-0b98-4921-996e-ca445c47f566 to remote] DEBUG org.apache.http.wire  - http-outgoing-38 >> "Host: 127.0.0.1:7055[\r][\n]"
 -37145 [Forwarding findElement on session 343d0c94-0b98-4921-996e-ca445c47f566 to remote] DEBUG org.apache.http.wire  - http-outgoing-38 >> "Connection: Keep-Alive[\r][\n]"
 -37145 [Forwarding findElement on session 343d0c94-0b98-4921-996e-ca445c47f566 to remote] DEBUG org.apache.http.wire  - http-outgoing-38 >> "User-Agent: Apache-HttpClient/4.3.6 (java 1.5)[\r][\n]"
 -37145 [Forwarding findElement on session 343d0c94-0b98-4921-996e-ca445c47f566 to remote] DEBUG org.apache.http.wire  - http-outgoing-38 >> "Accept-Encoding: gzip,deflate[\r][\n]"
 -37145 [Forwarding findElement on session 343d0c94-0b98-4921-996e-ca445c47f566 to remote] DEBUG org.apache.http.wire  - http-outgoing-38 >> "[\r][\n]"
 -37145 [Forwarding findElement on session 343d0c94-0b98-4921-996e-ca445c47f566 to remote] DEBUG org.apache.http.wire  - http-outgoing-38 >> "{"using":"css selector","value":".service-navigation__dropdown>ul>li>a>span:not(.arrow)"}"
 -37243 [Forwarding findElement on session 343d0c94-0b98-4921-996e-ca445c47f566 to remote] DEBUG org.apache.http.wire  - http-outgoing-38 << "HTTP/1.1 500 Internal Server Error[\r][\n]"
 -37243 [Forwarding findElement on session 343d0c94-0b98-4921-996e-ca445c47f566 to remote] DEBUG org.apache.http.wire  - http-outgoing-38 << "content-type: application/json; charset=UTF-8[\r][\n]"
 -37243 [Forwarding findElement on session 343d0c94-0b98-4921-996e-ca445c47f566 to remote] DEBUG org.apache.http.wire  - http-outgoing-38 << "connection: close[\r][\n]"
 -37243 [Forwarding findElement on session 343d0c94-0b98-4921-996e-ca445c47f566 to remote] DEBUG org.apache.http.wire  - http-outgoing-38 << "content-length: 1469[\r][\n]"
 -37243 [Forwarding findElement on session 343d0c94-0b98-4921-996e-ca445c47f566 to remote] DEBUG org.apache.http.wire  - http-outgoing-38 << "server: httpd.js[\r][\n]"
 -37243 [Forwarding findElement on session 343d0c94-0b98-4921-996e-ca445c47f566 to remote] DEBUG org.apache.http.wire  - http-outgoing-38 << "date: Fri, 27 Jan 2017 06:44:41 GMT[\r][\n]"
 -37243 [Forwarding findElement on session 343d0c94-0b98-4921-996e-ca445c47f566 to remote] DEBUG org.apache.http.wire  - http-outgoing-38 << "[\r][\n]"
 -37244 [Forwarding findElement on session 343d0c94-0b98-4921-996e-ca445c47f566 to remote] DEBUG org.apache.http.headers  - http-outgoing-38 << HTTP/1.1 500 Internal Server Error
 -37244 [Forwarding findElement on session 343d0c94-0b98-4921-996e-ca445c47f566 to remote] DEBUG org.apache.http.headers  - http-outgoing-38 << content-type: application/json; charset=UTF-8
 -37244 [Forwarding findElement on session 343d0c94-0b98-4921-996e-ca445c47f566 to remote] DEBUG org.apache.http.headers  - http-outgoing-38 << connection: close
 -37244 [Forwarding findElement on session 343d0c94-0b98-4921-996e-ca445c47f566 to remote] DEBUG org.apache.http.headers  - http-outgoing-38 << content-length: 1469
 -37244 [Forwarding findElement on session 343d0c94-0b98-4921-996e-ca445c47f566 to remote] DEBUG org.apache.http.headers  - http-outgoing-38 << server: httpd.js
 -37244 [Forwarding findElement on session 343d0c94-0b98-4921-996e-ca445c47f566 to remote] DEBUG org.apache.http.headers  - http-outgoing-38 << date: Fri, 27 Jan 2017 06:44:41 GMT
 -37245 [Forwarding findElement on session 343d0c94-0b98-4921-996e-ca445c47f566 to remote] DEBUG org.apache.http.wire  - http-outgoing-38 << "{"name":"findElement","sessionId":"343d0c94-0b98-4921-996e-ca445c47f566","status":7,"value":{"message":"Unable to locate element: {\"method\":\"css selector\",\"selector\":\".service-navigation__dropdown>ul>li>a>span:not(.arrow)\"}","stackTrace":[{"methodName":"FirefoxDriver.prototype.findElementInternal_","fileName":"file:///C:/Users/rao08/AppData/Local/Temp/anonymous5941514134848211728webdriver-profile/extensions/fxdriver@googlecode.com/components/driver-component.js","lineNumber":10299},{"methodName":"FirefoxDriver.prototype.findElement","fileName":"file:///C:/Users/rao08/AppData/Local/Temp/anonymous5941514134848211728webdriver-profile/extensions/fxdriver@googlecode.com/components/driver-component.js","lineNumber":10308},{"methodName":"DelayedCommand.prototype.executeInternal_/h","fileName":"file:///C:/Users/rao08/AppData/Local/Temp/anonymous5941514134848211728webdriver-profile/extensions/fxdriver@googlecode.com/components/command-processor.js","lineNumber":12282},{"methodName":"DelayedCommand.prototype.executeInternal_","fileName":"file:///C:/Users/rao08/AppData/Local/Temp/anonymous5941514134848211728webdriver-profile/extensions/fxdriver@googlecode.com/components/command-processor.js","lineNumber":12287},{"methodName":"DelayedCommand.prototype.execute/<","fileName":"file:///C:/Users/rao08/AppData/Local/Temp/anonymous5941514134848211728webdriver-profile/extensions/fxdriver@googlecode.com/components/command-processor.js","lineNumber":12229}]}}"
 -37245 [Forwarding findElement on session 343d0c94-0b98-4921-996e-ca445c47f566 to remote] DEBUG org.apache.http.impl.conn.DefaultManagedHttpClientConnection  - http-outgoing-38: Shutdown connection
 -37246 [Forwarding findElement on session 343d0c94-0b98-4921-996e-ca445c47f566 to remote] DEBUG org.apache.http.impl.execchain.MainClientExec  - Connection discarded
 -37246 [Forwarding findElement on session 343d0c94-0b98-4921-996e-ca445c47f566 to remote] DEBUG org.apache.http.impl.conn.DefaultManagedHttpClientConnection  - http-outgoing-38: Close connection
 -37246 [Forwarding findElement on session 343d0c94-0b98-4921-996e-ca445c47f566 to remote] DEBUG org.apache.http.impl.conn.PoolingHttpClientConnectionManager  - Connection released: [id: 38][route: {}->http://127.0.0.1:7055][total kept alive: 0; route allocated: 0 of 2000; total allocated: 0 of 2000]
 -37753 [Forwarding findElement on session 343d0c94-0b98-4921-996e-ca445c47f566 to remote] DEBUG org.apache.http.client.protocol.RequestAddCookies  - CookieSpec selected: best-match
 -37753 [Forwarding findElement on session 343d0c94-0b98-4921-996e-ca445c47f566 to remote] DEBUG org.apache.http.client.protocol.RequestAuthCache  - Auth cache not set in the context
 -37753 [Forwarding findElement on session 343d0c94-0b98-4921-996e-ca445c47f566 to remote] DEBUG org.apache.http.impl.conn.PoolingHttpClientConnectionManager  - Connection request: [route: {}->http://127.0.0.1:7055][total kept alive: 0; route allocated: 0 of 2000; total allocated: 0 of 2000]
 -37754 [Forwarding findElement on session 343d0c94-0b98-4921-996e-ca445c47f566 to remote] DEBUG org.apache.http.impl.conn.PoolingHttpClientConnectionManager  - Connection leased: [id: 39][route: {}->http://127.0.0.1:7055][total kept alive: 0; route allocated: 1 of 2000; total allocated: 1 of 2000]
 -37754 [Forwarding findElement on session 343d0c94-0b98-4921-996e-ca445c47f566 to remote] DEBUG org.apache.http.impl.execchain.MainClientExec  - Opening connection {}->http://127.0.0.1:7055
 -37754 [Forwarding findElement on session 343d0c94-0b98-4921-996e-ca445c47f566 to remote] DEBUG org.apache.http.impl.conn.HttpClientConnectionOperator  - Connecting to /127.0.0.1:7055
 -37755 [Forwarding findElement on session 343d0c94-0b98-4921-996e-ca445c47f566 to remote] DEBUG org.apache.http.impl.conn.HttpClientConnectionOperator  - Connection established 127.0.0.1:57734<->127.0.0.1:7055
 -37755 [Forwarding findElement on session 343d0c94-0b98-4921-996e-ca445c47f566 to remote] DEBUG org.apache.http.impl.execchain.MainClientExec  - Executing request POST /hub/session/343d0c94-0b98-4921-996e-ca445c47f566/element HTTP/1.1
 -37755 [Forwarding findElement on session 343d0c94-0b98-4921-996e-ca445c47f566 to remote] DEBUG org.apache.http.impl.execchain.MainClientExec  - Target auth state: UNCHALLENGED
 -37755 [Forwarding findElement on session 343d0c94-0b98-4921-996e-ca445c47f566 to remote] DEBUG org.apache.http.impl.execchain.MainClientExec  - Proxy auth state: UNCHALLENGED
 -37756 [Forwarding findElement on session 343d0c94-0b98-4921-996e-ca445c47f566 to remote] DEBUG org.apache.http.headers  - http-outgoing-39 >> POST /hub/session/343d0c94-0b98-4921-996e-ca445c47f566/element HTTP/1.1
 -37756 [Forwarding findElement on session 343d0c94-0b98-4921-996e-ca445c47f566 to remote] DEBUG org.apache.http.headers  - http-outgoing-39 >> Content-Type: application/json; charset=utf-8
 -37756 [Forwarding findElement on session 343d0c94-0b98-4921-996e-ca445c47f566 to remote] DEBUG org.apache.http.headers  - http-outgoing-39 >> Content-Length: 89
 -37756 [Forwarding findElement on session 343d0c94-0b98-4921-996e-ca445c47f566 to remote] DEBUG org.apache.http.headers  - http-outgoing-39 >> Host: 127.0.0.1:7055
 -37756 [Forwarding findElement on session 343d0c94-0b98-4921-996e-ca445c47f566 to remote] DEBUG org.apache.http.headers  - http-outgoing-39 >> Connection: Keep-Alive
 -37756 [Forwarding findElement on session 343d0c94-0b98-4921-996e-ca445c47f566 to remote] DEBUG org.apache.http.headers  - http-outgoing-39 >> User-Agent: Apache-HttpClient/4.3.6 (java 1.5)
 -37756 [Forwarding findElement on session 343d0c94-0b98-4921-996e-ca445c47f566 to remote] DEBUG org.apache.http.headers  - http-outgoing-39 >> Accept-Encoding: gzip,deflate
 -37756 [Forwarding findElement on session 343d0c94-0b98-4921-996e-ca445c47f566 to remote] DEBUG org.apache.http.wire  - http-outgoing-39 >> "POST /hub/session/343d0c94-0b98-4921-996e-ca445c47f566/element HTTP/1.1[\r][\n]"
 -37756 [Forwarding findElement on session 343d0c94-0b98-4921-996e-ca445c47f566 to remote] DEBUG org.apache.http.wire  - http-outgoing-39 >> "Content-Type: application/json; charset=utf-8[\r][\n]"
 -37756 [Forwarding findElement on session 343d0c94-0b98-4921-996e-ca445c47f566 to remote] DEBUG org.apache.http.wire  - http-outgoing-39 >> "Content-Length: 89[\r][\n]"
 -37756 [Forwarding findElement on session 343d0c94-0b98-4921-996e-ca445c47f566 to remote] DEBUG org.apache.http.wire  - http-outgoing-39 >> "Host: 127.0.0.1:7055[\r][\n]"
 -37757 [Forwarding findElement on session 343d0c94-0b98-4921-996e-ca445c47f566 to remote] DEBUG org.apache.http.wire  - http-outgoing-39 >> "Connection: Keep-Alive[\r][\n]"
 -37757 [Forwarding findElement on session 343d0c94-0b98-4921-996e-ca445c47f566 to remote] DEBUG org.apache.http.wire  - http-outgoing-39 >> "User-Agent: Apache-HttpClient/4.3.6 (java 1.5)[\r][\n]"
 -37757 [Forwarding findElement on session 343d0c94-0b98-4921-996e-ca445c47f566 to remote] DEBUG org.apache.http.wire  - http-outgoing-39 >> "Accept-Encoding: gzip,deflate[\r][\n]"
 -37757 [Forwarding findElement on session 343d0c94-0b98-4921-996e-ca445c47f566 to remote] DEBUG org.apache.http.wire  - http-outgoing-39 >> "[\r][\n]"
 -37757 [Forwarding findElement on session 343d0c94-0b98-4921-996e-ca445c47f566 to remote] DEBUG org.apache.http.wire  - http-outgoing-39 >> "{"using":"css selector","value":".service-navigation__dropdown>ul>li>a>span:not(.arrow)"}"
 -37822 [Forwarding findElement on session 343d0c94-0b98-4921-996e-ca445c47f566 to remote] DEBUG org.apache.http.wire  - http-outgoing-39 << "HTTP/1.1 500 Internal Server Error[\r][\n]"
 -37822 [Forwarding findElement on session 343d0c94-0b98-4921-996e-ca445c47f566 to remote] DEBUG org.apache.http.wire  - http-outgoing-39 << "content-type: application/json; charset=UTF-8[\r][\n]"
 -37822 [Forwarding findElement on session 343d0c94-0b98-4921-996e-ca445c47f566 to remote] DEBUG org.apache.http.wire  - http-outgoing-39 << "connection: close[\r][\n]"
 -37822 [Forwarding findElement on session 343d0c94-0b98-4921-996e-ca445c47f566 to remote] DEBUG org.apache.http.wire  - http-outgoing-39 << "content-length: 1469[\r][\n]"
 -37822 [Forwarding findElement on session 343d0c94-0b98-4921-996e-ca445c47f566 to remote] DEBUG org.apache.http.wire  - http-outgoing-39 << "server: httpd.js[\r][\n]"
 -37822 [Forwarding findElement on session 343d0c94-0b98-4921-996e-ca445c47f566 to remote] DEBUG org.apache.http.wire  - http-outgoing-39 << "date: Fri, 27 Jan 2017 06:44:42 GMT[\r][\n]"
 -37822 [Forwarding findElement on session 343d0c94-0b98-4921-996e-ca445c47f566 to remote] DEBUG org.apache.http.wire  - http-outgoing-39 << "[\r][\n]"
 -37822 [Forwarding findElement on session 343d0c94-0b98-4921-996e-ca445c47f566 to remote] DEBUG org.apache.http.headers  - http-outgoing-39 << HTTP/1.1 500 Internal Server Error
 -37822 [Forwarding findElement on session 343d0c94-0b98-4921-996e-ca445c47f566 to remote] DEBUG org.apache.http.headers  - http-outgoing-39 << content-type: application/json; charset=UTF-8
 -37823 [Forwarding findElement on session 343d0c94-0b98-4921-996e-ca445c47f566 to remote] DEBUG org.apache.http.headers  - http-outgoing-39 << connection: close
 -37823 [Forwarding findElement on session 343d0c94-0b98-4921-996e-ca445c47f566 to remote] DEBUG org.apache.http.headers  - http-outgoing-39 << content-length: 1469
 -37823 [Forwarding findElement on session 343d0c94-0b98-4921-996e-ca445c47f566 to remote] DEBUG org.apache.http.headers  - http-outgoing-39 << server: httpd.js
 -37823 [Forwarding findElement on session 343d0c94-0b98-4921-996e-ca445c47f566 to remote] DEBUG org.apache.http.headers  - http-outgoing-39 << date: Fri, 27 Jan 2017 06:44:42 GMT
 -37824 [Forwarding findElement on session 343d0c94-0b98-4921-996e-ca445c47f566 to remote] DEBUG org.apache.http.wire  - http-outgoing-39 << "{"name":"findElement","sessionId":"343d0c94-0b98-4921-996e-ca445c47f566","status":7,"value":{"message":"Unable to locate element: {\"method\":\"css selector\",\"selector\":\".service-navigation__dropdown>ul>li>a>span:not(.arrow)\"}","stackTrace":[{"methodName":"FirefoxDriver.prototype.findElementInternal_","fileName":"file:///C:/Users/rao08/AppData/Local/Temp/anonymous5941514134848211728webdriver-profile/extensions/fxdriver@googlecode.com/components/driver-component.js","lineNumber":10299},{"methodName":"FirefoxDriver.prototype.findElement","fileName":"file:///C:/Users/rao08/AppData/Local/Temp/anonymous5941514134848211728webdriver-profile/extensions/fxdriver@googlecode.com/components/driver-component.js","lineNumber":10308},{"methodName":"DelayedCommand.prototype.executeInternal_/h","fileName":"file:///C:/Users/rao08/AppData/Local/Temp/anonymous5941514134848211728webdriver-profile/extensions/fxdriver@googlecode.com/components/command-processor.js","lineNumber":12282},{"methodName":"DelayedCommand.prototype.executeInternal_","fileName":"file:///C:/Users/rao08/AppData/Local/Temp/anonymous5941514134848211728webdriver-profile/extensions/fxdriver@googlecode.com/components/command-processor.js","lineNumber":12287},{"methodName":"DelayedCommand.prototype.execute/<","fileName":"file:///C:/Users/rao08/AppData/Local/Temp/anonymous5941514134848211728webdriver-profile/extensions/fxdriver@googlecode.com/components/command-processor.js","lineNumber":12229}]}}"
 -37824 [Forwarding findElement on session 343d0c94-0b98-4921-996e-ca445c47f566 to remote] DEBUG org.apache.http.impl.conn.DefaultManagedHttpClientConnection  - http-outgoing-39: Shutdown connection
 -37824 [Forwarding findElement on session 343d0c94-0b98-4921-996e-ca445c47f566 to remote] DEBUG org.apache.http.impl.execchain.MainClientExec  - Connection discarded
 -37824 [Forwarding findElement on session 343d0c94-0b98-4921-996e-ca445c47f566 to remote] DEBUG org.apache.http.impl.conn.DefaultManagedHttpClientConnection  - http-outgoing-39: Close connection
 -37824 [Forwarding findElement on session 343d0c94-0b98-4921-996e-ca445c47f566 to remote] DEBUG org.apache.http.impl.conn.PoolingHttpClientConnectionManager  - Connection released: [id: 39][route: {}->http://127.0.0.1:7055][total kept alive: 0; route allocated: 0 of 2000; total allocated: 0 of 2000]
 -38330 [Forwarding findElement on session 343d0c94-0b98-4921-996e-ca445c47f566 to remote] DEBUG org.apache.http.client.protocol.RequestAddCookies  - CookieSpec selected: best-match
 -38330 [Forwarding findElement on session 343d0c94-0b98-4921-996e-ca445c47f566 to remote] DEBUG org.apache.http.client.protocol.RequestAuthCache  - Auth cache not set in the context
 -38331 [Forwarding findElement on session 343d0c94-0b98-4921-996e-ca445c47f566 to remote] DEBUG org.apache.http.impl.conn.PoolingHttpClientConnectionManager  - Connection request: [route: {}->http://127.0.0.1:7055][total kept alive: 0; route allocated: 0 of 2000; total allocated: 0 of 2000]
 -38331 [Forwarding findElement on session 343d0c94-0b98-4921-996e-ca445c47f566 to remote] DEBUG org.apache.http.impl.conn.PoolingHttpClientConnectionManager  - Connection leased: [id: 40][route: {}->http://127.0.0.1:7055][total kept alive: 0; route allocated: 1 of 2000; total allocated: 1 of 2000]
 -38331 [Forwarding findElement on session 343d0c94-0b98-4921-996e-ca445c47f566 to remote] DEBUG org.apache.http.impl.execchain.MainClientExec  - Opening connection {}->http://127.0.0.1:7055
 -38331 [Forwarding findElement on session 343d0c94-0b98-4921-996e-ca445c47f566 to remote] DEBUG org.apache.http.impl.conn.HttpClientConnectionOperator  - Connecting to /127.0.0.1:7055
 -38332 [Forwarding findElement on session 343d0c94-0b98-4921-996e-ca445c47f566 to remote] DEBUG org.apache.http.impl.conn.HttpClientConnectionOperator  - Connection established 127.0.0.1:57740<->127.0.0.1:7055
 -38332 [Forwarding findElement on session 343d0c94-0b98-4921-996e-ca445c47f566 to remote] DEBUG org.apache.http.impl.execchain.MainClientExec  - Executing request POST /hub/session/343d0c94-0b98-4921-996e-ca445c47f566/element HTTP/1.1
 -38332 [Forwarding findElement on session 343d0c94-0b98-4921-996e-ca445c47f566 to remote] DEBUG org.apache.http.impl.execchain.MainClientExec  - Target auth state: UNCHALLENGED
 -38332 [Forwarding findElement on session 343d0c94-0b98-4921-996e-ca445c47f566 to remote] DEBUG org.apache.http.impl.execchain.MainClientExec  - Proxy auth state: UNCHALLENGED
 -38332 [Forwarding findElement on session 343d0c94-0b98-4921-996e-ca445c47f566 to remote] DEBUG org.apache.http.headers  - http-outgoing-40 >> POST /hub/session/343d0c94-0b98-4921-996e-ca445c47f566/element HTTP/1.1
 -38333 [Forwarding findElement on session 343d0c94-0b98-4921-996e-ca445c47f566 to remote] DEBUG org.apache.http.headers  - http-outgoing-40 >> Content-Type: application/json; charset=utf-8
 -38333 [Forwarding findElement on session 343d0c94-0b98-4921-996e-ca445c47f566 to remote] DEBUG org.apache.http.headers  - http-outgoing-40 >> Content-Length: 89
 -38333 [Forwarding findElement on session 343d0c94-0b98-4921-996e-ca445c47f566 to remote] DEBUG org.apache.http.headers  - http-outgoing-40 >> Host: 127.0.0.1:7055
 -38333 [Forwarding findElement on session 343d0c94-0b98-4921-996e-ca445c47f566 to remote] DEBUG org.apache.http.headers  - http-outgoing-40 >> Connection: Keep-Alive
 -38333 [Forwarding findElement on session 343d0c94-0b98-4921-996e-ca445c47f566 to remote] DEBUG org.apache.http.headers  - http-outgoing-40 >> User-Agent: Apache-HttpClient/4.3.6 (java 1.5)
 -38333 [Forwarding findElement on session 343d0c94-0b98-4921-996e-ca445c47f566 to remote] DEBUG org.apache.http.headers  - http-outgoing-40 >> Accept-Encoding: gzip,deflate
 -38333 [Forwarding findElement on session 343d0c94-0b98-4921-996e-ca445c47f566 to remote] DEBUG org.apache.http.wire  - http-outgoing-40 >> "POST /hub/session/343d0c94-0b98-4921-996e-ca445c47f566/element HTTP/1.1[\r][\n]"
 -38333 [Forwarding findElement on session 343d0c94-0b98-4921-996e-ca445c47f566 to remote] DEBUG org.apache.http.wire  - http-outgoing-40 >> "Content-Type: application/json; charset=utf-8[\r][\n]"
 -38333 [Forwarding findElement on session 343d0c94-0b98-4921-996e-ca445c47f566 to remote] DEBUG org.apache.http.wire  - http-outgoing-40 >> "Content-Length: 89[\r][\n]"
 -38333 [Forwarding findElement on session 343d0c94-0b98-4921-996e-ca445c47f566 to remote] DEBUG org.apache.http.wire  - http-outgoing-40 >> "Host: 127.0.0.1:7055[\r][\n]"
 -38333 [Forwarding findElement on session 343d0c94-0b98-4921-996e-ca445c47f566 to remote] DEBUG org.apache.http.wire  - http-outgoing-40 >> "Connection: Keep-Alive[\r][\n]"
 -38333 [Forwarding findElement on session 343d0c94-0b98-4921-996e-ca445c47f566 to remote] DEBUG org.apache.http.wire  - http-outgoing-40 >> "User-Agent: Apache-HttpClient/4.3.6 (java 1.5)[\r][\n]"
 -38333 [Forwarding findElement on session 343d0c94-0b98-4921-996e-ca445c47f566 to remote] DEBUG org.apache.http.wire  - http-outgoing-40 >> "Accept-Encoding: gzip,deflate[\r][\n]"
 -38333 [Forwarding findElement on session 343d0c94-0b98-4921-996e-ca445c47f566 to remote] DEBUG org.apache.http.wire  - http-outgoing-40 >> "[\r][\n]"
 -38333 [Forwarding findElement on session 343d0c94-0b98-4921-996e-ca445c47f566 to remote] DEBUG org.apache.http.wire  - http-outgoing-40 >> "{"using":"css selector","value":".service-navigation__dropdown>ul>li>a>span:not(.arrow)"}"
 -38367 [Forwarding findElement on session 343d0c94-0b98-4921-996e-ca445c47f566 to remote] DEBUG org.apache.http.wire  - http-outgoing-40 << "HTTP/1.1 500 Internal Server Error[\r][\n]"
 -38367 [Forwarding findElement on session 343d0c94-0b98-4921-996e-ca445c47f566 to remote] DEBUG org.apache.http.wire  - http-outgoing-40 << "content-type: application/json; charset=UTF-8[\r][\n]"
 -38367 [Forwarding findElement on session 343d0c94-0b98-4921-996e-ca445c47f566 to remote] DEBUG org.apache.http.wire  - http-outgoing-40 << "connection: close[\r][\n]"
 -38367 [Forwarding findElement on session 343d0c94-0b98-4921-996e-ca445c47f566 to remote] DEBUG org.apache.http.wire  - http-outgoing-40 << "content-length: 1469[\r][\n]"
 -38367 [Forwarding findElement on session 343d0c94-0b98-4921-996e-ca445c47f566 to remote] DEBUG org.apache.http.wire  - http-outgoing-40 << "server: httpd.js[\r][\n]"
 -38367 [Forwarding findElement on session 343d0c94-0b98-4921-996e-ca445c47f566 to remote] DEBUG org.apache.http.wire  - http-outgoing-40 << "date: Fri, 27 Jan 2017 06:44:43 GMT[\r][\n]"
 -38367 [Forwarding findElement on session 343d0c94-0b98-4921-996e-ca445c47f566 to remote] DEBUG org.apache.http.wire  - http-outgoing-40 << "[\r][\n]"
 -38367 [Forwarding findElement on session 343d0c94-0b98-4921-996e-ca445c47f566 to remote] DEBUG org.apache.http.headers  - http-outgoing-40 << HTTP/1.1 500 Internal Server Error
 -38367 [Forwarding findElement on session 343d0c94-0b98-4921-996e-ca445c47f566 to remote] DEBUG org.apache.http.headers  - http-outgoing-40 << content-type: application/json; charset=UTF-8
 -38367 [Forwarding findElement on session 343d0c94-0b98-4921-996e-ca445c47f566 to remote] DEBUG org.apache.http.headers  - http-outgoing-40 << connection: close
 -38367 [Forwarding findElement on session 343d0c94-0b98-4921-996e-ca445c47f566 to remote] DEBUG org.apache.http.headers  - http-outgoing-40 << content-length: 1469
 -38367 [Forwarding findElement on session 343d0c94-0b98-4921-996e-ca445c47f566 to remote] DEBUG org.apache.http.headers  - http-outgoing-40 << server: httpd.js
 -38367 [Forwarding findElement on session 343d0c94-0b98-4921-996e-ca445c47f566 to remote] DEBUG org.apache.http.headers  - http-outgoing-40 << date: Fri, 27 Jan 2017 06:44:43 GMT
 -38368 [Forwarding findElement on session 343d0c94-0b98-4921-996e-ca445c47f566 to remote] DEBUG org.apache.http.wire  - http-outgoing-40 << "{"name":"findElement","sessionId":"343d0c94-0b98-4921-996e-ca445c47f566","status":7,"value":{"message":"Unable to locate element: {\"method\":\"css selector\",\"selector\":\".service-navigation__dropdown>ul>li>a>span:not(.arrow)\"}","stackTrace":[{"methodName":"FirefoxDriver.prototype.findElementInternal_","fileName":"file:///C:/Users/rao08/AppData/Local/Temp/anonymous5941514134848211728webdriver-profile/extensions/fxdriver@googlecode.com/components/driver-component.js","lineNumber":10299},{"methodName":"FirefoxDriver.prototype.findElement","fileName":"file:///C:/Users/rao08/AppData/Local/Temp/anonymous5941514134848211728webdriver-profile/extensions/fxdriver@googlecode.com/components/driver-component.js","lineNumber":10308},{"methodName":"DelayedCommand.prototype.executeInternal_/h","fileName":"file:///C:/Users/rao08/AppData/Local/Temp/anonymous5941514134848211728webdriver-profile/extensions/fxdriver@googlecode.com/components/command-processor.js","lineNumber":12282},{"methodName":"DelayedCommand.prototype.executeInternal_","fileName":"file:///C:/Users/rao08/AppData/Local/Temp/anonymous5941514134848211728webdriver-profile/extensions/fxdriver@googlecode.com/components/command-processor.js","lineNumber":12287},{"methodName":"DelayedCommand.prototype.execute/<","fileName":"file:///C:/Users/rao08/AppData/Local/Temp/anonymous5941514134848211728webdriver-profile/extensions/fxdriver@googlecode.com/components/command-processor.js","lineNumber":12229}]}}"
 -38368 [Forwarding findElement on session 343d0c94-0b98-4921-996e-ca445c47f566 to remote] DEBUG org.apache.http.impl.conn.DefaultManagedHttpClientConnection  - http-outgoing-40: Shutdown connection
 -38368 [Forwarding findElement on session 343d0c94-0b98-4921-996e-ca445c47f566 to remote] DEBUG org.apache.http.impl.execchain.MainClientExec  - Connection discarded
 -38368 [Forwarding findElement on session 343d0c94-0b98-4921-996e-ca445c47f566 to remote] DEBUG org.apache.http.impl.conn.DefaultManagedHttpClientConnection  - http-outgoing-40: Close connection
 -38368 [Forwarding findElement on session 343d0c94-0b98-4921-996e-ca445c47f566 to remote] DEBUG org.apache.http.impl.conn.PoolingHttpClientConnectionManager  - Connection released: [id: 40][route: {}->http://127.0.0.1:7055][total kept alive: 0; route allocated: 0 of 2000; total allocated: 0 of 2000]
 -38874 [Forwarding findElement on session 343d0c94-0b98-4921-996e-ca445c47f566 to remote] DEBUG org.apache.http.client.protocol.RequestAddCookies  - CookieSpec selected: best-match
 -38874 [Forwarding findElement on session 343d0c94-0b98-4921-996e-ca445c47f566 to remote] DEBUG org.apache.http.client.protocol.RequestAuthCache  - Auth cache not set in the context
 -38874 [Forwarding findElement on session 343d0c94-0b98-4921-996e-ca445c47f566 to remote] DEBUG org.apache.http.impl.conn.PoolingHttpClientConnectionManager  - Connection request: [route: {}->http://127.0.0.1:7055][total kept alive: 0; route allocated: 0 of 2000; total allocated: 0 of 2000]
 -38874 [Forwarding findElement on session 343d0c94-0b98-4921-996e-ca445c47f566 to remote] DEBUG org.apache.http.impl.conn.PoolingHttpClientConnectionManager  - Connection leased: [id: 41][route: {}->http://127.0.0.1:7055][total kept alive: 0; route allocated: 1 of 2000; total allocated: 1 of 2000]
 -38874 [Forwarding findElement on session 343d0c94-0b98-4921-996e-ca445c47f566 to remote] DEBUG org.apache.http.impl.execchain.MainClientExec  - Opening connection {}->http://127.0.0.1:7055
 -38875 [Forwarding findElement on session 343d0c94-0b98-4921-996e-ca445c47f566 to remote] DEBUG org.apache.http.impl.conn.HttpClientConnectionOperator  - Connecting to /127.0.0.1:7055
 -38876 [Forwarding findElement on session 343d0c94-0b98-4921-996e-ca445c47f566 to remote] DEBUG org.apache.http.impl.conn.HttpClientConnectionOperator  - Connection established 127.0.0.1:57744<->127.0.0.1:7055
 -38876 [Forwarding findElement on session 343d0c94-0b98-4921-996e-ca445c47f566 to remote] DEBUG org.apache.http.impl.execchain.MainClientExec  - Executing request POST /hub/session/343d0c94-0b98-4921-996e-ca445c47f566/element HTTP/1.1
 -38877 [Forwarding findElement on session 343d0c94-0b98-4921-996e-ca445c47f566 to remote] DEBUG org.apache.http.impl.execchain.MainClientExec  - Target auth state: UNCHALLENGED
 -38877 [Forwarding findElement on session 343d0c94-0b98-4921-996e-ca445c47f566 to remote] DEBUG org.apache.http.impl.execchain.MainClientExec  - Proxy auth state: UNCHALLENGED
 -38877 [Forwarding findElement on session 343d0c94-0b98-4921-996e-ca445c47f566 to remote] DEBUG org.apache.http.headers  - http-outgoing-41 >> POST /hub/session/343d0c94-0b98-4921-996e-ca445c47f566/element HTTP/1.1
 -38877 [Forwarding findElement on session 343d0c94-0b98-4921-996e-ca445c47f566 to remote] DEBUG org.apache.http.headers  - http-outgoing-41 >> Content-Type: application/json; charset=utf-8
 -38878 [Forwarding findElement on session 343d0c94-0b98-4921-996e-ca445c47f566 to remote] DEBUG org.apache.http.headers  - http-outgoing-41 >> Content-Length: 89
 -38878 [Forwarding findElement on session 343d0c94-0b98-4921-996e-ca445c47f566 to remote] DEBUG org.apache.http.headers  - http-outgoing-41 >> Host: 127.0.0.1:7055
 -38878 [Forwarding findElement on session 343d0c94-0b98-4921-996e-ca445c47f566 to remote] DEBUG org.apache.http.headers  - http-outgoing-41 >> Connection: Keep-Alive
 -38878 [Forwarding findElement on session 343d0c94-0b98-4921-996e-ca445c47f566 to remote] DEBUG org.apache.http.headers  - http-outgoing-41 >> User-Agent: Apache-HttpClient/4.3.6 (java 1.5)
 -38878 [Forwarding findElement on session 343d0c94-0b98-4921-996e-ca445c47f566 to remote] DEBUG org.apache.http.headers  - http-outgoing-41 >> Accept-Encoding: gzip,deflate
 -38878 [Forwarding findElement on session 343d0c94-0b98-4921-996e-ca445c47f566 to remote] DEBUG org.apache.http.wire  - http-outgoing-41 >> "POST /hub/session/343d0c94-0b98-4921-996e-ca445c47f566/element HTTP/1.1[\r][\n]"
 -38878 [Forwarding findElement on session 343d0c94-0b98-4921-996e-ca445c47f566 to remote] DEBUG org.apache.http.wire  - http-outgoing-41 >> "Content-Type: application/json; charset=utf-8[\r][\n]"
 -38878 [Forwarding findElement on session 343d0c94-0b98-4921-996e-ca445c47f566 to remote] DEBUG org.apache.http.wire  - http-outgoing-41 >> "Content-Length: 89[\r][\n]"
 -38878 [Forwarding findElement on session 343d0c94-0b98-4921-996e-ca445c47f566 to remote] DEBUG org.apache.http.wire  - http-outgoing-41 >> "Host: 127.0.0.1:7055[\r][\n]"
 -38878 [Forwarding findElement on session 343d0c94-0b98-4921-996e-ca445c47f566 to remote] DEBUG org.apache.http.wire  - http-outgoing-41 >> "Connection: Keep-Alive[\r][\n]"
 -38878 [Forwarding findElement on session 343d0c94-0b98-4921-996e-ca445c47f566 to remote] DEBUG org.apache.http.wire  - http-outgoing-41 >> "User-Agent: Apache-HttpClient/4.3.6 (java 1.5)[\r][\n]"
 -38878 [Forwarding findElement on session 343d0c94-0b98-4921-996e-ca445c47f566 to remote] DEBUG org.apache.http.wire  - http-outgoing-41 >> "Accept-Encoding: gzip,deflate[\r][\n]"
 -38879 [Forwarding findElement on session 343d0c94-0b98-4921-996e-ca445c47f566 to remote] DEBUG org.apache.http.wire  - http-outgoing-41 >> "[\r][\n]"
 -38879 [Forwarding findElement on session 343d0c94-0b98-4921-996e-ca445c47f566 to remote] DEBUG org.apache.http.wire  - http-outgoing-41 >> "{"using":"css selector","value":".service-navigation__dropdown>ul>li>a>span:not(.arrow)"}"
 -38931 [Forwarding findElement on session 343d0c94-0b98-4921-996e-ca445c47f566 to remote] DEBUG org.apache.http.wire  - http-outgoing-41 << "HTTP/1.1 500 Internal Server Error[\r][\n]"
 -38931 [Forwarding findElement on session 343d0c94-0b98-4921-996e-ca445c47f566 to remote] DEBUG org.apache.http.wire  - http-outgoing-41 << "content-type: application/json; charset=UTF-8[\r][\n]"
 -38931 [Forwarding findElement on session 343d0c94-0b98-4921-996e-ca445c47f566 to remote] DEBUG org.apache.http.wire  - http-outgoing-41 << "connection: close[\r][\n]"
 -38931 [Forwarding findElement on session 343d0c94-0b98-4921-996e-ca445c47f566 to remote] DEBUG org.apache.http.wire  - http-outgoing-41 << "content-length: 1469[\r][\n]"
 -38931 [Forwarding findElement on session 343d0c94-0b98-4921-996e-ca445c47f566 to remote] DEBUG org.apache.http.wire  - http-outgoing-41 << "server: httpd.js[\r][\n]"
 -38931 [Forwarding findElement on session 343d0c94-0b98-4921-996e-ca445c47f566 to remote] DEBUG org.apache.http.wire  - http-outgoing-41 << "date: Fri, 27 Jan 2017 06:44:43 GMT[\r][\n]"
 -38931 [Forwarding findElement on session 343d0c94-0b98-4921-996e-ca445c47f566 to remote] DEBUG org.apache.http.wire  - http-outgoing-41 << "[\r][\n]"
 -38931 [Forwarding findElement on session 343d0c94-0b98-4921-996e-ca445c47f566 to remote] DEBUG org.apache.http.headers  - http-outgoing-41 << HTTP/1.1 500 Internal Server Error
 -38931 [Forwarding findElement on session 343d0c94-0b98-4921-996e-ca445c47f566 to remote] DEBUG org.apache.http.headers  - http-outgoing-41 << content-type: application/json; charset=UTF-8
 -38931 [Forwarding findElement on session 343d0c94-0b98-4921-996e-ca445c47f566 to remote] DEBUG org.apache.http.headers  - http-outgoing-41 << connection: close
 -38931 [Forwarding findElement on session 343d0c94-0b98-4921-996e-ca445c47f566 to remote] DEBUG org.apache.http.headers  - http-outgoing-41 << content-length: 1469
 -38932 [Forwarding findElement on session 343d0c94-0b98-4921-996e-ca445c47f566 to remote] DEBUG org.apache.http.headers  - http-outgoing-41 << server: httpd.js
 -38932 [Forwarding findElement on session 343d0c94-0b98-4921-996e-ca445c47f566 to remote] DEBUG org.apache.http.headers  - http-outgoing-41 << date: Fri, 27 Jan 2017 06:44:43 GMT
 -38932 [Forwarding findElement on session 343d0c94-0b98-4921-996e-ca445c47f566 to remote] DEBUG org.apache.http.wire  - http-outgoing-41 << "{"name":"findElement","sessionId":"343d0c94-0b98-4921-996e-ca445c47f566","status":7,"value":{"message":"Unable to locate element: {\"method\":\"css selector\",\"selector\":\".service-navigation__dropdown>ul>li>a>span:not(.arrow)\"}","stackTrace":[{"methodName":"FirefoxDriver.prototype.findElementInternal_","fileName":"file:///C:/Users/rao08/AppData/Local/Temp/anonymous5941514134848211728webdriver-profile/extensions/fxdriver@googlecode.com/components/driver-component.js","lineNumber":10299},{"methodName":"FirefoxDriver.prototype.findElement","fileName":"file:///C:/Users/rao08/AppData/Local/Temp/anonymous5941514134848211728webdriver-profile/extensions/fxdriver@googlecode.com/components/driver-component.js","lineNumber":10308},{"methodName":"DelayedCommand.prototype.executeInternal_/h","fileName":"file:///C:/Users/rao08/AppData/Local/Temp/anonymous5941514134848211728webdriver-profile/extensions/fxdriver@googlecode.com/components/command-processor.js","lineNumber":12282},{"methodName":"DelayedCommand.prototype.executeInternal_","fileName":"file:///C:/Users/rao08/AppData/Local/Temp/anonymous5941514134848211728webdriver-profile/extensions/fxdriver@googlecode.com/components/command-processor.js","lineNumber":12287},{"methodName":"DelayedCommand.prototype.execute/<","fileName":"file:///C:/Users/rao08/AppData/Local/Temp/anonymous5941514134848211728webdriver-profile/extensions/fxdriver@googlecode.com/components/command-processor.js","lineNumber":12229}]}}"
 -38932 [Forwarding findElement on session 343d0c94-0b98-4921-996e-ca445c47f566 to remote] DEBUG org.apache.http.impl.conn.DefaultManagedHttpClientConnection  - http-outgoing-41: Shutdown connection
 -38933 [Forwarding findElement on session 343d0c94-0b98-4921-996e-ca445c47f566 to remote] DEBUG org.apache.http.impl.execchain.MainClientExec  - Connection discarded
 -38933 [Forwarding findElement on session 343d0c94-0b98-4921-996e-ca445c47f566 to remote] DEBUG org.apache.http.impl.conn.DefaultManagedHttpClientConnection  - http-outgoing-41: Close connection
 -38933 [Forwarding findElement on session 343d0c94-0b98-4921-996e-ca445c47f566 to remote] DEBUG org.apache.http.impl.conn.PoolingHttpClientConnectionManager  - Connection released: [id: 41][route: {}->http://127.0.0.1:7055][total kept alive: 0; route allocated: 0 of 2000; total allocated: 0 of 2000]
 -39437 [Forwarding findElement on session 343d0c94-0b98-4921-996e-ca445c47f566 to remote] DEBUG org.apache.http.client.protocol.RequestAddCookies  - CookieSpec selected: best-match
 -39437 [Forwarding findElement on session 343d0c94-0b98-4921-996e-ca445c47f566 to remote] DEBUG org.apache.http.client.protocol.RequestAuthCache  - Auth cache not set in the context
 -39438 [Forwarding findElement on session 343d0c94-0b98-4921-996e-ca445c47f566 to remote] DEBUG org.apache.http.impl.conn.PoolingHttpClientConnectionManager  - Connection request: [route: {}->http://127.0.0.1:7055][total kept alive: 0; route allocated: 0 of 2000; total allocated: 0 of 2000]
 -39438 [Forwarding findElement on session 343d0c94-0b98-4921-996e-ca445c47f566 to remote] DEBUG org.apache.http.impl.conn.PoolingHttpClientConnectionManager  - Connection leased: [id: 42][route: {}->http://127.0.0.1:7055][total kept alive: 0; route allocated: 1 of 2000; total allocated: 1 of 2000]
 -39438 [Forwarding findElement on session 343d0c94-0b98-4921-996e-ca445c47f566 to remote] DEBUG org.apache.http.impl.execchain.MainClientExec  - Opening connection {}->http://127.0.0.1:7055
 -39439 [Forwarding findElement on session 343d0c94-0b98-4921-996e-ca445c47f566 to remote] DEBUG org.apache.http.impl.conn.HttpClientConnectionOperator  - Connecting to /127.0.0.1:7055
 -39439 [Forwarding findElement on session 343d0c94-0b98-4921-996e-ca445c47f566 to remote] DEBUG org.apache.http.impl.conn.HttpClientConnectionOperator  - Connection established 127.0.0.1:57749<->127.0.0.1:7055
 -39439 [Forwarding findElement on session 343d0c94-0b98-4921-996e-ca445c47f566 to remote] DEBUG org.apache.http.impl.execchain.MainClientExec  - Executing request POST /hub/session/343d0c94-0b98-4921-996e-ca445c47f566/element HTTP/1.1
 -39440 [Forwarding findElement on session 343d0c94-0b98-4921-996e-ca445c47f566 to remote] DEBUG org.apache.http.impl.execchain.MainClientExec  - Target auth state: UNCHALLENGED
 -39440 [Forwarding findElement on session 343d0c94-0b98-4921-996e-ca445c47f566 to remote] DEBUG org.apache.http.impl.execchain.MainClientExec  - Proxy auth state: UNCHALLENGED
 -39440 [Forwarding findElement on session 343d0c94-0b98-4921-996e-ca445c47f566 to remote] DEBUG org.apache.http.headers  - http-outgoing-42 >> POST /hub/session/343d0c94-0b98-4921-996e-ca445c47f566/element HTTP/1.1
 -39440 [Forwarding findElement on session 343d0c94-0b98-4921-996e-ca445c47f566 to remote] DEBUG org.apache.http.headers  - http-outgoing-42 >> Content-Type: application/json; charset=utf-8
 -39440 [Forwarding findElement on session 343d0c94-0b98-4921-996e-ca445c47f566 to remote] DEBUG org.apache.http.headers  - http-outgoing-42 >> Content-Length: 89
 -39440 [Forwarding findElement on session 343d0c94-0b98-4921-996e-ca445c47f566 to remote] DEBUG org.apache.http.headers  - http-outgoing-42 >> Host: 127.0.0.1:7055
 -39440 [Forwarding findElement on session 343d0c94-0b98-4921-996e-ca445c47f566 to remote] DEBUG org.apache.http.headers  - http-outgoing-42 >> Connection: Keep-Alive
 -39440 [Forwarding findElement on session 343d0c94-0b98-4921-996e-ca445c47f566 to remote] DEBUG org.apache.http.headers  - http-outgoing-42 >> User-Agent: Apache-HttpClient/4.3.6 (java 1.5)
 -39440 [Forwarding findElement on session 343d0c94-0b98-4921-996e-ca445c47f566 to remote] DEBUG org.apache.http.headers  - http-outgoing-42 >> Accept-Encoding: gzip,deflate
 -39441 [Forwarding findElement on session 343d0c94-0b98-4921-996e-ca445c47f566 to remote] DEBUG org.apache.http.wire  - http-outgoing-42 >> "POST /hub/session/343d0c94-0b98-4921-996e-ca445c47f566/element HTTP/1.1[\r][\n]"
 -39441 [Forwarding findElement on session 343d0c94-0b98-4921-996e-ca445c47f566 to remote] DEBUG org.apache.http.wire  - http-outgoing-42 >> "Content-Type: application/json; charset=utf-8[\r][\n]"
 -39441 [Forwarding findElement on session 343d0c94-0b98-4921-996e-ca445c47f566 to remote] DEBUG org.apache.http.wire  - http-outgoing-42 >> "Content-Length: 89[\r][\n]"
 -39441 [Forwarding findElement on session 343d0c94-0b98-4921-996e-ca445c47f566 to remote] DEBUG org.apache.http.wire  - http-outgoing-42 >> "Host: 127.0.0.1:7055[\r][\n]"
 -39441 [Forwarding findElement on session 343d0c94-0b98-4921-996e-ca445c47f566 to remote] DEBUG org.apache.http.wire  - http-outgoing-42 >> "Connection: Keep-Alive[\r][\n]"
 -39441 [Forwarding findElement on session 343d0c94-0b98-4921-996e-ca445c47f566 to remote] DEBUG org.apache.http.wire  - http-outgoing-42 >> "User-Agent: Apache-HttpClient/4.3.6 (java 1.5)[\r][\n]"
 -39441 [Forwarding findElement on session 343d0c94-0b98-4921-996e-ca445c47f566 to remote] DEBUG org.apache.http.wire  - http-outgoing-42 >> "Accept-Encoding: gzip,deflate[\r][\n]"
 -39441 [Forwarding findElement on session 343d0c94-0b98-4921-996e-ca445c47f566 to remote] DEBUG org.apache.http.wire  - http-outgoing-42 >> "[\r][\n]"
 -39441 [Forwarding findElement on session 343d0c94-0b98-4921-996e-ca445c47f566 to remote] DEBUG org.apache.http.wire  - http-outgoing-42 >> "{"using":"css selector","value":".service-navigation__dropdown>ul>li>a>span:not(.arrow)"}"
 -39482 [Forwarding findElement on session 343d0c94-0b98-4921-996e-ca445c47f566 to remote] DEBUG org.apache.http.wire  - http-outgoing-42 << "HTTP/1.1 500 Internal Server Error[\r][\n]"
 -39482 [Forwarding findElement on session 343d0c94-0b98-4921-996e-ca445c47f566 to remote] DEBUG org.apache.http.wire  - http-outgoing-42 << "content-type: application/json; charset=UTF-8[\r][\n]"
 -39482 [Forwarding findElement on session 343d0c94-0b98-4921-996e-ca445c47f566 to remote] DEBUG org.apache.http.wire  - http-outgoing-42 << "connection: close[\r][\n]"
 -39482 [Forwarding findElement on session 343d0c94-0b98-4921-996e-ca445c47f566 to remote] DEBUG org.apache.http.wire  - http-outgoing-42 << "content-length: 1469[\r][\n]"
 -39482 [Forwarding findElement on session 343d0c94-0b98-4921-996e-ca445c47f566 to remote] DEBUG org.apache.http.wire  - http-outgoing-42 << "server: httpd.js[\r][\n]"
 -39482 [Forwarding findElement on session 343d0c94-0b98-4921-996e-ca445c47f566 to remote] DEBUG org.apache.http.wire  - http-outgoing-42 << "date: Fri, 27 Jan 2017 06:44:44 GMT[\r][\n]"
 -39482 [Forwarding findElement on session 343d0c94-0b98-4921-996e-ca445c47f566 to remote] DEBUG org.apache.http.wire  - http-outgoing-42 << "[\r][\n]"
 -39483 [Forwarding findElement on session 343d0c94-0b98-4921-996e-ca445c47f566 to remote] DEBUG org.apache.http.headers  - http-outgoing-42 << HTTP/1.1 500 Internal Server Error
 -39483 [Forwarding findElement on session 343d0c94-0b98-4921-996e-ca445c47f566 to remote] DEBUG org.apache.http.headers  - http-outgoing-42 << content-type: application/json; charset=UTF-8
 -39483 [Forwarding findElement on session 343d0c94-0b98-4921-996e-ca445c47f566 to remote] DEBUG org.apache.http.headers  - http-outgoing-42 << connection: close
 -39483 [Forwarding findElement on session 343d0c94-0b98-4921-996e-ca445c47f566 to remote] DEBUG org.apache.http.headers  - http-outgoing-42 << content-length: 1469
 -39483 [Forwarding findElement on session 343d0c94-0b98-4921-996e-ca445c47f566 to remote] DEBUG org.apache.http.headers  - http-outgoing-42 << server: httpd.js
 -39484 [Forwarding findElement on session 343d0c94-0b98-4921-996e-ca445c47f566 to remote] DEBUG org.apache.http.headers  - http-outgoing-42 << date: Fri, 27 Jan 2017 06:44:44 GMT
 -39484 [Forwarding findElement on session 343d0c94-0b98-4921-996e-ca445c47f566 to remote] DEBUG org.apache.http.wire  - http-outgoing-42 << "{"name":"findElement","sessionId":"343d0c94-0b98-4921-996e-ca445c47f566","status":7,"value":{"message":"Unable to locate element: {\"method\":\"css selector\",\"selector\":\".service-navigation__dropdown>ul>li>a>span:not(.arrow)\"}","stackTrace":[{"methodName":"FirefoxDriver.prototype.findElementInternal_","fileName":"file:///C:/Users/rao08/AppData/Local/Temp/anonymous5941514134848211728webdriver-profile/extensions/fxdriver@googlecode.com/components/driver-component.js","lineNumber":10299},{"methodName":"FirefoxDriver.prototype.findElement","fileName":"file:///C:/Users/rao08/AppData/Local/Temp/anonymous5941514134848211728webdriver-profile/extensions/fxdriver@googlecode.com/components/driver-component.js","lineNumber":10308},{"methodName":"DelayedCommand.prototype.executeInternal_/h","fileName":"file:///C:/Users/rao08/AppData/Local/Temp/anonymous5941514134848211728webdriver-profile/extensions/fxdriver@googlecode.com/components/command-processor.js","lineNumber":12282},{"methodName":"DelayedCommand.prototype.executeInternal_","fileName":"file:///C:/Users/rao08/AppData/Local/Temp/anonymous5941514134848211728webdriver-profile/extensions/fxdriver@googlecode.com/components/command-processor.js","lineNumber":12287},{"methodName":"DelayedCommand.prototype.execute/<","fileName":"file:///C:/Users/rao08/AppData/Local/Temp/anonymous5941514134848211728webdriver-profile/extensions/fxdriver@googlecode.com/components/command-processor.js","lineNumber":12229}]}}"
 -39484 [Forwarding findElement on session 343d0c94-0b98-4921-996e-ca445c47f566 to remote] DEBUG org.apache.http.impl.conn.DefaultManagedHttpClientConnection  - http-outgoing-42: Shutdown connection
 -39485 [Forwarding findElement on session 343d0c94-0b98-4921-996e-ca445c47f566 to remote] DEBUG org.apache.http.impl.execchain.MainClientExec  - Connection discarded
 -39485 [Forwarding findElement on session 343d0c94-0b98-4921-996e-ca445c47f566 to remote] DEBUG org.apache.http.impl.conn.DefaultManagedHttpClientConnection  - http-outgoing-42: Close connection
 -39485 [Forwarding findElement on session 343d0c94-0b98-4921-996e-ca445c47f566 to remote] DEBUG org.apache.http.impl.conn.PoolingHttpClientConnectionManager  - Connection released: [id: 42][route: {}->http://127.0.0.1:7055][total kept alive: 0; route allocated: 0 of 2000; total allocated: 0 of 2000]
 -39990 [Forwarding findElement on session 343d0c94-0b98-4921-996e-ca445c47f566 to remote] DEBUG org.apache.http.client.protocol.RequestAddCookies  - CookieSpec selected: best-match
 -39990 [Forwarding findElement on session 343d0c94-0b98-4921-996e-ca445c47f566 to remote] DEBUG org.apache.http.client.protocol.RequestAuthCache  - Auth cache not set in the context
 -39990 [Forwarding findElement on session 343d0c94-0b98-4921-996e-ca445c47f566 to remote] DEBUG org.apache.http.impl.conn.PoolingHttpClientConnectionManager  - Connection request: [route: {}->http://127.0.0.1:7055][total kept alive: 0; route allocated: 0 of 2000; total allocated: 0 of 2000]
 -39991 [Forwarding findElement on session 343d0c94-0b98-4921-996e-ca445c47f566 to remote] DEBUG org.apache.http.impl.conn.PoolingHttpClientConnectionManager  - Connection leased: [id: 43][route: {}->http://127.0.0.1:7055][total kept alive: 0; route allocated: 1 of 2000; total allocated: 1 of 2000]
 -39991 [Forwarding findElement on session 343d0c94-0b98-4921-996e-ca445c47f566 to remote] DEBUG org.apache.http.impl.execchain.MainClientExec  - Opening connection {}->http://127.0.0.1:7055
 -39991 [Forwarding findElement on session 343d0c94-0b98-4921-996e-ca445c47f566 to remote] DEBUG org.apache.http.impl.conn.HttpClientConnectionOperator  - Connecting to /127.0.0.1:7055
 -39992 [Forwarding findElement on session 343d0c94-0b98-4921-996e-ca445c47f566 to remote] DEBUG org.apache.http.impl.conn.HttpClientConnectionOperator  - Connection established 127.0.0.1:57754<->127.0.0.1:7055
 -39992 [Forwarding findElement on session 343d0c94-0b98-4921-996e-ca445c47f566 to remote] DEBUG org.apache.http.impl.execchain.MainClientExec  - Executing request POST /hub/session/343d0c94-0b98-4921-996e-ca445c47f566/element HTTP/1.1
 -39993 [Forwarding findElement on session 343d0c94-0b98-4921-996e-ca445c47f566 to remote] DEBUG org.apache.http.impl.execchain.MainClientExec  - Target auth state: UNCHALLENGED
 -39993 [Forwarding findElement on session 343d0c94-0b98-4921-996e-ca445c47f566 to remote] DEBUG org.apache.http.impl.execchain.MainClientExec  - Proxy auth state: UNCHALLENGED
 -39993 [Forwarding findElement on session 343d0c94-0b98-4921-996e-ca445c47f566 to remote] DEBUG org.apache.http.headers  - http-outgoing-43 >> POST /hub/session/343d0c94-0b98-4921-996e-ca445c47f566/element HTTP/1.1
 -39993 [Forwarding findElement on session 343d0c94-0b98-4921-996e-ca445c47f566 to remote] DEBUG org.apache.http.headers  - http-outgoing-43 >> Content-Type: application/json; charset=utf-8
 -39994 [Forwarding findElement on session 343d0c94-0b98-4921-996e-ca445c47f566 to remote] DEBUG org.apache.http.headers  - http-outgoing-43 >> Content-Length: 89
 -39994 [Forwarding findElement on session 343d0c94-0b98-4921-996e-ca445c47f566 to remote] DEBUG org.apache.http.headers  - http-outgoing-43 >> Host: 127.0.0.1:7055
 -39994 [Forwarding findElement on session 343d0c94-0b98-4921-996e-ca445c47f566 to remote] DEBUG org.apache.http.headers  - http-outgoing-43 >> Connection: Keep-Alive
 -39994 [Forwarding findElement on session 343d0c94-0b98-4921-996e-ca445c47f566 to remote] DEBUG org.apache.http.headers  - http-outgoing-43 >> User-Agent: Apache-HttpClient/4.3.6 (java 1.5)
 -39994 [Forwarding findElement on session 343d0c94-0b98-4921-996e-ca445c47f566 to remote] DEBUG org.apache.http.headers  - http-outgoing-43 >> Accept-Encoding: gzip,deflate
 -39994 [Forwarding findElement on session 343d0c94-0b98-4921-996e-ca445c47f566 to remote] DEBUG org.apache.http.wire  - http-outgoing-43 >> "POST /hub/session/343d0c94-0b98-4921-996e-ca445c47f566/element HTTP/1.1[\r][\n]"
 -39994 [Forwarding findElement on session 343d0c94-0b98-4921-996e-ca445c47f566 to remote] DEBUG org.apache.http.wire  - http-outgoing-43 >> "Content-Type: application/json; charset=utf-8[\r][\n]"
 -39994 [Forwarding findElement on session 343d0c94-0b98-4921-996e-ca445c47f566 to remote] DEBUG org.apache.http.wire  - http-outgoing-43 >> "Content-Length: 89[\r][\n]"
 -39994 [Forwarding findElement on session 343d0c94-0b98-4921-996e-ca445c47f566 to remote] DEBUG org.apache.http.wire  - http-outgoing-43 >> "Host: 127.0.0.1:7055[\r][\n]"
 -39994 [Forwarding findElement on session 343d0c94-0b98-4921-996e-ca445c47f566 to remote] DEBUG org.apache.http.wire  - http-outgoing-43 >> "Connection: Keep-Alive[\r][\n]"
 -39994 [Forwarding findElement on session 343d0c94-0b98-4921-996e-ca445c47f566 to remote] DEBUG org.apache.http.wire  - http-outgoing-43 >> "User-Agent: Apache-HttpClient/4.3.6 (java 1.5)[\r][\n]"
 -39994 [Forwarding findElement on session 343d0c94-0b98-4921-996e-ca445c47f566 to remote] DEBUG org.apache.http.wire  - http-outgoing-43 >> "Accept-Encoding: gzip,deflate[\r][\n]"
 -39994 [Forwarding findElement on session 343d0c94-0b98-4921-996e-ca445c47f566 to remote] DEBUG org.apache.http.wire  - http-outgoing-43 >> "[\r][\n]"
 -39994 [Forwarding findElement on session 343d0c94-0b98-4921-996e-ca445c47f566 to remote] DEBUG org.apache.http.wire  - http-outgoing-43 >> "{"using":"css selector","value":".service-navigation__dropdown>ul>li>a>span:not(.arrow)"}"
 -40038 [Forwarding findElement on session 343d0c94-0b98-4921-996e-ca445c47f566 to remote] DEBUG org.apache.http.wire  - http-outgoing-43 << "HTTP/1.1 500 Internal Server Error[\r][\n]"
 -40038 [Forwarding findElement on session 343d0c94-0b98-4921-996e-ca445c47f566 to remote] DEBUG org.apache.http.wire  - http-outgoing-43 << "content-type: application/json; charset=UTF-8[\r][\n]"
 -40038 [Forwarding findElement on session 343d0c94-0b98-4921-996e-ca445c47f566 to remote] DEBUG org.apache.http.wire  - http-outgoing-43 << "connection: close[\r][\n]"
 -40038 [Forwarding findElement on session 343d0c94-0b98-4921-996e-ca445c47f566 to remote] DEBUG org.apache.http.wire  - http-outgoing-43 << "content-length: 1469[\r][\n]"
 -40038 [Forwarding findElement on session 343d0c94-0b98-4921-996e-ca445c47f566 to remote] DEBUG org.apache.http.wire  - http-outgoing-43 << "server: httpd.js[\r][\n]"
 -40038 [Forwarding findElement on session 343d0c94-0b98-4921-996e-ca445c47f566 to remote] DEBUG org.apache.http.wire  - http-outgoing-43 << "date: Fri, 27 Jan 2017 06:44:44 GMT[\r][\n]"
 -40039 [Forwarding findElement on session 343d0c94-0b98-4921-996e-ca445c47f566 to remote] DEBUG org.apache.http.wire  - http-outgoing-43 << "[\r][\n]"
 -40039 [Forwarding findElement on session 343d0c94-0b98-4921-996e-ca445c47f566 to remote] DEBUG org.apache.http.headers  - http-outgoing-43 << HTTP/1.1 500 Internal Server Error
 -40039 [Forwarding findElement on session 343d0c94-0b98-4921-996e-ca445c47f566 to remote] DEBUG org.apache.http.headers  - http-outgoing-43 << content-type: application/json; charset=UTF-8
 -40039 [Forwarding findElement on session 343d0c94-0b98-4921-996e-ca445c47f566 to remote] DEBUG org.apache.http.headers  - http-outgoing-43 << connection: close
 -40039 [Forwarding findElement on session 343d0c94-0b98-4921-996e-ca445c47f566 to remote] DEBUG org.apache.http.headers  - http-outgoing-43 << content-length: 1469
 -40039 [Forwarding findElement on session 343d0c94-0b98-4921-996e-ca445c47f566 to remote] DEBUG org.apache.http.headers  - http-outgoing-43 << server: httpd.js
 -40039 [Forwarding findElement on session 343d0c94-0b98-4921-996e-ca445c47f566 to remote] DEBUG org.apache.http.headers  - http-outgoing-43 << date: Fri, 27 Jan 2017 06:44:44 GMT
 -40040 [Forwarding findElement on session 343d0c94-0b98-4921-996e-ca445c47f566 to remote] DEBUG org.apache.http.wire  - http-outgoing-43 << "{"name":"findElement","sessionId":"343d0c94-0b98-4921-996e-ca445c47f566","status":7,"value":{"message":"Unable to locate element: {\"method\":\"css selector\",\"selector\":\".service-navigation__dropdown>ul>li>a>span:not(.arrow)\"}","stackTrace":[{"methodName":"FirefoxDriver.prototype.findElementInternal_","fileName":"file:///C:/Users/rao08/AppData/Local/Temp/anonymous5941514134848211728webdriver-profile/extensions/fxdriver@googlecode.com/components/driver-component.js","lineNumber":10299},{"methodName":"FirefoxDriver.prototype.findElement","fileName":"file:///C:/Users/rao08/AppData/Local/Temp/anonymous5941514134848211728webdriver-profile/extensions/fxdriver@googlecode.com/components/driver-component.js","lineNumber":10308},{"methodName":"DelayedCommand.prototype.executeInternal_/h","fileName":"file:///C:/Users/rao08/AppData/Local/Temp/anonymous5941514134848211728webdriver-profile/extensions/fxdriver@googlecode.com/components/command-processor.js","lineNumber":12282},{"methodName":"DelayedCommand.prototype.executeInternal_","fileName":"file:///C:/Users/rao08/AppData/Local/Temp/anonymous5941514134848211728webdriver-profile/extensions/fxdriver@googlecode.com/components/command-processor.js","lineNumber":12287},{"methodName":"DelayedCommand.prototype.execute/<","fileName":"file:///C:/Users/rao08/AppData/Local/Temp/anonymous5941514134848211728webdriver-profile/extensions/fxdriver@googlecode.com/components/command-processor.js","lineNumber":12229}]}}"
 -40040 [Forwarding findElement on session 343d0c94-0b98-4921-996e-ca445c47f566 to remote] DEBUG org.apache.http.impl.conn.DefaultManagedHttpClientConnection  - http-outgoing-43: Shutdown connection
 -40040 [Forwarding findElement on session 343d0c94-0b98-4921-996e-ca445c47f566 to remote] DEBUG org.apache.http.impl.execchain.MainClientExec  - Connection discarded
 -40040 [Forwarding findElement on session 343d0c94-0b98-4921-996e-ca445c47f566 to remote] DEBUG org.apache.http.impl.conn.DefaultManagedHttpClientConnection  - http-outgoing-43: Close connection
 -40040 [Forwarding findElement on session 343d0c94-0b98-4921-996e-ca445c47f566 to remote] DEBUG org.apache.http.impl.conn.PoolingHttpClientConnectionManager  - Connection released: [id: 43][route: {}->http://127.0.0.1:7055][total kept alive: 0; route allocated: 0 of 2000; total allocated: 0 of 2000]
 -40545 [Forwarding findElement on session 343d0c94-0b98-4921-996e-ca445c47f566 to remote] DEBUG org.apache.http.client.protocol.RequestAddCookies  - CookieSpec selected: best-match
 -40546 [Forwarding findElement on session 343d0c94-0b98-4921-996e-ca445c47f566 to remote] DEBUG org.apache.http.client.protocol.RequestAuthCache  - Auth cache not set in the context
 -40546 [Forwarding findElement on session 343d0c94-0b98-4921-996e-ca445c47f566 to remote] DEBUG org.apache.http.impl.conn.PoolingHttpClientConnectionManager  - Connection request: [route: {}->http://127.0.0.1:7055][total kept alive: 0; route allocated: 0 of 2000; total allocated: 0 of 2000]
 -40546 [Forwarding findElement on session 343d0c94-0b98-4921-996e-ca445c47f566 to remote] DEBUG org.apache.http.impl.conn.PoolingHttpClientConnectionManager  - Connection leased: [id: 44][route: {}->http://127.0.0.1:7055][total kept alive: 0; route allocated: 1 of 2000; total allocated: 1 of 2000]
 -40546 [Forwarding findElement on session 343d0c94-0b98-4921-996e-ca445c47f566 to remote] DEBUG org.apache.http.impl.execchain.MainClientExec  - Opening connection {}->http://127.0.0.1:7055
 -40547 [Forwarding findElement on session 343d0c94-0b98-4921-996e-ca445c47f566 to remote] DEBUG org.apache.http.impl.conn.HttpClientConnectionOperator  - Connecting to /127.0.0.1:7055
 -40549 [Forwarding findElement on session 343d0c94-0b98-4921-996e-ca445c47f566 to remote] DEBUG org.apache.http.impl.conn.HttpClientConnectionOperator  - Connection established 127.0.0.1:57758<->127.0.0.1:7055
 -40549 [Forwarding findElement on session 343d0c94-0b98-4921-996e-ca445c47f566 to remote] DEBUG org.apache.http.impl.execchain.MainClientExec  - Executing request POST /hub/session/343d0c94-0b98-4921-996e-ca445c47f566/element HTTP/1.1
 -40550 [Forwarding findElement on session 343d0c94-0b98-4921-996e-ca445c47f566 to remote] DEBUG org.apache.http.impl.execchain.MainClientExec  - Target auth state: UNCHALLENGED
 -40550 [Forwarding findElement on session 343d0c94-0b98-4921-996e-ca445c47f566 to remote] DEBUG org.apache.http.impl.execchain.MainClientExec  - Proxy auth state: UNCHALLENGED
 -40550 [Forwarding findElement on session 343d0c94-0b98-4921-996e-ca445c47f566 to remote] DEBUG org.apache.http.headers  - http-outgoing-44 >> POST /hub/session/343d0c94-0b98-4921-996e-ca445c47f566/element HTTP/1.1
 -40550 [Forwarding findElement on session 343d0c94-0b98-4921-996e-ca445c47f566 to remote] DEBUG org.apache.http.headers  - http-outgoing-44 >> Content-Type: application/json; charset=utf-8
 -40550 [Forwarding findElement on session 343d0c94-0b98-4921-996e-ca445c47f566 to remote] DEBUG org.apache.http.headers  - http-outgoing-44 >> Content-Length: 89
 -40550 [Forwarding findElement on session 343d0c94-0b98-4921-996e-ca445c47f566 to remote] DEBUG org.apache.http.headers  - http-outgoing-44 >> Host: 127.0.0.1:7055
 -40551 [Forwarding findElement on session 343d0c94-0b98-4921-996e-ca445c47f566 to remote] DEBUG org.apache.http.headers  - http-outgoing-44 >> Connection: Keep-Alive
 -40551 [Forwarding findElement on session 343d0c94-0b98-4921-996e-ca445c47f566 to remote] DEBUG org.apache.http.headers  - http-outgoing-44 >> User-Agent: Apache-HttpClient/4.3.6 (java 1.5)
 -40551 [Forwarding findElement on session 343d0c94-0b98-4921-996e-ca445c47f566 to remote] DEBUG org.apache.http.headers  - http-outgoing-44 >> Accept-Encoding: gzip,deflate
 -40551 [Forwarding findElement on session 343d0c94-0b98-4921-996e-ca445c47f566 to remote] DEBUG org.apache.http.wire  - http-outgoing-44 >> "POST /hub/session/343d0c94-0b98-4921-996e-ca445c47f566/element HTTP/1.1[\r][\n]"
 -40551 [Forwarding findElement on session 343d0c94-0b98-4921-996e-ca445c47f566 to remote] DEBUG org.apache.http.wire  - http-outgoing-44 >> "Content-Type: application/json; charset=utf-8[\r][\n]"
 -40551 [Forwarding findElement on session 343d0c94-0b98-4921-996e-ca445c47f566 to remote] DEBUG org.apache.http.wire  - http-outgoing-44 >> "Content-Length: 89[\r][\n]"
 -40551 [Forwarding findElement on session 343d0c94-0b98-4921-996e-ca445c47f566 to remote] DEBUG org.apache.http.wire  - http-outgoing-44 >> "Host: 127.0.0.1:7055[\r][\n]"
 -40551 [Forwarding findElement on session 343d0c94-0b98-4921-996e-ca445c47f566 to remote] DEBUG org.apache.http.wire  - http-outgoing-44 >> "Connection: Keep-Alive[\r][\n]"
 -40551 [Forwarding findElement on session 343d0c94-0b98-4921-996e-ca445c47f566 to remote] DEBUG org.apache.http.wire  - http-outgoing-44 >> "User-Agent: Apache-HttpClient/4.3.6 (java 1.5)[\r][\n]"
 -40551 [Forwarding findElement on session 343d0c94-0b98-4921-996e-ca445c47f566 to remote] DEBUG org.apache.http.wire  - http-outgoing-44 >> "Accept-Encoding: gzip,deflate[\r][\n]"
 -40551 [Forwarding findElement on session 343d0c94-0b98-4921-996e-ca445c47f566 to remote] DEBUG org.apache.http.wire  - http-outgoing-44 >> "[\r][\n]"
 -40551 [Forwarding findElement on session 343d0c94-0b98-4921-996e-ca445c47f566 to remote] DEBUG org.apache.http.wire  - http-outgoing-44 >> "{"using":"css selector","value":".service-navigation__dropdown>ul>li>a>span:not(.arrow)"}"
 -40599 [Forwarding findElement on session 343d0c94-0b98-4921-996e-ca445c47f566 to remote] DEBUG org.apache.http.wire  - http-outgoing-44 << "HTTP/1.1 500 Internal Server Error[\r][\n]"
 -40599 [Forwarding findElement on session 343d0c94-0b98-4921-996e-ca445c47f566 to remote] DEBUG org.apache.http.wire  - http-outgoing-44 << "content-type: application/json; charset=UTF-8[\r][\n]"
 -40599 [Forwarding findElement on session 343d0c94-0b98-4921-996e-ca445c47f566 to remote] DEBUG org.apache.http.wire  - http-outgoing-44 << "connection: close[\r][\n]"
 -40599 [Forwarding findElement on session 343d0c94-0b98-4921-996e-ca445c47f566 to remote] DEBUG org.apache.http.wire  - http-outgoing-44 << "content-length: 1469[\r][\n]"
 -40599 [Forwarding findElement on session 343d0c94-0b98-4921-996e-ca445c47f566 to remote] DEBUG org.apache.http.wire  - http-outgoing-44 << "server: httpd.js[\r][\n]"
 -40599 [Forwarding findElement on session 343d0c94-0b98-4921-996e-ca445c47f566 to remote] DEBUG org.apache.http.wire  - http-outgoing-44 << "date: Fri, 27 Jan 2017 06:44:45 GMT[\r][\n]"
 -40599 [Forwarding findElement on session 343d0c94-0b98-4921-996e-ca445c47f566 to remote] DEBUG org.apache.http.wire  - http-outgoing-44 << "[\r][\n]"
 -40599 [Forwarding findElement on session 343d0c94-0b98-4921-996e-ca445c47f566 to remote] DEBUG org.apache.http.headers  - http-outgoing-44 << HTTP/1.1 500 Internal Server Error
 -40599 [Forwarding findElement on session 343d0c94-0b98-4921-996e-ca445c47f566 to remote] DEBUG org.apache.http.headers  - http-outgoing-44 << content-type: application/json; charset=UTF-8
 -40600 [Forwarding findElement on session 343d0c94-0b98-4921-996e-ca445c47f566 to remote] DEBUG org.apache.http.headers  - http-outgoing-44 << connection: close
 -40600 [Forwarding findElement on session 343d0c94-0b98-4921-996e-ca445c47f566 to remote] DEBUG org.apache.http.headers  - http-outgoing-44 << content-length: 1469
 -40600 [Forwarding findElement on session 343d0c94-0b98-4921-996e-ca445c47f566 to remote] DEBUG org.apache.http.headers  - http-outgoing-44 << server: httpd.js
 -40600 [Forwarding findElement on session 343d0c94-0b98-4921-996e-ca445c47f566 to remote] DEBUG org.apache.http.headers  - http-outgoing-44 << date: Fri, 27 Jan 2017 06:44:45 GMT
 -40602 [Forwarding findElement on session 343d0c94-0b98-4921-996e-ca445c47f566 to remote] DEBUG org.apache.http.wire  - http-outgoing-44 << "{"name":"findElement","sessionId":"343d0c94-0b98-4921-996e-ca445c47f566","status":7,"value":{"message":"Unable to locate element: {\"method\":\"css selector\",\"selector\":\".service-navigation__dropdown>ul>li>a>span:not(.arrow)\"}","stackTrace":[{"methodName":"FirefoxDriver.prototype.findElementInternal_","fileName":"file:///C:/Users/rao08/AppData/Local/Temp/anonymous5941514134848211728webdriver-profile/extensions/fxdriver@googlecode.com/components/driver-component.js","lineNumber":10299},{"methodName":"FirefoxDriver.prototype.findElement","fileName":"file:///C:/Users/rao08/AppData/Local/Temp/anonymous5941514134848211728webdriver-profile/extensions/fxdriver@googlecode.com/components/driver-component.js","lineNumber":10308},{"methodName":"DelayedCommand.prototype.executeInternal_/h","fileName":"file:///C:/Users/rao08/AppData/Local/Temp/anonymous5941514134848211728webdriver-profile/extensions/fxdriver@googlecode.com/components/command-processor.js","lineNumber":12282},{"methodName":"DelayedCommand.prototype.executeInternal_","fileName":"file:///C:/Users/rao08/AppData/Local/Temp/anonymous5941514134848211728webdriver-profile/extensions/fxdriver@googlecode.com/components/command-processor.js","lineNumber":12287},{"methodName":"DelayedCommand.prototype.execute/<","fileName":"file:///C:/Users/rao08/AppData/Local/Temp/anonymous5941514134848211728webdriver-profile/extensions/fxdriver@googlecode.com/components/command-processor.js","lineNumber":12229}]}}"
 -40602 [Forwarding findElement on session 343d0c94-0b98-4921-996e-ca445c47f566 to remote] DEBUG org.apache.http.impl.conn.DefaultManagedHttpClientConnection  - http-outgoing-44: Shutdown connection
 -40602 [Forwarding findElement on session 343d0c94-0b98-4921-996e-ca445c47f566 to remote] DEBUG org.apache.http.impl.execchain.MainClientExec  - Connection discarded
 -40602 [Forwarding findElement on session 343d0c94-0b98-4921-996e-ca445c47f566 to remote] DEBUG org.apache.http.impl.conn.DefaultManagedHttpClientConnection  - http-outgoing-44: Close connection
 -40602 [Forwarding findElement on session 343d0c94-0b98-4921-996e-ca445c47f566 to remote] DEBUG org.apache.http.impl.conn.PoolingHttpClientConnectionManager  - Connection released: [id: 44][route: {}->http://127.0.0.1:7055][total kept alive: 0; route allocated: 0 of 2000; total allocated: 0 of 2000]
 -41107 [Forwarding findElement on session 343d0c94-0b98-4921-996e-ca445c47f566 to remote] DEBUG org.apache.http.client.protocol.RequestAddCookies  - CookieSpec selected: best-match
 -41107 [Forwarding findElement on session 343d0c94-0b98-4921-996e-ca445c47f566 to remote] DEBUG org.apache.http.client.protocol.RequestAuthCache  - Auth cache not set in the context
 -41107 [Forwarding findElement on session 343d0c94-0b98-4921-996e-ca445c47f566 to remote] DEBUG org.apache.http.impl.conn.PoolingHttpClientConnectionManager  - Connection request: [route: {}->http://127.0.0.1:7055][total kept alive: 0; route allocated: 0 of 2000; total allocated: 0 of 2000]
 -41107 [Forwarding findElement on session 343d0c94-0b98-4921-996e-ca445c47f566 to remote] DEBUG org.apache.http.impl.conn.PoolingHttpClientConnectionManager  - Connection leased: [id: 45][route: {}->http://127.0.0.1:7055][total kept alive: 0; route allocated: 1 of 2000; total allocated: 1 of 2000]
 -41108 [Forwarding findElement on session 343d0c94-0b98-4921-996e-ca445c47f566 to remote] DEBUG org.apache.http.impl.execchain.MainClientExec  - Opening connection {}->http://127.0.0.1:7055
 -41108 [Forwarding findElement on session 343d0c94-0b98-4921-996e-ca445c47f566 to remote] DEBUG org.apache.http.impl.conn.HttpClientConnectionOperator  - Connecting to /127.0.0.1:7055
 -41109 [Forwarding findElement on session 343d0c94-0b98-4921-996e-ca445c47f566 to remote] DEBUG org.apache.http.impl.conn.HttpClientConnectionOperator  - Connection established 127.0.0.1:57762<->127.0.0.1:7055
 -41109 [Forwarding findElement on session 343d0c94-0b98-4921-996e-ca445c47f566 to remote] DEBUG org.apache.http.impl.execchain.MainClientExec  - Executing request POST /hub/session/343d0c94-0b98-4921-996e-ca445c47f566/element HTTP/1.1
 -41109 [Forwarding findElement on session 343d0c94-0b98-4921-996e-ca445c47f566 to remote] DEBUG org.apache.http.impl.execchain.MainClientExec  - Target auth state: UNCHALLENGED
 -41109 [Forwarding findElement on session 343d0c94-0b98-4921-996e-ca445c47f566 to remote] DEBUG org.apache.http.impl.execchain.MainClientExec  - Proxy auth state: UNCHALLENGED
 -41109 [Forwarding findElement on session 343d0c94-0b98-4921-996e-ca445c47f566 to remote] DEBUG org.apache.http.headers  - http-outgoing-45 >> POST /hub/session/343d0c94-0b98-4921-996e-ca445c47f566/element HTTP/1.1
 -41110 [Forwarding findElement on session 343d0c94-0b98-4921-996e-ca445c47f566 to remote] DEBUG org.apache.http.headers  - http-outgoing-45 >> Content-Type: application/json; charset=utf-8
 -41110 [Forwarding findElement on session 343d0c94-0b98-4921-996e-ca445c47f566 to remote] DEBUG org.apache.http.headers  - http-outgoing-45 >> Content-Length: 89
 -41110 [Forwarding findElement on session 343d0c94-0b98-4921-996e-ca445c47f566 to remote] DEBUG org.apache.http.headers  - http-outgoing-45 >> Host: 127.0.0.1:7055
 -41110 [Forwarding findElement on session 343d0c94-0b98-4921-996e-ca445c47f566 to remote] DEBUG org.apache.http.headers  - http-outgoing-45 >> Connection: Keep-Alive
 -41110 [Forwarding findElement on session 343d0c94-0b98-4921-996e-ca445c47f566 to remote] DEBUG org.apache.http.headers  - http-outgoing-45 >> User-Agent: Apache-HttpClient/4.3.6 (java 1.5)
 -41110 [Forwarding findElement on session 343d0c94-0b98-4921-996e-ca445c47f566 to remote] DEBUG org.apache.http.headers  - http-outgoing-45 >> Accept-Encoding: gzip,deflate
 -41110 [Forwarding findElement on session 343d0c94-0b98-4921-996e-ca445c47f566 to remote] DEBUG org.apache.http.wire  - http-outgoing-45 >> "POST /hub/session/343d0c94-0b98-4921-996e-ca445c47f566/element HTTP/1.1[\r][\n]"
 -41110 [Forwarding findElement on session 343d0c94-0b98-4921-996e-ca445c47f566 to remote] DEBUG org.apache.http.wire  - http-outgoing-45 >> "Content-Type: application/json; charset=utf-8[\r][\n]"
 -41110 [Forwarding findElement on session 343d0c94-0b98-4921-996e-ca445c47f566 to remote] DEBUG org.apache.http.wire  - http-outgoing-45 >> "Content-Length: 89[\r][\n]"
 -41110 [Forwarding findElement on session 343d0c94-0b98-4921-996e-ca445c47f566 to remote] DEBUG org.apache.http.wire  - http-outgoing-45 >> "Host: 127.0.0.1:7055[\r][\n]"
 -41110 [Forwarding findElement on session 343d0c94-0b98-4921-996e-ca445c47f566 to remote] DEBUG org.apache.http.wire  - http-outgoing-45 >> "Connection: Keep-Alive[\r][\n]"
 -41110 [Forwarding findElement on session 343d0c94-0b98-4921-996e-ca445c47f566 to remote] DEBUG org.apache.http.wire  - http-outgoing-45 >> "User-Agent: Apache-HttpClient/4.3.6 (java 1.5)[\r][\n]"
 -41110 [Forwarding findElement on session 343d0c94-0b98-4921-996e-ca445c47f566 to remote] DEBUG org.apache.http.wire  - http-outgoing-45 >> "Accept-Encoding: gzip,deflate[\r][\n]"
 -41110 [Forwarding findElement on session 343d0c94-0b98-4921-996e-ca445c47f566 to remote] DEBUG org.apache.http.wire  - http-outgoing-45 >> "[\r][\n]"
 -41110 [Forwarding findElement on session 343d0c94-0b98-4921-996e-ca445c47f566 to remote] DEBUG org.apache.http.wire  - http-outgoing-45 >> "{"using":"css selector","value":".service-navigation__dropdown>ul>li>a>span:not(.arrow)"}"
 -41156 [Forwarding findElement on session 343d0c94-0b98-4921-996e-ca445c47f566 to remote] DEBUG org.apache.http.wire  - http-outgoing-45 << "HTTP/1.1 500 Internal Server Error[\r][\n]"
 -41156 [Forwarding findElement on session 343d0c94-0b98-4921-996e-ca445c47f566 to remote] DEBUG org.apache.http.wire  - http-outgoing-45 << "content-type: application/json; charset=UTF-8[\r][\n]"
 -41156 [Forwarding findElement on session 343d0c94-0b98-4921-996e-ca445c47f566 to remote] DEBUG org.apache.http.wire  - http-outgoing-45 << "connection: close[\r][\n]"
 -41156 [Forwarding findElement on session 343d0c94-0b98-4921-996e-ca445c47f566 to remote] DEBUG org.apache.http.wire  - http-outgoing-45 << "content-length: 1469[\r][\n]"
 -41156 [Forwarding findElement on session 343d0c94-0b98-4921-996e-ca445c47f566 to remote] DEBUG org.apache.http.wire  - http-outgoing-45 << "server: httpd.js[\r][\n]"
 -41156 [Forwarding findElement on session 343d0c94-0b98-4921-996e-ca445c47f566 to remote] DEBUG org.apache.http.wire  - http-outgoing-45 << "date: Fri, 27 Jan 2017 06:44:45 GMT[\r][\n]"
 -41156 [Forwarding findElement on session 343d0c94-0b98-4921-996e-ca445c47f566 to remote] DEBUG org.apache.http.wire  - http-outgoing-45 << "[\r][\n]"
 -41156 [Forwarding findElement on session 343d0c94-0b98-4921-996e-ca445c47f566 to remote] DEBUG org.apache.http.headers  - http-outgoing-45 << HTTP/1.1 500 Internal Server Error
 -41156 [Forwarding findElement on session 343d0c94-0b98-4921-996e-ca445c47f566 to remote] DEBUG org.apache.http.headers  - http-outgoing-45 << content-type: application/json; charset=UTF-8
 -41156 [Forwarding findElement on session 343d0c94-0b98-4921-996e-ca445c47f566 to remote] DEBUG org.apache.http.headers  - http-outgoing-45 << connection: close
 -41156 [Forwarding findElement on session 343d0c94-0b98-4921-996e-ca445c47f566 to remote] DEBUG org.apache.http.headers  - http-outgoing-45 << content-length: 1469
 -41156 [Forwarding findElement on session 343d0c94-0b98-4921-996e-ca445c47f566 to remote] DEBUG org.apache.http.headers  - http-outgoing-45 << server: httpd.js
 -41157 [Forwarding findElement on session 343d0c94-0b98-4921-996e-ca445c47f566 to remote] DEBUG org.apache.http.headers  - http-outgoing-45 << date: Fri, 27 Jan 2017 06:44:45 GMT
 -41157 [Forwarding findElement on session 343d0c94-0b98-4921-996e-ca445c47f566 to remote] DEBUG org.apache.http.wire  - http-outgoing-45 << "{"name":"findElement","sessionId":"343d0c94-0b98-4921-996e-ca445c47f566","status":7,"value":{"message":"Unable to locate element: {\"method\":\"css selector\",\"selector\":\".service-navigation__dropdown>ul>li>a>span:not(.arrow)\"}","stackTrace":[{"methodName":"FirefoxDriver.prototype.findElementInternal_","fileName":"file:///C:/Users/rao08/AppData/Local/Temp/anonymous5941514134848211728webdriver-profile/extensions/fxdriver@googlecode.com/components/driver-component.js","lineNumber":10299},{"methodName":"FirefoxDriver.prototype.findElement","fileName":"file:///C:/Users/rao08/AppData/Local/Temp/anonymous5941514134848211728webdriver-profile/extensions/fxdriver@googlecode.com/components/driver-component.js","lineNumber":10308},{"methodName":"DelayedCommand.prototype.executeInternal_/h","fileName":"file:///C:/Users/rao08/AppData/Local/Temp/anonymous5941514134848211728webdriver-profile/extensions/fxdriver@googlecode.com/components/command-processor.js","lineNumber":12282},{"methodName":"DelayedCommand.prototype.executeInternal_","fileName":"file:///C:/Users/rao08/AppData/Local/Temp/anonymous5941514134848211728webdriver-profile/extensions/fxdriver@googlecode.com/components/command-processor.js","lineNumber":12287},{"methodName":"DelayedCommand.prototype.execute/<","fileName":"file:///C:/Users/rao08/AppData/Local/Temp/anonymous5941514134848211728webdriver-profile/extensions/fxdriver@googlecode.com/components/command-processor.js","lineNumber":12229}]}}"
 -41157 [Forwarding findElement on session 343d0c94-0b98-4921-996e-ca445c47f566 to remote] DEBUG org.apache.http.impl.conn.DefaultManagedHttpClientConnection  - http-outgoing-45: Shutdown connection
 -41157 [Forwarding findElement on session 343d0c94-0b98-4921-996e-ca445c47f566 to remote] DEBUG org.apache.http.impl.execchain.MainClientExec  - Connection discarded
 -41158 [Forwarding findElement on session 343d0c94-0b98-4921-996e-ca445c47f566 to remote] DEBUG org.apache.http.impl.conn.DefaultManagedHttpClientConnection  - http-outgoing-45: Close connection
 -41158 [Forwarding findElement on session 343d0c94-0b98-4921-996e-ca445c47f566 to remote] DEBUG org.apache.http.impl.conn.PoolingHttpClientConnectionManager  - Connection released: [id: 45][route: {}->http://127.0.0.1:7055][total kept alive: 0; route allocated: 0 of 2000; total allocated: 0 of 2000]
 -41663 [Forwarding findElement on session 343d0c94-0b98-4921-996e-ca445c47f566 to remote] DEBUG org.apache.http.client.protocol.RequestAddCookies  - CookieSpec selected: best-match
 -41663 [Forwarding findElement on session 343d0c94-0b98-4921-996e-ca445c47f566 to remote] DEBUG org.apache.http.client.protocol.RequestAuthCache  - Auth cache not set in the context
 -41663 [Forwarding findElement on session 343d0c94-0b98-4921-996e-ca445c47f566 to remote] DEBUG org.apache.http.impl.conn.PoolingHttpClientConnectionManager  - Connection request: [route: {}->http://127.0.0.1:7055][total kept alive: 0; route allocated: 0 of 2000; total allocated: 0 of 2000]
 -41663 [Forwarding findElement on session 343d0c94-0b98-4921-996e-ca445c47f566 to remote] DEBUG org.apache.http.impl.conn.PoolingHttpClientConnectionManager  - Connection leased: [id: 46][route: {}->http://127.0.0.1:7055][total kept alive: 0; route allocated: 1 of 2000; total allocated: 1 of 2000]
 -41664 [Forwarding findElement on session 343d0c94-0b98-4921-996e-ca445c47f566 to remote] DEBUG org.apache.http.impl.execchain.MainClientExec  - Opening connection {}->http://127.0.0.1:7055
 -41664 [Forwarding findElement on session 343d0c94-0b98-4921-996e-ca445c47f566 to remote] DEBUG org.apache.http.impl.conn.HttpClientConnectionOperator  - Connecting to /127.0.0.1:7055
 -41665 [Forwarding findElement on session 343d0c94-0b98-4921-996e-ca445c47f566 to remote] DEBUG org.apache.http.impl.conn.HttpClientConnectionOperator  - Connection established 127.0.0.1:57768<->127.0.0.1:7055
 -41665 [Forwarding findElement on session 343d0c94-0b98-4921-996e-ca445c47f566 to remote] DEBUG org.apache.http.impl.execchain.MainClientExec  - Executing request POST /hub/session/343d0c94-0b98-4921-996e-ca445c47f566/element HTTP/1.1
 -41665 [Forwarding findElement on session 343d0c94-0b98-4921-996e-ca445c47f566 to remote] DEBUG org.apache.http.impl.execchain.MainClientExec  - Target auth state: UNCHALLENGED
 -41665 [Forwarding findElement on session 343d0c94-0b98-4921-996e-ca445c47f566 to remote] DEBUG org.apache.http.impl.execchain.MainClientExec  - Proxy auth state: UNCHALLENGED
 -41666 [Forwarding findElement on session 343d0c94-0b98-4921-996e-ca445c47f566 to remote] DEBUG org.apache.http.headers  - http-outgoing-46 >> POST /hub/session/343d0c94-0b98-4921-996e-ca445c47f566/element HTTP/1.1
 -41666 [Forwarding findElement on session 343d0c94-0b98-4921-996e-ca445c47f566 to remote] DEBUG org.apache.http.headers  - http-outgoing-46 >> Content-Type: application/json; charset=utf-8
 -41666 [Forwarding findElement on session 343d0c94-0b98-4921-996e-ca445c47f566 to remote] DEBUG org.apache.http.headers  - http-outgoing-46 >> Content-Length: 89
 -41666 [Forwarding findElement on session 343d0c94-0b98-4921-996e-ca445c47f566 to remote] DEBUG org.apache.http.headers  - http-outgoing-46 >> Host: 127.0.0.1:7055
 -41666 [Forwarding findElement on session 343d0c94-0b98-4921-996e-ca445c47f566 to remote] DEBUG org.apache.http.headers  - http-outgoing-46 >> Connection: Keep-Alive
 -41666 [Forwarding findElement on session 343d0c94-0b98-4921-996e-ca445c47f566 to remote] DEBUG org.apache.http.headers  - http-outgoing-46 >> User-Agent: Apache-HttpClient/4.3.6 (java 1.5)
 -41666 [Forwarding findElement on session 343d0c94-0b98-4921-996e-ca445c47f566 to remote] DEBUG org.apache.http.headers  - http-outgoing-46 >> Accept-Encoding: gzip,deflate
 -41666 [Forwarding findElement on session 343d0c94-0b98-4921-996e-ca445c47f566 to remote] DEBUG org.apache.http.wire  - http-outgoing-46 >> "POST /hub/session/343d0c94-0b98-4921-996e-ca445c47f566/element HTTP/1.1[\r][\n]"
 -41666 [Forwarding findElement on session 343d0c94-0b98-4921-996e-ca445c47f566 to remote] DEBUG org.apache.http.wire  - http-outgoing-46 >> "Content-Type: application/json; charset=utf-8[\r][\n]"
 -41666 [Forwarding findElement on session 343d0c94-0b98-4921-996e-ca445c47f566 to remote] DEBUG org.apache.http.wire  - http-outgoing-46 >> "Content-Length: 89[\r][\n]"
 -41666 [Forwarding findElement on session 343d0c94-0b98-4921-996e-ca445c47f566 to remote] DEBUG org.apache.http.wire  - http-outgoing-46 >> "Host: 127.0.0.1:7055[\r][\n]"
 -41667 [Forwarding findElement on session 343d0c94-0b98-4921-996e-ca445c47f566 to remote] DEBUG org.apache.http.wire  - http-outgoing-46 >> "Connection: Keep-Alive[\r][\n]"
 -41667 [Forwarding findElement on session 343d0c94-0b98-4921-996e-ca445c47f566 to remote] DEBUG org.apache.http.wire  - http-outgoing-46 >> "User-Agent: Apache-HttpClient/4.3.6 (java 1.5)[\r][\n]"
 -41667 [Forwarding findElement on session 343d0c94-0b98-4921-996e-ca445c47f566 to remote] DEBUG org.apache.http.wire  - http-outgoing-46 >> "Accept-Encoding: gzip,deflate[\r][\n]"
 -41667 [Forwarding findElement on session 343d0c94-0b98-4921-996e-ca445c47f566 to remote] DEBUG org.apache.http.wire  - http-outgoing-46 >> "[\r][\n]"
 -41667 [Forwarding findElement on session 343d0c94-0b98-4921-996e-ca445c47f566 to remote] DEBUG org.apache.http.wire  - http-outgoing-46 >> "{"using":"css selector","value":".service-navigation__dropdown>ul>li>a>span:not(.arrow)"}"
 -41712 [Forwarding findElement on session 343d0c94-0b98-4921-996e-ca445c47f566 to remote] DEBUG org.apache.http.wire  - http-outgoing-46 << "HTTP/1.1 500 Internal Server Error[\r][\n]"
 -41712 [Forwarding findElement on session 343d0c94-0b98-4921-996e-ca445c47f566 to remote] DEBUG org.apache.http.wire  - http-outgoing-46 << "content-type: application/json; charset=UTF-8[\r][\n]"
 -41712 [Forwarding findElement on session 343d0c94-0b98-4921-996e-ca445c47f566 to remote] DEBUG org.apache.http.wire  - http-outgoing-46 << "connection: close[\r][\n]"
 -41712 [Forwarding findElement on session 343d0c94-0b98-4921-996e-ca445c47f566 to remote] DEBUG org.apache.http.wire  - http-outgoing-46 << "content-length: 1469[\r][\n]"
 -41712 [Forwarding findElement on session 343d0c94-0b98-4921-996e-ca445c47f566 to remote] DEBUG org.apache.http.wire  - http-outgoing-46 << "server: httpd.js[\r][\n]"
 -41712 [Forwarding findElement on session 343d0c94-0b98-4921-996e-ca445c47f566 to remote] DEBUG org.apache.http.wire  - http-outgoing-46 << "date: Fri, 27 Jan 2017 06:44:46 GMT[\r][\n]"
 -41713 [Forwarding findElement on session 343d0c94-0b98-4921-996e-ca445c47f566 to remote] DEBUG org.apache.http.wire  - http-outgoing-46 << "[\r][\n]"
 -41713 [Forwarding findElement on session 343d0c94-0b98-4921-996e-ca445c47f566 to remote] DEBUG org.apache.http.headers  - http-outgoing-46 << HTTP/1.1 500 Internal Server Error
 -41713 [Forwarding findElement on session 343d0c94-0b98-4921-996e-ca445c47f566 to remote] DEBUG org.apache.http.headers  - http-outgoing-46 << content-type: application/json; charset=UTF-8
 -41713 [Forwarding findElement on session 343d0c94-0b98-4921-996e-ca445c47f566 to remote] DEBUG org.apache.http.headers  - http-outgoing-46 << connection: close
 -41713 [Forwarding findElement on session 343d0c94-0b98-4921-996e-ca445c47f566 to remote] DEBUG org.apache.http.headers  - http-outgoing-46 << content-length: 1469
 -41713 [Forwarding findElement on session 343d0c94-0b98-4921-996e-ca445c47f566 to remote] DEBUG org.apache.http.headers  - http-outgoing-46 << server: httpd.js
 -41713 [Forwarding findElement on session 343d0c94-0b98-4921-996e-ca445c47f566 to remote] DEBUG org.apache.http.headers  - http-outgoing-46 << date: Fri, 27 Jan 2017 06:44:46 GMT
 -41714 [Forwarding findElement on session 343d0c94-0b98-4921-996e-ca445c47f566 to remote] DEBUG org.apache.http.wire  - http-outgoing-46 << "{"name":"findElement","sessionId":"343d0c94-0b98-4921-996e-ca445c47f566","status":7,"value":{"message":"Unable to locate element: {\"method\":\"css selector\",\"selector\":\".service-navigation__dropdown>ul>li>a>span:not(.arrow)\"}","stackTrace":[{"methodName":"FirefoxDriver.prototype.findElementInternal_","fileName":"file:///C:/Users/rao08/AppData/Local/Temp/anonymous5941514134848211728webdriver-profile/extensions/fxdriver@googlecode.com/components/driver-component.js","lineNumber":10299},{"methodName":"FirefoxDriver.prototype.findElement","fileName":"file:///C:/Users/rao08/AppData/Local/Temp/anonymous5941514134848211728webdriver-profile/extensions/fxdriver@googlecode.com/components/driver-component.js","lineNumber":10308},{"methodName":"DelayedCommand.prototype.executeInternal_/h","fileName":"file:///C:/Users/rao08/AppData/Local/Temp/anonymous5941514134848211728webdriver-profile/extensions/fxdriver@googlecode.com/components/command-processor.js","lineNumber":12282},{"methodName":"DelayedCommand.prototype.executeInternal_","fileName":"file:///C:/Users/rao08/AppData/Local/Temp/anonymous5941514134848211728webdriver-profile/extensions/fxdriver@googlecode.com/components/command-processor.js","lineNumber":12287},{"methodName":"DelayedCommand.prototype.execute/<","fileName":"file:///C:/Users/rao08/AppData/Local/Temp/anonymous5941514134848211728webdriver-profile/extensions/fxdriver@googlecode.com/components/command-processor.js","lineNumber":12229}]}}"
 -41714 [Forwarding findElement on session 343d0c94-0b98-4921-996e-ca445c47f566 to remote] DEBUG org.apache.http.impl.conn.DefaultManagedHttpClientConnection  - http-outgoing-46: Shutdown connection
 -41714 [Forwarding findElement on session 343d0c94-0b98-4921-996e-ca445c47f566 to remote] DEBUG org.apache.http.impl.execchain.MainClientExec  - Connection discarded
 -41714 [Forwarding findElement on session 343d0c94-0b98-4921-996e-ca445c47f566 to remote] DEBUG org.apache.http.impl.conn.DefaultManagedHttpClientConnection  - http-outgoing-46: Close connection
 -41714 [Forwarding findElement on session 343d0c94-0b98-4921-996e-ca445c47f566 to remote] DEBUG org.apache.http.impl.conn.PoolingHttpClientConnectionManager  - Connection released: [id: 46][route: {}->http://127.0.0.1:7055][total kept alive: 0; route allocated: 0 of 2000; total allocated: 0 of 2000]
 -42219 [Forwarding findElement on session 343d0c94-0b98-4921-996e-ca445c47f566 to remote] DEBUG org.apache.http.client.protocol.RequestAddCookies  - CookieSpec selected: best-match
 -42220 [Forwarding findElement on session 343d0c94-0b98-4921-996e-ca445c47f566 to remote] DEBUG org.apache.http.client.protocol.RequestAuthCache  - Auth cache not set in the context
 -42220 [Forwarding findElement on session 343d0c94-0b98-4921-996e-ca445c47f566 to remote] DEBUG org.apache.http.impl.conn.PoolingHttpClientConnectionManager  - Connection request: [route: {}->http://127.0.0.1:7055][total kept alive: 0; route allocated: 0 of 2000; total allocated: 0 of 2000]
 -42220 [Forwarding findElement on session 343d0c94-0b98-4921-996e-ca445c47f566 to remote] DEBUG org.apache.http.impl.conn.PoolingHttpClientConnectionManager  - Connection leased: [id: 47][route: {}->http://127.0.0.1:7055][total kept alive: 0; route allocated: 1 of 2000; total allocated: 1 of 2000]
 -42220 [Forwarding findElement on session 343d0c94-0b98-4921-996e-ca445c47f566 to remote] DEBUG org.apache.http.impl.execchain.MainClientExec  - Opening connection {}->http://127.0.0.1:7055
 -42221 [Forwarding findElement on session 343d0c94-0b98-4921-996e-ca445c47f566 to remote] DEBUG org.apache.http.impl.conn.HttpClientConnectionOperator  - Connecting to /127.0.0.1:7055
 -42221 [Forwarding findElement on session 343d0c94-0b98-4921-996e-ca445c47f566 to remote] DEBUG org.apache.http.impl.conn.HttpClientConnectionOperator  - Connection established 127.0.0.1:57773<->127.0.0.1:7055
 -42222 [Forwarding findElement on session 343d0c94-0b98-4921-996e-ca445c47f566 to remote] DEBUG org.apache.http.impl.execchain.MainClientExec  - Executing request POST /hub/session/343d0c94-0b98-4921-996e-ca445c47f566/element HTTP/1.1
 -42222 [Forwarding findElement on session 343d0c94-0b98-4921-996e-ca445c47f566 to remote] DEBUG org.apache.http.impl.execchain.MainClientExec  - Target auth state: UNCHALLENGED
 -42222 [Forwarding findElement on session 343d0c94-0b98-4921-996e-ca445c47f566 to remote] DEBUG org.apache.http.impl.execchain.MainClientExec  - Proxy auth state: UNCHALLENGED
 -42222 [Forwarding findElement on session 343d0c94-0b98-4921-996e-ca445c47f566 to remote] DEBUG org.apache.http.headers  - http-outgoing-47 >> POST /hub/session/343d0c94-0b98-4921-996e-ca445c47f566/element HTTP/1.1
 -42222 [Forwarding findElement on session 343d0c94-0b98-4921-996e-ca445c47f566 to remote] DEBUG org.apache.http.headers  - http-outgoing-47 >> Content-Type: application/json; charset=utf-8
 -42222 [Forwarding findElement on session 343d0c94-0b98-4921-996e-ca445c47f566 to remote] DEBUG org.apache.http.headers  - http-outgoing-47 >> Content-Length: 89
 -42222 [Forwarding findElement on session 343d0c94-0b98-4921-996e-ca445c47f566 to remote] DEBUG org.apache.http.headers  - http-outgoing-47 >> Host: 127.0.0.1:7055
 -42222 [Forwarding findElement on session 343d0c94-0b98-4921-996e-ca445c47f566 to remote] DEBUG org.apache.http.headers  - http-outgoing-47 >> Connection: Keep-Alive
 -42222 [Forwarding findElement on session 343d0c94-0b98-4921-996e-ca445c47f566 to remote] DEBUG org.apache.http.headers  - http-outgoing-47 >> User-Agent: Apache-HttpClient/4.3.6 (java 1.5)
 -42222 [Forwarding findElement on session 343d0c94-0b98-4921-996e-ca445c47f566 to remote] DEBUG org.apache.http.headers  - http-outgoing-47 >> Accept-Encoding: gzip,deflate
 -42222 [Forwarding findElement on session 343d0c94-0b98-4921-996e-ca445c47f566 to remote] DEBUG org.apache.http.wire  - http-outgoing-47 >> "POST /hub/session/343d0c94-0b98-4921-996e-ca445c47f566/element HTTP/1.1[\r][\n]"
 -42222 [Forwarding findElement on session 343d0c94-0b98-4921-996e-ca445c47f566 to remote] DEBUG org.apache.http.wire  - http-outgoing-47 >> "Content-Type: application/json; charset=utf-8[\r][\n]"
 -42223 [Forwarding findElement on session 343d0c94-0b98-4921-996e-ca445c47f566 to remote] DEBUG org.apache.http.wire  - http-outgoing-47 >> "Content-Length: 89[\r][\n]"
 -42223 [Forwarding findElement on session 343d0c94-0b98-4921-996e-ca445c47f566 to remote] DEBUG org.apache.http.wire  - http-outgoing-47 >> "Host: 127.0.0.1:7055[\r][\n]"
 -42223 [Forwarding findElement on session 343d0c94-0b98-4921-996e-ca445c47f566 to remote] DEBUG org.apache.http.wire  - http-outgoing-47 >> "Connection: Keep-Alive[\r][\n]"
 -42223 [Forwarding findElement on session 343d0c94-0b98-4921-996e-ca445c47f566 to remote] DEBUG org.apache.http.wire  - http-outgoing-47 >> "User-Agent: Apache-HttpClient/4.3.6 (java 1.5)[\r][\n]"
 -42224 [Forwarding findElement on session 343d0c94-0b98-4921-996e-ca445c47f566 to remote] DEBUG org.apache.http.wire  - http-outgoing-47 >> "Accept-Encoding: gzip,deflate[\r][\n]"
 -42224 [Forwarding findElement on session 343d0c94-0b98-4921-996e-ca445c47f566 to remote] DEBUG org.apache.http.wire  - http-outgoing-47 >> "[\r][\n]"
 -42224 [Forwarding findElement on session 343d0c94-0b98-4921-996e-ca445c47f566 to remote] DEBUG org.apache.http.wire  - http-outgoing-47 >> "{"using":"css selector","value":".service-navigation__dropdown>ul>li>a>span:not(.arrow)"}"
 -42272 [Forwarding findElement on session 343d0c94-0b98-4921-996e-ca445c47f566 to remote] DEBUG org.apache.http.wire  - http-outgoing-47 << "HTTP/1.1 500 Internal Server Error[\r][\n]"
 -42272 [Forwarding findElement on session 343d0c94-0b98-4921-996e-ca445c47f566 to remote] DEBUG org.apache.http.wire  - http-outgoing-47 << "content-type: application/json; charset=UTF-8[\r][\n]"
 -42272 [Forwarding findElement on session 343d0c94-0b98-4921-996e-ca445c47f566 to remote] DEBUG org.apache.http.wire  - http-outgoing-47 << "connection: close[\r][\n]"
 -42272 [Forwarding findElement on session 343d0c94-0b98-4921-996e-ca445c47f566 to remote] DEBUG org.apache.http.wire  - http-outgoing-47 << "content-length: 1469[\r][\n]"
 -42272 [Forwarding findElement on session 343d0c94-0b98-4921-996e-ca445c47f566 to remote] DEBUG org.apache.http.wire  - http-outgoing-47 << "server: httpd.js[\r][\n]"
 -42272 [Forwarding findElement on session 343d0c94-0b98-4921-996e-ca445c47f566 to remote] DEBUG org.apache.http.wire  - http-outgoing-47 << "date: Fri, 27 Jan 2017 06:44:46 GMT[\r][\n]"
 -42272 [Forwarding findElement on session 343d0c94-0b98-4921-996e-ca445c47f566 to remote] DEBUG org.apache.http.wire  - http-outgoing-47 << "[\r][\n]"
 -42273 [Forwarding findElement on session 343d0c94-0b98-4921-996e-ca445c47f566 to remote] DEBUG org.apache.http.headers  - http-outgoing-47 << HTTP/1.1 500 Internal Server Error
 -42273 [Forwarding findElement on session 343d0c94-0b98-4921-996e-ca445c47f566 to remote] DEBUG org.apache.http.headers  - http-outgoing-47 << content-type: application/json; charset=UTF-8
 -42273 [Forwarding findElement on session 343d0c94-0b98-4921-996e-ca445c47f566 to remote] DEBUG org.apache.http.headers  - http-outgoing-47 << connection: close
 -42273 [Forwarding findElement on session 343d0c94-0b98-4921-996e-ca445c47f566 to remote] DEBUG org.apache.http.headers  - http-outgoing-47 << content-length: 1469
 -42273 [Forwarding findElement on session 343d0c94-0b98-4921-996e-ca445c47f566 to remote] DEBUG org.apache.http.headers  - http-outgoing-47 << server: httpd.js
 -42273 [Forwarding findElement on session 343d0c94-0b98-4921-996e-ca445c47f566 to remote] DEBUG org.apache.http.headers  - http-outgoing-47 << date: Fri, 27 Jan 2017 06:44:46 GMT
 -42273 [Forwarding findElement on session 343d0c94-0b98-4921-996e-ca445c47f566 to remote] DEBUG org.apache.http.wire  - http-outgoing-47 << "{"name":"findElement","sessionId":"343d0c94-0b98-4921-996e-ca445c47f566","status":7,"value":{"message":"Unable to locate element: {\"method\":\"css selector\",\"selector\":\".service-navigation__dropdown>ul>li>a>span:not(.arrow)\"}","stackTrace":[{"methodName":"FirefoxDriver.prototype.findElementInternal_","fileName":"file:///C:/Users/rao08/AppData/Local/Temp/anonymous5941514134848211728webdriver-profile/extensions/fxdriver@googlecode.com/components/driver-component.js","lineNumber":10299},{"methodName":"FirefoxDriver.prototype.findElement","fileName":"file:///C:/Users/rao08/AppData/Local/Temp/anonymous5941514134848211728webdriver-profile/extensions/fxdriver@googlecode.com/components/driver-component.js","lineNumber":10308},{"methodName":"DelayedCommand.prototype.executeInternal_/h","fileName":"file:///C:/Users/rao08/AppData/Local/Temp/anonymous5941514134848211728webdriver-profile/extensions/fxdriver@googlecode.com/components/command-processor.js","lineNumber":12282},{"methodName":"DelayedCommand.prototype.executeInternal_","fileName":"file:///C:/Users/rao08/AppData/Local/Temp/anonymous5941514134848211728webdriver-profile/extensions/fxdriver@googlecode.com/components/command-processor.js","lineNumber":12287},{"methodName":"DelayedCommand.prototype.execute/<","fileName":"file:///C:/Users/rao08/AppData/Local/Temp/anonymous5941514134848211728webdriver-profile/extensions/fxdriver@googlecode.com/components/command-processor.js","lineNumber":12229}]}}"
 -42273 [Forwarding findElement on session 343d0c94-0b98-4921-996e-ca445c47f566 to remote] DEBUG org.apache.http.impl.conn.DefaultManagedHttpClientConnection  - http-outgoing-47: Shutdown connection
 -42274 [Forwarding findElement on session 343d0c94-0b98-4921-996e-ca445c47f566 to remote] DEBUG org.apache.http.impl.execchain.MainClientExec  - Connection discarded
 -42274 [Forwarding findElement on session 343d0c94-0b98-4921-996e-ca445c47f566 to remote] DEBUG org.apache.http.impl.conn.DefaultManagedHttpClientConnection  - http-outgoing-47: Close connection
 -42274 [Forwarding findElement on session 343d0c94-0b98-4921-996e-ca445c47f566 to remote] DEBUG org.apache.http.impl.conn.PoolingHttpClientConnectionManager  - Connection released: [id: 47][route: {}->http://127.0.0.1:7055][total kept alive: 0; route allocated: 0 of 2000; total allocated: 0 of 2000]
 -42779 [Forwarding findElement on session 343d0c94-0b98-4921-996e-ca445c47f566 to remote] DEBUG org.apache.http.client.protocol.RequestAddCookies  - CookieSpec selected: best-match
 -42780 [Forwarding findElement on session 343d0c94-0b98-4921-996e-ca445c47f566 to remote] DEBUG org.apache.http.client.protocol.RequestAuthCache  - Auth cache not set in the context
 -42780 [Forwarding findElement on session 343d0c94-0b98-4921-996e-ca445c47f566 to remote] DEBUG org.apache.http.impl.conn.PoolingHttpClientConnectionManager  - Connection request: [route: {}->http://127.0.0.1:7055][total kept alive: 0; route allocated: 0 of 2000; total allocated: 0 of 2000]
 -42780 [Forwarding findElement on session 343d0c94-0b98-4921-996e-ca445c47f566 to remote] DEBUG org.apache.http.impl.conn.PoolingHttpClientConnectionManager  - Connection leased: [id: 48][route: {}->http://127.0.0.1:7055][total kept alive: 0; route allocated: 1 of 2000; total allocated: 1 of 2000]
 -42780 [Forwarding findElement on session 343d0c94-0b98-4921-996e-ca445c47f566 to remote] DEBUG org.apache.http.impl.execchain.MainClientExec  - Opening connection {}->http://127.0.0.1:7055
 -42781 [Forwarding findElement on session 343d0c94-0b98-4921-996e-ca445c47f566 to remote] DEBUG org.apache.http.impl.conn.HttpClientConnectionOperator  - Connecting to /127.0.0.1:7055
 -42782 [Forwarding findElement on session 343d0c94-0b98-4921-996e-ca445c47f566 to remote] DEBUG org.apache.http.impl.conn.HttpClientConnectionOperator  - Connection established 127.0.0.1:57779<->127.0.0.1:7055
 -42782 [Forwarding findElement on session 343d0c94-0b98-4921-996e-ca445c47f566 to remote] DEBUG org.apache.http.impl.execchain.MainClientExec  - Executing request POST /hub/session/343d0c94-0b98-4921-996e-ca445c47f566/element HTTP/1.1
 -42782 [Forwarding findElement on session 343d0c94-0b98-4921-996e-ca445c47f566 to remote] DEBUG org.apache.http.impl.execchain.MainClientExec  - Target auth state: UNCHALLENGED
 -42782 [Forwarding findElement on session 343d0c94-0b98-4921-996e-ca445c47f566 to remote] DEBUG org.apache.http.impl.execchain.MainClientExec  - Proxy auth state: UNCHALLENGED
 -42783 [Forwarding findElement on session 343d0c94-0b98-4921-996e-ca445c47f566 to remote] DEBUG org.apache.http.headers  - http-outgoing-48 >> POST /hub/session/343d0c94-0b98-4921-996e-ca445c47f566/element HTTP/1.1
 -42783 [Forwarding findElement on session 343d0c94-0b98-4921-996e-ca445c47f566 to remote] DEBUG org.apache.http.headers  - http-outgoing-48 >> Content-Type: application/json; charset=utf-8
 -42783 [Forwarding findElement on session 343d0c94-0b98-4921-996e-ca445c47f566 to remote] DEBUG org.apache.http.headers  - http-outgoing-48 >> Content-Length: 89
 -42783 [Forwarding findElement on session 343d0c94-0b98-4921-996e-ca445c47f566 to remote] DEBUG org.apache.http.headers  - http-outgoing-48 >> Host: 127.0.0.1:7055
 -42783 [Forwarding findElement on session 343d0c94-0b98-4921-996e-ca445c47f566 to remote] DEBUG org.apache.http.headers  - http-outgoing-48 >> Connection: Keep-Alive
 -42783 [Forwarding findElement on session 343d0c94-0b98-4921-996e-ca445c47f566 to remote] DEBUG org.apache.http.headers  - http-outgoing-48 >> User-Agent: Apache-HttpClient/4.3.6 (java 1.5)
 -42783 [Forwarding findElement on session 343d0c94-0b98-4921-996e-ca445c47f566 to remote] DEBUG org.apache.http.headers  - http-outgoing-48 >> Accept-Encoding: gzip,deflate
 -42783 [Forwarding findElement on session 343d0c94-0b98-4921-996e-ca445c47f566 to remote] DEBUG org.apache.http.wire  - http-outgoing-48 >> "POST /hub/session/343d0c94-0b98-4921-996e-ca445c47f566/element HTTP/1.1[\r][\n]"
 -42783 [Forwarding findElement on session 343d0c94-0b98-4921-996e-ca445c47f566 to remote] DEBUG org.apache.http.wire  - http-outgoing-48 >> "Content-Type: application/json; charset=utf-8[\r][\n]"
 -42783 [Forwarding findElement on session 343d0c94-0b98-4921-996e-ca445c47f566 to remote] DEBUG org.apache.http.wire  - http-outgoing-48 >> "Content-Length: 89[\r][\n]"
 -42783 [Forwarding findElement on session 343d0c94-0b98-4921-996e-ca445c47f566 to remote] DEBUG org.apache.http.wire  - http-outgoing-48 >> "Host: 127.0.0.1:7055[\r][\n]"
 -42783 [Forwarding findElement on session 343d0c94-0b98-4921-996e-ca445c47f566 to remote] DEBUG org.apache.http.wire  - http-outgoing-48 >> "Connection: Keep-Alive[\r][\n]"
 -42783 [Forwarding findElement on session 343d0c94-0b98-4921-996e-ca445c47f566 to remote] DEBUG org.apache.http.wire  - http-outgoing-48 >> "User-Agent: Apache-HttpClient/4.3.6 (java 1.5)[\r][\n]"
 -42783 [Forwarding findElement on session 343d0c94-0b98-4921-996e-ca445c47f566 to remote] DEBUG org.apache.http.wire  - http-outgoing-48 >> "Accept-Encoding: gzip,deflate[\r][\n]"
 -42783 [Forwarding findElement on session 343d0c94-0b98-4921-996e-ca445c47f566 to remote] DEBUG org.apache.http.wire  - http-outgoing-48 >> "[\r][\n]"
 -42784 [Forwarding findElement on session 343d0c94-0b98-4921-996e-ca445c47f566 to remote] DEBUG org.apache.http.wire  - http-outgoing-48 >> "{"using":"css selector","value":".service-navigation__dropdown>ul>li>a>span:not(.arrow)"}"
 -42828 [Forwarding findElement on session 343d0c94-0b98-4921-996e-ca445c47f566 to remote] DEBUG org.apache.http.wire  - http-outgoing-48 << "HTTP/1.1 500 Internal Server Error[\r][\n]"
 -42828 [Forwarding findElement on session 343d0c94-0b98-4921-996e-ca445c47f566 to remote] DEBUG org.apache.http.wire  - http-outgoing-48 << "content-type: application/json; charset=UTF-8[\r][\n]"
 -42828 [Forwarding findElement on session 343d0c94-0b98-4921-996e-ca445c47f566 to remote] DEBUG org.apache.http.wire  - http-outgoing-48 << "connection: close[\r][\n]"
 -42828 [Forwarding findElement on session 343d0c94-0b98-4921-996e-ca445c47f566 to remote] DEBUG org.apache.http.wire  - http-outgoing-48 << "content-length: 1469[\r][\n]"
 -42828 [Forwarding findElement on session 343d0c94-0b98-4921-996e-ca445c47f566 to remote] DEBUG org.apache.http.wire  - http-outgoing-48 << "server: httpd.js[\r][\n]"
 -42828 [Forwarding findElement on session 343d0c94-0b98-4921-996e-ca445c47f566 to remote] DEBUG org.apache.http.wire  - http-outgoing-48 << "date: Fri, 27 Jan 2017 06:44:47 GMT[\r][\n]"
 -42828 [Forwarding findElement on session 343d0c94-0b98-4921-996e-ca445c47f566 to remote] DEBUG org.apache.http.wire  - http-outgoing-48 << "[\r][\n]"
 -42828 [Forwarding findElement on session 343d0c94-0b98-4921-996e-ca445c47f566 to remote] DEBUG org.apache.http.headers  - http-outgoing-48 << HTTP/1.1 500 Internal Server Error
 -42828 [Forwarding findElement on session 343d0c94-0b98-4921-996e-ca445c47f566 to remote] DEBUG org.apache.http.headers  - http-outgoing-48 << content-type: application/json; charset=UTF-8
 -42828 [Forwarding findElement on session 343d0c94-0b98-4921-996e-ca445c47f566 to remote] DEBUG org.apache.http.headers  - http-outgoing-48 << connection: close
 -42829 [Forwarding findElement on session 343d0c94-0b98-4921-996e-ca445c47f566 to remote] DEBUG org.apache.http.headers  - http-outgoing-48 << content-length: 1469
 -42829 [Forwarding findElement on session 343d0c94-0b98-4921-996e-ca445c47f566 to remote] DEBUG org.apache.http.headers  - http-outgoing-48 << server: httpd.js
 -42829 [Forwarding findElement on session 343d0c94-0b98-4921-996e-ca445c47f566 to remote] DEBUG org.apache.http.headers  - http-outgoing-48 << date: Fri, 27 Jan 2017 06:44:47 GMT
 -42829 [Forwarding findElement on session 343d0c94-0b98-4921-996e-ca445c47f566 to remote] DEBUG org.apache.http.wire  - http-outgoing-48 << "{"name":"findElement","sessionId":"343d0c94-0b98-4921-996e-ca445c47f566","status":7,"value":{"message":"Unable to locate element: {\"method\":\"css selector\",\"selector\":\".service-navigation__dropdown>ul>li>a>span:not(.arrow)\"}","stackTrace":[{"methodName":"FirefoxDriver.prototype.findElementInternal_","fileName":"file:///C:/Users/rao08/AppData/Local/Temp/anonymous5941514134848211728webdriver-profile/extensions/fxdriver@googlecode.com/components/driver-component.js","lineNumber":10299},{"methodName":"FirefoxDriver.prototype.findElement","fileName":"file:///C:/Users/rao08/AppData/Local/Temp/anonymous5941514134848211728webdriver-profile/extensions/fxdriver@googlecode.com/components/driver-component.js","lineNumber":10308},{"methodName":"DelayedCommand.prototype.executeInternal_/h","fileName":"file:///C:/Users/rao08/AppData/Local/Temp/anonymous5941514134848211728webdriver-profile/extensions/fxdriver@googlecode.com/components/command-processor.js","lineNumber":12282},{"methodName":"DelayedCommand.prototype.executeInternal_","fileName":"file:///C:/Users/rao08/AppData/Local/Temp/anonymous5941514134848211728webdriver-profile/extensions/fxdriver@googlecode.com/components/command-processor.js","lineNumber":12287},{"methodName":"DelayedCommand.prototype.execute/<","fileName":"file:///C:/Users/rao08/AppData/Local/Temp/anonymous5941514134848211728webdriver-profile/extensions/fxdriver@googlecode.com/components/command-processor.js","lineNumber":12229}]}}"
 -42829 [Forwarding findElement on session 343d0c94-0b98-4921-996e-ca445c47f566 to remote] DEBUG org.apache.http.impl.conn.DefaultManagedHttpClientConnection  - http-outgoing-48: Shutdown connection
 -42830 [Forwarding findElement on session 343d0c94-0b98-4921-996e-ca445c47f566 to remote] DEBUG org.apache.http.impl.execchain.MainClientExec  - Connection discarded
 -42830 [Forwarding findElement on session 343d0c94-0b98-4921-996e-ca445c47f566 to remote] DEBUG org.apache.http.impl.conn.DefaultManagedHttpClientConnection  - http-outgoing-48: Close connection
 -42830 [Forwarding findElement on session 343d0c94-0b98-4921-996e-ca445c47f566 to remote] DEBUG org.apache.http.impl.conn.PoolingHttpClientConnectionManager  - Connection released: [id: 48][route: {}->http://127.0.0.1:7055][total kept alive: 0; route allocated: 0 of 2000; total allocated: 0 of 2000]
 -43334 [Forwarding findElement on session 343d0c94-0b98-4921-996e-ca445c47f566 to remote] DEBUG org.apache.http.client.protocol.RequestAddCookies  - CookieSpec selected: best-match
 -43335 [Forwarding findElement on session 343d0c94-0b98-4921-996e-ca445c47f566 to remote] DEBUG org.apache.http.client.protocol.RequestAuthCache  - Auth cache not set in the context
 -43335 [Forwarding findElement on session 343d0c94-0b98-4921-996e-ca445c47f566 to remote] DEBUG org.apache.http.impl.conn.PoolingHttpClientConnectionManager  - Connection request: [route: {}->http://127.0.0.1:7055][total kept alive: 0; route allocated: 0 of 2000; total allocated: 0 of 2000]
 -43335 [Forwarding findElement on session 343d0c94-0b98-4921-996e-ca445c47f566 to remote] DEBUG org.apache.http.impl.conn.PoolingHttpClientConnectionManager  - Connection leased: [id: 49][route: {}->http://127.0.0.1:7055][total kept alive: 0; route allocated: 1 of 2000; total allocated: 1 of 2000]
 -43335 [Forwarding findElement on session 343d0c94-0b98-4921-996e-ca445c47f566 to remote] DEBUG org.apache.http.impl.execchain.MainClientExec  - Opening connection {}->http://127.0.0.1:7055
 -43336 [Forwarding findElement on session 343d0c94-0b98-4921-996e-ca445c47f566 to remote] DEBUG org.apache.http.impl.conn.HttpClientConnectionOperator  - Connecting to /127.0.0.1:7055
 -43336 [Forwarding findElement on session 343d0c94-0b98-4921-996e-ca445c47f566 to remote] DEBUG org.apache.http.impl.conn.HttpClientConnectionOperator  - Connection established 127.0.0.1:57788<->127.0.0.1:7055
 -43337 [Forwarding findElement on session 343d0c94-0b98-4921-996e-ca445c47f566 to remote] DEBUG org.apache.http.impl.execchain.MainClientExec  - Executing request POST /hub/session/343d0c94-0b98-4921-996e-ca445c47f566/element HTTP/1.1
 -43337 [Forwarding findElement on session 343d0c94-0b98-4921-996e-ca445c47f566 to remote] DEBUG org.apache.http.impl.execchain.MainClientExec  - Target auth state: UNCHALLENGED
 -43337 [Forwarding findElement on session 343d0c94-0b98-4921-996e-ca445c47f566 to remote] DEBUG org.apache.http.impl.execchain.MainClientExec  - Proxy auth state: UNCHALLENGED
 -43337 [Forwarding findElement on session 343d0c94-0b98-4921-996e-ca445c47f566 to remote] DEBUG org.apache.http.headers  - http-outgoing-49 >> POST /hub/session/343d0c94-0b98-4921-996e-ca445c47f566/element HTTP/1.1
 -43337 [Forwarding findElement on session 343d0c94-0b98-4921-996e-ca445c47f566 to remote] DEBUG org.apache.http.headers  - http-outgoing-49 >> Content-Type: application/json; charset=utf-8
 -43337 [Forwarding findElement on session 343d0c94-0b98-4921-996e-ca445c47f566 to remote] DEBUG org.apache.http.headers  - http-outgoing-49 >> Content-Length: 89
 -43337 [Forwarding findElement on session 343d0c94-0b98-4921-996e-ca445c47f566 to remote] DEBUG org.apache.http.headers  - http-outgoing-49 >> Host: 127.0.0.1:7055
 -43337 [Forwarding findElement on session 343d0c94-0b98-4921-996e-ca445c47f566 to remote] DEBUG org.apache.http.headers  - http-outgoing-49 >> Connection: Keep-Alive
 -43337 [Forwarding findElement on session 343d0c94-0b98-4921-996e-ca445c47f566 to remote] DEBUG org.apache.http.headers  - http-outgoing-49 >> User-Agent: Apache-HttpClient/4.3.6 (java 1.5)
 -43337 [Forwarding findElement on session 343d0c94-0b98-4921-996e-ca445c47f566 to remote] DEBUG org.apache.http.headers  - http-outgoing-49 >> Accept-Encoding: gzip,deflate
 -43337 [Forwarding findElement on session 343d0c94-0b98-4921-996e-ca445c47f566 to remote] DEBUG org.apache.http.wire  - http-outgoing-49 >> "POST /hub/session/343d0c94-0b98-4921-996e-ca445c47f566/element HTTP/1.1[\r][\n]"
 -43337 [Forwarding findElement on session 343d0c94-0b98-4921-996e-ca445c47f566 to remote] DEBUG org.apache.http.wire  - http-outgoing-49 >> "Content-Type: application/json; charset=utf-8[\r][\n]"
 -43338 [Forwarding findElement on session 343d0c94-0b98-4921-996e-ca445c47f566 to remote] DEBUG org.apache.http.wire  - http-outgoing-49 >> "Content-Length: 89[\r][\n]"
 -43338 [Forwarding findElement on session 343d0c94-0b98-4921-996e-ca445c47f566 to remote] DEBUG org.apache.http.wire  - http-outgoing-49 >> "Host: 127.0.0.1:7055[\r][\n]"
 -43338 [Forwarding findElement on session 343d0c94-0b98-4921-996e-ca445c47f566 to remote] DEBUG org.apache.http.wire  - http-outgoing-49 >> "Connection: Keep-Alive[\r][\n]"
 -43338 [Forwarding findElement on session 343d0c94-0b98-4921-996e-ca445c47f566 to remote] DEBUG org.apache.http.wire  - http-outgoing-49 >> "User-Agent: Apache-HttpClient/4.3.6 (java 1.5)[\r][\n]"
 -43338 [Forwarding findElement on session 343d0c94-0b98-4921-996e-ca445c47f566 to remote] DEBUG org.apache.http.wire  - http-outgoing-49 >> "Accept-Encoding: gzip,deflate[\r][\n]"
 -43338 [Forwarding findElement on session 343d0c94-0b98-4921-996e-ca445c47f566 to remote] DEBUG org.apache.http.wire  - http-outgoing-49 >> "[\r][\n]"
 -43338 [Forwarding findElement on session 343d0c94-0b98-4921-996e-ca445c47f566 to remote] DEBUG org.apache.http.wire  - http-outgoing-49 >> "{"using":"css selector","value":".service-navigation__dropdown>ul>li>a>span:not(.arrow)"}"
 -43390 [Forwarding findElement on session 343d0c94-0b98-4921-996e-ca445c47f566 to remote] DEBUG org.apache.http.wire  - http-outgoing-49 << "HTTP/1.1 500 Internal Server Error[\r][\n]"
 -43391 [Forwarding findElement on session 343d0c94-0b98-4921-996e-ca445c47f566 to remote] DEBUG org.apache.http.wire  - http-outgoing-49 << "content-type: application/json; charset=UTF-8[\r][\n]"
 -43391 [Forwarding findElement on session 343d0c94-0b98-4921-996e-ca445c47f566 to remote] DEBUG org.apache.http.wire  - http-outgoing-49 << "connection: close[\r][\n]"
 -43391 [Forwarding findElement on session 343d0c94-0b98-4921-996e-ca445c47f566 to remote] DEBUG org.apache.http.wire  - http-outgoing-49 << "content-length: 1469[\r][\n]"
 -43391 [Forwarding findElement on session 343d0c94-0b98-4921-996e-ca445c47f566 to remote] DEBUG org.apache.http.wire  - http-outgoing-49 << "server: httpd.js[\r][\n]"
 -43391 [Forwarding findElement on session 343d0c94-0b98-4921-996e-ca445c47f566 to remote] DEBUG org.apache.http.wire  - http-outgoing-49 << "date: Fri, 27 Jan 2017 06:44:48 GMT[\r][\n]"
 -43391 [Forwarding findElement on session 343d0c94-0b98-4921-996e-ca445c47f566 to remote] DEBUG org.apache.http.wire  - http-outgoing-49 << "[\r][\n]"
 -43391 [Forwarding findElement on session 343d0c94-0b98-4921-996e-ca445c47f566 to remote] DEBUG org.apache.http.wire  - http-outgoing-49 << "{"name":"findElement","sessionId":"343d0c94-0b98-4921-996e-ca445c47f566","status":7,"value":{"message":"Unable to locate element: {\"method\":\"css selector\",\"selector\":\".service-navigation__dropdown>ul>li>a>span:not(.arrow)\"}","stackTrace":[{"methodName":"FirefoxDriver.prototype.findElementInternal_","fileName":"file:///C:/Users/rao08/AppData/Local/Temp/anonymous5941514134848211728webdriver-profile/extensions/fxdriver@googlecode.com/components/driver-component.js","lineNumber":10299},{"methodName":"FirefoxDriver.prototype.findElement","fileName":"file:///C:/Users/rao08/AppData/Local/Temp/anonymous5941514134848211728webdriver-profile/extensions/fxdriver@googlecode.com/components/driver-component.js","lineNumber":10308},{"methodName":"DelayedCommand.prototype.executeInternal_/h","fileName":"file:///C:/Users/rao08/AppData/Local/Temp/anonymous5941514134848211728webdriver-profile/extensions/fxdriver@googlecode.com/components/command-processor.js","lineNumber":12282},{"methodName":"DelayedCommand.prototype.executeInternal_","fileName":"file:///C:/Users/rao08/AppData/Local/Temp/anonymous5941514134848211728webdriver-profile/extensions/fxdriver@googlecode.com/components/command-processor.js","lineNumber":12287},{"methodName":"DelayedCommand.prototype.execute/<","fileName":"file:///C:/Users/rao08/AppData/Local/Temp/anonymous5941514134848211728webdriver-profile/extensions/fxdriver@googlecode.com/components/command-processor.js","lineNumber":12229}]}}"
 -43391 [Forwarding findElement on session 343d0c94-0b98-4921-996e-ca445c47f566 to remote] DEBUG org.apache.http.headers  - http-outgoing-49 << HTTP/1.1 500 Internal Server Error
 -43391 [Forwarding findElement on session 343d0c94-0b98-4921-996e-ca445c47f566 to remote] DEBUG org.apache.http.headers  - http-outgoing-49 << content-type: application/json; charset=UTF-8
 -43391 [Forwarding findElement on session 343d0c94-0b98-4921-996e-ca445c47f566 to remote] DEBUG org.apache.http.headers  - http-outgoing-49 << connection: close
 -43391 [Forwarding findElement on session 343d0c94-0b98-4921-996e-ca445c47f566 to remote] DEBUG org.apache.http.headers  - http-outgoing-49 << content-length: 1469
 -43391 [Forwarding findElement on session 343d0c94-0b98-4921-996e-ca445c47f566 to remote] DEBUG org.apache.http.headers  - http-outgoing-49 << server: httpd.js
 -43391 [Forwarding findElement on session 343d0c94-0b98-4921-996e-ca445c47f566 to remote] DEBUG org.apache.http.headers  - http-outgoing-49 << date: Fri, 27 Jan 2017 06:44:48 GMT
 -43392 [Forwarding findElement on session 343d0c94-0b98-4921-996e-ca445c47f566 to remote] DEBUG org.apache.http.impl.conn.DefaultManagedHttpClientConnection  - http-outgoing-49: Shutdown connection
 -43392 [Forwarding findElement on session 343d0c94-0b98-4921-996e-ca445c47f566 to remote] DEBUG org.apache.http.impl.execchain.MainClientExec  - Connection discarded
 -43392 [Forwarding findElement on session 343d0c94-0b98-4921-996e-ca445c47f566 to remote] DEBUG org.apache.http.impl.conn.DefaultManagedHttpClientConnection  - http-outgoing-49: Close connection
 -43392 [Forwarding findElement on session 343d0c94-0b98-4921-996e-ca445c47f566 to remote] DEBUG org.apache.http.impl.conn.PoolingHttpClientConnectionManager  - Connection released: [id: 49][route: {}->http://127.0.0.1:7055][total kept alive: 0; route allocated: 0 of 2000; total allocated: 0 of 2000]
 -43898 [Forwarding findElement on session 343d0c94-0b98-4921-996e-ca445c47f566 to remote] DEBUG org.apache.http.client.protocol.RequestAddCookies  - CookieSpec selected: best-match
 -43898 [Forwarding findElement on session 343d0c94-0b98-4921-996e-ca445c47f566 to remote] DEBUG org.apache.http.client.protocol.RequestAuthCache  - Auth cache not set in the context
 -43898 [Forwarding findElement on session 343d0c94-0b98-4921-996e-ca445c47f566 to remote] DEBUG org.apache.http.impl.conn.PoolingHttpClientConnectionManager  - Connection request: [route: {}->http://127.0.0.1:7055][total kept alive: 0; route allocated: 0 of 2000; total allocated: 0 of 2000]
 -43898 [Forwarding findElement on session 343d0c94-0b98-4921-996e-ca445c47f566 to remote] DEBUG org.apache.http.impl.conn.PoolingHttpClientConnectionManager  - Connection leased: [id: 50][route: {}->http://127.0.0.1:7055][total kept alive: 0; route allocated: 1 of 2000; total allocated: 1 of 2000]
 -43898 [Forwarding findElement on session 343d0c94-0b98-4921-996e-ca445c47f566 to remote] DEBUG org.apache.http.impl.execchain.MainClientExec  - Opening connection {}->http://127.0.0.1:7055
 -43899 [Forwarding findElement on session 343d0c94-0b98-4921-996e-ca445c47f566 to remote] DEBUG org.apache.http.impl.conn.HttpClientConnectionOperator  - Connecting to /127.0.0.1:7055
 -43900 [Forwarding findElement on session 343d0c94-0b98-4921-996e-ca445c47f566 to remote] DEBUG org.apache.http.impl.conn.HttpClientConnectionOperator  - Connection established 127.0.0.1:57793<->127.0.0.1:7055
 -43900 [Forwarding findElement on session 343d0c94-0b98-4921-996e-ca445c47f566 to remote] DEBUG org.apache.http.impl.execchain.MainClientExec  - Executing request POST /hub/session/343d0c94-0b98-4921-996e-ca445c47f566/element HTTP/1.1
 -43900 [Forwarding findElement on session 343d0c94-0b98-4921-996e-ca445c47f566 to remote] DEBUG org.apache.http.impl.execchain.MainClientExec  - Target auth state: UNCHALLENGED
 -43900 [Forwarding findElement on session 343d0c94-0b98-4921-996e-ca445c47f566 to remote] DEBUG org.apache.http.impl.execchain.MainClientExec  - Proxy auth state: UNCHALLENGED
 -43900 [Forwarding findElement on session 343d0c94-0b98-4921-996e-ca445c47f566 to remote] DEBUG org.apache.http.headers  - http-outgoing-50 >> POST /hub/session/343d0c94-0b98-4921-996e-ca445c47f566/element HTTP/1.1
 -43900 [Forwarding findElement on session 343d0c94-0b98-4921-996e-ca445c47f566 to remote] DEBUG org.apache.http.headers  - http-outgoing-50 >> Content-Type: application/json; charset=utf-8
 -43900 [Forwarding findElement on session 343d0c94-0b98-4921-996e-ca445c47f566 to remote] DEBUG org.apache.http.headers  - http-outgoing-50 >> Content-Length: 89
 -43900 [Forwarding findElement on session 343d0c94-0b98-4921-996e-ca445c47f566 to remote] DEBUG org.apache.http.headers  - http-outgoing-50 >> Host: 127.0.0.1:7055
 -43901 [Forwarding findElement on session 343d0c94-0b98-4921-996e-ca445c47f566 to remote] DEBUG org.apache.http.headers  - http-outgoing-50 >> Connection: Keep-Alive
 -43901 [Forwarding findElement on session 343d0c94-0b98-4921-996e-ca445c47f566 to remote] DEBUG org.apache.http.headers  - http-outgoing-50 >> User-Agent: Apache-HttpClient/4.3.6 (java 1.5)
 -43901 [Forwarding findElement on session 343d0c94-0b98-4921-996e-ca445c47f566 to remote] DEBUG org.apache.http.headers  - http-outgoing-50 >> Accept-Encoding: gzip,deflate
 -43901 [Forwarding findElement on session 343d0c94-0b98-4921-996e-ca445c47f566 to remote] DEBUG org.apache.http.wire  - http-outgoing-50 >> "POST /hub/session/343d0c94-0b98-4921-996e-ca445c47f566/element HTTP/1.1[\r][\n]"
 -43901 [Forwarding findElement on session 343d0c94-0b98-4921-996e-ca445c47f566 to remote] DEBUG org.apache.http.wire  - http-outgoing-50 >> "Content-Type: application/json; charset=utf-8[\r][\n]"
 -43901 [Forwarding findElement on session 343d0c94-0b98-4921-996e-ca445c47f566 to remote] DEBUG org.apache.http.wire  - http-outgoing-50 >> "Content-Length: 89[\r][\n]"
 -43901 [Forwarding findElement on session 343d0c94-0b98-4921-996e-ca445c47f566 to remote] DEBUG org.apache.http.wire  - http-outgoing-50 >> "Host: 127.0.0.1:7055[\r][\n]"
 -43901 [Forwarding findElement on session 343d0c94-0b98-4921-996e-ca445c47f566 to remote] DEBUG org.apache.http.wire  - http-outgoing-50 >> "Connection: Keep-Alive[\r][\n]"
 -43901 [Forwarding findElement on session 343d0c94-0b98-4921-996e-ca445c47f566 to remote] DEBUG org.apache.http.wire  - http-outgoing-50 >> "User-Agent: Apache-HttpClient/4.3.6 (java 1.5)[\r][\n]"
 -43901 [Forwarding findElement on session 343d0c94-0b98-4921-996e-ca445c47f566 to remote] DEBUG org.apache.http.wire  - http-outgoing-50 >> "Accept-Encoding: gzip,deflate[\r][\n]"
 -43901 [Forwarding findElement on session 343d0c94-0b98-4921-996e-ca445c47f566 to remote] DEBUG org.apache.http.wire  - http-outgoing-50 >> "[\r][\n]"
 -43901 [Forwarding findElement on session 343d0c94-0b98-4921-996e-ca445c47f566 to remote] DEBUG org.apache.http.wire  - http-outgoing-50 >> "{"using":"css selector","value":".service-navigation__dropdown>ul>li>a>span:not(.arrow)"}"
 -43945 [Forwarding findElement on session 343d0c94-0b98-4921-996e-ca445c47f566 to remote] DEBUG org.apache.http.wire  - http-outgoing-50 << "HTTP/1.1 500 Internal Server Error[\r][\n]"
 -43945 [Forwarding findElement on session 343d0c94-0b98-4921-996e-ca445c47f566 to remote] DEBUG org.apache.http.wire  - http-outgoing-50 << "content-type: application/json; charset=UTF-8[\r][\n]"
 -43945 [Forwarding findElement on session 343d0c94-0b98-4921-996e-ca445c47f566 to remote] DEBUG org.apache.http.wire  - http-outgoing-50 << "connection: close[\r][\n]"
 -43946 [Forwarding findElement on session 343d0c94-0b98-4921-996e-ca445c47f566 to remote] DEBUG org.apache.http.wire  - http-outgoing-50 << "content-length: 1469[\r][\n]"
 -43946 [Forwarding findElement on session 343d0c94-0b98-4921-996e-ca445c47f566 to remote] DEBUG org.apache.http.wire  - http-outgoing-50 << "server: httpd.js[\r][\n]"
 -43946 [Forwarding findElement on session 343d0c94-0b98-4921-996e-ca445c47f566 to remote] DEBUG org.apache.http.wire  - http-outgoing-50 << "date: Fri, 27 Jan 2017 06:44:48 GMT[\r][\n]"
 -43946 [Forwarding findElement on session 343d0c94-0b98-4921-996e-ca445c47f566 to remote] DEBUG org.apache.http.wire  - http-outgoing-50 << "[\r][\n]"
 -43946 [Forwarding findElement on session 343d0c94-0b98-4921-996e-ca445c47f566 to remote] DEBUG org.apache.http.headers  - http-outgoing-50 << HTTP/1.1 500 Internal Server Error
 -43946 [Forwarding findElement on session 343d0c94-0b98-4921-996e-ca445c47f566 to remote] DEBUG org.apache.http.headers  - http-outgoing-50 << content-type: application/json; charset=UTF-8
 -43946 [Forwarding findElement on session 343d0c94-0b98-4921-996e-ca445c47f566 to remote] DEBUG org.apache.http.headers  - http-outgoing-50 << connection: close
 -43946 [Forwarding findElement on session 343d0c94-0b98-4921-996e-ca445c47f566 to remote] DEBUG org.apache.http.headers  - http-outgoing-50 << content-length: 1469
 -43946 [Forwarding findElement on session 343d0c94-0b98-4921-996e-ca445c47f566 to remote] DEBUG org.apache.http.headers  - http-outgoing-50 << server: httpd.js
 -43946 [Forwarding findElement on session 343d0c94-0b98-4921-996e-ca445c47f566 to remote] DEBUG org.apache.http.headers  - http-outgoing-50 << date: Fri, 27 Jan 2017 06:44:48 GMT
 -43947 [Forwarding findElement on session 343d0c94-0b98-4921-996e-ca445c47f566 to remote] DEBUG org.apache.http.wire  - http-outgoing-50 << "{"name":"findElement","sessionId":"343d0c94-0b98-4921-996e-ca445c47f566","status":7,"value":{"message":"Unable to locate element: {\"method\":\"css selector\",\"selector\":\".service-navigation__dropdown>ul>li>a>span:not(.arrow)\"}","stackTrace":[{"methodName":"FirefoxDriver.prototype.findElementInternal_","fileName":"file:///C:/Users/rao08/AppData/Local/Temp/anonymous5941514134848211728webdriver-profile/extensions/fxdriver@googlecode.com/components/driver-component.js","lineNumber":10299},{"methodName":"FirefoxDriver.prototype.findElement","fileName":"file:///C:/Users/rao08/AppData/Local/Temp/anonymous5941514134848211728webdriver-profile/extensions/fxdriver@googlecode.com/components/driver-component.js","lineNumber":10308},{"methodName":"DelayedCommand.prototype.executeInternal_/h","fileName":"file:///C:/Users/rao08/AppData/Local/Temp/anonymous5941514134848211728webdriver-profile/extensions/fxdriver@googlecode.com/components/command-processor.js","lineNumber":12282},{"methodName":"DelayedCommand.prototype.executeInternal_","fileName":"file:///C:/Users/rao08/AppData/Local/Temp/anonymous5941514134848211728webdriver-profile/extensions/fxdriver@googlecode.com/components/command-processor.js","lineNumber":12287},{"methodName":"DelayedCommand.prototype.execute/<","fileName":"file:///C:/Users/rao08/AppData/Local/Temp/anonymous5941514134848211728webdriver-profile/extensions/fxdriver@googlecode.com/components/command-processor.js","lineNumber":12229}]}}"
 -43947 [Forwarding findElement on session 343d0c94-0b98-4921-996e-ca445c47f566 to remote] DEBUG org.apache.http.impl.conn.DefaultManagedHttpClientConnection  - http-outgoing-50: Shutdown connection
 -43947 [Forwarding findElement on session 343d0c94-0b98-4921-996e-ca445c47f566 to remote] DEBUG org.apache.http.impl.execchain.MainClientExec  - Connection discarded
 -43947 [Forwarding findElement on session 343d0c94-0b98-4921-996e-ca445c47f566 to remote] DEBUG org.apache.http.impl.conn.DefaultManagedHttpClientConnection  - http-outgoing-50: Close connection
 -43947 [Forwarding findElement on session 343d0c94-0b98-4921-996e-ca445c47f566 to remote] DEBUG org.apache.http.impl.conn.PoolingHttpClientConnectionManager  - Connection released: [id: 50][route: {}->http://127.0.0.1:7055][total kept alive: 0; route allocated: 0 of 2000; total allocated: 0 of 2000]
 -44453 [Forwarding findElement on session 343d0c94-0b98-4921-996e-ca445c47f566 to remote] DEBUG org.apache.http.client.protocol.RequestAddCookies  - CookieSpec selected: best-match
 -44453 [Forwarding findElement on session 343d0c94-0b98-4921-996e-ca445c47f566 to remote] DEBUG org.apache.http.client.protocol.RequestAuthCache  - Auth cache not set in the context
 -44453 [Forwarding findElement on session 343d0c94-0b98-4921-996e-ca445c47f566 to remote] DEBUG org.apache.http.impl.conn.PoolingHttpClientConnectionManager  - Connection request: [route: {}->http://127.0.0.1:7055][total kept alive: 0; route allocated: 0 of 2000; total allocated: 0 of 2000]
 -44453 [Forwarding findElement on session 343d0c94-0b98-4921-996e-ca445c47f566 to remote] DEBUG org.apache.http.impl.conn.PoolingHttpClientConnectionManager  - Connection leased: [id: 51][route: {}->http://127.0.0.1:7055][total kept alive: 0; route allocated: 1 of 2000; total allocated: 1 of 2000]
 -44453 [Forwarding findElement on session 343d0c94-0b98-4921-996e-ca445c47f566 to remote] DEBUG org.apache.http.impl.execchain.MainClientExec  - Opening connection {}->http://127.0.0.1:7055
 -44454 [Forwarding findElement on session 343d0c94-0b98-4921-996e-ca445c47f566 to remote] DEBUG org.apache.http.impl.conn.HttpClientConnectionOperator  - Connecting to /127.0.0.1:7055
 -44455 [Forwarding findElement on session 343d0c94-0b98-4921-996e-ca445c47f566 to remote] DEBUG org.apache.http.impl.conn.HttpClientConnectionOperator  - Connection established 127.0.0.1:57799<->127.0.0.1:7055
 -44455 [Forwarding findElement on session 343d0c94-0b98-4921-996e-ca445c47f566 to remote] DEBUG org.apache.http.impl.execchain.MainClientExec  - Executing request POST /hub/session/343d0c94-0b98-4921-996e-ca445c47f566/element HTTP/1.1
 -44455 [Forwarding findElement on session 343d0c94-0b98-4921-996e-ca445c47f566 to remote] DEBUG org.apache.http.impl.execchain.MainClientExec  - Target auth state: UNCHALLENGED
 -44455 [Forwarding findElement on session 343d0c94-0b98-4921-996e-ca445c47f566 to remote] DEBUG org.apache.http.impl.execchain.MainClientExec  - Proxy auth state: UNCHALLENGED
 -44456 [Forwarding findElement on session 343d0c94-0b98-4921-996e-ca445c47f566 to remote] DEBUG org.apache.http.headers  - http-outgoing-51 >> POST /hub/session/343d0c94-0b98-4921-996e-ca445c47f566/element HTTP/1.1
 -44456 [Forwarding findElement on session 343d0c94-0b98-4921-996e-ca445c47f566 to remote] DEBUG org.apache.http.headers  - http-outgoing-51 >> Content-Type: application/json; charset=utf-8
 -44456 [Forwarding findElement on session 343d0c94-0b98-4921-996e-ca445c47f566 to remote] DEBUG org.apache.http.headers  - http-outgoing-51 >> Content-Length: 89
 -44456 [Forwarding findElement on session 343d0c94-0b98-4921-996e-ca445c47f566 to remote] DEBUG org.apache.http.headers  - http-outgoing-51 >> Host: 127.0.0.1:7055
 -44456 [Forwarding findElement on session 343d0c94-0b98-4921-996e-ca445c47f566 to remote] DEBUG org.apache.http.headers  - http-outgoing-51 >> Connection: Keep-Alive
 -44456 [Forwarding findElement on session 343d0c94-0b98-4921-996e-ca445c47f566 to remote] DEBUG org.apache.http.headers  - http-outgoing-51 >> User-Agent: Apache-HttpClient/4.3.6 (java 1.5)
 -44456 [Forwarding findElement on session 343d0c94-0b98-4921-996e-ca445c47f566 to remote] DEBUG org.apache.http.headers  - http-outgoing-51 >> Accept-Encoding: gzip,deflate
 -44456 [Forwarding findElement on session 343d0c94-0b98-4921-996e-ca445c47f566 to remote] DEBUG org.apache.http.wire  - http-outgoing-51 >> "POST /hub/session/343d0c94-0b98-4921-996e-ca445c47f566/element HTTP/1.1[\r][\n]"
 -44456 [Forwarding findElement on session 343d0c94-0b98-4921-996e-ca445c47f566 to remote] DEBUG org.apache.http.wire  - http-outgoing-51 >> "Content-Type: application/json; charset=utf-8[\r][\n]"
 -44456 [Forwarding findElement on session 343d0c94-0b98-4921-996e-ca445c47f566 to remote] DEBUG org.apache.http.wire  - http-outgoing-51 >> "Content-Length: 89[\r][\n]"
 -44456 [Forwarding findElement on session 343d0c94-0b98-4921-996e-ca445c47f566 to remote] DEBUG org.apache.http.wire  - http-outgoing-51 >> "Host: 127.0.0.1:7055[\r][\n]"
 -44456 [Forwarding findElement on session 343d0c94-0b98-4921-996e-ca445c47f566 to remote] DEBUG org.apache.http.wire  - http-outgoing-51 >> "Connection: Keep-Alive[\r][\n]"
 -44456 [Forwarding findElement on session 343d0c94-0b98-4921-996e-ca445c47f566 to remote] DEBUG org.apache.http.wire  - http-outgoing-51 >> "User-Agent: Apache-HttpClient/4.3.6 (java 1.5)[\r][\n]"
 -44457 [Forwarding findElement on session 343d0c94-0b98-4921-996e-ca445c47f566 to remote] DEBUG org.apache.http.wire  - http-outgoing-51 >> "Accept-Encoding: gzip,deflate[\r][\n]"
 -44457 [Forwarding findElement on session 343d0c94-0b98-4921-996e-ca445c47f566 to remote] DEBUG org.apache.http.wire  - http-outgoing-51 >> "[\r][\n]"
 -44457 [Forwarding findElement on session 343d0c94-0b98-4921-996e-ca445c47f566 to remote] DEBUG org.apache.http.wire  - http-outgoing-51 >> "{"using":"css selector","value":".service-navigation__dropdown>ul>li>a>span:not(.arrow)"}"
 -44501 [Forwarding findElement on session 343d0c94-0b98-4921-996e-ca445c47f566 to remote] DEBUG org.apache.http.wire  - http-outgoing-51 << "HTTP/1.1 500 Internal Server Error[\r][\n]"
 -44502 [Forwarding findElement on session 343d0c94-0b98-4921-996e-ca445c47f566 to remote] DEBUG org.apache.http.wire  - http-outgoing-51 << "content-type: application/json; charset=UTF-8[\r][\n]"
 -44502 [Forwarding findElement on session 343d0c94-0b98-4921-996e-ca445c47f566 to remote] DEBUG org.apache.http.wire  - http-outgoing-51 << "connection: close[\r][\n]"
 -44502 [Forwarding findElement on session 343d0c94-0b98-4921-996e-ca445c47f566 to remote] DEBUG org.apache.http.wire  - http-outgoing-51 << "content-length: 1469[\r][\n]"
 -44502 [Forwarding findElement on session 343d0c94-0b98-4921-996e-ca445c47f566 to remote] DEBUG org.apache.http.wire  - http-outgoing-51 << "server: httpd.js[\r][\n]"
 -44502 [Forwarding findElement on session 343d0c94-0b98-4921-996e-ca445c47f566 to remote] DEBUG org.apache.http.wire  - http-outgoing-51 << "date: Fri, 27 Jan 2017 06:44:49 GMT[\r][\n]"
 -44502 [Forwarding findElement on session 343d0c94-0b98-4921-996e-ca445c47f566 to remote] DEBUG org.apache.http.wire  - http-outgoing-51 << "[\r][\n]"
 -44502 [Forwarding findElement on session 343d0c94-0b98-4921-996e-ca445c47f566 to remote] DEBUG org.apache.http.headers  - http-outgoing-51 << HTTP/1.1 500 Internal Server Error
 -44502 [Forwarding findElement on session 343d0c94-0b98-4921-996e-ca445c47f566 to remote] DEBUG org.apache.http.headers  - http-outgoing-51 << content-type: application/json; charset=UTF-8
 -44502 [Forwarding findElement on session 343d0c94-0b98-4921-996e-ca445c47f566 to remote] DEBUG org.apache.http.headers  - http-outgoing-51 << connection: close
 -44502 [Forwarding findElement on session 343d0c94-0b98-4921-996e-ca445c47f566 to remote] DEBUG org.apache.http.headers  - http-outgoing-51 << content-length: 1469
 -44502 [Forwarding findElement on session 343d0c94-0b98-4921-996e-ca445c47f566 to remote] DEBUG org.apache.http.headers  - http-outgoing-51 << server: httpd.js
 -44502 [Forwarding findElement on session 343d0c94-0b98-4921-996e-ca445c47f566 to remote] DEBUG org.apache.http.headers  - http-outgoing-51 << date: Fri, 27 Jan 2017 06:44:49 GMT
 -44503 [Forwarding findElement on session 343d0c94-0b98-4921-996e-ca445c47f566 to remote] DEBUG org.apache.http.wire  - http-outgoing-51 << "{"name":"findElement","sessionId":"343d0c94-0b98-4921-996e-ca445c47f566","status":7,"value":{"message":"Unable to locate element: {\"method\":\"css selector\",\"selector\":\".service-navigation__dropdown>ul>li>a>span:not(.arrow)\"}","stackTrace":[{"methodName":"FirefoxDriver.prototype.findElementInternal_","fileName":"file:///C:/Users/rao08/AppData/Local/Temp/anonymous5941514134848211728webdriver-profile/extensions/fxdriver@googlecode.com/components/driver-component.js","lineNumber":10299},{"methodName":"FirefoxDriver.prototype.findElement","fileName":"file:///C:/Users/rao08/AppData/Local/Temp/anonymous5941514134848211728webdriver-profile/extensions/fxdriver@googlecode.com/components/driver-component.js","lineNumber":10308},{"methodName":"DelayedCommand.prototype.executeInternal_/h","fileName":"file:///C:/Users/rao08/AppData/Local/Temp/anonymous5941514134848211728webdriver-profile/extensions/fxdriver@googlecode.com/components/command-processor.js","lineNumber":12282},{"methodName":"DelayedCommand.prototype.executeInternal_","fileName":"file:///C:/Users/rao08/AppData/Local/Temp/anonymous5941514134848211728webdriver-profile/extensions/fxdriver@googlecode.com/components/command-processor.js","lineNumber":12287},{"methodName":"DelayedCommand.prototype.execute/<","fileName":"file:///C:/Users/rao08/AppData/Local/Temp/anonymous5941514134848211728webdriver-profile/extensions/fxdriver@googlecode.com/components/command-processor.js","lineNumber":12229}]}}"
 -44503 [Forwarding findElement on session 343d0c94-0b98-4921-996e-ca445c47f566 to remote] DEBUG org.apache.http.impl.conn.DefaultManagedHttpClientConnection  - http-outgoing-51: Shutdown connection
 -44503 [Forwarding findElement on session 343d0c94-0b98-4921-996e-ca445c47f566 to remote] DEBUG org.apache.http.impl.execchain.MainClientExec  - Connection discarded
 -44503 [Forwarding findElement on session 343d0c94-0b98-4921-996e-ca445c47f566 to remote] DEBUG org.apache.http.impl.conn.DefaultManagedHttpClientConnection  - http-outgoing-51: Close connection
 -44503 [Forwarding findElement on session 343d0c94-0b98-4921-996e-ca445c47f566 to remote] DEBUG org.apache.http.impl.conn.PoolingHttpClientConnectionManager  - Connection released: [id: 51][route: {}->http://127.0.0.1:7055][total kept alive: 0; route allocated: 0 of 2000; total allocated: 0 of 2000]
 -45009 [Forwarding findElement on session 343d0c94-0b98-4921-996e-ca445c47f566 to remote] DEBUG org.apache.http.client.protocol.RequestAddCookies  - CookieSpec selected: best-match
 -45009 [Forwarding findElement on session 343d0c94-0b98-4921-996e-ca445c47f566 to remote] DEBUG org.apache.http.client.protocol.RequestAuthCache  - Auth cache not set in the context
 -45009 [Forwarding findElement on session 343d0c94-0b98-4921-996e-ca445c47f566 to remote] DEBUG org.apache.http.impl.conn.PoolingHttpClientConnectionManager  - Connection request: [route: {}->http://127.0.0.1:7055][total kept alive: 0; route allocated: 0 of 2000; total allocated: 0 of 2000]
 -45009 [Forwarding findElement on session 343d0c94-0b98-4921-996e-ca445c47f566 to remote] DEBUG org.apache.http.impl.conn.PoolingHttpClientConnectionManager  - Connection leased: [id: 52][route: {}->http://127.0.0.1:7055][total kept alive: 0; route allocated: 1 of 2000; total allocated: 1 of 2000]
 -45009 [Forwarding findElement on session 343d0c94-0b98-4921-996e-ca445c47f566 to remote] DEBUG org.apache.http.impl.execchain.MainClientExec  - Opening connection {}->http://127.0.0.1:7055
 -45010 [Forwarding findElement on session 343d0c94-0b98-4921-996e-ca445c47f566 to remote] DEBUG org.apache.http.impl.conn.HttpClientConnectionOperator  - Connecting to /127.0.0.1:7055
 -45011 [Forwarding findElement on session 343d0c94-0b98-4921-996e-ca445c47f566 to remote] DEBUG org.apache.http.impl.conn.HttpClientConnectionOperator  - Connection established 127.0.0.1:57803<->127.0.0.1:7055
 -45011 [Forwarding findElement on session 343d0c94-0b98-4921-996e-ca445c47f566 to remote] DEBUG org.apache.http.impl.execchain.MainClientExec  - Executing request POST /hub/session/343d0c94-0b98-4921-996e-ca445c47f566/element HTTP/1.1
 -45011 [Forwarding findElement on session 343d0c94-0b98-4921-996e-ca445c47f566 to remote] DEBUG org.apache.http.impl.execchain.MainClientExec  - Target auth state: UNCHALLENGED
 -45011 [Forwarding findElement on session 343d0c94-0b98-4921-996e-ca445c47f566 to remote] DEBUG org.apache.http.impl.execchain.MainClientExec  - Proxy auth state: UNCHALLENGED
 -45011 [Forwarding findElement on session 343d0c94-0b98-4921-996e-ca445c47f566 to remote] DEBUG org.apache.http.headers  - http-outgoing-52 >> POST /hub/session/343d0c94-0b98-4921-996e-ca445c47f566/element HTTP/1.1
 -45011 [Forwarding findElement on session 343d0c94-0b98-4921-996e-ca445c47f566 to remote] DEBUG org.apache.http.headers  - http-outgoing-52 >> Content-Type: application/json; charset=utf-8
 -45012 [Forwarding findElement on session 343d0c94-0b98-4921-996e-ca445c47f566 to remote] DEBUG org.apache.http.headers  - http-outgoing-52 >> Content-Length: 89
 -45012 [Forwarding findElement on session 343d0c94-0b98-4921-996e-ca445c47f566 to remote] DEBUG org.apache.http.headers  - http-outgoing-52 >> Host: 127.0.0.1:7055
 -45012 [Forwarding findElement on session 343d0c94-0b98-4921-996e-ca445c47f566 to remote] DEBUG org.apache.http.headers  - http-outgoing-52 >> Connection: Keep-Alive
 -45012 [Forwarding findElement on session 343d0c94-0b98-4921-996e-ca445c47f566 to remote] DEBUG org.apache.http.headers  - http-outgoing-52 >> User-Agent: Apache-HttpClient/4.3.6 (java 1.5)
 -45012 [Forwarding findElement on session 343d0c94-0b98-4921-996e-ca445c47f566 to remote] DEBUG org.apache.http.headers  - http-outgoing-52 >> Accept-Encoding: gzip,deflate
 -45012 [Forwarding findElement on session 343d0c94-0b98-4921-996e-ca445c47f566 to remote] DEBUG org.apache.http.wire  - http-outgoing-52 >> "POST /hub/session/343d0c94-0b98-4921-996e-ca445c47f566/element HTTP/1.1[\r][\n]"
 -45012 [Forwarding findElement on session 343d0c94-0b98-4921-996e-ca445c47f566 to remote] DEBUG org.apache.http.wire  - http-outgoing-52 >> "Content-Type: application/json; charset=utf-8[\r][\n]"
 -45012 [Forwarding findElement on session 343d0c94-0b98-4921-996e-ca445c47f566 to remote] DEBUG org.apache.http.wire  - http-outgoing-52 >> "Content-Length: 89[\r][\n]"
 -45012 [Forwarding findElement on session 343d0c94-0b98-4921-996e-ca445c47f566 to remote] DEBUG org.apache.http.wire  - http-outgoing-52 >> "Host: 127.0.0.1:7055[\r][\n]"
 -45012 [Forwarding findElement on session 343d0c94-0b98-4921-996e-ca445c47f566 to remote] DEBUG org.apache.http.wire  - http-outgoing-52 >> "Connection: Keep-Alive[\r][\n]"
 -45012 [Forwarding findElement on session 343d0c94-0b98-4921-996e-ca445c47f566 to remote] DEBUG org.apache.http.wire  - http-outgoing-52 >> "User-Agent: Apache-HttpClient/4.3.6 (java 1.5)[\r][\n]"
 -45012 [Forwarding findElement on session 343d0c94-0b98-4921-996e-ca445c47f566 to remote] DEBUG org.apache.http.wire  - http-outgoing-52 >> "Accept-Encoding: gzip,deflate[\r][\n]"
 -45012 [Forwarding findElement on session 343d0c94-0b98-4921-996e-ca445c47f566 to remote] DEBUG org.apache.http.wire  - http-outgoing-52 >> "[\r][\n]"
 -45012 [Forwarding findElement on session 343d0c94-0b98-4921-996e-ca445c47f566 to remote] DEBUG org.apache.http.wire  - http-outgoing-52 >> "{"using":"css selector","value":".service-navigation__dropdown>ul>li>a>span:not(.arrow)"}"
 -45058 [Forwarding findElement on session 343d0c94-0b98-4921-996e-ca445c47f566 to remote] DEBUG org.apache.http.wire  - http-outgoing-52 << "HTTP/1.1 500 Internal Server Error[\r][\n]"
 -45058 [Forwarding findElement on session 343d0c94-0b98-4921-996e-ca445c47f566 to remote] DEBUG org.apache.http.wire  - http-outgoing-52 << "content-type: application/json; charset=UTF-8[\r][\n]"
 -45058 [Forwarding findElement on session 343d0c94-0b98-4921-996e-ca445c47f566 to remote] DEBUG org.apache.http.wire  - http-outgoing-52 << "connection: close[\r][\n]"
 -45058 [Forwarding findElement on session 343d0c94-0b98-4921-996e-ca445c47f566 to remote] DEBUG org.apache.http.wire  - http-outgoing-52 << "content-length: 1469[\r][\n]"
 -45058 [Forwarding findElement on session 343d0c94-0b98-4921-996e-ca445c47f566 to remote] DEBUG org.apache.http.wire  - http-outgoing-52 << "server: httpd.js[\r][\n]"
 -45058 [Forwarding findElement on session 343d0c94-0b98-4921-996e-ca445c47f566 to remote] DEBUG org.apache.http.wire  - http-outgoing-52 << "date: Fri, 27 Jan 2017 06:44:49 GMT[\r][\n]"
 -45058 [Forwarding findElement on session 343d0c94-0b98-4921-996e-ca445c47f566 to remote] DEBUG org.apache.http.wire  - http-outgoing-52 << "[\r][\n]"
 -45058 [Forwarding findElement on session 343d0c94-0b98-4921-996e-ca445c47f566 to remote] DEBUG org.apache.http.headers  - http-outgoing-52 << HTTP/1.1 500 Internal Server Error
 -45058 [Forwarding findElement on session 343d0c94-0b98-4921-996e-ca445c47f566 to remote] DEBUG org.apache.http.headers  - http-outgoing-52 << content-type: application/json; charset=UTF-8
 -45058 [Forwarding findElement on session 343d0c94-0b98-4921-996e-ca445c47f566 to remote] DEBUG org.apache.http.headers  - http-outgoing-52 << connection: close
 -45058 [Forwarding findElement on session 343d0c94-0b98-4921-996e-ca445c47f566 to remote] DEBUG org.apache.http.headers  - http-outgoing-52 << content-length: 1469
 -45058 [Forwarding findElement on session 343d0c94-0b98-4921-996e-ca445c47f566 to remote] DEBUG org.apache.http.headers  - http-outgoing-52 << server: httpd.js
 -45058 [Forwarding findElement on session 343d0c94-0b98-4921-996e-ca445c47f566 to remote] DEBUG org.apache.http.headers  - http-outgoing-52 << date: Fri, 27 Jan 2017 06:44:49 GMT
 -45059 [Forwarding findElement on session 343d0c94-0b98-4921-996e-ca445c47f566 to remote] DEBUG org.apache.http.wire  - http-outgoing-52 << "{"name":"findElement","sessionId":"343d0c94-0b98-4921-996e-ca445c47f566","status":7,"value":{"message":"Unable to locate element: {\"method\":\"css selector\",\"selector\":\".service-navigation__dropdown>ul>li>a>span:not(.arrow)\"}","stackTrace":[{"methodName":"FirefoxDriver.prototype.findElementInternal_","fileName":"file:///C:/Users/rao08/AppData/Local/Temp/anonymous5941514134848211728webdriver-profile/extensions/fxdriver@googlecode.com/components/driver-component.js","lineNumber":10299},{"methodName":"FirefoxDriver.prototype.findElement","fileName":"file:///C:/Users/rao08/AppData/Local/Temp/anonymous5941514134848211728webdriver-profile/extensions/fxdriver@googlecode.com/components/driver-component.js","lineNumber":10308},{"methodName":"DelayedCommand.prototype.executeInternal_/h","fileName":"file:///C:/Users/rao08/AppData/Local/Temp/anonymous5941514134848211728webdriver-profile/extensions/fxdriver@googlecode.com/components/command-processor.js","lineNumber":12282},{"methodName":"DelayedCommand.prototype.executeInternal_","fileName":"file:///C:/Users/rao08/AppData/Local/Temp/anonymous5941514134848211728webdriver-profile/extensions/fxdriver@googlecode.com/components/command-processor.js","lineNumber":12287},{"methodName":"DelayedCommand.prototype.execute/<","fileName":"file:///C:/Users/rao08/AppData/Local/Temp/anonymous5941514134848211728webdriver-profile/extensions/fxdriver@googlecode.com/components/command-processor.js","lineNumber":12229}]}}"
 -45059 [Forwarding findElement on session 343d0c94-0b98-4921-996e-ca445c47f566 to remote] DEBUG org.apache.http.impl.conn.DefaultManagedHttpClientConnection  - http-outgoing-52: Shutdown connection
 -45059 [Forwarding findElement on session 343d0c94-0b98-4921-996e-ca445c47f566 to remote] DEBUG org.apache.http.impl.execchain.MainClientExec  - Connection discarded
 -45059 [Forwarding findElement on session 343d0c94-0b98-4921-996e-ca445c47f566 to remote] DEBUG org.apache.http.impl.conn.DefaultManagedHttpClientConnection  - http-outgoing-52: Close connection
 -45060 [Forwarding findElement on session 343d0c94-0b98-4921-996e-ca445c47f566 to remote] DEBUG org.apache.http.impl.conn.PoolingHttpClientConnectionManager  - Connection released: [id: 52][route: {}->http://127.0.0.1:7055][total kept alive: 0; route allocated: 0 of 2000; total allocated: 0 of 2000]
 -45565 [Forwarding findElement on session 343d0c94-0b98-4921-996e-ca445c47f566 to remote] DEBUG org.apache.http.client.protocol.RequestAddCookies  - CookieSpec selected: best-match
 -45565 [Forwarding findElement on session 343d0c94-0b98-4921-996e-ca445c47f566 to remote] DEBUG org.apache.http.client.protocol.RequestAuthCache  - Auth cache not set in the context
 -45565 [Forwarding findElement on session 343d0c94-0b98-4921-996e-ca445c47f566 to remote] DEBUG org.apache.http.impl.conn.PoolingHttpClientConnectionManager  - Connection request: [route: {}->http://127.0.0.1:7055][total kept alive: 0; route allocated: 0 of 2000; total allocated: 0 of 2000]
 -45565 [Forwarding findElement on session 343d0c94-0b98-4921-996e-ca445c47f566 to remote] DEBUG org.apache.http.impl.conn.PoolingHttpClientConnectionManager  - Connection leased: [id: 53][route: {}->http://127.0.0.1:7055][total kept alive: 0; route allocated: 1 of 2000; total allocated: 1 of 2000]
 -45565 [Forwarding findElement on session 343d0c94-0b98-4921-996e-ca445c47f566 to remote] DEBUG org.apache.http.impl.execchain.MainClientExec  - Opening connection {}->http://127.0.0.1:7055
 -45566 [Forwarding findElement on session 343d0c94-0b98-4921-996e-ca445c47f566 to remote] DEBUG org.apache.http.impl.conn.HttpClientConnectionOperator  - Connecting to /127.0.0.1:7055
 -45567 [Forwarding findElement on session 343d0c94-0b98-4921-996e-ca445c47f566 to remote] DEBUG org.apache.http.impl.conn.HttpClientConnectionOperator  - Connection established 127.0.0.1:57808<->127.0.0.1:7055
 -45567 [Forwarding findElement on session 343d0c94-0b98-4921-996e-ca445c47f566 to remote] DEBUG org.apache.http.impl.execchain.MainClientExec  - Executing request POST /hub/session/343d0c94-0b98-4921-996e-ca445c47f566/element HTTP/1.1
 -45567 [Forwarding findElement on session 343d0c94-0b98-4921-996e-ca445c47f566 to remote] DEBUG org.apache.http.impl.execchain.MainClientExec  - Target auth state: UNCHALLENGED
 -45567 [Forwarding findElement on session 343d0c94-0b98-4921-996e-ca445c47f566 to remote] DEBUG org.apache.http.impl.execchain.MainClientExec  - Proxy auth state: UNCHALLENGED
 -45567 [Forwarding findElement on session 343d0c94-0b98-4921-996e-ca445c47f566 to remote] DEBUG org.apache.http.headers  - http-outgoing-53 >> POST /hub/session/343d0c94-0b98-4921-996e-ca445c47f566/element HTTP/1.1
 -45567 [Forwarding findElement on session 343d0c94-0b98-4921-996e-ca445c47f566 to remote] DEBUG org.apache.http.headers  - http-outgoing-53 >> Content-Type: application/json; charset=utf-8
 -45567 [Forwarding findElement on session 343d0c94-0b98-4921-996e-ca445c47f566 to remote] DEBUG org.apache.http.headers  - http-outgoing-53 >> Content-Length: 89
 -45567 [Forwarding findElement on session 343d0c94-0b98-4921-996e-ca445c47f566 to remote] DEBUG org.apache.http.headers  - http-outgoing-53 >> Host: 127.0.0.1:7055
 -45567 [Forwarding findElement on session 343d0c94-0b98-4921-996e-ca445c47f566 to remote] DEBUG org.apache.http.headers  - http-outgoing-53 >> Connection: Keep-Alive
 -45567 [Forwarding findElement on session 343d0c94-0b98-4921-996e-ca445c47f566 to remote] DEBUG org.apache.http.headers  - http-outgoing-53 >> User-Agent: Apache-HttpClient/4.3.6 (java 1.5)
 -45567 [Forwarding findElement on session 343d0c94-0b98-4921-996e-ca445c47f566 to remote] DEBUG org.apache.http.headers  - http-outgoing-53 >> Accept-Encoding: gzip,deflate
 -45568 [Forwarding findElement on session 343d0c94-0b98-4921-996e-ca445c47f566 to remote] DEBUG org.apache.http.wire  - http-outgoing-53 >> "POST /hub/session/343d0c94-0b98-4921-996e-ca445c47f566/element HTTP/1.1[\r][\n]"
 -45568 [Forwarding findElement on session 343d0c94-0b98-4921-996e-ca445c47f566 to remote] DEBUG org.apache.http.wire  - http-outgoing-53 >> "Content-Type: application/json; charset=utf-8[\r][\n]"
 -45568 [Forwarding findElement on session 343d0c94-0b98-4921-996e-ca445c47f566 to remote] DEBUG org.apache.http.wire  - http-outgoing-53 >> "Content-Length: 89[\r][\n]"
 -45568 [Forwarding findElement on session 343d0c94-0b98-4921-996e-ca445c47f566 to remote] DEBUG org.apache.http.wire  - http-outgoing-53 >> "Host: 127.0.0.1:7055[\r][\n]"
 -45568 [Forwarding findElement on session 343d0c94-0b98-4921-996e-ca445c47f566 to remote] DEBUG org.apache.http.wire  - http-outgoing-53 >> "Connection: Keep-Alive[\r][\n]"
 -45568 [Forwarding findElement on session 343d0c94-0b98-4921-996e-ca445c47f566 to remote] DEBUG org.apache.http.wire  - http-outgoing-53 >> "User-Agent: Apache-HttpClient/4.3.6 (java 1.5)[\r][\n]"
 -45568 [Forwarding findElement on session 343d0c94-0b98-4921-996e-ca445c47f566 to remote] DEBUG org.apache.http.wire  - http-outgoing-53 >> "Accept-Encoding: gzip,deflate[\r][\n]"
 -45568 [Forwarding findElement on session 343d0c94-0b98-4921-996e-ca445c47f566 to remote] DEBUG org.apache.http.wire  - http-outgoing-53 >> "[\r][\n]"
 -45568 [Forwarding findElement on session 343d0c94-0b98-4921-996e-ca445c47f566 to remote] DEBUG org.apache.http.wire  - http-outgoing-53 >> "{"using":"css selector","value":".service-navigation__dropdown>ul>li>a>span:not(.arrow)"}"
 -45612 [Forwarding findElement on session 343d0c94-0b98-4921-996e-ca445c47f566 to remote] DEBUG org.apache.http.wire  - http-outgoing-53 << "HTTP/1.1 500 Internal Server Error[\r][\n]"
 -45613 [Forwarding findElement on session 343d0c94-0b98-4921-996e-ca445c47f566 to remote] DEBUG org.apache.http.wire  - http-outgoing-53 << "content-type: application/json; charset=UTF-8[\r][\n]"
 -45613 [Forwarding findElement on session 343d0c94-0b98-4921-996e-ca445c47f566 to remote] DEBUG org.apache.http.wire  - http-outgoing-53 << "connection: close[\r][\n]"
 -45613 [Forwarding findElement on session 343d0c94-0b98-4921-996e-ca445c47f566 to remote] DEBUG org.apache.http.wire  - http-outgoing-53 << "content-length: 1469[\r][\n]"
 -45613 [Forwarding findElement on session 343d0c94-0b98-4921-996e-ca445c47f566 to remote] DEBUG org.apache.http.wire  - http-outgoing-53 << "server: httpd.js[\r][\n]"
 -45613 [Forwarding findElement on session 343d0c94-0b98-4921-996e-ca445c47f566 to remote] DEBUG org.apache.http.wire  - http-outgoing-53 << "date: Fri, 27 Jan 2017 06:44:50 GMT[\r][\n]"
 -45613 [Forwarding findElement on session 343d0c94-0b98-4921-996e-ca445c47f566 to remote] DEBUG org.apache.http.wire  - http-outgoing-53 << "[\r][\n]"
 -45613 [Forwarding findElement on session 343d0c94-0b98-4921-996e-ca445c47f566 to remote] DEBUG org.apache.http.headers  - http-outgoing-53 << HTTP/1.1 500 Internal Server Error
 -45613 [Forwarding findElement on session 343d0c94-0b98-4921-996e-ca445c47f566 to remote] DEBUG org.apache.http.headers  - http-outgoing-53 << content-type: application/json; charset=UTF-8
 -45613 [Forwarding findElement on session 343d0c94-0b98-4921-996e-ca445c47f566 to remote] DEBUG org.apache.http.headers  - http-outgoing-53 << connection: close
 -45613 [Forwarding findElement on session 343d0c94-0b98-4921-996e-ca445c47f566 to remote] DEBUG org.apache.http.headers  - http-outgoing-53 << content-length: 1469
 -45613 [Forwarding findElement on session 343d0c94-0b98-4921-996e-ca445c47f566 to remote] DEBUG org.apache.http.headers  - http-outgoing-53 << server: httpd.js
 -45613 [Forwarding findElement on session 343d0c94-0b98-4921-996e-ca445c47f566 to remote] DEBUG org.apache.http.headers  - http-outgoing-53 << date: Fri, 27 Jan 2017 06:44:50 GMT
 -45614 [Forwarding findElement on session 343d0c94-0b98-4921-996e-ca445c47f566 to remote] DEBUG org.apache.http.wire  - http-outgoing-53 << "{"name":"findElement","sessionId":"343d0c94-0b98-4921-996e-ca445c47f566","status":7,"value":{"message":"Unable to locate element: {\"method\":\"css selector\",\"selector\":\".service-navigation__dropdown>ul>li>a>span:not(.arrow)\"}","stackTrace":[{"methodName":"FirefoxDriver.prototype.findElementInternal_","fileName":"file:///C:/Users/rao08/AppData/Local/Temp/anonymous5941514134848211728webdriver-profile/extensions/fxdriver@googlecode.com/components/driver-component.js","lineNumber":10299},{"methodName":"FirefoxDriver.prototype.findElement","fileName":"file:///C:/Users/rao08/AppData/Local/Temp/anonymous5941514134848211728webdriver-profile/extensions/fxdriver@googlecode.com/components/driver-component.js","lineNumber":10308},{"methodName":"DelayedCommand.prototype.executeInternal_/h","fileName":"file:///C:/Users/rao08/AppData/Local/Temp/anonymous5941514134848211728webdriver-profile/extensions/fxdriver@googlecode.com/components/command-processor.js","lineNumber":12282},{"methodName":"DelayedCommand.prototype.executeInternal_","fileName":"file:///C:/Users/rao08/AppData/Local/Temp/anonymous5941514134848211728webdriver-profile/extensions/fxdriver@googlecode.com/components/command-processor.js","lineNumber":12287},{"methodName":"DelayedCommand.prototype.execute/<","fileName":"file:///C:/Users/rao08/AppData/Local/Temp/anonymous5941514134848211728webdriver-profile/extensions/fxdriver@googlecode.com/components/command-processor.js","lineNumber":12229}]}}"
 -45614 [Forwarding findElement on session 343d0c94-0b98-4921-996e-ca445c47f566 to remote] DEBUG org.apache.http.impl.conn.DefaultManagedHttpClientConnection  - http-outgoing-53: Shutdown connection
 -45614 [Forwarding findElement on session 343d0c94-0b98-4921-996e-ca445c47f566 to remote] DEBUG org.apache.http.impl.execchain.MainClientExec  - Connection discarded
 -45615 [Forwarding findElement on session 343d0c94-0b98-4921-996e-ca445c47f566 to remote] DEBUG org.apache.http.impl.conn.DefaultManagedHttpClientConnection  - http-outgoing-53: Close connection
 -45615 [Forwarding findElement on session 343d0c94-0b98-4921-996e-ca445c47f566 to remote] DEBUG org.apache.http.impl.conn.PoolingHttpClientConnectionManager  - Connection released: [id: 53][route: {}->http://127.0.0.1:7055][total kept alive: 0; route allocated: 0 of 2000; total allocated: 0 of 2000]
 -46120 [Forwarding findElement on session 343d0c94-0b98-4921-996e-ca445c47f566 to remote] DEBUG org.apache.http.client.protocol.RequestAddCookies  - CookieSpec selected: best-match
 -46120 [Forwarding findElement on session 343d0c94-0b98-4921-996e-ca445c47f566 to remote] DEBUG org.apache.http.client.protocol.RequestAuthCache  - Auth cache not set in the context
 -46120 [Forwarding findElement on session 343d0c94-0b98-4921-996e-ca445c47f566 to remote] DEBUG org.apache.http.impl.conn.PoolingHttpClientConnectionManager  - Connection request: [route: {}->http://127.0.0.1:7055][total kept alive: 0; route allocated: 0 of 2000; total allocated: 0 of 2000]
 -46120 [Forwarding findElement on session 343d0c94-0b98-4921-996e-ca445c47f566 to remote] DEBUG org.apache.http.impl.conn.PoolingHttpClientConnectionManager  - Connection leased: [id: 54][route: {}->http://127.0.0.1:7055][total kept alive: 0; route allocated: 1 of 2000; total allocated: 1 of 2000]
 -46120 [Forwarding findElement on session 343d0c94-0b98-4921-996e-ca445c47f566 to remote] DEBUG org.apache.http.impl.execchain.MainClientExec  - Opening connection {}->http://127.0.0.1:7055
 -46121 [Forwarding findElement on session 343d0c94-0b98-4921-996e-ca445c47f566 to remote] DEBUG org.apache.http.impl.conn.HttpClientConnectionOperator  - Connecting to /127.0.0.1:7055
 -46122 [Forwarding findElement on session 343d0c94-0b98-4921-996e-ca445c47f566 to remote] DEBUG org.apache.http.impl.conn.HttpClientConnectionOperator  - Connection established 127.0.0.1:57812<->127.0.0.1:7055
 -46122 [Forwarding findElement on session 343d0c94-0b98-4921-996e-ca445c47f566 to remote] DEBUG org.apache.http.impl.execchain.MainClientExec  - Executing request POST /hub/session/343d0c94-0b98-4921-996e-ca445c47f566/element HTTP/1.1
 -46122 [Forwarding findElement on session 343d0c94-0b98-4921-996e-ca445c47f566 to remote] DEBUG org.apache.http.impl.execchain.MainClientExec  - Target auth state: UNCHALLENGED
 -46122 [Forwarding findElement on session 343d0c94-0b98-4921-996e-ca445c47f566 to remote] DEBUG org.apache.http.impl.execchain.MainClientExec  - Proxy auth state: UNCHALLENGED
 -46122 [Forwarding findElement on session 343d0c94-0b98-4921-996e-ca445c47f566 to remote] DEBUG org.apache.http.headers  - http-outgoing-54 >> POST /hub/session/343d0c94-0b98-4921-996e-ca445c47f566/element HTTP/1.1
 -46122 [Forwarding findElement on session 343d0c94-0b98-4921-996e-ca445c47f566 to remote] DEBUG org.apache.http.headers  - http-outgoing-54 >> Content-Type: application/json; charset=utf-8
 -46123 [Forwarding findElement on session 343d0c94-0b98-4921-996e-ca445c47f566 to remote] DEBUG org.apache.http.headers  - http-outgoing-54 >> Content-Length: 89
 -46123 [Forwarding findElement on session 343d0c94-0b98-4921-996e-ca445c47f566 to remote] DEBUG org.apache.http.headers  - http-outgoing-54 >> Host: 127.0.0.1:7055
 -46123 [Forwarding findElement on session 343d0c94-0b98-4921-996e-ca445c47f566 to remote] DEBUG org.apache.http.headers  - http-outgoing-54 >> Connection: Keep-Alive
 -46123 [Forwarding findElement on session 343d0c94-0b98-4921-996e-ca445c47f566 to remote] DEBUG org.apache.http.headers  - http-outgoing-54 >> User-Agent: Apache-HttpClient/4.3.6 (java 1.5)
 -46123 [Forwarding findElement on session 343d0c94-0b98-4921-996e-ca445c47f566 to remote] DEBUG org.apache.http.headers  - http-outgoing-54 >> Accept-Encoding: gzip,deflate
 -46123 [Forwarding findElement on session 343d0c94-0b98-4921-996e-ca445c47f566 to remote] DEBUG org.apache.http.wire  - http-outgoing-54 >> "POST /hub/session/343d0c94-0b98-4921-996e-ca445c47f566/element HTTP/1.1[\r][\n]"
 -46123 [Forwarding findElement on session 343d0c94-0b98-4921-996e-ca445c47f566 to remote] DEBUG org.apache.http.wire  - http-outgoing-54 >> "Content-Type: application/json; charset=utf-8[\r][\n]"
 -46124 [Forwarding findElement on session 343d0c94-0b98-4921-996e-ca445c47f566 to remote] DEBUG org.apache.http.wire  - http-outgoing-54 >> "Content-Length: 89[\r][\n]"
 -46124 [Forwarding findElement on session 343d0c94-0b98-4921-996e-ca445c47f566 to remote] DEBUG org.apache.http.wire  - http-outgoing-54 >> "Host: 127.0.0.1:7055[\r][\n]"
 -46124 [Forwarding findElement on session 343d0c94-0b98-4921-996e-ca445c47f566 to remote] DEBUG org.apache.http.wire  - http-outgoing-54 >> "Connection: Keep-Alive[\r][\n]"
 -46124 [Forwarding findElement on session 343d0c94-0b98-4921-996e-ca445c47f566 to remote] DEBUG org.apache.http.wire  - http-outgoing-54 >> "User-Agent: Apache-HttpClient/4.3.6 (java 1.5)[\r][\n]"
 -46124 [Forwarding findElement on session 343d0c94-0b98-4921-996e-ca445c47f566 to remote] DEBUG org.apache.http.wire  - http-outgoing-54 >> "Accept-Encoding: gzip,deflate[\r][\n]"
 -46124 [Forwarding findElement on session 343d0c94-0b98-4921-996e-ca445c47f566 to remote] DEBUG org.apache.http.wire  - http-outgoing-54 >> "[\r][\n]"
 -46124 [Forwarding findElement on session 343d0c94-0b98-4921-996e-ca445c47f566 to remote] DEBUG org.apache.http.wire  - http-outgoing-54 >> "{"using":"css selector","value":".service-navigation__dropdown>ul>li>a>span:not(.arrow)"}"
 -46204 [Forwarding findElement on session 343d0c94-0b98-4921-996e-ca445c47f566 to remote] DEBUG org.apache.http.wire  - http-outgoing-54 << "HTTP/1.1 500 Internal Server Error[\r][\n]"
 -46204 [Forwarding findElement on session 343d0c94-0b98-4921-996e-ca445c47f566 to remote] DEBUG org.apache.http.wire  - http-outgoing-54 << "content-type: application/json; charset=UTF-8[\r][\n]"
 -46204 [Forwarding findElement on session 343d0c94-0b98-4921-996e-ca445c47f566 to remote] DEBUG org.apache.http.wire  - http-outgoing-54 << "connection: close[\r][\n]"
 -46204 [Forwarding findElement on session 343d0c94-0b98-4921-996e-ca445c47f566 to remote] DEBUG org.apache.http.wire  - http-outgoing-54 << "content-length: 1469[\r][\n]"
 -46204 [Forwarding findElement on session 343d0c94-0b98-4921-996e-ca445c47f566 to remote] DEBUG org.apache.http.wire  - http-outgoing-54 << "server: httpd.js[\r][\n]"
 -46204 [Forwarding findElement on session 343d0c94-0b98-4921-996e-ca445c47f566 to remote] DEBUG org.apache.http.wire  - http-outgoing-54 << "date: Fri, 27 Jan 2017 06:44:50 GMT[\r][\n]"
 -46204 [Forwarding findElement on session 343d0c94-0b98-4921-996e-ca445c47f566 to remote] DEBUG org.apache.http.wire  - http-outgoing-54 << "[\r][\n]"
 -46204 [Forwarding findElement on session 343d0c94-0b98-4921-996e-ca445c47f566 to remote] DEBUG org.apache.http.headers  - http-outgoing-54 << HTTP/1.1 500 Internal Server Error
 -46204 [Forwarding findElement on session 343d0c94-0b98-4921-996e-ca445c47f566 to remote] DEBUG org.apache.http.headers  - http-outgoing-54 << content-type: application/json; charset=UTF-8
 -46204 [Forwarding findElement on session 343d0c94-0b98-4921-996e-ca445c47f566 to remote] DEBUG org.apache.http.headers  - http-outgoing-54 << connection: close
 -46204 [Forwarding findElement on session 343d0c94-0b98-4921-996e-ca445c47f566 to remote] DEBUG org.apache.http.headers  - http-outgoing-54 << content-length: 1469
 -46205 [Forwarding findElement on session 343d0c94-0b98-4921-996e-ca445c47f566 to remote] DEBUG org.apache.http.headers  - http-outgoing-54 << server: httpd.js
 -46205 [Forwarding findElement on session 343d0c94-0b98-4921-996e-ca445c47f566 to remote] DEBUG org.apache.http.headers  - http-outgoing-54 << date: Fri, 27 Jan 2017 06:44:50 GMT
 -46205 [Forwarding findElement on session 343d0c94-0b98-4921-996e-ca445c47f566 to remote] DEBUG org.apache.http.wire  - http-outgoing-54 << "{"name":"findElement","sessionId":"343d0c94-0b98-4921-996e-ca445c47f566","status":7,"value":{"message":"Unable to locate element: {\"method\":\"css selector\",\"selector\":\".service-navigation__dropdown>ul>li>a>span:not(.arrow)\"}","stackTrace":[{"methodName":"FirefoxDriver.prototype.findElementInternal_","fileName":"file:///C:/Users/rao08/AppData/Local/Temp/anonymous5941514134848211728webdriver-profile/extensions/fxdriver@googlecode.com/components/driver-component.js","lineNumber":10299},{"methodName":"FirefoxDriver.prototype.findElement","fileName":"file:///C:/Users/rao08/AppData/Local/Temp/anonymous5941514134848211728webdriver-profile/extensions/fxdriver@googlecode.com/components/driver-component.js","lineNumber":10308},{"methodName":"DelayedCommand.prototype.executeInternal_/h","fileName":"file:///C:/Users/rao08/AppData/Local/Temp/anonymous5941514134848211728webdriver-profile/extensions/fxdriver@googlecode.com/components/command-processor.js","lineNumber":12282},{"methodName":"DelayedCommand.prototype.executeInternal_","fileName":"file:///C:/Users/rao08/AppData/Local/Temp/anonymous5941514134848211728webdriver-profile/extensions/fxdriver@googlecode.com/components/command-processor.js","lineNumber":12287},{"methodName":"DelayedCommand.prototype.execute/<","fileName":"file:///C:/Users/rao08/AppData/Local/Temp/anonymous5941514134848211728webdriver-profile/extensions/fxdriver@googlecode.com/components/command-processor.js","lineNumber":12229}]}}"
 -46205 [Forwarding findElement on session 343d0c94-0b98-4921-996e-ca445c47f566 to remote] DEBUG org.apache.http.impl.conn.DefaultManagedHttpClientConnection  - http-outgoing-54: Shutdown connection
 -46205 [Forwarding findElement on session 343d0c94-0b98-4921-996e-ca445c47f566 to remote] DEBUG org.apache.http.impl.execchain.MainClientExec  - Connection discarded
 -46206 [Forwarding findElement on session 343d0c94-0b98-4921-996e-ca445c47f566 to remote] DEBUG org.apache.http.impl.conn.DefaultManagedHttpClientConnection  - http-outgoing-54: Close connection
 -46206 [Forwarding findElement on session 343d0c94-0b98-4921-996e-ca445c47f566 to remote] DEBUG org.apache.http.impl.conn.PoolingHttpClientConnectionManager  - Connection released: [id: 54][route: {}->http://127.0.0.1:7055][total kept alive: 0; route allocated: 0 of 2000; total allocated: 0 of 2000]
 -46711 [Forwarding findElement on session 343d0c94-0b98-4921-996e-ca445c47f566 to remote] DEBUG org.apache.http.client.protocol.RequestAddCookies  - CookieSpec selected: best-match
 -46711 [Forwarding findElement on session 343d0c94-0b98-4921-996e-ca445c47f566 to remote] DEBUG org.apache.http.client.protocol.RequestAuthCache  - Auth cache not set in the context
 -46711 [Forwarding findElement on session 343d0c94-0b98-4921-996e-ca445c47f566 to remote] DEBUG org.apache.http.impl.conn.PoolingHttpClientConnectionManager  - Connection request: [route: {}->http://127.0.0.1:7055][total kept alive: 0; route allocated: 0 of 2000; total allocated: 0 of 2000]
 -46711 [Forwarding findElement on session 343d0c94-0b98-4921-996e-ca445c47f566 to remote] DEBUG org.apache.http.impl.conn.PoolingHttpClientConnectionManager  - Connection leased: [id: 55][route: {}->http://127.0.0.1:7055][total kept alive: 0; route allocated: 1 of 2000; total allocated: 1 of 2000]
 -46712 [Forwarding findElement on session 343d0c94-0b98-4921-996e-ca445c47f566 to remote] DEBUG org.apache.http.impl.execchain.MainClientExec  - Opening connection {}->http://127.0.0.1:7055
 -46712 [Forwarding findElement on session 343d0c94-0b98-4921-996e-ca445c47f566 to remote] DEBUG org.apache.http.impl.conn.HttpClientConnectionOperator  - Connecting to /127.0.0.1:7055
 -46713 [Forwarding findElement on session 343d0c94-0b98-4921-996e-ca445c47f566 to remote] DEBUG org.apache.http.impl.conn.HttpClientConnectionOperator  - Connection established 127.0.0.1:57816<->127.0.0.1:7055
 -46713 [Forwarding findElement on session 343d0c94-0b98-4921-996e-ca445c47f566 to remote] DEBUG org.apache.http.impl.execchain.MainClientExec  - Executing request POST /hub/session/343d0c94-0b98-4921-996e-ca445c47f566/element HTTP/1.1
 -46713 [Forwarding findElement on session 343d0c94-0b98-4921-996e-ca445c47f566 to remote] DEBUG org.apache.http.impl.execchain.MainClientExec  - Target auth state: UNCHALLENGED
 -46713 [Forwarding findElement on session 343d0c94-0b98-4921-996e-ca445c47f566 to remote] DEBUG org.apache.http.impl.execchain.MainClientExec  - Proxy auth state: UNCHALLENGED
 -46714 [Forwarding findElement on session 343d0c94-0b98-4921-996e-ca445c47f566 to remote] DEBUG org.apache.http.headers  - http-outgoing-55 >> POST /hub/session/343d0c94-0b98-4921-996e-ca445c47f566/element HTTP/1.1
 -46714 [Forwarding findElement on session 343d0c94-0b98-4921-996e-ca445c47f566 to remote] DEBUG org.apache.http.headers  - http-outgoing-55 >> Content-Type: application/json; charset=utf-8
 -46714 [Forwarding findElement on session 343d0c94-0b98-4921-996e-ca445c47f566 to remote] DEBUG org.apache.http.headers  - http-outgoing-55 >> Content-Length: 89
 -46714 [Forwarding findElement on session 343d0c94-0b98-4921-996e-ca445c47f566 to remote] DEBUG org.apache.http.headers  - http-outgoing-55 >> Host: 127.0.0.1:7055
 -46714 [Forwarding findElement on session 343d0c94-0b98-4921-996e-ca445c47f566 to remote] DEBUG org.apache.http.headers  - http-outgoing-55 >> Connection: Keep-Alive
 -46714 [Forwarding findElement on session 343d0c94-0b98-4921-996e-ca445c47f566 to remote] DEBUG org.apache.http.headers  - http-outgoing-55 >> User-Agent: Apache-HttpClient/4.3.6 (java 1.5)
 -46714 [Forwarding findElement on session 343d0c94-0b98-4921-996e-ca445c47f566 to remote] DEBUG org.apache.http.headers  - http-outgoing-55 >> Accept-Encoding: gzip,deflate
 -46714 [Forwarding findElement on session 343d0c94-0b98-4921-996e-ca445c47f566 to remote] DEBUG org.apache.http.wire  - http-outgoing-55 >> "POST /hub/session/343d0c94-0b98-4921-996e-ca445c47f566/element HTTP/1.1[\r][\n]"
 -46714 [Forwarding findElement on session 343d0c94-0b98-4921-996e-ca445c47f566 to remote] DEBUG org.apache.http.wire  - http-outgoing-55 >> "Content-Type: application/json; charset=utf-8[\r][\n]"
 -46714 [Forwarding findElement on session 343d0c94-0b98-4921-996e-ca445c47f566 to remote] DEBUG org.apache.http.wire  - http-outgoing-55 >> "Content-Length: 89[\r][\n]"
 -46714 [Forwarding findElement on session 343d0c94-0b98-4921-996e-ca445c47f566 to remote] DEBUG org.apache.http.wire  - http-outgoing-55 >> "Host: 127.0.0.1:7055[\r][\n]"
 -46715 [Forwarding findElement on session 343d0c94-0b98-4921-996e-ca445c47f566 to remote] DEBUG org.apache.http.wire  - http-outgoing-55 >> "Connection: Keep-Alive[\r][\n]"
 -46715 [Forwarding findElement on session 343d0c94-0b98-4921-996e-ca445c47f566 to remote] DEBUG org.apache.http.wire  - http-outgoing-55 >> "User-Agent: Apache-HttpClient/4.3.6 (java 1.5)[\r][\n]"
 -46715 [Forwarding findElement on session 343d0c94-0b98-4921-996e-ca445c47f566 to remote] DEBUG org.apache.http.wire  - http-outgoing-55 >> "Accept-Encoding: gzip,deflate[\r][\n]"
 -46715 [Forwarding findElement on session 343d0c94-0b98-4921-996e-ca445c47f566 to remote] DEBUG org.apache.http.wire  - http-outgoing-55 >> "[\r][\n]"
 -46715 [Forwarding findElement on session 343d0c94-0b98-4921-996e-ca445c47f566 to remote] DEBUG org.apache.http.wire  - http-outgoing-55 >> "{"using":"css selector","value":".service-navigation__dropdown>ul>li>a>span:not(.arrow)"}"
 -46760 [Forwarding findElement on session 343d0c94-0b98-4921-996e-ca445c47f566 to remote] DEBUG org.apache.http.wire  - http-outgoing-55 << "HTTP/1.1 500 Internal Server Error[\r][\n]"
 -46760 [Forwarding findElement on session 343d0c94-0b98-4921-996e-ca445c47f566 to remote] DEBUG org.apache.http.wire  - http-outgoing-55 << "content-type: application/json; charset=UTF-8[\r][\n]"
 -46761 [Forwarding findElement on session 343d0c94-0b98-4921-996e-ca445c47f566 to remote] DEBUG org.apache.http.wire  - http-outgoing-55 << "connection: close[\r][\n]"
 -46761 [Forwarding findElement on session 343d0c94-0b98-4921-996e-ca445c47f566 to remote] DEBUG org.apache.http.wire  - http-outgoing-55 << "content-length: 1469[\r][\n]"
 -46761 [Forwarding findElement on session 343d0c94-0b98-4921-996e-ca445c47f566 to remote] DEBUG org.apache.http.wire  - http-outgoing-55 << "server: httpd.js[\r][\n]"
 -46761 [Forwarding findElement on session 343d0c94-0b98-4921-996e-ca445c47f566 to remote] DEBUG org.apache.http.wire  - http-outgoing-55 << "date: Fri, 27 Jan 2017 06:44:51 GMT[\r][\n]"
 -46761 [Forwarding findElement on session 343d0c94-0b98-4921-996e-ca445c47f566 to remote] DEBUG org.apache.http.wire  - http-outgoing-55 << "[\r][\n]"
 -46761 [Forwarding findElement on session 343d0c94-0b98-4921-996e-ca445c47f566 to remote] DEBUG org.apache.http.headers  - http-outgoing-55 << HTTP/1.1 500 Internal Server Error
 -46761 [Forwarding findElement on session 343d0c94-0b98-4921-996e-ca445c47f566 to remote] DEBUG org.apache.http.headers  - http-outgoing-55 << content-type: application/json; charset=UTF-8
 -46761 [Forwarding findElement on session 343d0c94-0b98-4921-996e-ca445c47f566 to remote] DEBUG org.apache.http.headers  - http-outgoing-55 << connection: close
 -46761 [Forwarding findElement on session 343d0c94-0b98-4921-996e-ca445c47f566 to remote] DEBUG org.apache.http.headers  - http-outgoing-55 << content-length: 1469
 -46761 [Forwarding findElement on session 343d0c94-0b98-4921-996e-ca445c47f566 to remote] DEBUG org.apache.http.headers  - http-outgoing-55 << server: httpd.js
 -46761 [Forwarding findElement on session 343d0c94-0b98-4921-996e-ca445c47f566 to remote] DEBUG org.apache.http.headers  - http-outgoing-55 << date: Fri, 27 Jan 2017 06:44:51 GMT
 -46762 [Forwarding findElement on session 343d0c94-0b98-4921-996e-ca445c47f566 to remote] DEBUG org.apache.http.wire  - http-outgoing-55 << "{"name":"findElement","sessionId":"343d0c94-0b98-4921-996e-ca445c47f566","status":7,"value":{"message":"Unable to locate element: {\"method\":\"css selector\",\"selector\":\".service-navigation__dropdown>ul>li>a>span:not(.arrow)\"}","stackTrace":[{"methodName":"FirefoxDriver.prototype.findElementInternal_","fileName":"file:///C:/Users/rao08/AppData/Local/Temp/anonymous5941514134848211728webdriver-profile/extensions/fxdriver@googlecode.com/components/driver-component.js","lineNumber":10299},{"methodName":"FirefoxDriver.prototype.findElement","fileName":"file:///C:/Users/rao08/AppData/Local/Temp/anonymous5941514134848211728webdriver-profile/extensions/fxdriver@googlecode.com/components/driver-component.js","lineNumber":10308},{"methodName":"DelayedCommand.prototype.executeInternal_/h","fileName":"file:///C:/Users/rao08/AppData/Local/Temp/anonymous5941514134848211728webdriver-profile/extensions/fxdriver@googlecode.com/components/command-processor.js","lineNumber":12282},{"methodName":"DelayedCommand.prototype.executeInternal_","fileName":"file:///C:/Users/rao08/AppData/Local/Temp/anonymous5941514134848211728webdriver-profile/extensions/fxdriver@googlecode.com/components/command-processor.js","lineNumber":12287},{"methodName":"DelayedCommand.prototype.execute/<","fileName":"file:///C:/Users/rao08/AppData/Local/Temp/anonymous5941514134848211728webdriver-profile/extensions/fxdriver@googlecode.com/components/command-processor.js","lineNumber":12229}]}}"
 -46762 [Forwarding findElement on session 343d0c94-0b98-4921-996e-ca445c47f566 to remote] DEBUG org.apache.http.impl.conn.DefaultManagedHttpClientConnection  - http-outgoing-55: Shutdown connection
 -46762 [Forwarding findElement on session 343d0c94-0b98-4921-996e-ca445c47f566 to remote] DEBUG org.apache.http.impl.execchain.MainClientExec  - Connection discarded
 -46762 [Forwarding findElement on session 343d0c94-0b98-4921-996e-ca445c47f566 to remote] DEBUG org.apache.http.impl.conn.DefaultManagedHttpClientConnection  - http-outgoing-55: Close connection
 -46762 [Forwarding findElement on session 343d0c94-0b98-4921-996e-ca445c47f566 to remote] DEBUG org.apache.http.impl.conn.PoolingHttpClientConnectionManager  - Connection released: [id: 55][route: {}->http://127.0.0.1:7055][total kept alive: 0; route allocated: 0 of 2000; total allocated: 0 of 2000]
 -47268 [Forwarding findElement on session 343d0c94-0b98-4921-996e-ca445c47f566 to remote] DEBUG org.apache.http.client.protocol.RequestAddCookies  - CookieSpec selected: best-match
 -47268 [Forwarding findElement on session 343d0c94-0b98-4921-996e-ca445c47f566 to remote] DEBUG org.apache.http.client.protocol.RequestAuthCache  - Auth cache not set in the context
 -47268 [Forwarding findElement on session 343d0c94-0b98-4921-996e-ca445c47f566 to remote] DEBUG org.apache.http.impl.conn.PoolingHttpClientConnectionManager  - Connection request: [route: {}->http://127.0.0.1:7055][total kept alive: 0; route allocated: 0 of 2000; total allocated: 0 of 2000]
 -47269 [Forwarding findElement on session 343d0c94-0b98-4921-996e-ca445c47f566 to remote] DEBUG org.apache.http.impl.conn.PoolingHttpClientConnectionManager  - Connection leased: [id: 56][route: {}->http://127.0.0.1:7055][total kept alive: 0; route allocated: 1 of 2000; total allocated: 1 of 2000]
 -47269 [Forwarding findElement on session 343d0c94-0b98-4921-996e-ca445c47f566 to remote] DEBUG org.apache.http.impl.execchain.MainClientExec  - Opening connection {}->http://127.0.0.1:7055
 -47269 [Forwarding findElement on session 343d0c94-0b98-4921-996e-ca445c47f566 to remote] DEBUG org.apache.http.impl.conn.HttpClientConnectionOperator  - Connecting to /127.0.0.1:7055
 -47270 [Forwarding findElement on session 343d0c94-0b98-4921-996e-ca445c47f566 to remote] DEBUG org.apache.http.impl.conn.HttpClientConnectionOperator  - Connection established 127.0.0.1:57821<->127.0.0.1:7055
 -47270 [Forwarding findElement on session 343d0c94-0b98-4921-996e-ca445c47f566 to remote] DEBUG org.apache.http.impl.execchain.MainClientExec  - Executing request POST /hub/session/343d0c94-0b98-4921-996e-ca445c47f566/element HTTP/1.1
 -47270 [Forwarding findElement on session 343d0c94-0b98-4921-996e-ca445c47f566 to remote] DEBUG org.apache.http.impl.execchain.MainClientExec  - Target auth state: UNCHALLENGED
 -47270 [Forwarding findElement on session 343d0c94-0b98-4921-996e-ca445c47f566 to remote] DEBUG org.apache.http.impl.execchain.MainClientExec  - Proxy auth state: UNCHALLENGED
 -47270 [Forwarding findElement on session 343d0c94-0b98-4921-996e-ca445c47f566 to remote] DEBUG org.apache.http.headers  - http-outgoing-56 >> POST /hub/session/343d0c94-0b98-4921-996e-ca445c47f566/element HTTP/1.1
 -47270 [Forwarding findElement on session 343d0c94-0b98-4921-996e-ca445c47f566 to remote] DEBUG org.apache.http.headers  - http-outgoing-56 >> Content-Type: application/json; charset=utf-8
 -47270 [Forwarding findElement on session 343d0c94-0b98-4921-996e-ca445c47f566 to remote] DEBUG org.apache.http.headers  - http-outgoing-56 >> Content-Length: 89
 -47270 [Forwarding findElement on session 343d0c94-0b98-4921-996e-ca445c47f566 to remote] DEBUG org.apache.http.headers  - http-outgoing-56 >> Host: 127.0.0.1:7055
 -47271 [Forwarding findElement on session 343d0c94-0b98-4921-996e-ca445c47f566 to remote] DEBUG org.apache.http.headers  - http-outgoing-56 >> Connection: Keep-Alive
 -47271 [Forwarding findElement on session 343d0c94-0b98-4921-996e-ca445c47f566 to remote] DEBUG org.apache.http.headers  - http-outgoing-56 >> User-Agent: Apache-HttpClient/4.3.6 (java 1.5)
 -47271 [Forwarding findElement on session 343d0c94-0b98-4921-996e-ca445c47f566 to remote] DEBUG org.apache.http.headers  - http-outgoing-56 >> Accept-Encoding: gzip,deflate
 -47271 [Forwarding findElement on session 343d0c94-0b98-4921-996e-ca445c47f566 to remote] DEBUG org.apache.http.wire  - http-outgoing-56 >> "POST /hub/session/343d0c94-0b98-4921-996e-ca445c47f566/element HTTP/1.1[\r][\n]"
 -47271 [Forwarding findElement on session 343d0c94-0b98-4921-996e-ca445c47f566 to remote] DEBUG org.apache.http.wire  - http-outgoing-56 >> "Content-Type: application/json; charset=utf-8[\r][\n]"
 -47271 [Forwarding findElement on session 343d0c94-0b98-4921-996e-ca445c47f566 to remote] DEBUG org.apache.http.wire  - http-outgoing-56 >> "Content-Length: 89[\r][\n]"
 -47271 [Forwarding findElement on session 343d0c94-0b98-4921-996e-ca445c47f566 to remote] DEBUG org.apache.http.wire  - http-outgoing-56 >> "Host: 127.0.0.1:7055[\r][\n]"
 -47271 [Forwarding findElement on session 343d0c94-0b98-4921-996e-ca445c47f566 to remote] DEBUG org.apache.http.wire  - http-outgoing-56 >> "Connection: Keep-Alive[\r][\n]"
 -47271 [Forwarding findElement on session 343d0c94-0b98-4921-996e-ca445c47f566 to remote] DEBUG org.apache.http.wire  - http-outgoing-56 >> "User-Agent: Apache-HttpClient/4.3.6 (java 1.5)[\r][\n]"
 -47271 [Forwarding findElement on session 343d0c94-0b98-4921-996e-ca445c47f566 to remote] DEBUG org.apache.http.wire  - http-outgoing-56 >> "Accept-Encoding: gzip,deflate[\r][\n]"
 -47271 [Forwarding findElement on session 343d0c94-0b98-4921-996e-ca445c47f566 to remote] DEBUG org.apache.http.wire  - http-outgoing-56 >> "[\r][\n]"
 -47271 [Forwarding findElement on session 343d0c94-0b98-4921-996e-ca445c47f566 to remote] DEBUG org.apache.http.wire  - http-outgoing-56 >> "{"using":"css selector","value":".service-navigation__dropdown>ul>li>a>span:not(.arrow)"}"
 -47316 [Forwarding findElement on session 343d0c94-0b98-4921-996e-ca445c47f566 to remote] DEBUG org.apache.http.wire  - http-outgoing-56 << "HTTP/1.1 500 Internal Server Error[\r][\n]"
 -47317 [Forwarding findElement on session 343d0c94-0b98-4921-996e-ca445c47f566 to remote] DEBUG org.apache.http.wire  - http-outgoing-56 << "content-type: application/json; charset=UTF-8[\r][\n]"
 -47317 [Forwarding findElement on session 343d0c94-0b98-4921-996e-ca445c47f566 to remote] DEBUG org.apache.http.wire  - http-outgoing-56 << "connection: close[\r][\n]"
 -47317 [Forwarding findElement on session 343d0c94-0b98-4921-996e-ca445c47f566 to remote] DEBUG org.apache.http.wire  - http-outgoing-56 << "content-length: 1469[\r][\n]"
 -47317 [Forwarding findElement on session 343d0c94-0b98-4921-996e-ca445c47f566 to remote] DEBUG org.apache.http.wire  - http-outgoing-56 << "server: httpd.js[\r][\n]"
 -47317 [Forwarding findElement on session 343d0c94-0b98-4921-996e-ca445c47f566 to remote] DEBUG org.apache.http.wire  - http-outgoing-56 << "date: Fri, 27 Jan 2017 06:44:51 GMT[\r][\n]"
 -47317 [Forwarding findElement on session 343d0c94-0b98-4921-996e-ca445c47f566 to remote] DEBUG org.apache.http.wire  - http-outgoing-56 << "[\r][\n]"
 -47317 [Forwarding findElement on session 343d0c94-0b98-4921-996e-ca445c47f566 to remote] DEBUG org.apache.http.headers  - http-outgoing-56 << HTTP/1.1 500 Internal Server Error
 -47317 [Forwarding findElement on session 343d0c94-0b98-4921-996e-ca445c47f566 to remote] DEBUG org.apache.http.headers  - http-outgoing-56 << content-type: application/json; charset=UTF-8
 -47317 [Forwarding findElement on session 343d0c94-0b98-4921-996e-ca445c47f566 to remote] DEBUG org.apache.http.headers  - http-outgoing-56 << connection: close
 -47317 [Forwarding findElement on session 343d0c94-0b98-4921-996e-ca445c47f566 to remote] DEBUG org.apache.http.headers  - http-outgoing-56 << content-length: 1469
 -47317 [Forwarding findElement on session 343d0c94-0b98-4921-996e-ca445c47f566 to remote] DEBUG org.apache.http.headers  - http-outgoing-56 << server: httpd.js
 -47317 [Forwarding findElement on session 343d0c94-0b98-4921-996e-ca445c47f566 to remote] DEBUG org.apache.http.headers  - http-outgoing-56 << date: Fri, 27 Jan 2017 06:44:51 GMT
 -47318 [Forwarding findElement on session 343d0c94-0b98-4921-996e-ca445c47f566 to remote] DEBUG org.apache.http.wire  - http-outgoing-56 << "{"name":"findElement","sessionId":"343d0c94-0b98-4921-996e-ca445c47f566","status":7,"value":{"message":"Unable to locate element: {\"method\":\"css selector\",\"selector\":\".service-navigation__dropdown>ul>li>a>span:not(.arrow)\"}","stackTrace":[{"methodName":"FirefoxDriver.prototype.findElementInternal_","fileName":"file:///C:/Users/rao08/AppData/Local/Temp/anonymous5941514134848211728webdriver-profile/extensions/fxdriver@googlecode.com/components/driver-component.js","lineNumber":10299},{"methodName":"FirefoxDriver.prototype.findElement","fileName":"file:///C:/Users/rao08/AppData/Local/Temp/anonymous5941514134848211728webdriver-profile/extensions/fxdriver@googlecode.com/components/driver-component.js","lineNumber":10308},{"methodName":"DelayedCommand.prototype.executeInternal_/h","fileName":"file:///C:/Users/rao08/AppData/Local/Temp/anonymous5941514134848211728webdriver-profile/extensions/fxdriver@googlecode.com/components/command-processor.js","lineNumber":12282},{"methodName":"DelayedCommand.prototype.executeInternal_","fileName":"file:///C:/Users/rao08/AppData/Local/Temp/anonymous5941514134848211728webdriver-profile/extensions/fxdriver@googlecode.com/components/command-processor.js","lineNumber":12287},{"methodName":"DelayedCommand.prototype.execute/<","fileName":"file:///C:/Users/rao08/AppData/Local/Temp/anonymous5941514134848211728webdriver-profile/extensions/fxdriver@googlecode.com/components/command-processor.js","lineNumber":12229}]}}"
 -47318 [Forwarding findElement on session 343d0c94-0b98-4921-996e-ca445c47f566 to remote] DEBUG org.apache.http.impl.conn.DefaultManagedHttpClientConnection  - http-outgoing-56: Shutdown connection
 -47318 [Forwarding findElement on session 343d0c94-0b98-4921-996e-ca445c47f566 to remote] DEBUG org.apache.http.impl.execchain.MainClientExec  - Connection discarded
 -47319 [Forwarding findElement on session 343d0c94-0b98-4921-996e-ca445c47f566 to remote] DEBUG org.apache.http.impl.conn.DefaultManagedHttpClientConnection  - http-outgoing-56: Close connection
 -47319 [Forwarding findElement on session 343d0c94-0b98-4921-996e-ca445c47f566 to remote] DEBUG org.apache.http.impl.conn.PoolingHttpClientConnectionManager  - Connection released: [id: 56][route: {}->http://127.0.0.1:7055][total kept alive: 0; route allocated: 0 of 2000; total allocated: 0 of 2000]
 -47823 [Forwarding findElement on session 343d0c94-0b98-4921-996e-ca445c47f566 to remote] DEBUG org.apache.http.client.protocol.RequestAddCookies  - CookieSpec selected: best-match
 -47824 [Forwarding findElement on session 343d0c94-0b98-4921-996e-ca445c47f566 to remote] DEBUG org.apache.http.client.protocol.RequestAuthCache  - Auth cache not set in the context
 -47824 [Forwarding findElement on session 343d0c94-0b98-4921-996e-ca445c47f566 to remote] DEBUG org.apache.http.impl.conn.PoolingHttpClientConnectionManager  - Connection request: [route: {}->http://127.0.0.1:7055][total kept alive: 0; route allocated: 0 of 2000; total allocated: 0 of 2000]
 -47824 [Forwarding findElement on session 343d0c94-0b98-4921-996e-ca445c47f566 to remote] DEBUG org.apache.http.impl.conn.PoolingHttpClientConnectionManager  - Connection leased: [id: 57][route: {}->http://127.0.0.1:7055][total kept alive: 0; route allocated: 1 of 2000; total allocated: 1 of 2000]
 -47824 [Forwarding findElement on session 343d0c94-0b98-4921-996e-ca445c47f566 to remote] DEBUG org.apache.http.impl.execchain.MainClientExec  - Opening connection {}->http://127.0.0.1:7055
 -47825 [Forwarding findElement on session 343d0c94-0b98-4921-996e-ca445c47f566 to remote] DEBUG org.apache.http.impl.conn.HttpClientConnectionOperator  - Connecting to /127.0.0.1:7055
 -47825 [Forwarding findElement on session 343d0c94-0b98-4921-996e-ca445c47f566 to remote] DEBUG org.apache.http.impl.conn.HttpClientConnectionOperator  - Connection established 127.0.0.1:57829<->127.0.0.1:7055
 -47826 [Forwarding findElement on session 343d0c94-0b98-4921-996e-ca445c47f566 to remote] DEBUG org.apache.http.impl.execchain.MainClientExec  - Executing request POST /hub/session/343d0c94-0b98-4921-996e-ca445c47f566/element HTTP/1.1
 -47826 [Forwarding findElement on session 343d0c94-0b98-4921-996e-ca445c47f566 to remote] DEBUG org.apache.http.impl.execchain.MainClientExec  - Target auth state: UNCHALLENGED
 -47826 [Forwarding findElement on session 343d0c94-0b98-4921-996e-ca445c47f566 to remote] DEBUG org.apache.http.impl.execchain.MainClientExec  - Proxy auth state: UNCHALLENGED
 -47826 [Forwarding findElement on session 343d0c94-0b98-4921-996e-ca445c47f566 to remote] DEBUG org.apache.http.headers  - http-outgoing-57 >> POST /hub/session/343d0c94-0b98-4921-996e-ca445c47f566/element HTTP/1.1
 -47827 [Forwarding findElement on session 343d0c94-0b98-4921-996e-ca445c47f566 to remote] DEBUG org.apache.http.headers  - http-outgoing-57 >> Content-Type: application/json; charset=utf-8
 -47827 [Forwarding findElement on session 343d0c94-0b98-4921-996e-ca445c47f566 to remote] DEBUG org.apache.http.headers  - http-outgoing-57 >> Content-Length: 89
 -47827 [Forwarding findElement on session 343d0c94-0b98-4921-996e-ca445c47f566 to remote] DEBUG org.apache.http.headers  - http-outgoing-57 >> Host: 127.0.0.1:7055
 -47827 [Forwarding findElement on session 343d0c94-0b98-4921-996e-ca445c47f566 to remote] DEBUG org.apache.http.headers  - http-outgoing-57 >> Connection: Keep-Alive
 -47827 [Forwarding findElement on session 343d0c94-0b98-4921-996e-ca445c47f566 to remote] DEBUG org.apache.http.headers  - http-outgoing-57 >> User-Agent: Apache-HttpClient/4.3.6 (java 1.5)
 -47827 [Forwarding findElement on session 343d0c94-0b98-4921-996e-ca445c47f566 to remote] DEBUG org.apache.http.headers  - http-outgoing-57 >> Accept-Encoding: gzip,deflate
 -47827 [Forwarding findElement on session 343d0c94-0b98-4921-996e-ca445c47f566 to remote] DEBUG org.apache.http.wire  - http-outgoing-57 >> "POST /hub/session/343d0c94-0b98-4921-996e-ca445c47f566/element HTTP/1.1[\r][\n]"
 -47827 [Forwarding findElement on session 343d0c94-0b98-4921-996e-ca445c47f566 to remote] DEBUG org.apache.http.wire  - http-outgoing-57 >> "Content-Type: application/json; charset=utf-8[\r][\n]"
 -47827 [Forwarding findElement on session 343d0c94-0b98-4921-996e-ca445c47f566 to remote] DEBUG org.apache.http.wire  - http-outgoing-57 >> "Content-Length: 89[\r][\n]"
 -47827 [Forwarding findElement on session 343d0c94-0b98-4921-996e-ca445c47f566 to remote] DEBUG org.apache.http.wire  - http-outgoing-57 >> "Host: 127.0.0.1:7055[\r][\n]"
 -47827 [Forwarding findElement on session 343d0c94-0b98-4921-996e-ca445c47f566 to remote] DEBUG org.apache.http.wire  - http-outgoing-57 >> "Connection: Keep-Alive[\r][\n]"
 -47828 [Forwarding findElement on session 343d0c94-0b98-4921-996e-ca445c47f566 to remote] DEBUG org.apache.http.wire  - http-outgoing-57 >> "User-Agent: Apache-HttpClient/4.3.6 (java 1.5)[\r][\n]"
 -47828 [Forwarding findElement on session 343d0c94-0b98-4921-996e-ca445c47f566 to remote] DEBUG org.apache.http.wire  - http-outgoing-57 >> "Accept-Encoding: gzip,deflate[\r][\n]"
 -47828 [Forwarding findElement on session 343d0c94-0b98-4921-996e-ca445c47f566 to remote] DEBUG org.apache.http.wire  - http-outgoing-57 >> "[\r][\n]"
 -47828 [Forwarding findElement on session 343d0c94-0b98-4921-996e-ca445c47f566 to remote] DEBUG org.apache.http.wire  - http-outgoing-57 >> "{"using":"css selector","value":".service-navigation__dropdown>ul>li>a>span:not(.arrow)"}"
 -47873 [Forwarding findElement on session 343d0c94-0b98-4921-996e-ca445c47f566 to remote] DEBUG org.apache.http.wire  - http-outgoing-57 << "HTTP/1.1 500 Internal Server Error[\r][\n]"
 -47873 [Forwarding findElement on session 343d0c94-0b98-4921-996e-ca445c47f566 to remote] DEBUG org.apache.http.wire  - http-outgoing-57 << "content-type: application/json; charset=UTF-8[\r][\n]"
 -47873 [Forwarding findElement on session 343d0c94-0b98-4921-996e-ca445c47f566 to remote] DEBUG org.apache.http.wire  - http-outgoing-57 << "connection: close[\r][\n]"
 -47873 [Forwarding findElement on session 343d0c94-0b98-4921-996e-ca445c47f566 to remote] DEBUG org.apache.http.wire  - http-outgoing-57 << "content-length: 1469[\r][\n]"
 -47873 [Forwarding findElement on session 343d0c94-0b98-4921-996e-ca445c47f566 to remote] DEBUG org.apache.http.wire  - http-outgoing-57 << "server: httpd.js[\r][\n]"
 -47873 [Forwarding findElement on session 343d0c94-0b98-4921-996e-ca445c47f566 to remote] DEBUG org.apache.http.wire  - http-outgoing-57 << "date: Fri, 27 Jan 2017 06:44:52 GMT[\r][\n]"
 -47873 [Forwarding findElement on session 343d0c94-0b98-4921-996e-ca445c47f566 to remote] DEBUG org.apache.http.wire  - http-outgoing-57 << "[\r][\n]"
 -47874 [Forwarding findElement on session 343d0c94-0b98-4921-996e-ca445c47f566 to remote] DEBUG org.apache.http.headers  - http-outgoing-57 << HTTP/1.1 500 Internal Server Error
 -47874 [Forwarding findElement on session 343d0c94-0b98-4921-996e-ca445c47f566 to remote] DEBUG org.apache.http.headers  - http-outgoing-57 << content-type: application/json; charset=UTF-8
 -47874 [Forwarding findElement on session 343d0c94-0b98-4921-996e-ca445c47f566 to remote] DEBUG org.apache.http.headers  - http-outgoing-57 << connection: close
 -47874 [Forwarding findElement on session 343d0c94-0b98-4921-996e-ca445c47f566 to remote] DEBUG org.apache.http.headers  - http-outgoing-57 << content-length: 1469
 -47874 [Forwarding findElement on session 343d0c94-0b98-4921-996e-ca445c47f566 to remote] DEBUG org.apache.http.headers  - http-outgoing-57 << server: httpd.js
 -47874 [Forwarding findElement on session 343d0c94-0b98-4921-996e-ca445c47f566 to remote] DEBUG org.apache.http.headers  - http-outgoing-57 << date: Fri, 27 Jan 2017 06:44:52 GMT
 -47874 [Forwarding findElement on session 343d0c94-0b98-4921-996e-ca445c47f566 to remote] DEBUG org.apache.http.wire  - http-outgoing-57 << "{"name":"findElement","sessionId":"343d0c94-0b98-4921-996e-ca445c47f566","status":7,"value":{"message":"Unable to locate element: {\"method\":\"css selector\",\"selector\":\".service-navigation__dropdown>ul>li>a>span:not(.arrow)\"}","stackTrace":[{"methodName":"FirefoxDriver.prototype.findElementInternal_","fileName":"file:///C:/Users/rao08/AppData/Local/Temp/anonymous5941514134848211728webdriver-profile/extensions/fxdriver@googlecode.com/components/driver-component.js","lineNumber":10299},{"methodName":"FirefoxDriver.prototype.findElement","fileName":"file:///C:/Users/rao08/AppData/Local/Temp/anonymous5941514134848211728webdriver-profile/extensions/fxdriver@googlecode.com/components/driver-component.js","lineNumber":10308},{"methodName":"DelayedCommand.prototype.executeInternal_/h","fileName":"file:///C:/Users/rao08/AppData/Local/Temp/anonymous5941514134848211728webdriver-profile/extensions/fxdriver@googlecode.com/components/command-processor.js","lineNumber":12282},{"methodName":"DelayedCommand.prototype.executeInternal_","fileName":"file:///C:/Users/rao08/AppData/Local/Temp/anonymous5941514134848211728webdriver-profile/extensions/fxdriver@googlecode.com/components/command-processor.js","lineNumber":12287},{"methodName":"DelayedCommand.prototype.execute/<","fileName":"file:///C:/Users/rao08/AppData/Local/Temp/anonymous5941514134848211728webdriver-profile/extensions/fxdriver@googlecode.com/components/command-processor.js","lineNumber":12229}]}}"
 -47874 [Forwarding findElement on session 343d0c94-0b98-4921-996e-ca445c47f566 to remote] DEBUG org.apache.http.impl.conn.DefaultManagedHttpClientConnection  - http-outgoing-57: Shutdown connection
 -47875 [Forwarding findElement on session 343d0c94-0b98-4921-996e-ca445c47f566 to remote] DEBUG org.apache.http.impl.execchain.MainClientExec  - Connection discarded
 -47875 [Forwarding findElement on session 343d0c94-0b98-4921-996e-ca445c47f566 to remote] DEBUG org.apache.http.impl.conn.DefaultManagedHttpClientConnection  - http-outgoing-57: Close connection
 -47875 [Forwarding findElement on session 343d0c94-0b98-4921-996e-ca445c47f566 to remote] DEBUG org.apache.http.impl.conn.PoolingHttpClientConnectionManager  - Connection released: [id: 57][route: {}->http://127.0.0.1:7055][total kept alive: 0; route allocated: 0 of 2000; total allocated: 0 of 2000]
 -48380 [Forwarding findElement on session 343d0c94-0b98-4921-996e-ca445c47f566 to remote] DEBUG org.apache.http.client.protocol.RequestAddCookies  - CookieSpec selected: best-match
 -48380 [Forwarding findElement on session 343d0c94-0b98-4921-996e-ca445c47f566 to remote] DEBUG org.apache.http.client.protocol.RequestAuthCache  - Auth cache not set in the context
 -48380 [Forwarding findElement on session 343d0c94-0b98-4921-996e-ca445c47f566 to remote] DEBUG org.apache.http.impl.conn.PoolingHttpClientConnectionManager  - Connection request: [route: {}->http://127.0.0.1:7055][total kept alive: 0; route allocated: 0 of 2000; total allocated: 0 of 2000]
 -48381 [Forwarding findElement on session 343d0c94-0b98-4921-996e-ca445c47f566 to remote] DEBUG org.apache.http.impl.conn.PoolingHttpClientConnectionManager  - Connection leased: [id: 58][route: {}->http://127.0.0.1:7055][total kept alive: 0; route allocated: 1 of 2000; total allocated: 1 of 2000]
 -48381 [Forwarding findElement on session 343d0c94-0b98-4921-996e-ca445c47f566 to remote] DEBUG org.apache.http.impl.execchain.MainClientExec  - Opening connection {}->http://127.0.0.1:7055
 -48381 [Forwarding findElement on session 343d0c94-0b98-4921-996e-ca445c47f566 to remote] DEBUG org.apache.http.impl.conn.HttpClientConnectionOperator  - Connecting to /127.0.0.1:7055
 -48382 [Forwarding findElement on session 343d0c94-0b98-4921-996e-ca445c47f566 to remote] DEBUG org.apache.http.impl.conn.HttpClientConnectionOperator  - Connection established 127.0.0.1:57834<->127.0.0.1:7055
 -48382 [Forwarding findElement on session 343d0c94-0b98-4921-996e-ca445c47f566 to remote] DEBUG org.apache.http.impl.execchain.MainClientExec  - Executing request POST /hub/session/343d0c94-0b98-4921-996e-ca445c47f566/element HTTP/1.1
 -48382 [Forwarding findElement on session 343d0c94-0b98-4921-996e-ca445c47f566 to remote] DEBUG org.apache.http.impl.execchain.MainClientExec  - Target auth state: UNCHALLENGED
 -48382 [Forwarding findElement on session 343d0c94-0b98-4921-996e-ca445c47f566 to remote] DEBUG org.apache.http.impl.execchain.MainClientExec  - Proxy auth state: UNCHALLENGED
 -48383 [Forwarding findElement on session 343d0c94-0b98-4921-996e-ca445c47f566 to remote] DEBUG org.apache.http.headers  - http-outgoing-58 >> POST /hub/session/343d0c94-0b98-4921-996e-ca445c47f566/element HTTP/1.1
 -48383 [Forwarding findElement on session 343d0c94-0b98-4921-996e-ca445c47f566 to remote] DEBUG org.apache.http.headers  - http-outgoing-58 >> Content-Type: application/json; charset=utf-8
 -48383 [Forwarding findElement on session 343d0c94-0b98-4921-996e-ca445c47f566 to remote] DEBUG org.apache.http.headers  - http-outgoing-58 >> Content-Length: 89
 -48383 [Forwarding findElement on session 343d0c94-0b98-4921-996e-ca445c47f566 to remote] DEBUG org.apache.http.headers  - http-outgoing-58 >> Host: 127.0.0.1:7055
 -48383 [Forwarding findElement on session 343d0c94-0b98-4921-996e-ca445c47f566 to remote] DEBUG org.apache.http.headers  - http-outgoing-58 >> Connection: Keep-Alive
 -48383 [Forwarding findElement on session 343d0c94-0b98-4921-996e-ca445c47f566 to remote] DEBUG org.apache.http.headers  - http-outgoing-58 >> User-Agent: Apache-HttpClient/4.3.6 (java 1.5)
 -48383 [Forwarding findElement on session 343d0c94-0b98-4921-996e-ca445c47f566 to remote] DEBUG org.apache.http.headers  - http-outgoing-58 >> Accept-Encoding: gzip,deflate
 -48383 [Forwarding findElement on session 343d0c94-0b98-4921-996e-ca445c47f566 to remote] DEBUG org.apache.http.wire  - http-outgoing-58 >> "POST /hub/session/343d0c94-0b98-4921-996e-ca445c47f566/element HTTP/1.1[\r][\n]"
 -48383 [Forwarding findElement on session 343d0c94-0b98-4921-996e-ca445c47f566 to remote] DEBUG org.apache.http.wire  - http-outgoing-58 >> "Content-Type: application/json; charset=utf-8[\r][\n]"
 -48383 [Forwarding findElement on session 343d0c94-0b98-4921-996e-ca445c47f566 to remote] DEBUG org.apache.http.wire  - http-outgoing-58 >> "Content-Length: 89[\r][\n]"
 -48384 [Forwarding findElement on session 343d0c94-0b98-4921-996e-ca445c47f566 to remote] DEBUG org.apache.http.wire  - http-outgoing-58 >> "Host: 127.0.0.1:7055[\r][\n]"
 -48384 [Forwarding findElement on session 343d0c94-0b98-4921-996e-ca445c47f566 to remote] DEBUG org.apache.http.wire  - http-outgoing-58 >> "Connection: Keep-Alive[\r][\n]"
 -48384 [Forwarding findElement on session 343d0c94-0b98-4921-996e-ca445c47f566 to remote] DEBUG org.apache.http.wire  - http-outgoing-58 >> "User-Agent: Apache-HttpClient/4.3.6 (java 1.5)[\r][\n]"
 -48384 [Forwarding findElement on session 343d0c94-0b98-4921-996e-ca445c47f566 to remote] DEBUG org.apache.http.wire  - http-outgoing-58 >> "Accept-Encoding: gzip,deflate[\r][\n]"
 -48384 [Forwarding findElement on session 343d0c94-0b98-4921-996e-ca445c47f566 to remote] DEBUG org.apache.http.wire  - http-outgoing-58 >> "[\r][\n]"
 -48384 [Forwarding findElement on session 343d0c94-0b98-4921-996e-ca445c47f566 to remote] DEBUG org.apache.http.wire  - http-outgoing-58 >> "{"using":"css selector","value":".service-navigation__dropdown>ul>li>a>span:not(.arrow)"}"
 -48428 [Forwarding findElement on session 343d0c94-0b98-4921-996e-ca445c47f566 to remote] DEBUG org.apache.http.wire  - http-outgoing-58 << "HTTP/1.1 500 Internal Server Error[\r][\n]"
 -48428 [Forwarding findElement on session 343d0c94-0b98-4921-996e-ca445c47f566 to remote] DEBUG org.apache.http.wire  - http-outgoing-58 << "content-type: application/json; charset=UTF-8[\r][\n]"
 -48428 [Forwarding findElement on session 343d0c94-0b98-4921-996e-ca445c47f566 to remote] DEBUG org.apache.http.wire  - http-outgoing-58 << "connection: close[\r][\n]"
 -48428 [Forwarding findElement on session 343d0c94-0b98-4921-996e-ca445c47f566 to remote] DEBUG org.apache.http.wire  - http-outgoing-58 << "content-length: 1469[\r][\n]"
 -48428 [Forwarding findElement on session 343d0c94-0b98-4921-996e-ca445c47f566 to remote] DEBUG org.apache.http.wire  - http-outgoing-58 << "server: httpd.js[\r][\n]"
 -48428 [Forwarding findElement on session 343d0c94-0b98-4921-996e-ca445c47f566 to remote] DEBUG org.apache.http.wire  - http-outgoing-58 << "date: Fri, 27 Jan 2017 06:44:53 GMT[\r][\n]"
 -48428 [Forwarding findElement on session 343d0c94-0b98-4921-996e-ca445c47f566 to remote] DEBUG org.apache.http.wire  - http-outgoing-58 << "[\r][\n]"
 -48429 [Forwarding findElement on session 343d0c94-0b98-4921-996e-ca445c47f566 to remote] DEBUG org.apache.http.headers  - http-outgoing-58 << HTTP/1.1 500 Internal Server Error
 -48429 [Forwarding findElement on session 343d0c94-0b98-4921-996e-ca445c47f566 to remote] DEBUG org.apache.http.headers  - http-outgoing-58 << content-type: application/json; charset=UTF-8
 -48429 [Forwarding findElement on session 343d0c94-0b98-4921-996e-ca445c47f566 to remote] DEBUG org.apache.http.headers  - http-outgoing-58 << connection: close
 -48429 [Forwarding findElement on session 343d0c94-0b98-4921-996e-ca445c47f566 to remote] DEBUG org.apache.http.headers  - http-outgoing-58 << content-length: 1469
 -48429 [Forwarding findElement on session 343d0c94-0b98-4921-996e-ca445c47f566 to remote] DEBUG org.apache.http.headers  - http-outgoing-58 << server: httpd.js
 -48429 [Forwarding findElement on session 343d0c94-0b98-4921-996e-ca445c47f566 to remote] DEBUG org.apache.http.headers  - http-outgoing-58 << date: Fri, 27 Jan 2017 06:44:53 GMT
 -48430 [Forwarding findElement on session 343d0c94-0b98-4921-996e-ca445c47f566 to remote] DEBUG org.apache.http.wire  - http-outgoing-58 << "{"name":"findElement","sessionId":"343d0c94-0b98-4921-996e-ca445c47f566","status":7,"value":{"message":"Unable to locate element: {\"method\":\"css selector\",\"selector\":\".service-navigation__dropdown>ul>li>a>span:not(.arrow)\"}","stackTrace":[{"methodName":"FirefoxDriver.prototype.findElementInternal_","fileName":"file:///C:/Users/rao08/AppData/Local/Temp/anonymous5941514134848211728webdriver-profile/extensions/fxdriver@googlecode.com/components/driver-component.js","lineNumber":10299},{"methodName":"FirefoxDriver.prototype.findElement","fileName":"file:///C:/Users/rao08/AppData/Local/Temp/anonymous5941514134848211728webdriver-profile/extensions/fxdriver@googlecode.com/components/driver-component.js","lineNumber":10308},{"methodName":"DelayedCommand.prototype.executeInternal_/h","fileName":"file:///C:/Users/rao08/AppData/Local/Temp/anonymous5941514134848211728webdriver-profile/extensions/fxdriver@googlecode.com/components/command-processor.js","lineNumber":12282},{"methodName":"DelayedCommand.prototype.executeInternal_","fileName":"file:///C:/Users/rao08/AppData/Local/Temp/anonymous5941514134848211728webdriver-profile/extensions/fxdriver@googlecode.com/components/command-processor.js","lineNumber":12287},{"methodName":"DelayedCommand.prototype.execute/<","fileName":"file:///C:/Users/rao08/AppData/Local/Temp/anonymous5941514134848211728webdriver-profile/extensions/fxdriver@googlecode.com/components/command-processor.js","lineNumber":12229}]}}"
 -48430 [Forwarding findElement on session 343d0c94-0b98-4921-996e-ca445c47f566 to remote] DEBUG org.apache.http.impl.conn.DefaultManagedHttpClientConnection  - http-outgoing-58: Shutdown connection
 -48430 [Forwarding findElement on session 343d0c94-0b98-4921-996e-ca445c47f566 to remote] DEBUG org.apache.http.impl.execchain.MainClientExec  - Connection discarded
 -48430 [Forwarding findElement on session 343d0c94-0b98-4921-996e-ca445c47f566 to remote] DEBUG org.apache.http.impl.conn.DefaultManagedHttpClientConnection  - http-outgoing-58: Close connection
 -48430 [Forwarding findElement on session 343d0c94-0b98-4921-996e-ca445c47f566 to remote] DEBUG org.apache.http.impl.conn.PoolingHttpClientConnectionManager  - Connection released: [id: 58][route: {}->http://127.0.0.1:7055][total kept alive: 0; route allocated: 0 of 2000; total allocated: 0 of 2000]
 -48935 [Forwarding findElement on session 343d0c94-0b98-4921-996e-ca445c47f566 to remote] DEBUG org.apache.http.client.protocol.RequestAddCookies  - CookieSpec selected: best-match
 -48936 [Forwarding findElement on session 343d0c94-0b98-4921-996e-ca445c47f566 to remote] DEBUG org.apache.http.client.protocol.RequestAuthCache  - Auth cache not set in the context
 -48936 [Forwarding findElement on session 343d0c94-0b98-4921-996e-ca445c47f566 to remote] DEBUG org.apache.http.impl.conn.PoolingHttpClientConnectionManager  - Connection request: [route: {}->http://127.0.0.1:7055][total kept alive: 0; route allocated: 0 of 2000; total allocated: 0 of 2000]
 -48936 [Forwarding findElement on session 343d0c94-0b98-4921-996e-ca445c47f566 to remote] DEBUG org.apache.http.impl.conn.PoolingHttpClientConnectionManager  - Connection leased: [id: 59][route: {}->http://127.0.0.1:7055][total kept alive: 0; route allocated: 1 of 2000; total allocated: 1 of 2000]
 -48936 [Forwarding findElement on session 343d0c94-0b98-4921-996e-ca445c47f566 to remote] DEBUG org.apache.http.impl.execchain.MainClientExec  - Opening connection {}->http://127.0.0.1:7055
 -48936 [Forwarding findElement on session 343d0c94-0b98-4921-996e-ca445c47f566 to remote] DEBUG org.apache.http.impl.conn.HttpClientConnectionOperator  - Connecting to /127.0.0.1:7055
 -48937 [Forwarding findElement on session 343d0c94-0b98-4921-996e-ca445c47f566 to remote] DEBUG org.apache.http.impl.conn.HttpClientConnectionOperator  - Connection established 127.0.0.1:57840<->127.0.0.1:7055
 -48937 [Forwarding findElement on session 343d0c94-0b98-4921-996e-ca445c47f566 to remote] DEBUG org.apache.http.impl.execchain.MainClientExec  - Executing request POST /hub/session/343d0c94-0b98-4921-996e-ca445c47f566/element HTTP/1.1
 -48937 [Forwarding findElement on session 343d0c94-0b98-4921-996e-ca445c47f566 to remote] DEBUG org.apache.http.impl.execchain.MainClientExec  - Target auth state: UNCHALLENGED
 -48938 [Forwarding findElement on session 343d0c94-0b98-4921-996e-ca445c47f566 to remote] DEBUG org.apache.http.impl.execchain.MainClientExec  - Proxy auth state: UNCHALLENGED
 -48938 [Forwarding findElement on session 343d0c94-0b98-4921-996e-ca445c47f566 to remote] DEBUG org.apache.http.headers  - http-outgoing-59 >> POST /hub/session/343d0c94-0b98-4921-996e-ca445c47f566/element HTTP/1.1
 -48938 [Forwarding findElement on session 343d0c94-0b98-4921-996e-ca445c47f566 to remote] DEBUG org.apache.http.headers  - http-outgoing-59 >> Content-Type: application/json; charset=utf-8
 -48938 [Forwarding findElement on session 343d0c94-0b98-4921-996e-ca445c47f566 to remote] DEBUG org.apache.http.headers  - http-outgoing-59 >> Content-Length: 89
 -48938 [Forwarding findElement on session 343d0c94-0b98-4921-996e-ca445c47f566 to remote] DEBUG org.apache.http.headers  - http-outgoing-59 >> Host: 127.0.0.1:7055
 -48938 [Forwarding findElement on session 343d0c94-0b98-4921-996e-ca445c47f566 to remote] DEBUG org.apache.http.headers  - http-outgoing-59 >> Connection: Keep-Alive
 -48938 [Forwarding findElement on session 343d0c94-0b98-4921-996e-ca445c47f566 to remote] DEBUG org.apache.http.headers  - http-outgoing-59 >> User-Agent: Apache-HttpClient/4.3.6 (java 1.5)
 -48938 [Forwarding findElement on session 343d0c94-0b98-4921-996e-ca445c47f566 to remote] DEBUG org.apache.http.headers  - http-outgoing-59 >> Accept-Encoding: gzip,deflate
 -48938 [Forwarding findElement on session 343d0c94-0b98-4921-996e-ca445c47f566 to remote] DEBUG org.apache.http.wire  - http-outgoing-59 >> "POST /hub/session/343d0c94-0b98-4921-996e-ca445c47f566/element HTTP/1.1[\r][\n]"
 -48938 [Forwarding findElement on session 343d0c94-0b98-4921-996e-ca445c47f566 to remote] DEBUG org.apache.http.wire  - http-outgoing-59 >> "Content-Type: application/json; charset=utf-8[\r][\n]"
 -48938 [Forwarding findElement on session 343d0c94-0b98-4921-996e-ca445c47f566 to remote] DEBUG org.apache.http.wire  - http-outgoing-59 >> "Content-Length: 89[\r][\n]"
 -48938 [Forwarding findElement on session 343d0c94-0b98-4921-996e-ca445c47f566 to remote] DEBUG org.apache.http.wire  - http-outgoing-59 >> "Host: 127.0.0.1:7055[\r][\n]"
 -48938 [Forwarding findElement on session 343d0c94-0b98-4921-996e-ca445c47f566 to remote] DEBUG org.apache.http.wire  - http-outgoing-59 >> "Connection: Keep-Alive[\r][\n]"
 -48938 [Forwarding findElement on session 343d0c94-0b98-4921-996e-ca445c47f566 to remote] DEBUG org.apache.http.wire  - http-outgoing-59 >> "User-Agent: Apache-HttpClient/4.3.6 (java 1.5)[\r][\n]"
 -48939 [Forwarding findElement on session 343d0c94-0b98-4921-996e-ca445c47f566 to remote] DEBUG org.apache.http.wire  - http-outgoing-59 >> "Accept-Encoding: gzip,deflate[\r][\n]"
 -48939 [Forwarding findElement on session 343d0c94-0b98-4921-996e-ca445c47f566 to remote] DEBUG org.apache.http.wire  - http-outgoing-59 >> "[\r][\n]"
 -48939 [Forwarding findElement on session 343d0c94-0b98-4921-996e-ca445c47f566 to remote] DEBUG org.apache.http.wire  - http-outgoing-59 >> "{"using":"css selector","value":".service-navigation__dropdown>ul>li>a>span:not(.arrow)"}"
 -48985 [Forwarding findElement on session 343d0c94-0b98-4921-996e-ca445c47f566 to remote] DEBUG org.apache.http.wire  - http-outgoing-59 << "HTTP/1.1 500 Internal Server Error[\r][\n]"
 -48985 [Forwarding findElement on session 343d0c94-0b98-4921-996e-ca445c47f566 to remote] DEBUG org.apache.http.wire  - http-outgoing-59 << "content-type: application/json; charset=UTF-8[\r][\n]"
 -48985 [Forwarding findElement on session 343d0c94-0b98-4921-996e-ca445c47f566 to remote] DEBUG org.apache.http.wire  - http-outgoing-59 << "connection: close[\r][\n]"
 -48985 [Forwarding findElement on session 343d0c94-0b98-4921-996e-ca445c47f566 to remote] DEBUG org.apache.http.wire  - http-outgoing-59 << "content-length: 1469[\r][\n]"
 -48985 [Forwarding findElement on session 343d0c94-0b98-4921-996e-ca445c47f566 to remote] DEBUG org.apache.http.wire  - http-outgoing-59 << "server: httpd.js[\r][\n]"
 -48985 [Forwarding findElement on session 343d0c94-0b98-4921-996e-ca445c47f566 to remote] DEBUG org.apache.http.wire  - http-outgoing-59 << "date: Fri, 27 Jan 2017 06:44:53 GMT[\r][\n]"
 -48985 [Forwarding findElement on session 343d0c94-0b98-4921-996e-ca445c47f566 to remote] DEBUG org.apache.http.wire  - http-outgoing-59 << "[\r][\n]"
 -48985 [Forwarding findElement on session 343d0c94-0b98-4921-996e-ca445c47f566 to remote] DEBUG org.apache.http.headers  - http-outgoing-59 << HTTP/1.1 500 Internal Server Error
 -48985 [Forwarding findElement on session 343d0c94-0b98-4921-996e-ca445c47f566 to remote] DEBUG org.apache.http.headers  - http-outgoing-59 << content-type: application/json; charset=UTF-8
 -48985 [Forwarding findElement on session 343d0c94-0b98-4921-996e-ca445c47f566 to remote] DEBUG org.apache.http.headers  - http-outgoing-59 << connection: close
 -48986 [Forwarding findElement on session 343d0c94-0b98-4921-996e-ca445c47f566 to remote] DEBUG org.apache.http.headers  - http-outgoing-59 << content-length: 1469
 -48986 [Forwarding findElement on session 343d0c94-0b98-4921-996e-ca445c47f566 to remote] DEBUG org.apache.http.headers  - http-outgoing-59 << server: httpd.js
 -48986 [Forwarding findElement on session 343d0c94-0b98-4921-996e-ca445c47f566 to remote] DEBUG org.apache.http.headers  - http-outgoing-59 << date: Fri, 27 Jan 2017 06:44:53 GMT
 -48986 [Forwarding findElement on session 343d0c94-0b98-4921-996e-ca445c47f566 to remote] DEBUG org.apache.http.wire  - http-outgoing-59 << "{"name":"findElement","sessionId":"343d0c94-0b98-4921-996e-ca445c47f566","status":7,"value":{"message":"Unable to locate element: {\"method\":\"css selector\",\"selector\":\".service-navigation__dropdown>ul>li>a>span:not(.arrow)\"}","stackTrace":[{"methodName":"FirefoxDriver.prototype.findElementInternal_","fileName":"file:///C:/Users/rao08/AppData/Local/Temp/anonymous5941514134848211728webdriver-profile/extensions/fxdriver@googlecode.com/components/driver-component.js","lineNumber":10299},{"methodName":"FirefoxDriver.prototype.findElement","fileName":"file:///C:/Users/rao08/AppData/Local/Temp/anonymous5941514134848211728webdriver-profile/extensions/fxdriver@googlecode.com/components/driver-component.js","lineNumber":10308},{"methodName":"DelayedCommand.prototype.executeInternal_/h","fileName":"file:///C:/Users/rao08/AppData/Local/Temp/anonymous5941514134848211728webdriver-profile/extensions/fxdriver@googlecode.com/components/command-processor.js","lineNumber":12282},{"methodName":"DelayedCommand.prototype.executeInternal_","fileName":"file:///C:/Users/rao08/AppData/Local/Temp/anonymous5941514134848211728webdriver-profile/extensions/fxdriver@googlecode.com/components/command-processor.js","lineNumber":12287},{"methodName":"DelayedCommand.prototype.execute/<","fileName":"file:///C:/Users/rao08/AppData/Local/Temp/anonymous5941514134848211728webdriver-profile/extensions/fxdriver@googlecode.com/components/command-processor.js","lineNumber":12229}]}}"
 -48986 [Forwarding findElement on session 343d0c94-0b98-4921-996e-ca445c47f566 to remote] DEBUG org.apache.http.impl.conn.DefaultManagedHttpClientConnection  - http-outgoing-59: Shutdown connection
 -48986 [Forwarding findElement on session 343d0c94-0b98-4921-996e-ca445c47f566 to remote] DEBUG org.apache.http.impl.execchain.MainClientExec  - Connection discarded
 -48987 [Forwarding findElement on session 343d0c94-0b98-4921-996e-ca445c47f566 to remote] DEBUG org.apache.http.impl.conn.DefaultManagedHttpClientConnection  - http-outgoing-59: Close connection
 -48987 [Forwarding findElement on session 343d0c94-0b98-4921-996e-ca445c47f566 to remote] DEBUG org.apache.http.impl.conn.PoolingHttpClientConnectionManager  - Connection released: [id: 59][route: {}->http://127.0.0.1:7055][total kept alive: 0; route allocated: 0 of 2000; total allocated: 0 of 2000]
 -49492 [Forwarding findElement on session 343d0c94-0b98-4921-996e-ca445c47f566 to remote] DEBUG org.apache.http.client.protocol.RequestAddCookies  - CookieSpec selected: best-match
 -49492 [Forwarding findElement on session 343d0c94-0b98-4921-996e-ca445c47f566 to remote] DEBUG org.apache.http.client.protocol.RequestAuthCache  - Auth cache not set in the context
 -49492 [Forwarding findElement on session 343d0c94-0b98-4921-996e-ca445c47f566 to remote] DEBUG org.apache.http.impl.conn.PoolingHttpClientConnectionManager  - Connection request: [route: {}->http://127.0.0.1:7055][total kept alive: 0; route allocated: 0 of 2000; total allocated: 0 of 2000]
 -49492 [Forwarding findElement on session 343d0c94-0b98-4921-996e-ca445c47f566 to remote] DEBUG org.apache.http.impl.conn.PoolingHttpClientConnectionManager  - Connection leased: [id: 60][route: {}->http://127.0.0.1:7055][total kept alive: 0; route allocated: 1 of 2000; total allocated: 1 of 2000]
 -49492 [Forwarding findElement on session 343d0c94-0b98-4921-996e-ca445c47f566 to remote] DEBUG org.apache.http.impl.execchain.MainClientExec  - Opening connection {}->http://127.0.0.1:7055
 -49493 [Forwarding findElement on session 343d0c94-0b98-4921-996e-ca445c47f566 to remote] DEBUG org.apache.http.impl.conn.HttpClientConnectionOperator  - Connecting to /127.0.0.1:7055
 -49494 [Forwarding findElement on session 343d0c94-0b98-4921-996e-ca445c47f566 to remote] DEBUG org.apache.http.impl.conn.HttpClientConnectionOperator  - Connection established 127.0.0.1:57844<->127.0.0.1:7055
 -49494 [Forwarding findElement on session 343d0c94-0b98-4921-996e-ca445c47f566 to remote] DEBUG org.apache.http.impl.execchain.MainClientExec  - Executing request POST /hub/session/343d0c94-0b98-4921-996e-ca445c47f566/element HTTP/1.1
 -49494 [Forwarding findElement on session 343d0c94-0b98-4921-996e-ca445c47f566 to remote] DEBUG org.apache.http.impl.execchain.MainClientExec  - Target auth state: UNCHALLENGED
 -49494 [Forwarding findElement on session 343d0c94-0b98-4921-996e-ca445c47f566 to remote] DEBUG org.apache.http.impl.execchain.MainClientExec  - Proxy auth state: UNCHALLENGED
 -49494 [Forwarding findElement on session 343d0c94-0b98-4921-996e-ca445c47f566 to remote] DEBUG org.apache.http.headers  - http-outgoing-60 >> POST /hub/session/343d0c94-0b98-4921-996e-ca445c47f566/element HTTP/1.1
 -49495 [Forwarding findElement on session 343d0c94-0b98-4921-996e-ca445c47f566 to remote] DEBUG org.apache.http.headers  - http-outgoing-60 >> Content-Type: application/json; charset=utf-8
 -49495 [Forwarding findElement on session 343d0c94-0b98-4921-996e-ca445c47f566 to remote] DEBUG org.apache.http.headers  - http-outgoing-60 >> Content-Length: 89
 -49495 [Forwarding findElement on session 343d0c94-0b98-4921-996e-ca445c47f566 to remote] DEBUG org.apache.http.headers  - http-outgoing-60 >> Host: 127.0.0.1:7055
 -49495 [Forwarding findElement on session 343d0c94-0b98-4921-996e-ca445c47f566 to remote] DEBUG org.apache.http.headers  - http-outgoing-60 >> Connection: Keep-Alive
 -49495 [Forwarding findElement on session 343d0c94-0b98-4921-996e-ca445c47f566 to remote] DEBUG org.apache.http.headers  - http-outgoing-60 >> User-Agent: Apache-HttpClient/4.3.6 (java 1.5)
 -49495 [Forwarding findElement on session 343d0c94-0b98-4921-996e-ca445c47f566 to remote] DEBUG org.apache.http.headers  - http-outgoing-60 >> Accept-Encoding: gzip,deflate
 -49495 [Forwarding findElement on session 343d0c94-0b98-4921-996e-ca445c47f566 to remote] DEBUG org.apache.http.wire  - http-outgoing-60 >> "POST /hub/session/343d0c94-0b98-4921-996e-ca445c47f566/element HTTP/1.1[\r][\n]"
 -49495 [Forwarding findElement on session 343d0c94-0b98-4921-996e-ca445c47f566 to remote] DEBUG org.apache.http.wire  - http-outgoing-60 >> "Content-Type: application/json; charset=utf-8[\r][\n]"
 -49495 [Forwarding findElement on session 343d0c94-0b98-4921-996e-ca445c47f566 to remote] DEBUG org.apache.http.wire  - http-outgoing-60 >> "Content-Length: 89[\r][\n]"
 -49495 [Forwarding findElement on session 343d0c94-0b98-4921-996e-ca445c47f566 to remote] DEBUG org.apache.http.wire  - http-outgoing-60 >> "Host: 127.0.0.1:7055[\r][\n]"
 -49495 [Forwarding findElement on session 343d0c94-0b98-4921-996e-ca445c47f566 to remote] DEBUG org.apache.http.wire  - http-outgoing-60 >> "Connection: Keep-Alive[\r][\n]"
 -49495 [Forwarding findElement on session 343d0c94-0b98-4921-996e-ca445c47f566 to remote] DEBUG org.apache.http.wire  - http-outgoing-60 >> "User-Agent: Apache-HttpClient/4.3.6 (java 1.5)[\r][\n]"
 -49495 [Forwarding findElement on session 343d0c94-0b98-4921-996e-ca445c47f566 to remote] DEBUG org.apache.http.wire  - http-outgoing-60 >> "Accept-Encoding: gzip,deflate[\r][\n]"
 -49495 [Forwarding findElement on session 343d0c94-0b98-4921-996e-ca445c47f566 to remote] DEBUG org.apache.http.wire  - http-outgoing-60 >> "[\r][\n]"
 -49495 [Forwarding findElement on session 343d0c94-0b98-4921-996e-ca445c47f566 to remote] DEBUG org.apache.http.wire  - http-outgoing-60 >> "{"using":"css selector","value":".service-navigation__dropdown>ul>li>a>span:not(.arrow)"}"
 -49542 [Forwarding findElement on session 343d0c94-0b98-4921-996e-ca445c47f566 to remote] DEBUG org.apache.http.wire  - http-outgoing-60 << "HTTP/1.1 500 Internal Server Error[\r][\n]"
 -49542 [Forwarding findElement on session 343d0c94-0b98-4921-996e-ca445c47f566 to remote] DEBUG org.apache.http.wire  - http-outgoing-60 << "content-type: application/json; charset=UTF-8[\r][\n]"
 -49542 [Forwarding findElement on session 343d0c94-0b98-4921-996e-ca445c47f566 to remote] DEBUG org.apache.http.wire  - http-outgoing-60 << "connection: close[\r][\n]"
 -49542 [Forwarding findElement on session 343d0c94-0b98-4921-996e-ca445c47f566 to remote] DEBUG org.apache.http.wire  - http-outgoing-60 << "content-length: 1469[\r][\n]"
 -49542 [Forwarding findElement on session 343d0c94-0b98-4921-996e-ca445c47f566 to remote] DEBUG org.apache.http.wire  - http-outgoing-60 << "server: httpd.js[\r][\n]"
 -49542 [Forwarding findElement on session 343d0c94-0b98-4921-996e-ca445c47f566 to remote] DEBUG org.apache.http.wire  - http-outgoing-60 << "date: Fri, 27 Jan 2017 06:44:54 GMT[\r][\n]"
 -49542 [Forwarding findElement on session 343d0c94-0b98-4921-996e-ca445c47f566 to remote] DEBUG org.apache.http.wire  - http-outgoing-60 << "[\r][\n]"
 -49542 [Forwarding findElement on session 343d0c94-0b98-4921-996e-ca445c47f566 to remote] DEBUG org.apache.http.headers  - http-outgoing-60 << HTTP/1.1 500 Internal Server Error
 -49542 [Forwarding findElement on session 343d0c94-0b98-4921-996e-ca445c47f566 to remote] DEBUG org.apache.http.headers  - http-outgoing-60 << content-type: application/json; charset=UTF-8
 -49542 [Forwarding findElement on session 343d0c94-0b98-4921-996e-ca445c47f566 to remote] DEBUG org.apache.http.headers  - http-outgoing-60 << connection: close
 -49542 [Forwarding findElement on session 343d0c94-0b98-4921-996e-ca445c47f566 to remote] DEBUG org.apache.http.headers  - http-outgoing-60 << content-length: 1469
 -49542 [Forwarding findElement on session 343d0c94-0b98-4921-996e-ca445c47f566 to remote] DEBUG org.apache.http.headers  - http-outgoing-60 << server: httpd.js
 -49543 [Forwarding findElement on session 343d0c94-0b98-4921-996e-ca445c47f566 to remote] DEBUG org.apache.http.headers  - http-outgoing-60 << date: Fri, 27 Jan 2017 06:44:54 GMT
 -49544 [Forwarding findElement on session 343d0c94-0b98-4921-996e-ca445c47f566 to remote] DEBUG org.apache.http.wire  - http-outgoing-60 << "{"name":"findElement","sessionId":"343d0c94-0b98-4921-996e-ca445c47f566","status":7,"value":{"message":"Unable to locate element: {\"method\":\"css selector\",\"selector\":\".service-navigation__dropdown>ul>li>a>span:not(.arrow)\"}","stackTrace":[{"methodName":"FirefoxDriver.prototype.findElementInternal_","fileName":"file:///C:/Users/rao08/AppData/Local/Temp/anonymous5941514134848211728webdriver-profile/extensions/fxdriver@googlecode.com/components/driver-component.js","lineNumber":10299},{"methodName":"FirefoxDriver.prototype.findElement","fileName":"file:///C:/Users/rao08/AppData/Local/Temp/anonymous5941514134848211728webdriver-profile/extensions/fxdriver@googlecode.com/components/driver-component.js","lineNumber":10308},{"methodName":"DelayedCommand.prototype.executeInternal_/h","fileName":"file:///C:/Users/rao08/AppData/Local/Temp/anonymous5941514134848211728webdriver-profile/extensions/fxdriver@googlecode.com/components/command-processor.js","lineNumber":12282},{"methodName":"DelayedCommand.prototype.executeInternal_","fileName":"file:///C:/Users/rao08/AppData/Local/Temp/anonymous5941514134848211728webdriver-profile/extensions/fxdriver@googlecode.com/components/command-processor.js","lineNumber":12287},{"methodName":"DelayedCommand.prototype.execute/<","fileName":"file:///C:/Users/rao08/AppData/Local/Temp/anonymous5941514134848211728webdriver-profile/extensions/fxdriver@googlecode.com/components/command-processor.js","lineNumber":12229}]}}"
 -49544 [Forwarding findElement on session 343d0c94-0b98-4921-996e-ca445c47f566 to remote] DEBUG org.apache.http.impl.conn.DefaultManagedHttpClientConnection  - http-outgoing-60: Shutdown connection
 -49544 [Forwarding findElement on session 343d0c94-0b98-4921-996e-ca445c47f566 to remote] DEBUG org.apache.http.impl.execchain.MainClientExec  - Connection discarded
 -49544 [Forwarding findElement on session 343d0c94-0b98-4921-996e-ca445c47f566 to remote] DEBUG org.apache.http.impl.conn.DefaultManagedHttpClientConnection  - http-outgoing-60: Close connection
 -49544 [Forwarding findElement on session 343d0c94-0b98-4921-996e-ca445c47f566 to remote] DEBUG org.apache.http.impl.conn.PoolingHttpClientConnectionManager  - Connection released: [id: 60][route: {}->http://127.0.0.1:7055][total kept alive: 0; route allocated: 0 of 2000; total allocated: 0 of 2000]
 -50050 [Forwarding findElement on session 343d0c94-0b98-4921-996e-ca445c47f566 to remote] DEBUG org.apache.http.client.protocol.RequestAddCookies  - CookieSpec selected: best-match
 -50050 [Forwarding findElement on session 343d0c94-0b98-4921-996e-ca445c47f566 to remote] DEBUG org.apache.http.client.protocol.RequestAuthCache  - Auth cache not set in the context
 -50050 [Forwarding findElement on session 343d0c94-0b98-4921-996e-ca445c47f566 to remote] DEBUG org.apache.http.impl.conn.PoolingHttpClientConnectionManager  - Connection request: [route: {}->http://127.0.0.1:7055][total kept alive: 0; route allocated: 0 of 2000; total allocated: 0 of 2000]
 -50050 [Forwarding findElement on session 343d0c94-0b98-4921-996e-ca445c47f566 to remote] DEBUG org.apache.http.impl.conn.PoolingHttpClientConnectionManager  - Connection leased: [id: 61][route: {}->http://127.0.0.1:7055][total kept alive: 0; route allocated: 1 of 2000; total allocated: 1 of 2000]
 -50050 [Forwarding findElement on session 343d0c94-0b98-4921-996e-ca445c47f566 to remote] DEBUG org.apache.http.impl.execchain.MainClientExec  - Opening connection {}->http://127.0.0.1:7055
 -50051 [Forwarding findElement on session 343d0c94-0b98-4921-996e-ca445c47f566 to remote] DEBUG org.apache.http.impl.conn.HttpClientConnectionOperator  - Connecting to /127.0.0.1:7055
 -50052 [Forwarding findElement on session 343d0c94-0b98-4921-996e-ca445c47f566 to remote] DEBUG org.apache.http.impl.conn.HttpClientConnectionOperator  - Connection established 127.0.0.1:57849<->127.0.0.1:7055
 -50052 [Forwarding findElement on session 343d0c94-0b98-4921-996e-ca445c47f566 to remote] DEBUG org.apache.http.impl.execchain.MainClientExec  - Executing request POST /hub/session/343d0c94-0b98-4921-996e-ca445c47f566/element HTTP/1.1
 -50052 [Forwarding findElement on session 343d0c94-0b98-4921-996e-ca445c47f566 to remote] DEBUG org.apache.http.impl.execchain.MainClientExec  - Target auth state: UNCHALLENGED
 -50052 [Forwarding findElement on session 343d0c94-0b98-4921-996e-ca445c47f566 to remote] DEBUG org.apache.http.impl.execchain.MainClientExec  - Proxy auth state: UNCHALLENGED
 -50052 [Forwarding findElement on session 343d0c94-0b98-4921-996e-ca445c47f566 to remote] DEBUG org.apache.http.headers  - http-outgoing-61 >> POST /hub/session/343d0c94-0b98-4921-996e-ca445c47f566/element HTTP/1.1
 -50052 [Forwarding findElement on session 343d0c94-0b98-4921-996e-ca445c47f566 to remote] DEBUG org.apache.http.headers  - http-outgoing-61 >> Content-Type: application/json; charset=utf-8
 -50052 [Forwarding findElement on session 343d0c94-0b98-4921-996e-ca445c47f566 to remote] DEBUG org.apache.http.headers  - http-outgoing-61 >> Content-Length: 89
 -50052 [Forwarding findElement on session 343d0c94-0b98-4921-996e-ca445c47f566 to remote] DEBUG org.apache.http.headers  - http-outgoing-61 >> Host: 127.0.0.1:7055
 -50053 [Forwarding findElement on session 343d0c94-0b98-4921-996e-ca445c47f566 to remote] DEBUG org.apache.http.headers  - http-outgoing-61 >> Connection: Keep-Alive
 -50053 [Forwarding findElement on session 343d0c94-0b98-4921-996e-ca445c47f566 to remote] DEBUG org.apache.http.headers  - http-outgoing-61 >> User-Agent: Apache-HttpClient/4.3.6 (java 1.5)
 -50053 [Forwarding findElement on session 343d0c94-0b98-4921-996e-ca445c47f566 to remote] DEBUG org.apache.http.headers  - http-outgoing-61 >> Accept-Encoding: gzip,deflate
 -50053 [Forwarding findElement on session 343d0c94-0b98-4921-996e-ca445c47f566 to remote] DEBUG org.apache.http.wire  - http-outgoing-61 >> "POST /hub/session/343d0c94-0b98-4921-996e-ca445c47f566/element HTTP/1.1[\r][\n]"
 -50053 [Forwarding findElement on session 343d0c94-0b98-4921-996e-ca445c47f566 to remote] DEBUG org.apache.http.wire  - http-outgoing-61 >> "Content-Type: application/json; charset=utf-8[\r][\n]"
 -50053 [Forwarding findElement on session 343d0c94-0b98-4921-996e-ca445c47f566 to remote] DEBUG org.apache.http.wire  - http-outgoing-61 >> "Content-Length: 89[\r][\n]"
 -50053 [Forwarding findElement on session 343d0c94-0b98-4921-996e-ca445c47f566 to remote] DEBUG org.apache.http.wire  - http-outgoing-61 >> "Host: 127.0.0.1:7055[\r][\n]"
 -50053 [Forwarding findElement on session 343d0c94-0b98-4921-996e-ca445c47f566 to remote] DEBUG org.apache.http.wire  - http-outgoing-61 >> "Connection: Keep-Alive[\r][\n]"
 -50053 [Forwarding findElement on session 343d0c94-0b98-4921-996e-ca445c47f566 to remote] DEBUG org.apache.http.wire  - http-outgoing-61 >> "User-Agent: Apache-HttpClient/4.3.6 (java 1.5)[\r][\n]"
 -50053 [Forwarding findElement on session 343d0c94-0b98-4921-996e-ca445c47f566 to remote] DEBUG org.apache.http.wire  - http-outgoing-61 >> "Accept-Encoding: gzip,deflate[\r][\n]"
 -50053 [Forwarding findElement on session 343d0c94-0b98-4921-996e-ca445c47f566 to remote] DEBUG org.apache.http.wire  - http-outgoing-61 >> "[\r][\n]"
 -50053 [Forwarding findElement on session 343d0c94-0b98-4921-996e-ca445c47f566 to remote] DEBUG org.apache.http.wire  - http-outgoing-61 >> "{"using":"css selector","value":".service-navigation__dropdown>ul>li>a>span:not(.arrow)"}"
 -50099 [Forwarding findElement on session 343d0c94-0b98-4921-996e-ca445c47f566 to remote] DEBUG org.apache.http.wire  - http-outgoing-61 << "HTTP/1.1 500 Internal Server Error[\r][\n]"
 -50099 [Forwarding findElement on session 343d0c94-0b98-4921-996e-ca445c47f566 to remote] DEBUG org.apache.http.wire  - http-outgoing-61 << "content-type: application/json; charset=UTF-8[\r][\n]"
 -50099 [Forwarding findElement on session 343d0c94-0b98-4921-996e-ca445c47f566 to remote] DEBUG org.apache.http.wire  - http-outgoing-61 << "connection: close[\r][\n]"
 -50099 [Forwarding findElement on session 343d0c94-0b98-4921-996e-ca445c47f566 to remote] DEBUG org.apache.http.wire  - http-outgoing-61 << "content-length: 1469[\r][\n]"
 -50099 [Forwarding findElement on session 343d0c94-0b98-4921-996e-ca445c47f566 to remote] DEBUG org.apache.http.wire  - http-outgoing-61 << "server: httpd.js[\r][\n]"
 -50099 [Forwarding findElement on session 343d0c94-0b98-4921-996e-ca445c47f566 to remote] DEBUG org.apache.http.wire  - http-outgoing-61 << "date: Fri, 27 Jan 2017 06:44:54 GMT[\r][\n]"
 -50099 [Forwarding findElement on session 343d0c94-0b98-4921-996e-ca445c47f566 to remote] DEBUG org.apache.http.wire  - http-outgoing-61 << "[\r][\n]"
 -50099 [Forwarding findElement on session 343d0c94-0b98-4921-996e-ca445c47f566 to remote] DEBUG org.apache.http.headers  - http-outgoing-61 << HTTP/1.1 500 Internal Server Error
 -50099 [Forwarding findElement on session 343d0c94-0b98-4921-996e-ca445c47f566 to remote] DEBUG org.apache.http.headers  - http-outgoing-61 << content-type: application/json; charset=UTF-8
 -50099 [Forwarding findElement on session 343d0c94-0b98-4921-996e-ca445c47f566 to remote] DEBUG org.apache.http.headers  - http-outgoing-61 << connection: close
 -50099 [Forwarding findElement on session 343d0c94-0b98-4921-996e-ca445c47f566 to remote] DEBUG org.apache.http.headers  - http-outgoing-61 << content-length: 1469
 -50100 [Forwarding findElement on session 343d0c94-0b98-4921-996e-ca445c47f566 to remote] DEBUG org.apache.http.headers  - http-outgoing-61 << server: httpd.js
 -50100 [Forwarding findElement on session 343d0c94-0b98-4921-996e-ca445c47f566 to remote] DEBUG org.apache.http.headers  - http-outgoing-61 << date: Fri, 27 Jan 2017 06:44:54 GMT
 -50101 [Forwarding findElement on session 343d0c94-0b98-4921-996e-ca445c47f566 to remote] DEBUG org.apache.http.wire  - http-outgoing-61 << "{"name":"findElement","sessionId":"343d0c94-0b98-4921-996e-ca445c47f566","status":7,"value":{"message":"Unable to locate element: {\"method\":\"css selector\",\"selector\":\".service-navigation__dropdown>ul>li>a>span:not(.arrow)\"}","stackTrace":[{"methodName":"FirefoxDriver.prototype.findElementInternal_","fileName":"file:///C:/Users/rao08/AppData/Local/Temp/anonymous5941514134848211728webdriver-profile/extensions/fxdriver@googlecode.com/components/driver-component.js","lineNumber":10299},{"methodName":"FirefoxDriver.prototype.findElement","fileName":"file:///C:/Users/rao08/AppData/Local/Temp/anonymous5941514134848211728webdriver-profile/extensions/fxdriver@googlecode.com/components/driver-component.js","lineNumber":10308},{"methodName":"DelayedCommand.prototype.executeInternal_/h","fileName":"file:///C:/Users/rao08/AppData/Local/Temp/anonymous5941514134848211728webdriver-profile/extensions/fxdriver@googlecode.com/components/command-processor.js","lineNumber":12282},{"methodName":"DelayedCommand.prototype.executeInternal_","fileName":"file:///C:/Users/rao08/AppData/Local/Temp/anonymous5941514134848211728webdriver-profile/extensions/fxdriver@googlecode.com/components/command-processor.js","lineNumber":12287},{"methodName":"DelayedCommand.prototype.execute/<","fileName":"file:///C:/Users/rao08/AppData/Local/Temp/anonymous5941514134848211728webdriver-profile/extensions/fxdriver@googlecode.com/components/command-processor.js","lineNumber":12229}]}}"
 -50101 [Forwarding findElement on session 343d0c94-0b98-4921-996e-ca445c47f566 to remote] DEBUG org.apache.http.impl.conn.DefaultManagedHttpClientConnection  - http-outgoing-61: Shutdown connection
 -50101 [Forwarding findElement on session 343d0c94-0b98-4921-996e-ca445c47f566 to remote] DEBUG org.apache.http.impl.execchain.MainClientExec  - Connection discarded
 -50101 [Forwarding findElement on session 343d0c94-0b98-4921-996e-ca445c47f566 to remote] DEBUG org.apache.http.impl.conn.DefaultManagedHttpClientConnection  - http-outgoing-61: Close connection
 -50101 [Forwarding findElement on session 343d0c94-0b98-4921-996e-ca445c47f566 to remote] DEBUG org.apache.http.impl.conn.PoolingHttpClientConnectionManager  - Connection released: [id: 61][route: {}->http://127.0.0.1:7055][total kept alive: 0; route allocated: 0 of 2000; total allocated: 0 of 2000]
 -50606 [Forwarding findElement on session 343d0c94-0b98-4921-996e-ca445c47f566 to remote] DEBUG org.apache.http.client.protocol.RequestAddCookies  - CookieSpec selected: best-match
 -50607 [Forwarding findElement on session 343d0c94-0b98-4921-996e-ca445c47f566 to remote] DEBUG org.apache.http.client.protocol.RequestAuthCache  - Auth cache not set in the context
 -50607 [Forwarding findElement on session 343d0c94-0b98-4921-996e-ca445c47f566 to remote] DEBUG org.apache.http.impl.conn.PoolingHttpClientConnectionManager  - Connection request: [route: {}->http://127.0.0.1:7055][total kept alive: 0; route allocated: 0 of 2000; total allocated: 0 of 2000]
 -50607 [Forwarding findElement on session 343d0c94-0b98-4921-996e-ca445c47f566 to remote] DEBUG org.apache.http.impl.conn.PoolingHttpClientConnectionManager  - Connection leased: [id: 62][route: {}->http://127.0.0.1:7055][total kept alive: 0; route allocated: 1 of 2000; total allocated: 1 of 2000]
 -50607 [Forwarding findElement on session 343d0c94-0b98-4921-996e-ca445c47f566 to remote] DEBUG org.apache.http.impl.execchain.MainClientExec  - Opening connection {}->http://127.0.0.1:7055
 -50608 [Forwarding findElement on session 343d0c94-0b98-4921-996e-ca445c47f566 to remote] DEBUG org.apache.http.impl.conn.HttpClientConnectionOperator  - Connecting to /127.0.0.1:7055
 -50608 [Forwarding findElement on session 343d0c94-0b98-4921-996e-ca445c47f566 to remote] DEBUG org.apache.http.impl.conn.HttpClientConnectionOperator  - Connection established 127.0.0.1:57853<->127.0.0.1:7055
 -50608 [Forwarding findElement on session 343d0c94-0b98-4921-996e-ca445c47f566 to remote] DEBUG org.apache.http.impl.execchain.MainClientExec  - Executing request POST /hub/session/343d0c94-0b98-4921-996e-ca445c47f566/element HTTP/1.1
 -50608 [Forwarding findElement on session 343d0c94-0b98-4921-996e-ca445c47f566 to remote] DEBUG org.apache.http.impl.execchain.MainClientExec  - Target auth state: UNCHALLENGED
 -50609 [Forwarding findElement on session 343d0c94-0b98-4921-996e-ca445c47f566 to remote] DEBUG org.apache.http.impl.execchain.MainClientExec  - Proxy auth state: UNCHALLENGED
 -50609 [Forwarding findElement on session 343d0c94-0b98-4921-996e-ca445c47f566 to remote] DEBUG org.apache.http.headers  - http-outgoing-62 >> POST /hub/session/343d0c94-0b98-4921-996e-ca445c47f566/element HTTP/1.1
 -50609 [Forwarding findElement on session 343d0c94-0b98-4921-996e-ca445c47f566 to remote] DEBUG org.apache.http.headers  - http-outgoing-62 >> Content-Type: application/json; charset=utf-8
 -50609 [Forwarding findElement on session 343d0c94-0b98-4921-996e-ca445c47f566 to remote] DEBUG org.apache.http.headers  - http-outgoing-62 >> Content-Length: 89
 -50609 [Forwarding findElement on session 343d0c94-0b98-4921-996e-ca445c47f566 to remote] DEBUG org.apache.http.headers  - http-outgoing-62 >> Host: 127.0.0.1:7055
 -50609 [Forwarding findElement on session 343d0c94-0b98-4921-996e-ca445c47f566 to remote] DEBUG org.apache.http.headers  - http-outgoing-62 >> Connection: Keep-Alive
 -50609 [Forwarding findElement on session 343d0c94-0b98-4921-996e-ca445c47f566 to remote] DEBUG org.apache.http.headers  - http-outgoing-62 >> User-Agent: Apache-HttpClient/4.3.6 (java 1.5)
 -50609 [Forwarding findElement on session 343d0c94-0b98-4921-996e-ca445c47f566 to remote] DEBUG org.apache.http.headers  - http-outgoing-62 >> Accept-Encoding: gzip,deflate
 -50609 [Forwarding findElement on session 343d0c94-0b98-4921-996e-ca445c47f566 to remote] DEBUG org.apache.http.wire  - http-outgoing-62 >> "POST /hub/session/343d0c94-0b98-4921-996e-ca445c47f566/element HTTP/1.1[\r][\n]"
 -50609 [Forwarding findElement on session 343d0c94-0b98-4921-996e-ca445c47f566 to remote] DEBUG org.apache.http.wire  - http-outgoing-62 >> "Content-Type: application/json; charset=utf-8[\r][\n]"
 -50609 [Forwarding findElement on session 343d0c94-0b98-4921-996e-ca445c47f566 to remote] DEBUG org.apache.http.wire  - http-outgoing-62 >> "Content-Length: 89[\r][\n]"
 -50609 [Forwarding findElement on session 343d0c94-0b98-4921-996e-ca445c47f566 to remote] DEBUG org.apache.http.wire  - http-outgoing-62 >> "Host: 127.0.0.1:7055[\r][\n]"
 -50609 [Forwarding findElement on session 343d0c94-0b98-4921-996e-ca445c47f566 to remote] DEBUG org.apache.http.wire  - http-outgoing-62 >> "Connection: Keep-Alive[\r][\n]"
 -50610 [Forwarding findElement on session 343d0c94-0b98-4921-996e-ca445c47f566 to remote] DEBUG org.apache.http.wire  - http-outgoing-62 >> "User-Agent: Apache-HttpClient/4.3.6 (java 1.5)[\r][\n]"
 -50610 [Forwarding findElement on session 343d0c94-0b98-4921-996e-ca445c47f566 to remote] DEBUG org.apache.http.wire  - http-outgoing-62 >> "Accept-Encoding: gzip,deflate[\r][\n]"
 -50610 [Forwarding findElement on session 343d0c94-0b98-4921-996e-ca445c47f566 to remote] DEBUG org.apache.http.wire  - http-outgoing-62 >> "[\r][\n]"
 -50611 [Forwarding findElement on session 343d0c94-0b98-4921-996e-ca445c47f566 to remote] DEBUG org.apache.http.wire  - http-outgoing-62 >> "{"using":"css selector","value":".service-navigation__dropdown>ul>li>a>span:not(.arrow)"}"
 -50655 [Forwarding findElement on session 343d0c94-0b98-4921-996e-ca445c47f566 to remote] DEBUG org.apache.http.wire  - http-outgoing-62 << "HTTP/1.1 500 Internal Server Error[\r][\n]"
 -50655 [Forwarding findElement on session 343d0c94-0b98-4921-996e-ca445c47f566 to remote] DEBUG org.apache.http.wire  - http-outgoing-62 << "content-type: application/json; charset=UTF-8[\r][\n]"
 -50655 [Forwarding findElement on session 343d0c94-0b98-4921-996e-ca445c47f566 to remote] DEBUG org.apache.http.wire  - http-outgoing-62 << "connection: close[\r][\n]"
 -50655 [Forwarding findElement on session 343d0c94-0b98-4921-996e-ca445c47f566 to remote] DEBUG org.apache.http.wire  - http-outgoing-62 << "content-length: 1469[\r][\n]"
 -50655 [Forwarding findElement on session 343d0c94-0b98-4921-996e-ca445c47f566 to remote] DEBUG org.apache.http.wire  - http-outgoing-62 << "server: httpd.js[\r][\n]"
 -50655 [Forwarding findElement on session 343d0c94-0b98-4921-996e-ca445c47f566 to remote] DEBUG org.apache.http.wire  - http-outgoing-62 << "date: Fri, 27 Jan 2017 06:44:55 GMT[\r][\n]"
 -50655 [Forwarding findElement on session 343d0c94-0b98-4921-996e-ca445c47f566 to remote] DEBUG org.apache.http.wire  - http-outgoing-62 << "[\r][\n]"
 -50656 [Forwarding findElement on session 343d0c94-0b98-4921-996e-ca445c47f566 to remote] DEBUG org.apache.http.headers  - http-outgoing-62 << HTTP/1.1 500 Internal Server Error
 -50656 [Forwarding findElement on session 343d0c94-0b98-4921-996e-ca445c47f566 to remote] DEBUG org.apache.http.headers  - http-outgoing-62 << content-type: application/json; charset=UTF-8
 -50656 [Forwarding findElement on session 343d0c94-0b98-4921-996e-ca445c47f566 to remote] DEBUG org.apache.http.headers  - http-outgoing-62 << connection: close
 -50656 [Forwarding findElement on session 343d0c94-0b98-4921-996e-ca445c47f566 to remote] DEBUG org.apache.http.headers  - http-outgoing-62 << content-length: 1469
 -50656 [Forwarding findElement on session 343d0c94-0b98-4921-996e-ca445c47f566 to remote] DEBUG org.apache.http.headers  - http-outgoing-62 << server: httpd.js
 -50656 [Forwarding findElement on session 343d0c94-0b98-4921-996e-ca445c47f566 to remote] DEBUG org.apache.http.headers  - http-outgoing-62 << date: Fri, 27 Jan 2017 06:44:55 GMT
 -50657 [Forwarding findElement on session 343d0c94-0b98-4921-996e-ca445c47f566 to remote] DEBUG org.apache.http.wire  - http-outgoing-62 << "{"name":"findElement","sessionId":"343d0c94-0b98-4921-996e-ca445c47f566","status":7,"value":{"message":"Unable to locate element: {\"method\":\"css selector\",\"selector\":\".service-navigation__dropdown>ul>li>a>span:not(.arrow)\"}","stackTrace":[{"methodName":"FirefoxDriver.prototype.findElementInternal_","fileName":"file:///C:/Users/rao08/AppData/Local/Temp/anonymous5941514134848211728webdriver-profile/extensions/fxdriver@googlecode.com/components/driver-component.js","lineNumber":10299},{"methodName":"FirefoxDriver.prototype.findElement","fileName":"file:///C:/Users/rao08/AppData/Local/Temp/anonymous5941514134848211728webdriver-profile/extensions/fxdriver@googlecode.com/components/driver-component.js","lineNumber":10308},{"methodName":"DelayedCommand.prototype.executeInternal_/h","fileName":"file:///C:/Users/rao08/AppData/Local/Temp/anonymous5941514134848211728webdriver-profile/extensions/fxdriver@googlecode.com/components/command-processor.js","lineNumber":12282},{"methodName":"DelayedCommand.prototype.executeInternal_","fileName":"file:///C:/Users/rao08/AppData/Local/Temp/anonymous5941514134848211728webdriver-profile/extensions/fxdriver@googlecode.com/components/command-processor.js","lineNumber":12287},{"methodName":"DelayedCommand.prototype.execute/<","fileName":"file:///C:/Users/rao08/AppData/Local/Temp/anonymous5941514134848211728webdriver-profile/extensions/fxdriver@googlecode.com/components/command-processor.js","lineNumber":12229}]}}"
 -50657 [Forwarding findElement on session 343d0c94-0b98-4921-996e-ca445c47f566 to remote] DEBUG org.apache.http.impl.conn.DefaultManagedHttpClientConnection  - http-outgoing-62: Shutdown connection
 -50657 [Forwarding findElement on session 343d0c94-0b98-4921-996e-ca445c47f566 to remote] DEBUG org.apache.http.impl.execchain.MainClientExec  - Connection discarded
 -50657 [Forwarding findElement on session 343d0c94-0b98-4921-996e-ca445c47f566 to remote] DEBUG org.apache.http.impl.conn.DefaultManagedHttpClientConnection  - http-outgoing-62: Close connection
 -50658 [Forwarding findElement on session 343d0c94-0b98-4921-996e-ca445c47f566 to remote] DEBUG org.apache.http.impl.conn.PoolingHttpClientConnectionManager  - Connection released: [id: 62][route: {}->http://127.0.0.1:7055][total kept alive: 0; route allocated: 0 of 2000; total allocated: 0 of 2000]
 -51162 [Forwarding findElement on session 343d0c94-0b98-4921-996e-ca445c47f566 to remote] DEBUG org.apache.http.client.protocol.RequestAddCookies  - CookieSpec selected: best-match
 -51163 [Forwarding findElement on session 343d0c94-0b98-4921-996e-ca445c47f566 to remote] DEBUG org.apache.http.client.protocol.RequestAuthCache  - Auth cache not set in the context
 -51163 [Forwarding findElement on session 343d0c94-0b98-4921-996e-ca445c47f566 to remote] DEBUG org.apache.http.impl.conn.PoolingHttpClientConnectionManager  - Connection request: [route: {}->http://127.0.0.1:7055][total kept alive: 0; route allocated: 0 of 2000; total allocated: 0 of 2000]
 -51163 [Forwarding findElement on session 343d0c94-0b98-4921-996e-ca445c47f566 to remote] DEBUG org.apache.http.impl.conn.PoolingHttpClientConnectionManager  - Connection leased: [id: 63][route: {}->http://127.0.0.1:7055][total kept alive: 0; route allocated: 1 of 2000; total allocated: 1 of 2000]
 -51163 [Forwarding findElement on session 343d0c94-0b98-4921-996e-ca445c47f566 to remote] DEBUG org.apache.http.impl.execchain.MainClientExec  - Opening connection {}->http://127.0.0.1:7055
 -51164 [Forwarding findElement on session 343d0c94-0b98-4921-996e-ca445c47f566 to remote] DEBUG org.apache.http.impl.conn.HttpClientConnectionOperator  - Connecting to /127.0.0.1:7055
 -52169 [Forwarding findElement on session 343d0c94-0b98-4921-996e-ca445c47f566 to remote] DEBUG org.apache.http.impl.conn.DefaultManagedHttpClientConnection  - http-outgoing-63: Shutdown connection
 -52169 [Forwarding findElement on session 343d0c94-0b98-4921-996e-ca445c47f566 to remote] DEBUG org.apache.http.impl.execchain.MainClientExec  - Connection discarded
 -52169 [Forwarding findElement on session 343d0c94-0b98-4921-996e-ca445c47f566 to remote] DEBUG org.apache.http.impl.conn.DefaultManagedHttpClientConnection  - http-outgoing-63: Close connection
 -52169 [Forwarding findElement on session 343d0c94-0b98-4921-996e-ca445c47f566 to remote] DEBUG org.apache.http.impl.conn.PoolingHttpClientConnectionManager  - Connection released: [id: 63][route: {}->http://127.0.0.1:7055][total kept alive: 0; route allocated: 0 of 2000; total allocated: 0 of 2000]
 -52171 [Forwarding setTimeout on session 343d0c94-0b98-4921-996e-ca445c47f566 to remote] DEBUG org.apache.http.client.protocol.RequestAddCookies  - CookieSpec selected: best-match
 -52172 [Forwarding setTimeout on session 343d0c94-0b98-4921-996e-ca445c47f566 to remote] DEBUG org.apache.http.client.protocol.RequestAuthCache  - Auth cache not set in the context
 -52172 [Forwarding setTimeout on session 343d0c94-0b98-4921-996e-ca445c47f566 to remote] DEBUG org.apache.http.impl.conn.PoolingHttpClientConnectionManager  - Connection request: [route: {}->http://127.0.0.1:7055][total kept alive: 0; route allocated: 0 of 2000; total allocated: 0 of 2000]
 -52172 [Forwarding setTimeout on session 343d0c94-0b98-4921-996e-ca445c47f566 to remote] DEBUG org.apache.http.impl.conn.PoolingHttpClientConnectionManager  - Connection leased: [id: 64][route: {}->http://127.0.0.1:7055][total kept alive: 0; route allocated: 1 of 2000; total allocated: 1 of 2000]
 -52172 [Forwarding setTimeout on session 343d0c94-0b98-4921-996e-ca445c47f566 to remote] DEBUG org.apache.http.impl.execchain.MainClientExec  - Opening connection {}->http://127.0.0.1:7055
 -52172 [Forwarding setTimeout on session 343d0c94-0b98-4921-996e-ca445c47f566 to remote] DEBUG org.apache.http.impl.conn.HttpClientConnectionOperator  - Connecting to /127.0.0.1:7055
 -53172 [Forwarding setTimeout on session 343d0c94-0b98-4921-996e-ca445c47f566 to remote] DEBUG org.apache.http.impl.conn.DefaultManagedHttpClientConnection  - http-outgoing-64: Shutdown connection
 -53172 [Forwarding setTimeout on session 343d0c94-0b98-4921-996e-ca445c47f566 to remote] DEBUG org.apache.http.impl.execchain.MainClientExec  - Connection discarded
 -53172 [Forwarding setTimeout on session 343d0c94-0b98-4921-996e-ca445c47f566 to remote] DEBUG org.apache.http.impl.conn.DefaultManagedHttpClientConnection  - http-outgoing-64: Close connection
 -53173 [Forwarding setTimeout on session 343d0c94-0b98-4921-996e-ca445c47f566 to remote] DEBUG org.apache.http.impl.conn.PoolingHttpClientConnectionManager  - Connection released: [id: 64][route: {}->http://127.0.0.1:7055][total kept alive: 0; route allocated: 0 of 2000; total allocated: 0 of 2000]
 -53186 [Forwarding screenshot on session 343d0c94-0b98-4921-996e-ca445c47f566 to remote] DEBUG org.apache.http.client.protocol.RequestAddCookies  - CookieSpec selected: best-match
 -53186 [Forwarding screenshot on session 343d0c94-0b98-4921-996e-ca445c47f566 to remote] DEBUG org.apache.http.client.protocol.RequestAuthCache  - Auth cache not set in the context
 -53186 [Forwarding screenshot on session 343d0c94-0b98-4921-996e-ca445c47f566 to remote] DEBUG org.apache.http.impl.conn.PoolingHttpClientConnectionManager  - Connection request: [route: {}->http://127.0.0.1:7055][total kept alive: 0; route allocated: 0 of 2000; total allocated: 0 of 2000]
 -53187 [Forwarding screenshot on session 343d0c94-0b98-4921-996e-ca445c47f566 to remote] DEBUG org.apache.http.impl.conn.PoolingHttpClientConnectionManager  - Connection leased: [id: 65][route: {}->http://127.0.0.1:7055][total kept alive: 0; route allocated: 1 of 2000; total allocated: 1 of 2000]
 -53187 [Forwarding screenshot on session 343d0c94-0b98-4921-996e-ca445c47f566 to remote] DEBUG org.apache.http.impl.execchain.MainClientExec  - Opening connection {}->http://127.0.0.1:7055
 -53187 [Forwarding screenshot on session 343d0c94-0b98-4921-996e-ca445c47f566 to remote] DEBUG org.apache.http.impl.conn.HttpClientConnectionOperator  - Connecting to /127.0.0.1:7055
 -54190 [Forwarding screenshot on session 343d0c94-0b98-4921-996e-ca445c47f566 to remote] DEBUG org.apache.http.impl.conn.DefaultManagedHttpClientConnection  - http-outgoing-65: Shutdown connection
 -54190 [Forwarding screenshot on session 343d0c94-0b98-4921-996e-ca445c47f566 to remote] DEBUG org.apache.http.impl.execchain.MainClientExec  - Connection discarded
 -54190 [Forwarding screenshot on session 343d0c94-0b98-4921-996e-ca445c47f566 to remote] DEBUG org.apache.http.impl.conn.DefaultManagedHttpClientConnection  - http-outgoing-65: Close connection
 -54190 [Forwarding screenshot on session 343d0c94-0b98-4921-996e-ca445c47f566 to remote] DEBUG org.apache.http.impl.conn.PoolingHttpClientConnectionManager  - Connection released: [id: 65][route: {}->http://127.0.0.1:7055][total kept alive: 0; route allocated: 0 of 2000; total allocated: 0 of 2000]
 -54193 [PoolService-0] INFO  omelet.driver.DriverUtility  - Not able to take Screen Shot
 -org.openqa.selenium.remote.UnreachableBrowserException: Error communicating with the remote browser. It may have died.
Build info: version: '2.46.0', revision: '61506a4624b13675f24581e453592342b7485d71', time: '2015-06-04 10:22:50'
System info: host: 'LAINPUMA0239', ip: '10.113.4.198', os.name: 'Windows 7', os.arch: 'amd64', os.version: '6.1', java.version: '1.7.0_51'
Driver info: driver.version: EventFiringWebDriver
	at org.openqa.selenium.remote.RemoteWebDriver.execute(RemoteWebDriver.java:599)
	at org.openqa.selenium.remote.RemoteWebDriver.execute(RemoteWebDriver.java:628)
	at org.openqa.selenium.firefox.FirefoxDriver.getScreenshotAs(FirefoxDriver.java:353)
	at sun.reflect.NativeMethodAccessorImpl.invoke0(Native Method)
	at sun.reflect.NativeMethodAccessorImpl.invoke(NativeMethodAccessorImpl.java:57)
	at sun.reflect.DelegatingMethodAccessorImpl.invoke(DelegatingMethodAccessorImpl.java:43)
	at java.lang.reflect.Method.invoke(Method.java:606)
	at org.openqa.selenium.support.events.EventFiringWebDriver$2.invoke(EventFiringWebDriver.java:102)
	at com.sun.proxy.$Proxy6.getScreenshotAs(Unknown Source)
	at org.openqa.selenium.support.events.EventFiringWebDriver.getScreenshotAs(EventFiringWebDriver.java:267)
	at omelet.driver.DriverUtility.takeScreenShot(DriverUtility.java:140)
	at omelet.driver.DriverInitialization.addScreenShot(DriverInitialization.java:178)
	at omelet.driver.DriverInitialization.afterInvocation(DriverInitialization.java:89)
	at org.testng.internal.invokers.InvokedMethodListenerInvoker$InvokeAfterInvocationWithoutContextStrategy.callMethod(InvokedMethodListenerInvoker.java:100)
	at org.testng.internal.invokers.InvokedMethodListenerInvoker.invokeListener(InvokedMethodListenerInvoker.java:62)
	at org.testng.internal.Invoker.runInvokedMethodListeners(Invoker.java:619)
	at org.testng.internal.Invoker.invokeMethod(Invoker.java:777)
	at org.testng.internal.Invoker.invokeTestMethod(Invoker.java:901)
	at org.testng.internal.TestMethodWithDataProviderMethodWorker.call(TestMethodWithDataProviderMethodWorker.java:73)
	at org.testng.internal.TestMethodWithDataProviderMethodWorker.call(TestMethodWithDataProviderMethodWorker.java:14)
	at java.util.concurrent.FutureTask.run(FutureTask.java:262)
	at java.util.concurrent.Executors$RunnableAdapter.call(Executors.java:471)
	at java.util.concurrent.FutureTask.run(FutureTask.java:262)
	at java.util.concurrent.ThreadPoolExecutor.runWorker(ThreadPoolExecutor.java:1145)
	at java.util.concurrent.ThreadPoolExecutor$Worker.run(ThreadPoolExecutor.java:615)
	at java.lang.Thread.run(Thread.java:744)
Caused by: org.apache.http.conn.HttpHostConnectException: Connect to 127.0.0.1:7055 [/127.0.0.1] failed: Connection refused: connect
	at org.apache.http.impl.conn.HttpClientConnectionOperator.connect(HttpClientConnectionOperator.java:142)
	at org.apache.http.impl.conn.PoolingHttpClientConnectionManager.connect(PoolingHttpClientConnectionManager.java:319)
	at org.apache.http.impl.execchain.MainClientExec.establishRoute(MainClientExec.java:363)
	at org.apache.http.impl.execchain.MainClientExec.execute(MainClientExec.java:219)
	at org.apache.http.impl.execchain.ProtocolExec.execute(ProtocolExec.java:195)
	at org.apache.http.impl.execchain.RetryExec.execute(RetryExec.java:86)
	at org.apache.http.impl.execchain.RedirectExec.execute(RedirectExec.java:108)
	at org.apache.http.impl.client.InternalHttpClient.doExecute(InternalHttpClient.java:184)
	at org.apache.http.impl.client.CloseableHttpClient.execute(CloseableHttpClient.java:72)
	at org.apache.http.impl.client.CloseableHttpClient.execute(CloseableHttpClient.java:57)
	at org.openqa.selenium.remote.internal.ApacheHttpClient.fallBackExecute(ApacheHttpClient.java:143)
	at org.openqa.selenium.remote.internal.ApacheHttpClient.execute(ApacheHttpClient.java:89)
	at org.openqa.selenium.remote.HttpCommandExecutor.execute(HttpCommandExecutor.java:134)
	at org.openqa.selenium.firefox.internal.NewProfileExtensionConnection.execute(NewProfileExtensionConnection.java:168)
	at org.openqa.selenium.firefox.FirefoxDriver$LazyCommandExecutor.execute(FirefoxDriver.java:392)
	at org.openqa.selenium.remote.RemoteWebDriver.execute(RemoteWebDriver.java:578)
	... 25 more
Caused by: java.net.ConnectException: Connection refused: connect
	at java.net.DualStackPlainSocketImpl.waitForConnect(Native Method)
	at java.net.DualStackPlainSocketImpl.socketConnect(DualStackPlainSocketImpl.java:85)
	at java.net.AbstractPlainSocketImpl.doConnect(AbstractPlainSocketImpl.java:339)
	at java.net.AbstractPlainSocketImpl.connectToAddress(AbstractPlainSocketImpl.java:200)
	at java.net.AbstractPlainSocketImpl.connect(AbstractPlainSocketImpl.java:182)
	at java.net.PlainSocketImpl.connect(PlainSocketImpl.java:172)
	at java.net.SocksSocketImpl.connect(SocksSocketImpl.java:392)
	at java.net.Socket.connect(Socket.java:579)
	at org.apache.http.conn.socket.PlainConnectionSocketFactory.connectSocket(PlainConnectionSocketFactory.java:72)
	at org.apache.http.impl.conn.HttpClientConnectionOperator.connect(HttpClientConnectionOperator.java:125)
	... 40 more
54200 [PoolService-0] INFO  omelet.driver.DriverInitialization  - Quiting Driver for Method:countrySwitchCheck
 -54202 [Forwarding quit on session 343d0c94-0b98-4921-996e-ca445c47f566 to remote] DEBUG org.apache.http.client.protocol.RequestAddCookies  - CookieSpec selected: best-match
 -54203 [Forwarding quit on session 343d0c94-0b98-4921-996e-ca445c47f566 to remote] DEBUG org.apache.http.client.protocol.RequestAuthCache  - Auth cache not set in the context
 -54203 [Forwarding quit on session 343d0c94-0b98-4921-996e-ca445c47f566 to remote] DEBUG org.apache.http.impl.conn.PoolingHttpClientConnectionManager  - Connection request: [route: {}->http://127.0.0.1:7055][total kept alive: 0; route allocated: 0 of 2000; total allocated: 0 of 2000]
 -54203 [Forwarding quit on session 343d0c94-0b98-4921-996e-ca445c47f566 to remote] DEBUG org.apache.http.impl.conn.PoolingHttpClientConnectionManager  - Connection leased: [id: 66][route: {}->http://127.0.0.1:7055][total kept alive: 0; route allocated: 1 of 2000; total allocated: 1 of 2000]
 -54203 [Forwarding quit on session 343d0c94-0b98-4921-996e-ca445c47f566 to remote] DEBUG org.apache.http.impl.execchain.MainClientExec  - Opening connection {}->http://127.0.0.1:7055
 -54203 [Forwarding quit on session 343d0c94-0b98-4921-996e-ca445c47f566 to remote] DEBUG org.apache.http.impl.conn.HttpClientConnectionOperator  - Connecting to /127.0.0.1:7055
 -55219 [Forwarding quit on session 343d0c94-0b98-4921-996e-ca445c47f566 to remote] DEBUG org.apache.http.impl.conn.DefaultManagedHttpClientConnection  - http-outgoing-66: Shutdown connection
 -55219 [Forwarding quit on session 343d0c94-0b98-4921-996e-ca445c47f566 to remote] DEBUG org.apache.http.impl.execchain.MainClientExec  - Connection discarded
 -55219 [Forwarding quit on session 343d0c94-0b98-4921-996e-ca445c47f566 to remote] DEBUG org.apache.http.impl.conn.DefaultManagedHttpClientConnection  - http-outgoing-66: Close connection
 -55219 [Forwarding quit on session 343d0c94-0b98-4921-996e-ca445c47f566 to remote] DEBUG org.apache.http.impl.conn.PoolingHttpClientConnectionManager  - Connection released: [id: 66][route: {}->http://127.0.0.1:7055][total kept alive: 0; route allocated: 0 of 2000; total allocated: 0 of 2000]
 -56552 [PoolService-0] INFO  omelet.driver.DriverInitialization  - Catching Exception in After Invocation So test Result are not altered due to it
 -org.openqa.selenium.remote.UnreachableBrowserException: Error communicating with the remote browser. It may have died.
Build info: version: '2.46.0', revision: '61506a4624b13675f24581e453592342b7485d71', time: '2015-06-04 10:22:50'
System info: host: 'LAINPUMA0239', ip: '10.113.4.198', os.name: 'Windows 7', os.arch: 'amd64', os.version: '6.1', java.version: '1.7.0_51'
Driver info: driver.version: Driver
	at org.openqa.selenium.remote.RemoteWebDriver.execute(RemoteWebDriver.java:599)
	at org.openqa.selenium.remote.RemoteWebDriver.execute(RemoteWebDriver.java:628)
	at org.openqa.selenium.remote.RemoteWebDriver.quit(RemoteWebDriver.java:474)
	at sun.reflect.NativeMethodAccessorImpl.invoke0(Native Method)
	at sun.reflect.NativeMethodAccessorImpl.invoke(NativeMethodAccessorImpl.java:57)
	at sun.reflect.DelegatingMethodAccessorImpl.invoke(DelegatingMethodAccessorImpl.java:43)
	at java.lang.reflect.Method.invoke(Method.java:606)
	at org.openqa.selenium.support.events.EventFiringWebDriver$2.invoke(EventFiringWebDriver.java:102)
	at com.sun.proxy.$Proxy6.quit(Unknown Source)
	at org.openqa.selenium.support.events.EventFiringWebDriver.quit(EventFiringWebDriver.java:199)
	at omelet.driver.Driver.tearDown(Driver.java:100)
	at omelet.driver.DriverInitialization.cleanup(DriverInitialization.java:123)
	at omelet.driver.DriverInitialization.afterInvocation(DriverInitialization.java:96)
	at org.testng.internal.invokers.InvokedMethodListenerInvoker$InvokeAfterInvocationWithoutContextStrategy.callMethod(InvokedMethodListenerInvoker.java:100)
	at org.testng.internal.invokers.InvokedMethodListenerInvoker.invokeListener(InvokedMethodListenerInvoker.java:62)
	at org.testng.internal.Invoker.runInvokedMethodListeners(Invoker.java:619)
	at org.testng.internal.Invoker.invokeMethod(Invoker.java:777)
	at org.testng.internal.Invoker.invokeTestMethod(Invoker.java:901)
	at org.testng.internal.TestMethodWithDataProviderMethodWorker.call(TestMethodWithDataProviderMethodWorker.java:73)
	at org.testng.internal.TestMethodWithDataProviderMethodWorker.call(TestMethodWithDataProviderMethodWorker.java:14)
	at java.util.concurrent.FutureTask.run(FutureTask.java:262)
	at java.util.concurrent.Executors$RunnableAdapter.call(Executors.java:471)
	at java.util.concurrent.FutureTask.run(FutureTask.java:262)
	at java.util.concurrent.ThreadPoolExecutor.runWorker(ThreadPoolExecutor.java:1145)
	at java.util.concurrent.ThreadPoolExecutor$Worker.run(ThreadPoolExecutor.java:615)
	at java.lang.Thread.run(Thread.java:744)
Caused by: org.apache.http.conn.HttpHostConnectException: Connect to 127.0.0.1:7055 [/127.0.0.1] failed: Connection refused: connect
	at org.apache.http.impl.conn.HttpClientConnectionOperator.connect(HttpClientConnectionOperator.java:142)
	at org.apache.http.impl.conn.PoolingHttpClientConnectionManager.connect(PoolingHttpClientConnectionManager.java:319)
	at org.apache.http.impl.execchain.MainClientExec.establishRoute(MainClientExec.java:363)
	at org.apache.http.impl.execchain.MainClientExec.execute(MainClientExec.java:219)
	at org.apache.http.impl.execchain.ProtocolExec.execute(ProtocolExec.java:195)
	at org.apache.http.impl.execchain.RetryExec.execute(RetryExec.java:86)
	at org.apache.http.impl.execchain.RedirectExec.execute(RedirectExec.java:108)
	at org.apache.http.impl.client.InternalHttpClient.doExecute(InternalHttpClient.java:184)
	at org.apache.http.impl.client.CloseableHttpClient.execute(CloseableHttpClient.java:72)
	at org.apache.http.impl.client.CloseableHttpClient.execute(CloseableHttpClient.java:57)
	at org.openqa.selenium.remote.internal.ApacheHttpClient.fallBackExecute(ApacheHttpClient.java:143)
	at org.openqa.selenium.remote.internal.ApacheHttpClient.execute(ApacheHttpClient.java:89)
	at org.openqa.selenium.remote.HttpCommandExecutor.execute(HttpCommandExecutor.java:134)
	at org.openqa.selenium.firefox.internal.NewProfileExtensionConnection.execute(NewProfileExtensionConnection.java:168)
	at org.openqa.selenium.firefox.FirefoxDriver$LazyCommandExecutor.execute(FirefoxDriver.java:392)
	at org.openqa.selenium.remote.RemoteWebDriver.execute(RemoteWebDriver.java:578)
	... 25 more
Caused by: java.net.ConnectException: Connection refused: connect
	at java.net.DualStackPlainSocketImpl.waitForConnect(Native Method)
	at java.net.DualStackPlainSocketImpl.socketConnect(DualStackPlainSocketImpl.java:85)
	at java.net.AbstractPlainSocketImpl.doConnect(AbstractPlainSocketImpl.java:339)
	at java.net.AbstractPlainSocketImpl.connectToAddress(AbstractPlainSocketImpl.java:200)
	at java.net.AbstractPlainSocketImpl.connect(AbstractPlainSocketImpl.java:182)
	at java.net.PlainSocketImpl.connect(PlainSocketImpl.java:172)
	at java.net.SocksSocketImpl.connect(SocksSocketImpl.java:392)
	at java.net.Socket.connect(Socket.java:579)
	at org.apache.http.conn.socket.PlainConnectionSocketFactory.connectSocket(PlainConnectionSocketFactory.java:72)
	at org.apache.http.impl.conn.HttpClientConnectionOperator.connect(HttpClientConnectionOperator.java:125)
	... 40 more
]]></system-out>
    <system-err><![CDATA[Jan 27, 2017 12:14:59 PM org.openqa.selenium.os.UnixProcess$SeleniumWatchDog destroyHarder
INFO: Command failed to close cleanly. Destroying forcefully (v2). org.openqa.selenium.os.UnixProcess$SeleniumWatchDog@40b65b17
]]></system-err>
  </testcase>
  <testcase name="countrySwitchCheck" classname="com.nemo.test.CountrySwitch" time="48.232"/>
  <testcase name="countrySwitchCheck" classname="com.nemo.test.CountrySwitch" time="41.484"/>
</testsuite>